<?xml version="1.0" encoding="utf-8"?>
<testsuites>
    <testsuite name="pytest" errors="1" failures="1" skipped="2" tests="11" time="0.087"
               timestamp="2024-01-08T17:25:49.829959"
               hostname="MacBook-Pro-whenessel.local">
        <testcase classname="tests.test_example" name="test_ok" time="0.000">
            <system-out>--------------------------------- Captured Log
                ---------------------------------

                --------------------------------- Captured Out
                ---------------------------------
                ok

            </system-out>
            <system-err>--------------------------------- Captured Err
                ---------------------------------

            </system-err>
        </testcase>
        <testcase classname="tests.test_example" name="test_fail" time="0.000">
            <failure message="assert 0">def test_fail():
                &gt; assert 0
                E assert 0

                tests/test_example.py:14: AssertionError
            </failure>
            <system-out>--------------------------------- Captured Log
                ---------------------------------

                --------------------------------- Captured Out
                ---------------------------------

            </system-out>
            <system-err>--------------------------------- Captured Err
                ---------------------------------

            </system-err>
        </testcase>
        <testcase classname="tests.test_example" name="test_error" time="0.000">
            <error message="failed on setup with &quot;assert 0&quot;">@pytest.fixture
                def error_fixture():
                &gt; assert 0
                E assert 0

                tests/test_example.py:6: AssertionError
            </error>
            <system-out>--------------------------------- Captured Log
                ---------------------------------

                --------------------------------- Captured Out
                ---------------------------------

            </system-out>
            <system-err>--------------------------------- Captured Err
                ---------------------------------

            </system-err>
        </testcase>
        <testcase classname="tests.test_example" name="test_skip" time="0.000">
            <skipped type="pytest.skip" message="skipping this test">
                /Users/whenessel/Development/PycharmProjects/appsurify-testbrain-reports/tests/test_example.py:22:
                skipping this test
            </skipped>
            <system-out>--------------------------------- Captured Log
                ---------------------------------

                --------------------------------- Captured Out
                ---------------------------------

            </system-out>
            <system-err>--------------------------------- Captured Err
                ---------------------------------

            </system-err>
            <system-out>--------------------------------- Captured Log
                ---------------------------------

                --------------------------------- Captured Out
                ---------------------------------

            </system-out>
            <system-err>--------------------------------- Captured Err
                ---------------------------------

            </system-err>
        </testcase>
        <testcase classname="tests.test_example" name="test_xfail" time="0.000">
            <skipped type="pytest.xfail" message="xfailing this test"/>
            <system-out>--------------------------------- Captured Log
                ---------------------------------

                --------------------------------- Captured Out
                ---------------------------------

            </system-out>
            <system-err>--------------------------------- Captured Err
                ---------------------------------

            </system-err>
        </testcase>
        <testcase classname="tests.test_example" name="test_xpass" time="0.000">
            <system-out>--------------------------------- Captured Log
                ---------------------------------

                --------------------------------- Captured Out
                ---------------------------------

            </system-out>
            <system-err>--------------------------------- Captured Err
                ---------------------------------

            </system-err>
        </testcase>
        <testcase classname="tests.test_parse_junit" name="test_parse_junit"
                  time="0.002">
            <system-out>--------------------------------- Captured Log
                ---------------------------------

                --------------------------------- Captured Out
                ---------------------------------

            </system-out>
            <system-err>--------------------------------- Captured Err
                ---------------------------------

            </system-err>
        </testcase>
        <testcase classname="tests.test_samples.TestSuite1" name="test_1" time="0.000">
            <system-out>--------------------------------- Captured Log
                ---------------------------------

                --------------------------------- Captured Out
                ---------------------------------
                TestSuite1: Запуск test1

            </system-out>
            <system-err>--------------------------------- Captured Err
                ---------------------------------

            </system-err>
        </testcase>
        <testcase classname="tests.test_samples.TestSuite1" name="test_2" time="0.000">
            <system-out>--------------------------------- Captured Log
                ---------------------------------

                --------------------------------- Captured Out
                ---------------------------------
                TestSuite1: Запуск test2

            </system-out>
            <system-err>--------------------------------- Captured Err
                ---------------------------------

            </system-err>
        </testcase>
        <testcase classname="tests.test_samples.TestSuite2" name="test_1" time="0.000">
            <system-out>--------------------------------- Captured Log
                ---------------------------------

                --------------------------------- Captured Out
                ---------------------------------
                TestSuite2: Запуск test1

            </system-out>
            <system-err>--------------------------------- Captured Err
                ---------------------------------

            </system-err>
        </testcase>
        <testcase classname="tests.test_samples.TestSuite2" name="test_2" time="0.000">
            <system-out>--------------------------------- Captured Log
                ---------------------------------

                --------------------------------- Captured Out
                ---------------------------------
                TestSuite2: Запуск test2

            </system-out>
            <system-err>--------------------------------- Captured Err
                ---------------------------------

            </system-err>
        </testcase>
    </testsuite>
</testsuites>
