<?xml version="1.0" ?>
<testsuites disabled="0" errors="0" failures="0" tests="8" time="380.65900000000005">
	<testsuite disabled="0" errors="0" failures="0" name="campaign_jenkins_plugin.test_pipeline_jobs.suite_coverage_thresholds" skipped="0" tests="8" time="380.65900000000005">
		<testcase name="preconditions" time="1.065000"/>
		<testcase name="test_adjust_coverage_thresholds" time="192.114000"/>
		<testcase name="test_coverage_threshold_types" time="181.695000"/>
		<testcase name="postconditions"/>
		<testcase name="test_py_md_compliance" time="0.007000"/>
		<testcase name="test_pep8_compliance" time="5.759000"/>
		<testcase name="test_input_dir_compliance" time="0.012000"/>
		<testcase name="test_suite_inheritance_compliance" time="0.007000"/>
	</testsuite>
</testsuites>
