<?xml version="1.0" ?>
<testsuites disabled="0" errors="0" failures="0" tests="10" time="234.06300000000002">
	<testsuite disabled="0" errors="0" failures="0" name="campaign_vcastqt.test_cover_options.suite_simplified_condition_coverage" skipped="0" tests="10" time="234.06300000000002">
		<testcase name="preconditions" time="9.634000"/>
		<testcase name="test_default_is_off" time="38.977000"/>
		<testcase name="test_menu_options_dimmed_w_option_on" time="49.516000"/>
		<testcase name="test_must_reinstrument_all_src" time="70.871000"/>
		<testcase name="test_supresses_mcdc_pairs_table" time="53.913000"/>
		<testcase name="postconditions" time="5.145000"/>
		<testcase name="test_py_md_compliance" time="0.025000"/>
		<testcase name="test_pep8_compliance" time="5.915000"/>
		<testcase name="test_input_dir_compliance" time="0.036000"/>
		<testcase name="test_suite_inheritance_compliance" time="0.031000"/>
	</testsuite>
</testsuites>
