<?xml version="1.0" ?>
<testsuites disabled="0" errors="0" failures="0" tests="35" time="1135.0309999999997">
	<testsuite disabled="0" errors="0" failures="0" name="campaign_vcastqt.test_cover.suite_coverage_viewer" skipped="0" tests="35" time="1135.0309999999997">
		<testcase name="preconditions" time="10.068000"/>
		<testcase name="test_existing_window_to_front" time="43.809000"/>
		<testcase name="test_full_basis" time="34.855000"/>
		<testcase name="test_full_branch" time="34.663000"/>
		<testcase name="test_full_cba_only_branch" time="34.707000"/>
		<testcase name="test_full_cba_only_function" time="34.464000"/>
		<testcase name="test_full_cba_only_level_a" time="35.836000"/>
		<testcase name="test_full_cba_only_level_b" time="35.638000"/>
		<testcase name="test_full_cba_only_mcdc" time="35.295000"/>
		<testcase name="test_full_cba_only_statement" time="34.717000"/>
		<testcase name="test_full_due_to_cba_branch" time="41.362000"/>
		<testcase name="test_full_due_to_cba_function" time="41.270000"/>
		<testcase name="test_full_due_to_cba_level_a" time="42.214000"/>
		<testcase name="test_full_due_to_cba_level_b" time="41.815000"/>
		<testcase name="test_full_due_to_cba_mcdc" time="42.093000"/>
		<testcase name="test_full_due_to_cba_statement" time="41.288000"/>
		<testcase name="test_full_function" time="34.601000"/>
		<testcase name="test_full_level_a" time="35.826000"/>
		<testcase name="test_full_level_b" time="35.485000"/>
		<testcase name="test_full_mcdc" time="35.290000"/>
		<testcase name="test_full_statement" time="34.757000"/>
		<testcase name="test_partial_basis" time="35.081000"/>
		<testcase name="test_partial_branch" time="34.702000"/>
		<testcase name="test_partial_function" time="34.576000"/>
		<testcase name="test_partial_level_a" time="35.902000"/>
		<testcase name="test_partial_level_b" time="35.648000"/>
		<testcase name="test_partial_mcdc" time="35.602000"/>
		<testcase name="test_partial_statement" time="34.958000"/>
		<testcase name="test_tooltip_shows_long_result_name" time="35.288000"/>
		<testcase name="test_tooltip_shows_result" time="32.001000"/>
		<testcase name="test_copy_paste_coverage" time="48.692000"/>
		<testcase name="postconditions" time="0.376000"/>
		<testcase name="test_pep8_compliance" time="11.289000"/>
		<testcase name="test_input_dir_compliance" time="0.437000"/>
		<testcase name="test_suite_inheritance_compliance" time="0.426000"/>
	</testsuite>
</testsuites>
