<?xml version="1.0" ?>
<testsuites disabled="0" errors="0" failures="0" tests="11" time="26.089000000000002">
	<testsuite disabled="0" errors="0" failures="0" name="campaign_clicast.test_options.suite_vcast_enable_fn_call_coverage_unit" skipped="0" tests="11" time="26.089000000000002">
		<testcase name="preconditions" time="6.868000"/>
		<testcase name="test_option_off" time="3.035000"/>
		<testcase name="test_option_on_branch" time="3.118000"/>
		<testcase name="test_option_on_level_a" time="3.282000"/>
		<testcase name="test_option_on_level_b" time="2.879000"/>
		<testcase name="test_option_on_statement" time="3.120000"/>
		<testcase name="postconditions"/>
		<testcase name="test_py_md_compliance" time="0.005000"/>
		<testcase name="test_pep8_compliance" time="3.755000"/>
		<testcase name="test_input_dir_compliance" time="0.017000"/>
		<testcase name="test_suite_inheritance_compliance" time="0.010000"/>
	</testsuite>
</testsuites>
