<?xml version="1.0" ?>
<testsuites disabled="0" errors="0" failures="0" tests="10" time="12.089">
	<testsuite disabled="0" errors="0" failures="0" name="campaign_clicast.test_cover_source.suite_recursive_add" skipped="0" tests="10" time="12.089">
		<testcase name="preconditions" time="1.331000"/>
		<testcase name="test_add_files_with_symlink" time="0.616000"/>
		<testcase name="test_add_files_with_symlinks_and_targets" time="0.637000"/>
		<testcase name="test_dir_dne_return_error" time="0.748000"/>
		<testcase name="test_recursively_add_dir" time="4.406000"/>
		<testcase name="postconditions"/>
		<testcase name="test_py_md_compliance" time="0.008000"/>
		<testcase name="test_pep8_compliance" time="4.335000"/>
		<testcase name="test_input_dir_compliance" time="0.005000"/>
		<testcase name="test_suite_inheritance_compliance" time="0.003000"/>
	</testsuite>
</testsuites>
