<?xml version="1.0" ?>
<testsuites disabled="0" errors="0" failures="0" tests="18" time="50.49700000000001">
	<testsuite disabled="0" errors="0" failures="0" name="campaign_vcinst.test_instrument.suite_coverage_types" skipped="0" tests="18" time="50.49700000000001">
		<testcase name="preconditions" time="3.431000"/>
		<testcase name="test_basis_paths" time="3.401000"/>
		<testcase name="test_branch" time="3.093000"/>
		<testcase name="test_function" time="4.172000"/>
		<testcase name="test_function_function_call" time="3.994000"/>
		<testcase name="test_level_a_function_call" time="4.307000"/>
		<testcase name="test_level_b_function_call" time="4.268000"/>
		<testcase name="test_mcdc" time="3.570000"/>
		<testcase name="test_probe_point" time="3.334000"/>
		<testcase name="test_statement" time="3.390000"/>
		<testcase name="test_statement_branch" time="3.513000"/>
		<testcase name="test_statement_function_call" time="3.575000"/>
		<testcase name="test_statement_mcdc" time="3.503000"/>
		<testcase name="postconditions"/>
		<testcase name="test_py_md_compliance" time="0.025000"/>
		<testcase name="test_pep8_compliance" time="2.839000"/>
		<testcase name="test_input_dir_compliance" time="0.058000"/>
		<testcase name="test_suite_inheritance_compliance" time="0.024000"/>
	</testsuite>
</testsuites>
