<?xml version="1.0" ?>
<testsuites disabled="0" errors="0" failures="0" tests="24" time="1121.6500000000003">
	<testsuite disabled="0" errors="0" failures="0" name="campaign_vcastqt.test_cover_env_wizard.suite_create_wizard" skipped="0" tests="24" time="1121.6500000000003">
		<testcase name="preconditions" time="5.567000"/>
		<testcase name="test_add_and_remove_all_headers_using_option" time="125.953000"/>
		<testcase name="test_add_and_remove_some_headers" time="118.658000"/>
		<testcase name="test_add_symlink_dir" time="26.241000"/>
		<testcase name="test_change_base_dirs_retain_paths" time="40.154000"/>
		<testcase name="test_compiler_page_invalid" time="70.928000"/>
		<testcase name="test_entries_view" time="33.248000"/>
		<testcase name="test_exclude_dir" time="65.454000"/>
		<testcase name="test_invalid_base_dir" time="31.609000"/>
		<testcase name="test_overlapping_base_dirs" time="40.133000"/>
		<testcase name="test_regression_script_on_lang_change" time="96.620000"/>
		<testcase name="test_reloaded_src_on_ext_change" time="45.033000"/>
		<testcase name="test_reloaded_src_on_lang_change" time="40.517000"/>
		<testcase name="test_remove_overlapping_dirs" time="34.711000"/>
		<testcase name="test_save_and_cancel_in_new_env_wizard" time="27.178000"/>
		<testcase name="test_select_root_dir" time="65.864000"/>
		<testcase name="test_select_top_level_dir" time="61.797000"/>
		<testcase name="test_sources_files_removed_when_ext_removed" time="107.217000"/>
		<testcase name="test_sys_test_compiler_page" time="73.987000"/>
		<testcase name="postconditions"/>
		<testcase name="test_py_md_compliance" time="0.301000"/>
		<testcase name="test_pep8_compliance" time="9.880000"/>
		<testcase name="test_input_dir_compliance" time="0.317000"/>
		<testcase name="test_suite_inheritance_compliance" time="0.283000"/>
	</testsuite>
</testsuites>
