<?xml version="1.0" ?>
<testsuites disabled="0" errors="0" failures="0" tests="8" time="5.224">
	<testsuite disabled="0" errors="0" failures="0" name="campaign_vcinst.test_instrument.suite_append_cover_io" skipped="0" tests="8" time="5.224">
		<testcase name="preconditions" time="1.207000"/>
		<testcase name="test_append_cover_io_disabled" time="0.224000"/>
		<testcase name="test_append_cover_io_enabled" time="1.398000"/>
		<testcase name="postconditions"/>
		<testcase name="test_py_md_compliance" time="0.003000"/>
		<testcase name="test_pep8_compliance" time="2.382000"/>
		<testcase name="test_input_dir_compliance" time="0.005000"/>
		<testcase name="test_suite_inheritance_compliance" time="0.005000"/>
	</testsuite>
</testsuites>
