<?xml version="1.0" ?>
<testsuites disabled="0" errors="0" failures="0" tests="7" time="5.762999999999999">
	<testsuite disabled="0" errors="0" failures="0" name="campaign_clicast.test_cover_options.suite_remove_vcshell" skipped="0" tests="7" time="5.762999999999999">
		<testcase name="preconditions" time="1.256000"/>
		<testcase name="test_remove_vcshell" time="2.199000"/>
		<testcase name="postconditions"/>
		<testcase name="test_py_md_compliance" time="0.002000"/>
		<testcase name="test_pep8_compliance" time="2.300000"/>
		<testcase name="test_input_dir_compliance" time="0.004000"/>
		<testcase name="test_suite_inheritance_compliance" time="0.002000"/>
	</testsuite>
</testsuites>
