<?xml version="1.0" ?>
<testsuites disabled="0" errors="0" failures="0" tests="8" time="7.898">
	<testsuite disabled="0" errors="0" failures="0" name="campaign_clicast.test_cover_source.suite_unit_options" skipped="0" tests="8" time="7.898">
		<testcase name="preconditions"/>
		<testcase name="test_case_sensitivity"/>
		<testcase name="test_nvidia_template" time="4.457000"/>
		<testcase name="postconditions"/>
		<testcase name="test_py_md_compliance" time="0.003000"/>
		<testcase name="test_pep8_compliance" time="3.431000"/>
		<testcase name="test_input_dir_compliance" time="0.005000"/>
		<testcase name="test_suite_inheritance_compliance" time="0.002000"/>
	</testsuite>
</testsuites>
