<?xml version="1.0" ?>
<testsuites disabled="0" errors="0" failures="0" tests="28" time="68.73900000000002">
	<testsuite disabled="0" errors="0" failures="0" name="campaign_clicast.test_cover_reports.suite_csv_metrics_report" skipped="0" tests="28" time="68.73900000000002">
		<testcase name="preconditions" time="2.617000"/>
		<testcase name="test_basis" time="2.921000"/>
		<testcase name="test_basis_fc" time="3.050000"/>
		<testcase name="test_branch" time="2.858000"/>
		<testcase name="test_branch_fc" time="3.300000"/>
		<testcase name="test_duplicate_filenames" time="5.024000"/>
		<testcase name="test_function" time="2.315000"/>
		<testcase name="test_function_fc" time="2.383000"/>
		<testcase name="test_function_function_call" time="2.409000"/>
		<testcase name="test_function_function_call_fc" time="2.847000"/>
		<testcase name="test_mcdc" time="2.466000"/>
		<testcase name="test_mcdc_fc" time="2.800000"/>
		<testcase name="test_simplified_mcdc" time="2.677000"/>
		<testcase name="test_simplified_mcdc_fc" time="2.958000"/>
		<testcase name="test_statement" time="2.251000"/>
		<testcase name="test_statement_branch" time="2.529000"/>
		<testcase name="test_statement_branch_fc" time="2.638000"/>
		<testcase name="test_statement_fc" time="2.792000"/>
		<testcase name="test_statement_file_selection" time="2.551000"/>
		<testcase name="test_statement_mcdc" time="2.397000"/>
		<testcase name="test_statement_mcdc_fc" time="3.009000"/>
		<testcase name="test_statement_simplified_mcdc" time="2.883000"/>
		<testcase name="test_statement_simplified_mcdc_fc" time="3.366000"/>
		<testcase name="postconditions"/>
		<testcase name="test_py_md_compliance" time="0.022000"/>
		<testcase name="test_pep8_compliance" time="3.627000"/>
		<testcase name="test_input_dir_compliance" time="0.025000"/>
		<testcase name="test_suite_inheritance_compliance" time="0.024000"/>
	</testsuite>
</testsuites>
