<?xml version="1.0" ?>
<testsuites disabled="0" errors="0" failures="0" tests="20" time="57.591">
	<testsuite disabled="0" errors="0" failures="0" name="campaign_clicast.test_cover_reports.suite_lambda" skipped="0" tests="20" time="57.591">
		<testcase name="preconditions" time="6.078000"/>
		<testcase name="test_basis_path_report" time="0.971000"/>
		<testcase name="test_basis_paths" time="3.894000"/>
		<testcase name="test_branch" time="3.976000"/>
		<testcase name="test_equivalence_matrices" time="2.869000"/>
		<testcase name="test_function" time="3.482000"/>
		<testcase name="test_function_function_call" time="3.939000"/>
		<testcase name="test_level_a" time="4.489000"/>
		<testcase name="test_level_b" time="4.448000"/>
		<testcase name="test_mcdc" time="4.361000"/>
		<testcase name="test_mcdc_test_report" time="0.895000"/>
		<testcase name="test_metrics" time="0.653000"/>
		<testcase name="test_statement" time="4.163000"/>
		<testcase name="test_statement_cba" time="6.703000"/>
		<testcase name="test_statement_function" time="3.882000"/>
		<testcase name="postconditions"/>
		<testcase name="test_py_md_compliance" time="0.006000"/>
		<testcase name="test_pep8_compliance" time="2.757000"/>
		<testcase name="test_input_dir_compliance" time="0.019000"/>
		<testcase name="test_suite_inheritance_compliance" time="0.006000"/>
	</testsuite>
</testsuites>
