<?xml version="1.0" ?>
<testsuites disabled="0" errors="0" failures="0" tests="8" time="203.64399999999998">
	<testsuite disabled="0" errors="0" failures="0" name="campaign_vcastqt.test_cover_instrument.suite_instrument_must_reinstrument_all" skipped="0" tests="8" time="203.64399999999998">
		<testcase name="preconditions" time="10.314000"/>
		<testcase name="test_function_call" time="99.087000"/>
		<testcase name="test_pack_instrumentation_storage" time="82.895000"/>
		<testcase name="postconditions" time="5.177000"/>
		<testcase name="test_py_md_compliance" time="0.061000"/>
		<testcase name="test_pep8_compliance" time="5.980000"/>
		<testcase name="test_input_dir_compliance" time="0.069000"/>
		<testcase name="test_suite_inheritance_compliance" time="0.061000"/>
	</testsuite>
</testsuites>
