<?xml version="1.0" ?>
<testsuites disabled="0" errors="0" failures="0" tests="7" time="22.055">
	<testsuite disabled="0" errors="0" failures="0" name="campaign_clicast.test_backwards_compatibility_cover.suite_function_call_report" skipped="0" tests="7" time="22.055">
		<testcase name="preconditions" time="0.847000"/>
		<testcase name="test_must_reinstrument" time="18.612000"/>
		<testcase name="postconditions"/>
		<testcase name="test_py_md_compliance" time="0.004000"/>
		<testcase name="test_pep8_compliance" time="2.583000"/>
		<testcase name="test_input_dir_compliance" time="0.006000"/>
		<testcase name="test_suite_inheritance_compliance" time="0.003000"/>
	</testsuite>
</testsuites>
