<?xml version="1.0" ?>
<testsuites disabled="0" errors="0" failures="0" tests="19" time="712.218">
	<testsuite disabled="0" errors="0" failures="0" name="campaign_vcastqt.test_cover.suite_open_environment_validations_cover" skipped="0" tests="19" time="712.218">
		<testcase name="preconditions" time="8.968000"/>
		<testcase name="test_apply_staged_instrumentation_empty_env_var" time="58.303000"/>
		<testcase name="test_apply_staged_instrumentation_jit" time="94.644000"/>
		<testcase name="test_apply_staged_instrumentation_vcutil" time="52.415000"/>
		<testcase name="test_dot_in_env_name" time="29.539000"/>
		<testcase name="test_most_coverage_type_group" time="76.805000"/>
		<testcase name="test_multiple_most_coverage_type_group" time="74.308000"/>
		<testcase name="test_no_source_files" time="33.898000"/>
		<testcase name="test_no_source_files_instrumented" time="54.118000"/>
		<testcase name="test_opened_with_newer_cover_db_open_env_denied" time="16.537000"/>
		<testcase name="test_opened_with_newer_version_open_env_denied" time="16.579000"/>
		<testcase name="test_source_file_env_coverage_type" time="55.592000"/>
		<testcase name="test_source_file_not_instrumented" time="54.619000"/>
		<testcase name="test_source_file_source_coverage_type" time="69.750000"/>
		<testcase name="postconditions" time="5.153000"/>
		<testcase name="test_py_md_compliance" time="0.294000"/>
		<testcase name="test_pep8_compliance" time="10.039000"/>
		<testcase name="test_input_dir_compliance" time="0.347000"/>
		<testcase name="test_suite_inheritance_compliance" time="0.310000"/>
	</testsuite>
</testsuites>
