<?xml version="1.0" ?>
<testsuites disabled="0" errors="0" failures="0" tests="7" time="84.36">
	<testsuite disabled="0" errors="0" failures="0" name="campaign_vcastqt.test_cover_env_wizard.suite_symlinks" skipped="0" tests="7" time="84.36">
		<testcase name="preconditions" time="5.544000"/>
		<testcase name="test_uninst_rm_results_blacklist_update_rm_sources" time="72.137000"/>
		<testcase name="postconditions"/>
		<testcase name="test_py_md_compliance" time="0.034000"/>
		<testcase name="test_pep8_compliance" time="6.526000"/>
		<testcase name="test_input_dir_compliance" time="0.073000"/>
		<testcase name="test_suite_inheritance_compliance" time="0.046000"/>
	</testsuite>
</testsuites>
