<?xml version="1.0" ?>
<testsuites disabled="0" errors="0" failures="0" tests="16" time="44.37800000000001">
	<testsuite disabled="0" errors="0" failures="0" name="campaign_licensing.test_clicast.suite_cba_cover" skipped="0" tests="16" time="44.37800000000001">
		<testcase name="preconditions" time="5.401000"/>
		<testcase name="test_has_cba_license_can_add_cba" time="3.724000"/>
		<testcase name="test_has_cba_license_can_add_cba_headless" time="3.320000"/>
		<testcase name="test_has_cba_license_can_add_cba_qa_ent" time="3.626000"/>
		<testcase name="test_has_cba_open_cba" time="3.576000"/>
		<testcase name="test_has_cba_open_cba_qa_ent" time="3.368000"/>
		<testcase name="test_has_cba_open_cba_qa_ent_headless" time="3.357000"/>
		<testcase name="test_no_cba_license_cannot_add_cba" time="3.924000"/>
		<testcase name="test_no_cba_license_cannot_add_cba_qa_pro" time="3.811000"/>
		<testcase name="test_no_cba_license_cannot_open_env" time="3.050000"/>
		<testcase name="test_no_cba_license_cannot_open_env_qa_pro" time="3.060000"/>
		<testcase name="postconditions"/>
		<testcase name="test_py_md_compliance" time="0.011000"/>
		<testcase name="test_pep8_compliance" time="4.115000"/>
		<testcase name="test_input_dir_compliance" time="0.027000"/>
		<testcase name="test_suite_inheritance_compliance" time="0.008000"/>
	</testsuite>
</testsuites>
