<?xml version="1.0" ?>
<testsuites disabled="0" errors="0" failures="0" tests="8" time="18.542">
	<testsuite disabled="0" errors="0" failures="0" name="campaign_licensing.test_roll_down.suite_cover_editions" skipped="0" tests="8" time="18.542">
		<testcase name="preconditions" time="0.002000"/>
		<testcase name="test_qa_pro_qa_ent" time="8.032000"/>
		<testcase name="test_rolldown_cover_qa_ent_qa_pro" time="7.005000"/>
		<testcase name="postconditions"/>
		<testcase name="test_py_md_compliance" time="0.005000"/>
		<testcase name="test_pep8_compliance" time="3.476000"/>
		<testcase name="test_input_dir_compliance" time="0.017000"/>
		<testcase name="test_suite_inheritance_compliance" time="0.005000"/>
	</testsuite>
</testsuites>
