<?xml version="1.0" ?>
<testsuites disabled="0" errors="0" failures="0" tests="6" time="12.764999999999999">
	<testsuite disabled="0" errors="0" failures="0" name="campaign_clicast.test_environment.suite_incremental_rebuild_imported_coverage" skipped="0" tests="6" time="12.764999999999999">
		<testcase name="preconditions" time="7.447000"/>
		<testcase name="test_imported_coverage_incremental_rebuild" time="3.190000"/>
		<testcase name="postconditions" time="0.001000"/>
		<testcase name="test_pep8_compliance" time="2.117000"/>
		<testcase name="test_input_dir_compliance" time="0.008000"/>
		<testcase name="test_suite_inheritance_compliance" time="0.002000"/>
	</testsuite>
</testsuites>
