<?xml version="1.0" ?>
<testsuites disabled="0" errors="0" failures="0" tests="28" time="118.63499999999999">
	<testsuite disabled="0" errors="0" failures="0" name="campaign_clicast.test_cover_base_directories.suite_base_directories" skipped="0" tests="28" time="118.63499999999999">
		<testcase name="preconditions" time="3.456000"/>
		<testcase name="test_denylist" time="7.116000"/>
		<testcase name="test_denylist_header" time="11.733000"/>
		<testcase name="test_denylist_removed_sources" time="6.670000"/>
		<testcase name="test_denylist_update_remove_affected_results" time="5.321000"/>
		<testcase name="test_error_adding_source_outside_base_dir" time="0.607000"/>
		<testcase name="test_error_base_cannot_be_resolved" time="0.707000"/>
		<testcase name="test_error_when_adding_directory_equivalent" time="0.596000"/>
		<testcase name="test_error_when_update_requested_empty_allowlist" time="1.919000"/>
		<testcase name="test_inst_allowlisted_headers_outside_search" time="9.096000"/>
		<testcase name="test_modify_base_dir_preserve_source_checksums" time="4.412000"/>
		<testcase name="test_multiple_base_directories" time="4.941000"/>
		<testcase name="test_preserve_symlink_in_cwd" time="2.814000"/>
		<testcase name="test_recursive_add_allowlists_directory" time="4.767000"/>
		<testcase name="test_regression_loads_probe_points" time="9.099000"/>
		<testcase name="test_relative_path_base_directory" time="5.344000"/>
		<testcase name="test_remove_added_sources_from_denylist" time="10.839000"/>
		<testcase name="test_remove_base_directory" time="2.362000"/>
		<testcase name="test_rename_base_directory_name" time="4.359000"/>
		<testcase name="test_source_removed" time="5.563000"/>
		<testcase name="test_update_sources" time="3.964000"/>
		<testcase name="test_update_with_headers" time="3.782000"/>
		<testcase name="test_update_without_headers" time="3.306000"/>
		<testcase name="postconditions"/>
		<testcase name="test_py_md_compliance" time="0.019000"/>
		<testcase name="test_pep8_compliance" time="5.796000"/>
		<testcase name="test_input_dir_compliance" time="0.019000"/>
		<testcase name="test_suite_inheritance_compliance" time="0.028000"/>
	</testsuite>
</testsuites>
