<?xml version="1.0" ?>
<testsuites disabled="0" errors="0" failures="0" tests="10" time="298.34200000000004">
	<testsuite disabled="0" errors="0" failures="0" name="campaign_vcastqt.test_cover_reports.suite_function_call" skipped="0" tests="10" time="298.34200000000004">
		<testcase name="preconditions" time="13.048000"/>
		<testcase name="test_menu_item_disabled" time="51.991000"/>
		<testcase name="test_open_report_fn_call_sfp" time="83.645000"/>
		<testcase name="test_open_report_fn_call_tu" time="64.000000"/>
		<testcase name="test_open_report_statement_w_fn_call_option" time="68.261000"/>
		<testcase name="postconditions" time="5.357000"/>
		<testcase name="test_py_md_compliance" time="0.082000"/>
		<testcase name="test_pep8_compliance" time="11.762000"/>
		<testcase name="test_input_dir_compliance" time="0.096000"/>
		<testcase name="test_suite_inheritance_compliance" time="0.100000"/>
	</testsuite>
</testsuites>
