<?xml version="1.0" ?>
<testsuites disabled="0" errors="0" failures="0" tests="8" time="20.414">
	<testsuite disabled="0" errors="0" failures="0" name="campaign_clicast.test_backwards_compatibility_cover.suite_function_fn_call" skipped="0" tests="8" time="20.414">
		<testcase name="preconditions" time="6.821000"/>
		<testcase name="test_function_call_coverage" time="4.349000"/>
		<testcase name="test_import_result_from_stmt_func_call" time="5.808000"/>
		<testcase name="postconditions"/>
		<testcase name="test_py_md_compliance" time="0.003000"/>
		<testcase name="test_pep8_compliance" time="3.425000"/>
		<testcase name="test_input_dir_compliance" time="0.005000"/>
		<testcase name="test_suite_inheritance_compliance" time="0.003000"/>
	</testsuite>
</testsuites>
