<?xml version="1.0" ?>
<testsuites disabled="0" errors="0" failures="0" tests="14" time="40.167">
	<testsuite disabled="0" errors="0" failures="0" name="campaign_clicast.test_reports.suite_xml_aggregate_c" skipped="0" tests="14" time="40.167">
		<testcase name="preconditions" time="4.278000"/>
		<testcase name="test_c_basis" time="3.951000"/>
		<testcase name="test_c_branch" time="3.673000"/>
		<testcase name="test_c_function" time="4.111000"/>
		<testcase name="test_c_function_function_call" time="4.153000"/>
		<testcase name="test_c_mcdc" time="4.322000"/>
		<testcase name="test_c_statement" time="4.562000"/>
		<testcase name="test_c_statement_branch" time="4.079000"/>
		<testcase name="test_c_statement_mcdc" time="4.252000"/>
		<testcase name="postconditions"/>
		<testcase name="test_py_md_compliance" time="0.011000"/>
		<testcase name="test_pep8_compliance" time="2.745000"/>
		<testcase name="test_input_dir_compliance" time="0.017000"/>
		<testcase name="test_suite_inheritance_compliance" time="0.013000"/>
	</testsuite>
</testsuites>
