<?xml version="1.0" ?>
<testsuites disabled="0" errors="0" failures="0" tests="7" time="10.533">
	<testsuite disabled="0" errors="0" failures="0" name="campaign_clicast.test_cover_options.suite_run_script_after_instrumentation_ada" skipped="0" tests="7" time="10.533">
		<testcase name="preconditions" time="0.232000"/>
		<testcase name="test_run_command_after_instrumentation_unit" time="8.448000"/>
		<testcase name="postconditions"/>
		<testcase name="test_py_md_compliance" time="0.003000"/>
		<testcase name="test_pep8_compliance" time="1.846000"/>
		<testcase name="test_input_dir_compliance" time="0.003000"/>
		<testcase name="test_suite_inheritance_compliance" time="0.001000"/>
	</testsuite>
</testsuites>
