<?xml version="1.0" ?>
<testsuites disabled="0" errors="0" failures="0" tests="8" time="25.938">
	<testsuite disabled="0" errors="0" failures="0" name="campaign_clicast.test_options.suite_function_call_coverage" skipped="0" tests="8" time="25.938">
		<testcase name="preconditions" time="7.911000"/>
		<testcase name="test_func_func_call_coverage_with_buffered" time="12.266000"/>
		<testcase name="test_func_func_call_coverage_with_by_block" time="1.512000"/>
		<testcase name="postconditions"/>
		<testcase name="test_py_md_compliance" time="0.003000"/>
		<testcase name="test_pep8_compliance" time="4.233000"/>
		<testcase name="test_input_dir_compliance" time="0.008000"/>
		<testcase name="test_suite_inheritance_compliance" time="0.005000"/>
	</testsuite>
</testsuites>
