<?xml version="1.0" ?>
<testsuites disabled="0" errors="0" failures="0" tests="26" time="1545.9369999999994">
	<testsuite disabled="0" errors="0" failures="0" name="campaign_vcastqt.test_cover.suite_source_coverage_viewer" skipped="0" tests="26" time="1545.9369999999994">
		<testcase name="preconditions" time="29.566000"/>
		<testcase name="test_cvg_viewer_out_of_date_header" time="62.169000"/>
		<testcase name="test_cvg_viewer_out_of_date_src" time="57.365000"/>
		<testcase name="test_enable_disable_multiple_results" time="47.399000"/>
		<testcase name="test_enable_disable_single_result" time="46.483000"/>
		<testcase name="test_find" time="121.303000"/>
		<testcase name="test_find_backwards_wraps" time="162.450000"/>
		<testcase name="test_find_forward_wraps" time="100.916000"/>
		<testcase name="test_instrument_with_viewer_opened" time="54.050000"/>
		<testcase name="test_line_selection" time="82.951000"/>
		<testcase name="test_line_variant_selection" time="46.480000"/>
		<testcase name="test_modify_source" time="57.416000"/>
		<testcase name="test_multi_line_selection" time="47.478000"/>
		<testcase name="test_next_previous_buttons" time="60.964000"/>
		<testcase name="test_refresh_uninst_reinst" time="77.667000"/>
		<testcase name="test_refresh_when_inst_data_changes" time="180.710000"/>
		<testcase name="test_rename_result_reflected_in_line_details" time="66.210000"/>
		<testcase name="test_results_per_instrumentation_point" time="48.921000"/>
		<testcase name="test_scv_text_highlighting" time="56.782000"/>
		<testcase name="test_tab_stop_width_option" time="73.053000"/>
		<testcase name="test_verify_source_view_contents" time="45.926000"/>
		<testcase name="postconditions" time="6.435000"/>
		<testcase name="test_py_md_compliance" time="0.305000"/>
		<testcase name="test_pep8_compliance" time="12.192000"/>
		<testcase name="test_input_dir_compliance" time="0.301000"/>
		<testcase name="test_suite_inheritance_compliance" time="0.445000"/>
	</testsuite>
</testsuites>
