<?xml version="1.0" ?>
<testsuites disabled="0" errors="0" failures="0" tests="7" time="49.855000000000004">
	<testsuite disabled="0" errors="0" failures="0" name="campaign_vcastqt.test_cover.suite_base_dirs" skipped="0" tests="7" time="49.855000000000004">
		<testcase name="preconditions" time="12.208000"/>
		<testcase name="test_source_from_two_drives" time="30.557000"/>
		<testcase name="postconditions"/>
		<testcase name="test_py_md_compliance" time="0.024000"/>
		<testcase name="test_pep8_compliance" time="6.990000"/>
		<testcase name="test_input_dir_compliance" time="0.036000"/>
		<testcase name="test_suite_inheritance_compliance" time="0.040000"/>
	</testsuite>
</testsuites>
