<?xml version="1.0" ?>
<testsuites disabled="0" errors="0" failures="0" tests="9" time="137.50300000000001">
	<testsuite disabled="0" errors="0" failures="0" name="campaign_vcastqt.test_cover_source_files_view.suite_find_filter" skipped="0" tests="9" time="137.50300000000001">
		<testcase name="preconditions" time="9.242000"/>
		<testcase name="test_filter_coverage" time="45.016000"/>
		<testcase name="test_filter_filename" time="36.085000"/>
		<testcase name="test_find_filename" time="36.842000"/>
		<testcase name="postconditions" time="5.064000"/>
		<testcase name="test_py_md_compliance" time="0.055000"/>
		<testcase name="test_pep8_compliance" time="5.026000"/>
		<testcase name="test_input_dir_compliance" time="0.092000"/>
		<testcase name="test_suite_inheritance_compliance" time="0.081000"/>
	</testsuite>
</testsuites>
