<?xml version="1.0" ?>
<testsuites disabled="0" errors="0" failures="0" tests="12" time="27.429000000000006">
	<testsuite disabled="0" errors="0" failures="0" name="campaign_clicast.test_cover.suite_instrument_max_line_length_ada" skipped="0" tests="12" time="27.429000000000006">
		<testcase name="preconditions" time="5.077000"/>
		<testcase name="test_0_no_wrapping" time="3.243000"/>
		<testcase name="test_110" time="3.356000"/>
		<testcase name="test_20_defaults_to_80" time="2.764000"/>
		<testcase name="test_invalid_110x" time="2.595000"/>
		<testcase name="test_invalid_xxx" time="2.713000"/>
		<testcase name="test_strip_leading_zero" time="2.777000"/>
		<testcase name="postconditions"/>
		<testcase name="test_py_md_compliance" time="0.012000"/>
		<testcase name="test_pep8_compliance" time="4.864000"/>
		<testcase name="test_input_dir_compliance" time="0.018000"/>
		<testcase name="test_suite_inheritance_compliance" time="0.010000"/>
	</testsuite>
</testsuites>
