<?xml version="1.0" ?>
<testsuites disabled="0" errors="0" failures="0" tests="7" time="103.728">
	<testsuite disabled="0" errors="0" failures="0" name="campaign_vcastqt.test_cover_env_wizard.suite_multi_language" skipped="0" tests="7" time="103.728">
		<testcase name="preconditions" time="4.838000"/>
		<testcase name="test_mixed_c_and_ada" time="84.182000"/>
		<testcase name="postconditions" time="5.291000"/>
		<testcase name="test_py_md_compliance" time="0.033000"/>
		<testcase name="test_pep8_compliance" time="9.264000"/>
		<testcase name="test_input_dir_compliance" time="0.059000"/>
		<testcase name="test_suite_inheritance_compliance" time="0.061000"/>
	</testsuite>
</testsuites>
