<?xml version="1.0" ?>
<testsuites disabled="0" errors="0" failures="0" tests="11" time="235.63400000000001">
	<testsuite disabled="0" errors="0" failures="0" name="campaign_licensing_vcastqt.test_features.suite_requirements_gateway_cover_legacy" skipped="0" tests="11" time="235.63400000000001">
		<testcase name="preconditions" time="9.275000"/>
		<testcase name="test_licensed_permit" time="34.366000"/>
		<testcase name="test_open_env_w_requirements_ent_permit" time="64.652000"/>
		<testcase name="test_open_env_w_requirements_pro_permit" time="66.590000"/>
		<testcase name="test_unlicensed_coverage_results_deny" time="25.051000"/>
		<testcase name="test_unlicensed_deny" time="25.822000"/>
		<testcase name="postconditions"/>
		<testcase name="test_py_md_compliance" time="0.241000"/>
		<testcase name="test_pep8_compliance" time="9.197000"/>
		<testcase name="test_input_dir_compliance" time="0.222000"/>
		<testcase name="test_suite_inheritance_compliance" time="0.218000"/>
	</testsuite>
</testsuites>
