<?xml version="1.0" ?>
<testsuites disabled="0" errors="0" failures="0" tests="9" time="275.567">
	<testsuite disabled="0" errors="0" failures="0" name="campaign_vcastqt.test_cover_env_wizard.suite_add_source" skipped="0" tests="9" time="275.567">
		<testcase name="preconditions" time="11.425000"/>
		<testcase name="test_add_symlink" time="50.647000"/>
		<testcase name="test_inc_dirs_from_cover_env" time="97.109000"/>
		<testcase name="test_inc_dirs_from_unit_env" time="99.797000"/>
		<testcase name="postconditions" time="5.386000"/>
		<testcase name="test_py_md_compliance" time="0.071000"/>
		<testcase name="test_pep8_compliance" time="10.941000"/>
		<testcase name="test_input_dir_compliance" time="0.115000"/>
		<testcase name="test_suite_inheritance_compliance" time="0.076000"/>
	</testsuite>
</testsuites>
