<?xml version="1.0" ?>
<testsuites disabled="0" errors="0" failures="0" tests="8" time="235.16999999999996">
	<testsuite disabled="0" errors="0" failures="0" name="campaign_vcastqt.test_unit_coverage_menu.suite_remove_all_cvg_data_c" skipped="0" tests="8" time="235.16999999999996">
		<testcase name="preconditions" time="8.666000"/>
		<testcase name="test_all_coverage_types" time="151.724000"/>
		<testcase name="test_import_results_with_statement" time="63.036000"/>
		<testcase name="postconditions" time="5.140000"/>
		<testcase name="test_py_md_compliance" time="0.035000"/>
		<testcase name="test_pep8_compliance" time="6.464000"/>
		<testcase name="test_input_dir_compliance" time="0.063000"/>
		<testcase name="test_suite_inheritance_compliance" time="0.042000"/>
	</testsuite>
</testsuites>
