<?xml version="1.0" ?>
<testsuites disabled="0" errors="0" failures="0" tests="11" time="349.985">
	<testsuite disabled="0" errors="0" failures="0" name="campaign_vcastqt.test_unit_coverage_menu.suite_enable_disable_c" skipped="0" tests="11" time="349.985">
		<testcase name="preconditions" time="9.713000"/>
		<testcase name="test_all_coverage_types" time="142.862000"/>
		<testcase name="test_cba_with_statement" time="56.974000"/>
		<testcase name="test_disable_coverage_c" time="34.971000"/>
		<testcase name="test_enable_coverage_c" time="36.428000"/>
		<testcase name="test_import_results_with_statement" time="56.863000"/>
		<testcase name="postconditions" time="5.168000"/>
		<testcase name="test_py_md_compliance" time="0.055000"/>
		<testcase name="test_pep8_compliance" time="6.790000"/>
		<testcase name="test_input_dir_compliance" time="0.084000"/>
		<testcase name="test_suite_inheritance_compliance" time="0.077000"/>
	</testsuite>
</testsuites>
