<?xml version="1.0" ?>
<testsuites disabled="0" errors="0" failures="0" tests="36" time="98.85500000000002">
	<testsuite disabled="0" errors="0" failures="0" name="campaign_clicast.test_cover_reports.suite_unit_metrics" skipped="0" tests="36" time="98.85500000000002">
		<testcase name="preconditions" time="2.844000"/>
		<testcase name="test_full_basis" time="2.617000"/>
		<testcase name="test_full_branch" time="2.501000"/>
		<testcase name="test_full_cba_only_branch" time="2.391000"/>
		<testcase name="test_full_cba_only_function" time="2.677000"/>
		<testcase name="test_full_cba_only_level_a" time="3.003000"/>
		<testcase name="test_full_cba_only_level_b" time="2.557000"/>
		<testcase name="test_full_cba_only_mcdc" time="2.575000"/>
		<testcase name="test_full_cba_only_statement" time="2.963000"/>
		<testcase name="test_full_due_to_cba_branch" time="3.688000"/>
		<testcase name="test_full_due_to_cba_function" time="3.498000"/>
		<testcase name="test_full_due_to_cba_level_a" time="3.447000"/>
		<testcase name="test_full_due_to_cba_level_b" time="3.610000"/>
		<testcase name="test_full_due_to_cba_mcdc" time="3.223000"/>
		<testcase name="test_full_due_to_cba_statement" time="3.379000"/>
		<testcase name="test_full_function" time="2.522000"/>
		<testcase name="test_full_level_a" time="2.558000"/>
		<testcase name="test_full_level_b" time="2.429000"/>
		<testcase name="test_full_mcdc" time="2.642000"/>
		<testcase name="test_full_probe_point" time="2.144000"/>
		<testcase name="test_full_statement" time="3.000000"/>
		<testcase name="test_metrics_duplicate_units" time="7.769000"/>
		<testcase name="test_must_configure_base_dirs_for_sfp" time="4.824000"/>
		<testcase name="test_partial_basis" time="2.867000"/>
		<testcase name="test_partial_branch" time="2.623000"/>
		<testcase name="test_partial_function" time="2.740000"/>
		<testcase name="test_partial_level_a" time="2.679000"/>
		<testcase name="test_partial_level_b" time="2.935000"/>
		<testcase name="test_partial_mcdc" time="2.900000"/>
		<testcase name="test_partial_statement" time="2.932000"/>
		<testcase name="test_source_does_not_exist_error" time="0.581000"/>
		<testcase name="postconditions"/>
		<testcase name="test_py_md_compliance" time="0.023000"/>
		<testcase name="test_pep8_compliance" time="5.656000"/>
		<testcase name="test_input_dir_compliance" time="0.041000"/>
		<testcase name="test_suite_inheritance_compliance" time="0.017000"/>
	</testsuite>
</testsuites>
