<?xml version="1.0" ?>
<testsuites disabled="0" errors="0" failures="0" tests="52" time="605.4090000000001">
	<testsuite disabled="0" errors="0" failures="0" name="campaign_atg.test_atg.suite_coverage_development_mode_bzla_part_05" skipped="0" tests="52" time="605.4090000000001">
		<testcase name="preconditions"/>
		<testcase name="test_half_live" time="12.001000"/>
		<testcase name="test_header_prototype_test" time="11.372000"/>
		<testcase name="test_implicit_bool_cast_in_cpp" time="11.367000"/>
		<testcase name="test_impossible_counts" time="11.430000"/>
		<testcase name="test_incomplete_type" time="11.618000"/>
		<testcase name="test_init_constructor_option" time="11.089000"/>
		<testcase name="test_init_constructor_option_param" time="10.983000"/>
		<testcase name="test_init_list" time="11.915000"/>
		<testcase name="test_init_list_2" time="12.200000"/>
		<testcase name="test_initialiser_assignment_to_same_name" time="11.693000"/>
		<testcase name="test_inner_int_in_parent" time="12.012000"/>
		<testcase name="test_inner_struct_with_ctor" time="11.739000"/>
		<testcase name="test_int_examples" time="18.746000"/>
		<testcase name="test_int_overwrite" time="11.961000"/>
		<testcase name="test_int_pointer_upcast_flattened" time="11.522000"/>
		<testcase name="test_int_pointer_upcast_not_flattened" time="12.037000"/>
		<testcase name="test_int_tests" time="12.185000"/>
		<testcase name="test_is_vcast_ctor_line_needed_class" time="24.048000"/>
		<testcase name="test_is_vcast_ctor_line_needed_structs" time="25.522000"/>
		<testcase name="test_keyerror" time="12.453000"/>
		<testcase name="test_keyerror_dup_pointer_access" time="16.437000"/>
		<testcase name="test_lambda_allocation_example" time="11.524000"/>
		<testcase name="test_leading_scope" time="13.107000"/>
		<testcase name="test_lhs_field_cast_assignment" time="12.427000"/>
		<testcase name="test_local_in_cmd_path_occurance_1056" time="11.332000"/>
		<testcase name="test_local_in_cmd_path_occurance_268" time="11.400000"/>
		<testcase name="test_local_in_cmd_path_occurance_451" time="12.571000"/>
		<testcase name="test_local_in_cmd_path_occurance_981" time="12.410000"/>
		<testcase name="test_lvalue_adjust" time="11.878000"/>
		<testcase name="test_main" time="12.352000"/>
		<testcase name="test_malloc_struct_example" time="11.545000"/>
		<testcase name="test_method_arg_walk" time="11.986000"/>
		<testcase name="test_method_call_arg_process" time="11.827000"/>
		<testcase name="test_missing_deref" time="11.926000"/>
		<testcase name="test_missing_malloc" time="12.018000"/>
		<testcase name="test_missing_memory_region_problems" time="11.720000"/>
		<testcase name="test_moo" time="12.114000"/>
		<testcase name="test_multi_dimensional_array_pointer_to_struct" time="12.102000"/>
		<testcase name="test_multi_pointer_to_array" time="13.026000"/>
		<testcase name="test_multiple_allocallobal_calls" time="12.666000"/>
		<testcase name="test_namespace_global_var" time="12.754000"/>
		<testcase name="test_negative_const" time="12.386000"/>
		<testcase name="test_nested_constructors" time="12.377000"/>
		<testcase name="test_nested_namespace_access" time="12.210000"/>
		<testcase name="test_nested_namespace_global_var" time="13.174000"/>
		<testcase name="test_nested_structs_of_the_same_name_1" time="13.392000"/>
		<testcase name="test_nested_structs_of_the_same_name_2" time="12.601000"/>
		<testcase name="postconditions" time="0.107000"/>
		<testcase name="test_pep8_compliance" time="1.907000"/>
		<testcase name="test_input_dir_compliance" time="0.114000"/>
		<testcase name="test_suite_inheritance_compliance" time="0.126000"/>
	</testsuite>
</testsuites>
