<?xml version="1.0" ?>
<testsuites disabled="0" errors="0" failures="0" tests="52" time="533.702">
	<testsuite disabled="0" errors="0" failures="0" name="campaign_atg.test_atg.suite_coverage_release_mode_bzla_part_01" skipped="0" tests="52" time="533.702">
		<testcase name="preconditions"/>
		<testcase name="test_1258_inherited_fields" time="13.061000"/>
		<testcase name="test_1284_derived_class_cast" time="11.236000"/>
		<testcase name="test_1784_align_walk" time="11.038000"/>
		<testcase name="test_abstract_class" time="10.989000"/>
		<testcase name="test_abstract_ctor_gen" time="14.501000"/>
		<testcase name="test_abstract_field_class" time="10.853000"/>
		<testcase name="test_addr_of" time="10.392000"/>
		<testcase name="test_addr_of_mem_high" time="10.483000"/>
		<testcase name="test_addr_of_stct_assign" time="10.475000"/>
		<testcase name="test_aggreg_float" time="11.034000"/>
		<testcase name="test_alias_loop" time="10.304000"/>
		<testcase name="test_alias_loop_fieldaccess" time="10.608000"/>
		<testcase name="test_alias_unhashable" time="10.660000"/>
		<testcase name="test_all_alloc_for_ctor_body" time="12.261000"/>
		<testcase name="test_allocallobals_for_params_and_function_calls" time="11.080000"/>
		<testcase name="test_ambiguous_field_resolution" time="11.505000"/>
		<testcase name="test_amsr_crash0" time="10.629000"/>
		<testcase name="test_amsr_crash1" time="11.110000"/>
		<testcase name="test_amsr_crash2" time="10.888000"/>
		<testcase name="test_amsr_crash3a" time="11.806000"/>
		<testcase name="test_amsr_crash3b" time="12.101000"/>
		<testcase name="test_anon_namespace_global_var" time="10.749000"/>
		<testcase name="test_anonfield" time="10.558000"/>
		<testcase name="test_array_access" time="12.611000"/>
		<testcase name="test_array_access_assign" time="10.570000"/>
		<testcase name="test_array_init_using_aggregate" time="10.967000"/>
		<testcase name="test_array_of_const" time="12.363000"/>
		<testcase name="test_array_of_const_cpp" time="11.945000"/>
		<testcase name="test_array_of_structs" time="11.567000"/>
		<testcase name="test_arrays" time="12.236000"/>
		<testcase name="test_arrays_of_structs" time="11.385000"/>
		<testcase name="test_assign_in_cond" time="11.056000"/>
		<testcase name="test_atg-869_incr_on_field_access" time="10.509000"/>
		<testcase name="test_atg_653_guess_pointer_allocations" time="11.352000"/>
		<testcase name="test_atg_725_vars_in_aggregate" time="10.314000"/>
		<testcase name="test_auto_bitwidth" time="10.961000"/>
		<testcase name="test_auto_bitwidth_cpp" time="11.685000"/>
		<testcase name="test_base_class_cast" time="11.709000"/>
		<testcase name="test_baseline_class_instance" time="10.819000"/>
		<testcase name="test_baselining_example" time="10.659000"/>
		<testcase name="test_basic_cpp_methods" time="14.821000"/>
		<testcase name="test_basic_doubles_test" time="11.195000"/>
		<testcase name="test_basic_float_test" time="11.302000"/>
		<testcase name="test_basic_md_array" time="10.183000"/>
		<testcase name="test_bit_field_test" time="12.105000"/>
		<testcase name="test_bool_assign" time="10.447000"/>
		<testcase name="test_bool_field_test" time="10.618000"/>
		<testcase name="postconditions" time="0.090000"/>
		<testcase name="test_pep8_compliance" time="1.722000"/>
		<testcase name="test_input_dir_compliance" time="0.097000"/>
		<testcase name="test_suite_inheritance_compliance" time="0.093000"/>
	</testsuite>
</testsuites>
