<?xml version="1.0" ?>
<testsuites disabled="0" errors="0" failures="0" tests="17" time="57.212">
	<testsuite disabled="0" errors="0" failures="0" name="campaign_clicast.test_cover.suite_instrument_vcast_c_options" skipped="0" tests="17" time="57.212">
		<testcase name="preconditions"/>
		<testcase name="test_multi_cvg_types_realtime_to_buffered" time="12.400000"/>
		<testcase name="test_no_branch_bytes_zero_value" time="4.037000"/>
		<testcase name="test_no_function_bytes_zero_value" time="4.066000"/>
		<testcase name="test_no_function_call_bytes_zero_value" time="3.357000"/>
		<testcase name="test_no_level_a_bytes_zero_value" time="3.966000"/>
		<testcase name="test_no_level_a_func_call_bytes_zero_value" time="4.350000"/>
		<testcase name="test_no_level_b_bytes_zero_value" time="3.927000"/>
		<testcase name="test_no_level_b_func_call_bytes_zero_value" time="4.275000"/>
		<testcase name="test_no_mcdc_bytes_zero_value" time="3.857000"/>
		<testcase name="test_no_statement_bytes_zero_value" time="4.096000"/>
		<testcase name="test_no_stmt_func_call_bytes_zero_value" time="4.711000"/>
		<testcase name="postconditions"/>
		<testcase name="test_py_md_compliance" time="0.013000"/>
		<testcase name="test_pep8_compliance" time="4.104000"/>
		<testcase name="test_input_dir_compliance" time="0.020000"/>
		<testcase name="test_suite_inheritance_compliance" time="0.033000"/>
	</testsuite>
</testsuites>
