<?xml version="1.0" ?>
<testsuites disabled="0" errors="0" failures="0" tests="12" time="27.207">
	<testsuite disabled="0" errors="0" failures="0" name="campaign_clicast.test_cover_reports.suite_management_function_call" skipped="0" tests="12" time="27.207">
		<testcase name="preconditions" time="2.622000"/>
		<testcase name="test_full_cba_only_function_function_call" time="2.543000"/>
		<testcase name="test_full_due_to_cba_function_function_call" time="3.289000"/>
		<testcase name="test_full_function_function_call" time="2.801000"/>
		<testcase name="test_full_imported_function_function_call" time="5.108000"/>
		<testcase name="test_partial_function_function_call" time="2.633000"/>
		<testcase name="test_partial_imported_function_function_call" time="4.501000"/>
		<testcase name="postconditions"/>
		<testcase name="test_py_md_compliance" time="0.010000"/>
		<testcase name="test_pep8_compliance" time="3.683000"/>
		<testcase name="test_input_dir_compliance" time="0.008000"/>
		<testcase name="test_suite_inheritance_compliance" time="0.009000"/>
	</testsuite>
</testsuites>
