<?xml version="1.0" ?>
<testsuites disabled="0" errors="0" failures="0" tests="11" time="29.537000000000003">
	<testsuite disabled="0" errors="0" failures="0" name="campaign_clicast.test_cover_source.suite_remove_source" skipped="0" tests="11" time="29.537000000000003">
		<testcase name="preconditions" time="6.792000"/>
		<testcase name="test_remove_source_does_not_exist" time="1.822000"/>
		<testcase name="test_remove_source_no_results" time="3.640000"/>
		<testcase name="test_remove_source_no_unit_passed" time="1.317000"/>
		<testcase name="test_remove_source_updates_modification_time" time="1.690000"/>
		<testcase name="test_remove_source_with_results" time="8.489000"/>
		<testcase name="postconditions"/>
		<testcase name="test_py_md_compliance" time="0.005000"/>
		<testcase name="test_pep8_compliance" time="5.760000"/>
		<testcase name="test_input_dir_compliance" time="0.012000"/>
		<testcase name="test_suite_inheritance_compliance" time="0.010000"/>
	</testsuite>
</testsuites>
