<?xml version="1.0" ?>
<testsuites disabled="0" errors="0" failures="0" tests="10" time="228.026">
	<testsuite disabled="0" errors="0" failures="0" name="campaign_vcastqt.test_manage_files_tab.suite_coverage_viewer_a_function_call" skipped="0" tests="10" time="228.026">
		<testcase name="preconditions" time="34.082000"/>
		<testcase name="test_full_cba_only_function_function_call" time="37.961000"/>
		<testcase name="test_full_due_to_cba_function_function_call" time="37.509000"/>
		<testcase name="test_full_due_to_cba_level_a_function_call" time="76.152000"/>
		<testcase name="test_full_function_function_call" time="30.589000"/>
		<testcase name="postconditions" time="5.291000"/>
		<testcase name="test_py_md_compliance" time="0.080000"/>
		<testcase name="test_pep8_compliance" time="6.061000"/>
		<testcase name="test_input_dir_compliance" time="0.160000"/>
		<testcase name="test_suite_inheritance_compliance" time="0.141000"/>
	</testsuite>
</testsuites>
