<?xml version="1.0" ?>
<testsuites disabled="0" errors="0" failures="0" tests="22" time="64.137">
	<testsuite disabled="0" errors="0" failures="0" name="campaign_clicast.test_options.suite_metrics_const_branch_conditions_cover" skipped="0" tests="22" time="64.137">
		<testcase name="preconditions" time="7.954000"/>
		<testcase name="test_option_off_branch_sfp" time="4.354000"/>
		<testcase name="test_option_off_branch_tu" time="2.196000"/>
		<testcase name="test_option_off_mcdc_sfp" time="4.218000"/>
		<testcase name="test_option_off_mcdc_tu" time="2.280000"/>
		<testcase name="test_option_off_st_and_branch_sfp" time="4.043000"/>
		<testcase name="test_option_off_st_and_branch_tu" time="2.266000"/>
		<testcase name="test_option_off_st_and_mcdc_sfp" time="4.184000"/>
		<testcase name="test_option_off_st_and_mcdc_tu" time="2.406000"/>
		<testcase name="test_option_on_branch_sfp" time="4.390000"/>
		<testcase name="test_option_on_branch_tu" time="2.310000"/>
		<testcase name="test_option_on_mcdc_sfp" time="4.471000"/>
		<testcase name="test_option_on_mcdc_tu" time="2.280000"/>
		<testcase name="test_option_on_st_and_branch_sfp" time="4.327000"/>
		<testcase name="test_option_on_st_and_branch_tu" time="2.477000"/>
		<testcase name="test_option_on_st_and_mcdc_sfp" time="4.389000"/>
		<testcase name="test_option_on_st_and_mcdc_tu" time="2.423000"/>
		<testcase name="postconditions"/>
		<testcase name="test_py_md_compliance" time="0.013000"/>
		<testcase name="test_pep8_compliance" time="3.117000"/>
		<testcase name="test_input_dir_compliance" time="0.025000"/>
		<testcase name="test_suite_inheritance_compliance" time="0.014000"/>
	</testsuite>
</testsuites>
