<?xml version="1.0" ?>
<testsuites disabled="0" errors="0" failures="0" tests="7" time="77.999">
	<testsuite disabled="0" errors="0" failures="0" name="campaign_vcastqt.test_unit_coverage.suite_coverage_bars_sfp" skipped="0" tests="7" time="77.999">
		<testcase name="preconditions" time="12.218000"/>
		<testcase name="test_consistent_sfp_cvg" time="53.123000"/>
		<testcase name="postconditions" time="5.145000"/>
		<testcase name="test_py_md_compliance" time="0.019000"/>
		<testcase name="test_pep8_compliance" time="7.441000"/>
		<testcase name="test_input_dir_compliance" time="0.030000"/>
		<testcase name="test_suite_inheritance_compliance" time="0.023000"/>
	</testsuite>
</testsuites>
