<?xml version="1.0" ?>
<testsuites disabled="0" errors="0" failures="0" tests="33" time="351.976">
	<testsuite disabled="0" errors="0" failures="0" name="campaign_atg.test_atg.suite_coverage_development_mode_bzla_part_10" skipped="0" tests="33" time="351.976">
		<testcase name="preconditions"/>
		<testcase name="test_templated_functions" time="13.711000"/>
		<testcase name="test_templated_structs_of_the_same_name" time="12.172000"/>
		<testcase name="test_templates_involving_structs" time="11.648000"/>
		<testcase name="test_tern_nested_in_if" time="12.166000"/>
		<testcase name="test_ternary" time="12.075000"/>
		<testcase name="test_testable_routines" time="11.901000"/>
		<testcase name="test_this_direct_comparison" time="12.456000"/>
		<testcase name="test_timeout_zero" time="11.590000"/>
		<testcase name="test_typedef_crash" time="11.709000"/>
		<testcase name="test_typedeffed_struct_as_method_param" time="11.498000"/>
		<testcase name="test_typemismatch_this" time="11.678000"/>
		<testcase name="test_udiv_test" time="11.600000"/>
		<testcase name="test_unicode_uncomplient_string" time="11.313000"/>
		<testcase name="test_union_overlap" time="11.634000"/>
		<testcase name="test_unnamed_stub_param" time="11.252000"/>
		<testcase name="test_urem" time="11.434000"/>
		<testcase name="test_vcast_c_example_manager" time="15.224000"/>
		<testcase name="test_vcast_c_example_vscode" time="15.093000"/>
		<testcase name="test_vcast_cpp_example_manager" time="15.746000"/>
		<testcase name="test_vcast_cpp_example_manager_extra" time="13.827000"/>
		<testcase name="test_vcast_cpp_example_minimal_fields" time="11.751000"/>
		<testcase name="test_vcast_cpp_example_vscode" time="15.504000"/>
		<testcase name="test_virtual_vs_non_virtual_stubs" time="12.046000"/>
		<testcase name="test_void_field_inside_struct" time="11.263000"/>
		<testcase name="test_void_star_field" time="12.713000"/>
		<testcase name="test_void_star_tests" time="12.770000"/>
		<testcase name="test_volatile_const_arrays" time="11.677000"/>
		<testcase name="test_walk_method_not_walk_ctor" time="12.274000"/>
		<testcase name="postconditions" time="0.063000"/>
		<testcase name="test_pep8_compliance" time="2.034000"/>
		<testcase name="test_input_dir_compliance" time="0.089000"/>
		<testcase name="test_suite_inheritance_compliance" time="0.065000"/>
	</testsuite>
</testsuites>
