<?xml version="1.0" ?>
<testsuites disabled="0" errors="0" failures="0" tests="15" time="475.6859999999999">
	<testsuite disabled="0" errors="0" failures="0" name="campaign_vcastqt.test_cover_reports.suite_coupling_access_order_report_full" skipped="0" tests="15" time="475.6859999999999">
		<testcase name="preconditions" time="24.434000"/>
		<testcase name="test_generate_from_environment_view" time="49.714000"/>
		<testcase name="test_html" time="47.310000"/>
		<testcase name="test_invalid_test_result_data" time="60.008000"/>
		<testcase name="test_log" time="52.737000"/>
		<testcase name="test_no_test_results" time="39.250000"/>
		<testcase name="test_selected_test_result" time="44.782000"/>
		<testcase name="test_text" time="42.441000"/>
		<testcase name="test_use_all_results_in_report_option_on" time="44.673000"/>
		<testcase name="test_view_access_order_report" time="55.915000"/>
		<testcase name="postconditions" time="5.195000"/>
		<testcase name="test_py_md_compliance" time="0.221000"/>
		<testcase name="test_pep8_compliance" time="8.683000"/>
		<testcase name="test_input_dir_compliance" time="0.162000"/>
		<testcase name="test_suite_inheritance_compliance" time="0.161000"/>
	</testsuite>
</testsuites>
