<?xml version="1.0" ?>
<testsuites disabled="0" errors="0" failures="0" tests="10" time="16.197000000000003">
	<testsuite disabled="0" errors="0" failures="0" name="campaign_clicast.test_cover_options.suite_disable_boolean_cast_ada" skipped="0" tests="10" time="16.197000000000003">
		<testcase name="preconditions" time="0.003000"/>
		<testcase name="test_disable_boolean_cast_branch" time="3.227000"/>
		<testcase name="test_disable_boolean_cast_mcdc" time="3.105000"/>
		<testcase name="test_enable_boolean_cast_branch" time="3.426000"/>
		<testcase name="test_enable_boolean_cast_mcdc" time="3.378000"/>
		<testcase name="postconditions"/>
		<testcase name="test_py_md_compliance" time="0.004000"/>
		<testcase name="test_pep8_compliance" time="3.037000"/>
		<testcase name="test_input_dir_compliance" time="0.010000"/>
		<testcase name="test_suite_inheritance_compliance" time="0.007000"/>
	</testsuite>
</testsuites>
