<?xml version="1.0" ?>
<testsuites disabled="0" errors="0" failures="0" tests="14" time="34.270999999999994">
	<testsuite disabled="0" errors="0" failures="0" name="campaign_clicast.test_cover_reports.suite_aggregate_c_function_call" skipped="0" tests="14" time="34.270999999999994">
		<testcase name="preconditions" time="2.606000"/>
		<testcase name="test_full_cba_only_function_function_call" time="2.668000"/>
		<testcase name="test_full_cba_only_function_function_call_cvr" time="4.281000"/>
		<testcase name="test_full_due_to_cba_function_function_call" time="3.107000"/>
		<testcase name="test_full_due_to_cba_function_function_call_cvr" time="4.690000"/>
		<testcase name="test_full_function_function_call" time="2.556000"/>
		<testcase name="test_full_imported_function_function_call" time="4.260000"/>
		<testcase name="test_partial_function_function_call" time="2.691000"/>
		<testcase name="test_partial_imported_function_function_call" time="4.793000"/>
		<testcase name="postconditions"/>
		<testcase name="test_py_md_compliance" time="0.007000"/>
		<testcase name="test_pep8_compliance" time="2.596000"/>
		<testcase name="test_input_dir_compliance" time="0.009000"/>
		<testcase name="test_suite_inheritance_compliance" time="0.007000"/>
	</testsuite>
</testsuites>
