<?xml version="1.0" ?>
<testsuites disabled="0" errors="0" failures="0" tests="52" time="581.9789999999999">
	<testsuite disabled="0" errors="0" failures="0" name="campaign_atg.test_atg.suite_coverage_release_mode_stp_part_04" skipped="0" tests="52" time="581.9789999999999">
		<testcase name="preconditions"/>
		<testcase name="test_float_casts" time="13.463000"/>
		<testcase name="test_floating_allocation_check" time="11.539000"/>
		<testcase name="test_floating_no_model" time="11.892000"/>
		<testcase name="test_fo_const_typeerror" time="12.770000"/>
		<testcase name="test_fo_for_class_ptr" time="11.859000"/>
		<testcase name="test_fo_method_call_loop" time="14.043000"/>
		<testcase name="test_force_malloc_expand" time="12.067000"/>
		<testcase name="test_foreign_symbol_as_arg" time="11.800000"/>
		<testcase name="test_fp_array" time="12.601000"/>
		<testcase name="test_fp_nan" time="13.325000"/>
		<testcase name="test_fp_neg" time="13.136000"/>
		<testcase name="test_fp_returning_non_ptr_struct" time="12.884000"/>
		<testcase name="test_fp_returning_ptr_struct" time="13.549000"/>
		<testcase name="test_fp_struct" time="13.839000"/>
		<testcase name="test_fp_typedef" time="13.854000"/>
		<testcase name="test_global_array" time="11.647000"/>
		<testcase name="test_global_class_constructor_init" time="12.305000"/>
		<testcase name="test_global_deref_global" time="13.323000"/>
		<testcase name="test_global_deref_local_at_decl" time="13.124000"/>
		<testcase name="test_global_deref_param" time="12.789000"/>
		<testcase name="test_global_eq_null" time="12.683000"/>
		<testcase name="test_global_fp" time="13.573000"/>
		<testcase name="test_global_int" time="12.263000"/>
		<testcase name="test_global_local" time="11.515000"/>
		<testcase name="test_global_local_eq_null" time="11.103000"/>
		<testcase name="test_global_non_ptr_struct_fp" time="11.946000"/>
		<testcase name="test_global_not_eq_null" time="12.143000"/>
		<testcase name="test_global_param" time="11.528000"/>
		<testcase name="test_global_param_local" time="11.915000"/>
		<testcase name="test_global_ptr" time="11.754000"/>
		<testcase name="test_global_ptr_global" time="11.746000"/>
		<testcase name="test_global_ptr_local" time="11.322000"/>
		<testcase name="test_global_ptr_local_at_decl" time="11.692000"/>
		<testcase name="test_global_ptr_param" time="11.836000"/>
		<testcase name="test_global_ptr_param_scalar" time="11.492000"/>
		<testcase name="test_global_ptr_struct_fp" time="12.602000"/>
		<testcase name="test_global_ptr_two_function_issue" time="12.173000"/>
		<testcase name="test_global_slr_global" time="11.768000"/>
		<testcase name="test_global_slr_local" time="11.582000"/>
		<testcase name="test_global_slr_local_at_decl" time="11.578000"/>
		<testcase name="test_global_slr_param" time="11.534000"/>
		<testcase name="test_global_struct_with_ptr_fields" time="12.429000"/>
		<testcase name="test_global_void_ptr" time="11.802000"/>
		<testcase name="test_goto_backjump" time="14.497000"/>
		<testcase name="test_gp_historic" time="13.221000"/>
		<testcase name="test_grandparentinheritance" time="11.199000"/>
		<testcase name="test_half_alive_lhs" time="10.988000"/>
		<testcase name="postconditions" time="0.136000"/>
		<testcase name="test_pep8_compliance" time="1.942000"/>
		<testcase name="test_input_dir_compliance" time="0.105000"/>
		<testcase name="test_suite_inheritance_compliance" time="0.103000"/>
	</testsuite>
</testsuites>
