<?xml version="1.0" ?>
<testsuites disabled="0" errors="0" failures="0" tests="7" time="77.417">
	<testsuite disabled="0" errors="0" failures="0" name="campaign_vcastqt.test_backwards_compatibility_cover.suite_base_dirs" skipped="0" tests="7" time="77.417">
		<testcase name="preconditions" time="7.330000"/>
		<testcase name="test_enable_base_dir_on_update" time="59.917000"/>
		<testcase name="postconditions" time="5.008000"/>
		<testcase name="test_py_md_compliance" time="0.024000"/>
		<testcase name="test_pep8_compliance" time="5.072000"/>
		<testcase name="test_input_dir_compliance" time="0.033000"/>
		<testcase name="test_suite_inheritance_compliance" time="0.033000"/>
	</testsuite>
</testsuites>
