<?xml version="1.0" ?>
<testsuites disabled="0" errors="0" failures="0" tests="11" time="258.899">
	<testsuite disabled="0" errors="0" failures="0" name="campaign_vcastqt.test_unit_coverage.suite_save_coverage_reports" skipped="0" tests="11" time="258.899">
		<testcase name="preconditions" time="16.843000"/>
		<testcase name="test_dialog_layout_usage_html" time="39.224000"/>
		<testcase name="test_combined_report_text" time="46.060000"/>
		<testcase name="test_dialog_checkboxes_ada" time="48.532000"/>
		<testcase name="test_dialog_layout_usage_text" time="47.176000"/>
		<testcase name="test_html_reports_correct" time="48.955000"/>
		<testcase name="postconditions" time="5.167000"/>
		<testcase name="test_py_md_compliance" time="0.134000"/>
		<testcase name="test_pep8_compliance" time="6.502000"/>
		<testcase name="test_input_dir_compliance" time="0.141000"/>
		<testcase name="test_suite_inheritance_compliance" time="0.165000"/>
	</testsuite>
</testsuites>
