<?xml version="1.0" ?>
<testsuites disabled="0" errors="0" failures="0" tests="9" time="3.894">
	<testsuite disabled="0" errors="0" failures="0" name="campaign_edgfe.test_parse_target_testsuite.suite_visualdsp" skipped="0" tests="9" time="3.894">
		<testcase name="preconditions"/>
		<testcase name="test_adsp_21xx" time="1.204000"/>
		<testcase name="test_blackfin" time="0.060000"/>
		<testcase name="test_tigersharc" time="0.111000"/>
		<testcase name="postconditions"/>
		<testcase name="test_py_md_compliance" time="0.006000"/>
		<testcase name="test_pep8_compliance" time="2.503000"/>
		<testcase name="test_input_dir_compliance" time="0.006000"/>
		<testcase name="test_suite_inheritance_compliance" time="0.004000"/>
	</testsuite>
</testsuites>
