<?xml version="1.0" ?>
<testsuites disabled="0" errors="0" failures="0" tests="8" time="63.425000000000004">
	<testsuite disabled="0" errors="0" failures="0" name="campaign_clicast.test_backwards_compatibility_cover.suite_coupling" skipped="0" tests="8" time="63.425000000000004">
		<testcase name="preconditions" time="2.179000"/>
		<testcase name="test_must_reanalyze_and_upgrade_to_base" time="36.073000"/>
		<testcase name="test_use_components_configured_from_old_version" time="20.710000"/>
		<testcase name="postconditions"/>
		<testcase name="test_py_md_compliance" time="0.007000"/>
		<testcase name="test_pep8_compliance" time="4.429000"/>
		<testcase name="test_input_dir_compliance" time="0.018000"/>
		<testcase name="test_suite_inheritance_compliance" time="0.009000"/>
	</testsuite>
</testsuites>
