<?xml version="1.0" ?>
<testsuites disabled="0" errors="0" failures="0" tests="30" time="76.19800000000002">
	<testsuite disabled="0" errors="0" failures="0" name="campaign_clicast.test_cover_reports.suite_aggregate_ada_options" skipped="0" tests="30" time="76.19800000000002">
		<testcase name="preconditions" time="2.573000"/>
		<testcase name="test_full_cvg_w_indicator_level_a" time="3.255000"/>
		<testcase name="test_full_cvg_w_indicator_level_b" time="2.961000"/>
		<testcase name="test_full_cvg_w_indicator_statement" time="2.979000"/>
		<testcase name="test_full_fs_level_a" time="3.494000"/>
		<testcase name="test_full_fs_mcdc" time="3.654000"/>
		<testcase name="test_full_function_coverage_basis" time="3.178000"/>
		<testcase name="test_full_function_coverage_branch" time="3.224000"/>
		<testcase name="test_full_function_coverage_level_a" time="3.613000"/>
		<testcase name="test_full_function_coverage_level_b" time="3.281000"/>
		<testcase name="test_full_function_coverage_mcdc" time="3.494000"/>
		<testcase name="test_full_function_coverage_statement" time="3.201000"/>
		<testcase name="test_full_simplified_level_a" time="3.351000"/>
		<testcase name="test_full_simplified_mcdc" time="3.363000"/>
		<testcase name="test_no_coverage_basis" time="2.483000"/>
		<testcase name="test_no_coverage_branch" time="1.978000"/>
		<testcase name="test_no_coverage_level_a" time="1.853000"/>
		<testcase name="test_no_coverage_level_b" time="1.872000"/>
		<testcase name="test_no_coverage_mcdc" time="2.026000"/>
		<testcase name="test_no_coverage_statement" time="1.901000"/>
		<testcase name="test_no_coverage_w_indicator_level_a" time="2.259000"/>
		<testcase name="test_no_coverage_w_indicator_level_b" time="2.083000"/>
		<testcase name="test_no_coverage_w_indicator_statement" time="2.210000"/>
		<testcase name="test_partial_cvg_w_indicator_level_a" time="3.352000"/>
		<testcase name="test_partial_cvg_w_indicator_level_b" time="3.154000"/>
		<testcase name="test_partial_cvg_w_indicator_statement" time="3.171000"/>
		<testcase name="postconditions" time="0.016000"/>
		<testcase name="test_pep8_compliance" time="2.167000"/>
		<testcase name="test_input_dir_compliance" time="0.018000"/>
		<testcase name="test_suite_inheritance_compliance" time="0.034000"/>
	</testsuite>
</testsuites>
