<?xml version="1.0" ?>
<testsuites disabled="0" errors="0" failures="0" tests="14" time="26.555000000000003">
	<testsuite disabled="0" errors="0" failures="0" name="campaign_clicast.test_cover_options.suite_instrument_unreachable" skipped="0" tests="14" time="26.555000000000003">
		<testcase name="preconditions" time="2.772000"/>
		<testcase name="test_block_level_a" time="2.408000"/>
		<testcase name="test_block_level_b" time="2.907000"/>
		<testcase name="test_block_statement" time="2.652000"/>
		<testcase name="test_branch" time="2.444000"/>
		<testcase name="test_level_a" time="2.548000"/>
		<testcase name="test_level_b" time="2.514000"/>
		<testcase name="test_mcdc" time="2.292000"/>
		<testcase name="test_statement" time="2.173000"/>
		<testcase name="postconditions"/>
		<testcase name="test_py_md_compliance" time="0.007000"/>
		<testcase name="test_pep8_compliance" time="3.820000"/>
		<testcase name="test_input_dir_compliance" time="0.007000"/>
		<testcase name="test_suite_inheritance_compliance" time="0.011000"/>
	</testsuite>
</testsuites>
