<?xml version="1.0" ?>
<testsuites disabled="0" errors="0" failures="0" tests="9" time="225.102">
	<testsuite disabled="0" errors="0" failures="0" name="campaign_vcastqt.test_unit_coverage_menu.suite_enable_disable_ada" skipped="0" tests="9" time="225.102">
		<testcase name="preconditions" time="16.705000"/>
		<testcase name="test_cba_with_statement" time="71.499000"/>
		<testcase name="test_import_results_with_statement" time="70.125000"/>
		<testcase name="test_statement_coverage_type" time="54.180000"/>
		<testcase name="postconditions" time="5.287000"/>
		<testcase name="test_py_md_compliance" time="0.047000"/>
		<testcase name="test_pep8_compliance" time="7.140000"/>
		<testcase name="test_input_dir_compliance" time="0.064000"/>
		<testcase name="test_suite_inheritance_compliance" time="0.055000"/>
	</testsuite>
</testsuites>
