<?xml version="1.0" ?>
<testsuites disabled="0" errors="0" failures="0" tests="8" time="5.547">
	<testsuite disabled="0" errors="0" failures="0" name="campaign_clicast.test_cover_source.suite_uninstrument" skipped="0" tests="8" time="5.547">
		<testcase name="preconditions" time="2.464000"/>
		<testcase name="test_instrument_uninstrumented_source" time="0.843000"/>
		<testcase name="test_uninstrument_uninstrumented_source_no_op" time="0.559000"/>
		<testcase name="postconditions"/>
		<testcase name="test_py_md_compliance" time="0.005000"/>
		<testcase name="test_pep8_compliance" time="1.666000"/>
		<testcase name="test_input_dir_compliance" time="0.008000"/>
		<testcase name="test_suite_inheritance_compliance" time="0.002000"/>
	</testsuite>
</testsuites>
