<?xml version="1.0" ?>
<testsuites disabled="0" errors="0" failures="0" tests="7" time="75.75000000000001">
	<testsuite disabled="0" errors="0" failures="0" name="campaign_vcastqt.test_cover_instrument.suite_instrument_not_in_place_c" skipped="0" tests="7" time="75.75000000000001">
		<testcase name="preconditions" time="7.703000"/>
		<testcase name="test_appended_io_file_timestamp" time="57.135000"/>
		<testcase name="postconditions" time="5.174000"/>
		<testcase name="test_py_md_compliance" time="0.020000"/>
		<testcase name="test_pep8_compliance" time="5.635000"/>
		<testcase name="test_input_dir_compliance" time="0.055000"/>
		<testcase name="test_suite_inheritance_compliance" time="0.028000"/>
	</testsuite>
</testsuites>
