<?xml version="1.0" ?>
<testsuites disabled="0" errors="0" failures="0" tests="16" time="138.25900000000004">
	<testsuite disabled="0" errors="0" failures="0" name="campaign_clicast.test_cover.suite_export_coverage_c" skipped="0" tests="16" time="138.25900000000004">
		<testcase name="preconditions" time="11.811000"/>
		<testcase name="test_basis_paths_export" time="13.552000"/>
		<testcase name="test_branch_export" time="12.054000"/>
		<testcase name="test_function_export" time="11.164000"/>
		<testcase name="test_level_a_export" time="12.297000"/>
		<testcase name="test_level_b_export" time="11.440000"/>
		<testcase name="test_mcdc_export" time="11.046000"/>
		<testcase name="test_metadata" time="10.367000"/>
		<testcase name="test_requirements" time="14.248000"/>
		<testcase name="test_requirements_legacy" time="14.023000"/>
		<testcase name="test_statement_export" time="10.930000"/>
		<testcase name="postconditions"/>
		<testcase name="test_py_md_compliance" time="0.020000"/>
		<testcase name="test_pep8_compliance" time="5.253000"/>
		<testcase name="test_input_dir_compliance" time="0.031000"/>
		<testcase name="test_suite_inheritance_compliance" time="0.023000"/>
	</testsuite>
</testsuites>
