<?xml version="1.0" ?>
<testsuites disabled="0" errors="0" failures="0" tests="7" time="26.935000000000006">
	<testsuite disabled="0" errors="0" failures="0" name="campaign_clicast.test_backwards_compatibility_cover.suite_regression_scripts" skipped="0" tests="7" time="26.935000000000006">
		<testcase name="preconditions"/>
		<testcase name="test_oldest_supported_with_base_dirs" time="22.123000"/>
		<testcase name="postconditions"/>
		<testcase name="test_py_md_compliance" time="0.004000"/>
		<testcase name="test_pep8_compliance" time="4.795000"/>
		<testcase name="test_input_dir_compliance" time="0.009000"/>
		<testcase name="test_suite_inheritance_compliance" time="0.004000"/>
	</testsuite>
</testsuites>
