<?xml version="1.0" ?>
<testsuites disabled="0" errors="0" failures="0" tests="9" time="21.028">
	<testsuite disabled="0" errors="0" failures="0" name="campaign_clicast.test_cover_reports.suite_aggregate_block_statement" skipped="0" tests="9" time="21.028">
		<testcase name="preconditions" time="8.838000"/>
		<testcase name="test_level_a" time="3.217000"/>
		<testcase name="test_level_b" time="3.309000"/>
		<testcase name="test_statement" time="3.537000"/>
		<testcase name="postconditions"/>
		<testcase name="test_py_md_compliance" time="0.003000"/>
		<testcase name="test_pep8_compliance" time="2.116000"/>
		<testcase name="test_input_dir_compliance" time="0.005000"/>
		<testcase name="test_suite_inheritance_compliance" time="0.003000"/>
	</testsuite>
</testsuites>
