<?xml version="1.0" ?>
<testsuites disabled="0" errors="0" failures="0" tests="8" time="155.06500000000003">
	<testsuite disabled="0" errors="0" failures="0" name="campaign_vcastqt.test_manage_project_open_environment.suite_modify_cover_envs" skipped="0" tests="8" time="155.06500000000003">
		<testcase name="preconditions" time="14.448000"/>
		<testcase name="test_modify_source_no_update" time="50.615000"/>
		<testcase name="test_remove_source" time="74.273000"/>
		<testcase name="postconditions" time="5.254000"/>
		<testcase name="test_py_md_compliance" time="0.052000"/>
		<testcase name="test_pep8_compliance" time="10.312000"/>
		<testcase name="test_input_dir_compliance" time="0.062000"/>
		<testcase name="test_suite_inheritance_compliance" time="0.049000"/>
	</testsuite>
</testsuites>
