<?xml version="1.0" ?>
<testsuites disabled="0" errors="0" failures="0" tests="41" time="183.65800000000007">
	<testsuite disabled="0" errors="0" failures="0" name="campaign_clicast.test_cover_options.suite_pack_instrumentation_storage" skipped="0" tests="41" time="183.65800000000007">
		<testcase name="preconditions" time="2.853000"/>
		<testcase name="test_branch_buffered" time="3.430000"/>
		<testcase name="test_branch_buffered_macro" time="3.681000"/>
		<testcase name="test_branch_realtime" time="3.755000"/>
		<testcase name="test_branch_realtime_macro" time="3.275000"/>
		<testcase name="test_function_buffered" time="3.394000"/>
		<testcase name="test_function_buffered_macro" time="3.542000"/>
		<testcase name="test_function_function_call_buffered" time="7.764000"/>
		<testcase name="test_function_function_call_buffered_macro" time="7.139000"/>
		<testcase name="test_function_function_call_realtime" time="6.731000"/>
		<testcase name="test_function_function_call_realtime_macro" time="6.596000"/>
		<testcase name="test_function_realtime" time="2.968000"/>
		<testcase name="test_function_realtime_macro" time="3.408000"/>
		<testcase name="test_level_a_buffered" time="3.771000"/>
		<testcase name="test_level_a_buffered_macro" time="4.137000"/>
		<testcase name="test_level_a_fn_call_opt_buffered" time="7.864000"/>
		<testcase name="test_level_a_fn_call_opt_buffered_macro" time="7.274000"/>
		<testcase name="test_level_a_fn_call_opt_realtime" time="6.918000"/>
		<testcase name="test_level_a_fn_call_opt_realtime_macro" time="6.868000"/>
		<testcase name="test_level_a_realtime" time="3.033000"/>
		<testcase name="test_level_a_realtime_macro" time="2.920000"/>
		<testcase name="test_level_b_buffered" time="2.867000"/>
		<testcase name="test_level_b_buffered_macro" time="3.515000"/>
		<testcase name="test_level_b_fn_call_opt_buffered" time="6.668000"/>
		<testcase name="test_level_b_fn_call_opt_buffered_macro" time="6.342000"/>
		<testcase name="test_level_b_fn_call_opt_realtime" time="6.601000"/>
		<testcase name="test_level_b_fn_call_opt_realtime_macro" time="7.247000"/>
		<testcase name="test_level_b_realtime" time="2.919000"/>
		<testcase name="test_level_b_realtime_macro" time="3.103000"/>
		<testcase name="test_statement_buffered" time="3.198000"/>
		<testcase name="test_statement_buffered_macro" time="3.071000"/>
		<testcase name="test_statement_realtime" time="2.909000"/>
		<testcase name="test_statement_realtime_macro" time="2.965000"/>
		<testcase name="test_stmt_fn_call_opt_buffered" time="6.841000"/>
		<testcase name="test_stmt_fn_call_opt_buffered_macro" time="6.708000"/>
		<testcase name="test_stmt_fn_call_opt_realtime" time="6.763000"/>
		<testcase name="test_stmt_fn_call_opt_realtime_macro" time="7.628000"/>
		<testcase name="postconditions" time="0.068000"/>
		<testcase name="test_pep8_compliance" time="2.801000"/>
		<testcase name="test_input_dir_compliance" time="0.055000"/>
		<testcase name="test_suite_inheritance_compliance" time="0.068000"/>
	</testsuite>
</testsuites>
