<?xml version="1.0" ?>
<testsuites disabled="0" errors="0" failures="0" tests="7" time="9.557000000000002">
	<testsuite disabled="0" errors="0" failures="0" name="campaign_cover.test_cover.suite_cover" skipped="0" tests="7" time="9.557000000000002">
		<testcase name="preconditions" time="6.077000"/>
		<testcase name="test_cover_environment" time="0.312000"/>
		<testcase name="postconditions"/>
		<testcase name="test_py_md_compliance" time="0.003000"/>
		<testcase name="test_pep8_compliance" time="3.158000"/>
		<testcase name="test_input_dir_compliance" time="0.005000"/>
		<testcase name="test_suite_inheritance_compliance" time="0.002000"/>
	</testsuite>
</testsuites>
