<?xml version="1.0" ?>
<testsuites disabled="0" errors="0" failures="0" tests="10" time="19.505000000000003">
	<testsuite disabled="0" errors="0" failures="0" name="campaign_clicast.test_cover_options.suite_maximum_mcdc_expressions_c" skipped="0" tests="10" time="19.505000000000003">
		<testcase name="preconditions" time="1.555000"/>
		<testcase name="test_max_expressions_exceeded_mcdc" time="3.438000"/>
		<testcase name="test_max_expressions_exceeded_statement_mcdc" time="3.444000"/>
		<testcase name="test_max_expressions_not_exceeded_mcdc" time="3.537000"/>
		<testcase name="test_max_expressions_not_exceeded_statement_mcdc" time="3.707000"/>
		<testcase name="postconditions"/>
		<testcase name="test_py_md_compliance" time="0.005000"/>
		<testcase name="test_pep8_compliance" time="3.799000"/>
		<testcase name="test_input_dir_compliance" time="0.011000"/>
		<testcase name="test_suite_inheritance_compliance" time="0.009000"/>
	</testsuite>
</testsuites>
