<?xml version="1.0" ?>
<testsuites disabled="0" errors="0" failures="0" tests="52" time="648.2549999999998">
	<testsuite disabled="0" errors="0" failures="0" name="campaign_atg.test_atg.suite_coverage_release_mode_z3_part_07" skipped="0" tests="52" time="648.2549999999998">
		<testcase name="preconditions"/>
		<testcase name="test_restrict_floats_only" time="14.374000"/>
		<testcase name="test_restrict_loops" time="12.852000"/>
		<testcase name="test_return_dead" time="12.906000"/>
		<testcase name="test_return_decision" time="13.617000"/>
		<testcase name="test_return_void" time="13.696000"/>
		<testcase name="test_sbr_empty_param_values" time="14.520000"/>
		<testcase name="test_sbr_param_no_alloc" time="13.529000"/>
		<testcase name="test_self_alias_loop" time="13.480000"/>
		<testcase name="test_shift_assign" time="13.659000"/>
		<testcase name="test_shift_right" time="12.597000"/>
		<testcase name="test_shift_tests" time="15.033000"/>
		<testcase name="test_shifts_of_differing_bitwidths" time="14.088000"/>
		<testcase name="test_silent_partials" time="13.485000"/>
		<testcase name="test_simple_float" time="16.121000"/>
		<testcase name="test_simple_loops" time="21.068000"/>
		<testcase name="test_simple_struct_access_floats" time="15.035000"/>
		<testcase name="test_skipped_call_count" time="15.309000"/>
		<testcase name="test_smtexception_no_fit" time="12.712000"/>
		<testcase name="test_solver_timeout" time="14.113000"/>
		<testcase name="test_static_init_cpp" time="14.960000"/>
		<testcase name="test_static_init_fm" time="12.940000"/>
		<testcase name="test_static_local_fm" time="14.021000"/>
		<testcase name="test_static_method_calls" time="14.919000"/>
		<testcase name="test_std_containers" time="21.457000"/>
		<testcase name="test_std_strings" time="0.049000"/>
		<testcase name="test_std_vector" time="0.048000"/>
		<testcase name="test_struct_allocation_arrow" time="12.603000"/>
		<testcase name="test_struct_anon" time="13.664000"/>
		<testcase name="test_struct_as_classes" time="15.097000"/>
		<testcase name="test_struct_assign" time="14.188000"/>
		<testcase name="test_struct_atg181" time="13.995000"/>
		<testcase name="test_struct_atg189" time="13.886000"/>
		<testcase name="test_struct_avj_test" time="14.744000"/>
		<testcase name="test_struct_deref_assign" time="14.264000"/>
		<testcase name="test_struct_fail" time="12.800000"/>
		<testcase name="test_struct_fail_2" time="14.453000"/>
		<testcase name="test_struct_field_access" time="15.631000"/>
		<testcase name="test_struct_field_assignment" time="14.044000"/>
		<testcase name="test_struct_flattening_issues" time="16.029000"/>
		<testcase name="test_struct_flattening_simple_var_regression" time="14.105000"/>
		<testcase name="test_struct_global_dot" time="13.010000"/>
		<testcase name="test_struct_initializer" time="12.806000"/>
		<testcase name="test_struct_nested_stct_ptr_inc" time="13.069000"/>
		<testcase name="test_struct_nesting" time="13.372000"/>
		<testcase name="test_struct_nesting_assign" time="14.015000"/>
		<testcase name="test_struct_pointer_undefined_index" time="14.021000"/>
		<testcase name="test_struct_pointer_void_comparison" time="14.987000"/>
		<testcase name="postconditions" time="0.159000"/>
		<testcase name="test_pep8_compliance" time="2.433000"/>
		<testcase name="test_input_dir_compliance" time="0.190000"/>
		<testcase name="test_suite_inheritance_compliance" time="0.102000"/>
	</testsuite>
</testsuites>
