<?xml version="1.0" ?>
<testsuites disabled="0" errors="0" failures="0" tests="10" time="367.714">
	<testsuite disabled="0" errors="0" failures="0" name="campaign_vcastqt.test_reports.suite_link_errors_c" skipped="0" tests="10" time="367.714">
		<testcase name="preconditions" time="6.196000"/>
		<testcase name="test_linker_report_is_open" time="72.933000"/>
		<testcase name="test_refresh_report" time="80.931000"/>
		<testcase name="test_with_link_error" time="95.225000"/>
		<testcase name="test_wo_link_error" time="99.452000"/>
		<testcase name="postconditions" time="5.288000"/>
		<testcase name="test_py_md_compliance" time="0.075000"/>
		<testcase name="test_pep8_compliance" time="7.432000"/>
		<testcase name="test_input_dir_compliance" time="0.094000"/>
		<testcase name="test_suite_inheritance_compliance" time="0.088000"/>
	</testsuite>
</testsuites>
