<?xml version="1.0" ?>
<testsuites disabled="0" errors="0" failures="0" tests="12" time="25.304">
	<testsuite disabled="0" errors="0" failures="0" name="campaign_clicast.test_cover.suite_duplicate_source_files" skipped="0" tests="12" time="25.304">
		<testcase name="preconditions" time="8.055000"/>
		<testcase name="test_append_cover_io_same_name" time="3.083000"/>
		<testcase name="test_instrument_file_in_oneoftwo_locations" time="0.875000"/>
		<testcase name="test_instrument_non_unique_source_file" time="0.601000"/>
		<testcase name="test_metrics_report" time="5.422000"/>
		<testcase name="test_parse_error" time="1.365000"/>
		<testcase name="test_preprocess_error" time="1.371000"/>
		<testcase name="postconditions"/>
		<testcase name="test_py_md_compliance" time="0.005000"/>
		<testcase name="test_pep8_compliance" time="4.506000"/>
		<testcase name="test_input_dir_compliance" time="0.012000"/>
		<testcase name="test_suite_inheritance_compliance" time="0.009000"/>
	</testsuite>
</testsuites>
