<?xml version="1.0" ?>
<testsuites disabled="0" errors="0" failures="0" tests="18" time="110.952">
	<testsuite disabled="0" errors="0" failures="0" name="campaign_clicast.test_environment_ada.suite_custom_coverage" skipped="0" tests="18" time="110.952">
		<testcase name="preconditions" time="1.355000"/>
		<testcase name="test_coverage_for_standard_pkg" time="17.149000"/>
		<testcase name="test_dep_dont_stub" time="8.139000"/>
		<testcase name="test_dep_no_type" time="6.182000"/>
		<testcase name="test_dep_off_cfg" time="8.729000"/>
		<testcase name="test_dep_off_script" time="8.290000"/>
		<testcase name="test_dep_off_stub_dep" time="8.343000"/>
		<testcase name="test_dep_on_cfg" time="9.175000"/>
		<testcase name="test_dep_on_script" time="8.145000"/>
		<testcase name="test_dep_on_stub_all" time="8.370000"/>
		<testcase name="test_dep_on_stub_dep" time="8.370000"/>
		<testcase name="test_uut_custom_off" time="7.642000"/>
		<testcase name="test_uut_custom_on" time="7.911000"/>
		<testcase name="postconditions"/>
		<testcase name="test_py_md_compliance" time="0.011000"/>
		<testcase name="test_pep8_compliance" time="3.117000"/>
		<testcase name="test_input_dir_compliance" time="0.014000"/>
		<testcase name="test_suite_inheritance_compliance" time="0.010000"/>
	</testsuite>
</testsuites>
