<?xml version="1.0" ?>
<testsuites disabled="0" errors="0" failures="0" tests="10" time="222.61500000000004">
	<testsuite disabled="0" errors="0" failures="0" name="campaign_vcastqt.test_unit_coverage.suite_coverage_viewer_cpp" skipped="0" tests="10" time="222.61500000000004">
		<testcase name="preconditions" time="9.204000"/>
		<testcase name="test_function_coverage_in_metrics_94807" time="75.271000"/>
		<testcase name="test_mcdc_table_with_included_header" time="46.846000"/>
		<testcase name="test_mcdc_table_with_subconditions" time="43.753000"/>
		<testcase name="test_view_coverage_for_subprogram" time="35.077000"/>
		<testcase name="postconditions" time="5.067000"/>
		<testcase name="test_py_md_compliance" time="0.056000"/>
		<testcase name="test_pep8_compliance" time="7.177000"/>
		<testcase name="test_input_dir_compliance" time="0.068000"/>
		<testcase name="test_suite_inheritance_compliance" time="0.096000"/>
	</testsuite>
</testsuites>
