<?xml version="1.0" ?>
<testsuites disabled="0" errors="0" failures="0" tests="33" time="393.26700000000005">
	<testsuite disabled="0" errors="0" failures="0" name="campaign_atg.test_atg.suite_coverage_release_mode_z3_part_10" skipped="0" tests="33" time="393.26700000000005">
		<testcase name="preconditions"/>
		<testcase name="test_templated_functions" time="14.805000"/>
		<testcase name="test_templated_structs_of_the_same_name" time="13.511000"/>
		<testcase name="test_templates_involving_structs" time="12.609000"/>
		<testcase name="test_tern_nested_in_if" time="12.525000"/>
		<testcase name="test_ternary" time="12.186000"/>
		<testcase name="test_testable_routines" time="12.575000"/>
		<testcase name="test_this_direct_comparison" time="14.203000"/>
		<testcase name="test_timeout_zero" time="12.747000"/>
		<testcase name="test_typedef_crash" time="13.312000"/>
		<testcase name="test_typedeffed_struct_as_method_param" time="12.752000"/>
		<testcase name="test_typemismatch_this" time="12.661000"/>
		<testcase name="test_udiv_test" time="12.377000"/>
		<testcase name="test_unicode_uncomplient_string" time="12.308000"/>
		<testcase name="test_union_overlap" time="13.048000"/>
		<testcase name="test_unnamed_stub_param" time="12.562000"/>
		<testcase name="test_urem" time="12.278000"/>
		<testcase name="test_vcast_c_example_manager" time="15.426000"/>
		<testcase name="test_vcast_c_example_vscode" time="23.957000"/>
		<testcase name="test_vcast_cpp_example_manager" time="19.026000"/>
		<testcase name="test_vcast_cpp_example_manager_extra" time="15.992000"/>
		<testcase name="test_vcast_cpp_example_minimal_fields" time="12.421000"/>
		<testcase name="test_vcast_cpp_example_vscode" time="18.756000"/>
		<testcase name="test_virtual_vs_non_virtual_stubs" time="13.580000"/>
		<testcase name="test_void_field_inside_struct" time="12.259000"/>
		<testcase name="test_void_star_field" time="14.154000"/>
		<testcase name="test_void_star_tests" time="13.456000"/>
		<testcase name="test_volatile_const_arrays" time="12.476000"/>
		<testcase name="test_walk_method_not_walk_ctor" time="13.068000"/>
		<testcase name="postconditions" time="0.055000"/>
		<testcase name="test_pep8_compliance" time="2.065000"/>
		<testcase name="test_input_dir_compliance" time="0.062000"/>
		<testcase name="test_suite_inheritance_compliance" time="0.055000"/>
	</testsuite>
</testsuites>
