<?xml version="1.0" ?>
<testsuites disabled="0" errors="0" failures="0" tests="9" time="181.69000000000003">
	<testsuite disabled="0" errors="0" failures="0" name="campaign_vcastqt.test_cover.suite_coverage_viewer_ada" skipped="0" tests="9" time="181.69000000000003">
		<testcase name="preconditions" time="5.802000"/>
		<testcase name="test_cover_exceeded_mcdc" time="61.301000"/>
		<testcase name="test_max_expressions_exceeded_mcdc" time="54.341000"/>
		<testcase name="test_max_subprograms_exceed_mcdc" time="54.286000"/>
		<testcase name="postconditions"/>
		<testcase name="test_py_md_compliance" time="0.037000"/>
		<testcase name="test_pep8_compliance" time="5.828000"/>
		<testcase name="test_input_dir_compliance" time="0.053000"/>
		<testcase name="test_suite_inheritance_compliance" time="0.042000"/>
	</testsuite>
</testsuites>
