<?xml version="1.0" ?>
<testsuites disabled="0" errors="0" failures="0" tests="8" time="20.644000000000002">
	<testsuite disabled="0" errors="0" failures="0" name="campaign_clicast.test_backwards_compatibility_cover.suite_optimized_mcdc_storage" skipped="0" tests="8" time="20.644000000000002">
		<testcase name="preconditions" time="10.845000"/>
		<testcase name="test_instrument_all_source" time="4.358000"/>
		<testcase name="test_must_reinstrument_all_source" time="2.454000"/>
		<testcase name="postconditions"/>
		<testcase name="test_py_md_compliance" time="0.004000"/>
		<testcase name="test_pep8_compliance" time="2.972000"/>
		<testcase name="test_input_dir_compliance" time="0.008000"/>
		<testcase name="test_suite_inheritance_compliance" time="0.003000"/>
	</testsuite>
</testsuites>
