<?xml version="1.0" ?>
<testsuites disabled="0" errors="0" failures="0" tests="7" time="16.778000000000002">
	<testsuite disabled="0" errors="0" failures="0" name="campaign_clicast.test_cover_source.suite_reinstrument_ada" skipped="0" tests="7" time="16.778000000000002">
		<testcase name="preconditions" time="8.862000"/>
		<testcase name="test_reinstrument_success" time="3.706000"/>
		<testcase name="postconditions"/>
		<testcase name="test_py_md_compliance" time="0.006000"/>
		<testcase name="test_pep8_compliance" time="4.188000"/>
		<testcase name="test_input_dir_compliance" time="0.013000"/>
		<testcase name="test_suite_inheritance_compliance" time="0.003000"/>
	</testsuite>
</testsuites>
