<?xml version="1.0" ?>
<testsuites disabled="0" errors="0" failures="0" tests="7" time="22.199">
	<testsuite disabled="0" errors="0" failures="0" name="campaign_clicast.test_tools.suite_import_coverage_separates_ada" skipped="0" tests="7" time="22.199">
		<testcase name="preconditions" time="16.526000"/>
		<testcase name="test_import_coverage_ada_separates" time="1.767000"/>
		<testcase name="postconditions"/>
		<testcase name="test_py_md_compliance" time="0.005000"/>
		<testcase name="test_pep8_compliance" time="3.884000"/>
		<testcase name="test_input_dir_compliance" time="0.010000"/>
		<testcase name="test_suite_inheritance_compliance" time="0.007000"/>
	</testsuite>
</testsuites>
