<?xml version="1.0" ?>
<testsuites disabled="0" errors="0" failures="0" tests="13" time="15.801">
	<testsuite disabled="0" errors="0" failures="0" name="campaign_clicast.test_cover.suite_instrument_ghs_arc" skipped="0" tests="13" time="15.801">
		<testcase name="preconditions" time="3.099000"/>
		<testcase name="test_ansi_c" time="3.735000"/>
		<testcase name="test_basis_path" time="1.051000"/>
		<testcase name="test_branch" time="1.010000"/>
		<testcase name="test_mcdc" time="0.943000"/>
		<testcase name="test_statement" time="0.787000"/>
		<testcase name="test_statement_branch" time="0.961000"/>
		<testcase name="test_statement_mcdc" time="0.777000"/>
		<testcase name="postconditions"/>
		<testcase name="test_py_md_compliance" time="0.005000"/>
		<testcase name="test_pep8_compliance" time="3.421000"/>
		<testcase name="test_input_dir_compliance" time="0.006000"/>
		<testcase name="test_suite_inheritance_compliance" time="0.006000"/>
	</testsuite>
</testsuites>
