<?xml version="1.0" ?>
<testsuites disabled="0" errors="0" failures="0" tests="16" time="40.975">
	<testsuite disabled="0" errors="0" failures="0" name="campaign_clicast.test_cover_result.suite_invalid_filenames" skipped="0" tests="16" time="40.975">
		<testcase name="preconditions" time="3.958000"/>
		<testcase name="test_add_result" time="1.566000"/>
		<testcase name="test_all_invalid_characters" time="1.371000"/>
		<testcase name="test_auto_rename_result" time="2.866000"/>
		<testcase name="test_import_result_from_script" time="3.112000"/>
		<testcase name="test_import_result_from_vce" time="10.444000"/>
		<testcase name="test_import_result_from_vcp" time="2.360000"/>
		<testcase name="test_instrument_remove_old_result" time="2.702000"/>
		<testcase name="test_remove_result" time="2.619000"/>
		<testcase name="test_unsupported_invalid_filename" time="2.645000"/>
		<testcase name="test_update_result" time="2.916000"/>
		<testcase name="postconditions"/>
		<testcase name="test_py_md_compliance" time="0.009000"/>
		<testcase name="test_pep8_compliance" time="4.386000"/>
		<testcase name="test_input_dir_compliance" time="0.014000"/>
		<testcase name="test_suite_inheritance_compliance" time="0.007000"/>
	</testsuite>
</testsuites>
