<?xml version="1.0" ?>
<testsuites disabled="0" errors="0" failures="0" tests="65" time="923.5549999999998">
	<testsuite disabled="0" errors="0" failures="0" name="campaign_clicast.test_cover_options.suite_global_buffer_optimizations" skipped="0" tests="65" time="923.5549999999998">
		<testcase name="preconditions" time="7.108000"/>
		<testcase name="test_branch_animation" time="15.521000"/>
		<testcase name="test_branch_animation_macro" time="13.921000"/>
		<testcase name="test_branch_buffered" time="12.862000"/>
		<testcase name="test_branch_buffered_macro" time="12.759000"/>
		<testcase name="test_branch_realtime" time="13.776000"/>
		<testcase name="test_branch_realtime_macro" time="13.738000"/>
		<testcase name="test_function_animation" time="14.599000"/>
		<testcase name="test_function_animation_macro" time="12.583000"/>
		<testcase name="test_function_buffered" time="13.961000"/>
		<testcase name="test_function_buffered_macro" time="13.166000"/>
		<testcase name="test_function_function_call_animation" time="19.578000"/>
		<testcase name="test_function_function_call_animation_macro" time="20.574000"/>
		<testcase name="test_function_function_call_buffered" time="19.610000"/>
		<testcase name="test_function_function_call_buffered_macro" time="19.675000"/>
		<testcase name="test_function_function_call_realtime" time="20.237000"/>
		<testcase name="test_function_function_call_realtime_macro" time="19.221000"/>
		<testcase name="test_function_realtime" time="13.504000"/>
		<testcase name="test_function_realtime_macro" time="12.783000"/>
		<testcase name="test_level_a_animation" time="12.598000"/>
		<testcase name="test_level_a_animation_macro" time="12.440000"/>
		<testcase name="test_level_a_buffered" time="12.685000"/>
		<testcase name="test_level_a_buffered_macro" time="13.224000"/>
		<testcase name="test_level_a_fn_call_opt_buffered" time="20.808000"/>
		<testcase name="test_level_a_fn_call_opt_buffered_macro" time="18.896000"/>
		<testcase name="test_level_a_fn_call_opt_realtime" time="19.492000"/>
		<testcase name="test_level_a_fn_call_opt_realtime_macro" time="21.070000"/>
		<testcase name="test_level_a_realtime" time="13.740000"/>
		<testcase name="test_level_a_realtime_macro" time="12.815000"/>
		<testcase name="test_level_b_animation" time="13.144000"/>
		<testcase name="test_level_b_animation_macro" time="12.123000"/>
		<testcase name="test_level_b_buffered" time="12.646000"/>
		<testcase name="test_level_b_buffered_macro" time="12.958000"/>
		<testcase name="test_level_b_fn_call_opt_buffered" time="20.451000"/>
		<testcase name="test_level_b_fn_call_opt_buffered_macro" time="21.162000"/>
		<testcase name="test_level_b_fn_call_opt_realtime" time="19.422000"/>
		<testcase name="test_level_b_fn_call_opt_realtime_macro" time="19.295000"/>
		<testcase name="test_level_b_realtime" time="13.391000"/>
		<testcase name="test_level_b_realtime_macro" time="13.560000"/>
		<testcase name="test_mcdc_animation" time="13.757000"/>
		<testcase name="test_mcdc_animation_macro" time="12.041000"/>
		<testcase name="test_mcdc_buffered" time="13.639000"/>
		<testcase name="test_mcdc_buffered_macro" time="13.361000"/>
		<testcase name="test_mcdc_realtime" time="12.966000"/>
		<testcase name="test_mcdc_realtime_macro" time="12.896000"/>
		<testcase name="test_non_opti_mcdc_buffered" time="12.346000"/>
		<testcase name="test_non_opti_mcdc_realtime" time="12.675000"/>
		<testcase name="test_sfp_branch_buffered" time="12.800000"/>
		<testcase name="test_sfp_function_fn_call_buffered" time="19.169000"/>
		<testcase name="test_sfp_mcdc_buffered" time="12.817000"/>
		<testcase name="test_sfp_statement_buffered" time="13.606000"/>
		<testcase name="test_statement_animation" time="11.848000"/>
		<testcase name="test_statement_animation_macro" time="11.551000"/>
		<testcase name="test_statement_buffered" time="12.233000"/>
		<testcase name="test_statement_buffered_macro" time="12.624000"/>
		<testcase name="test_statement_realtime" time="11.968000"/>
		<testcase name="test_statement_realtime_macro" time="11.956000"/>
		<testcase name="test_stmt_fn_call_opt_buffered" time="20.706000"/>
		<testcase name="test_stmt_fn_call_opt_buffered_macro" time="19.265000"/>
		<testcase name="test_stmt_fn_call_opt_realtime" time="18.933000"/>
		<testcase name="test_stmt_fn_call_opt_realtime_macro" time="19.249000"/>
		<testcase name="postconditions" time="0.163000"/>
		<testcase name="test_pep8_compliance" time="5.419000"/>
		<testcase name="test_input_dir_compliance" time="0.256000"/>
		<testcase name="test_suite_inheritance_compliance" time="0.215000"/>
	</testsuite>
</testsuites>
