<?xml version="1.0" ?>
<testsuites disabled="0" errors="0" failures="0" tests="11" time="69.10300000000001">
	<testsuite disabled="0" errors="0" failures="0" name="campaign_clicast.test_cover.suite_import_cba_sfp" skipped="0" tests="11" time="69.10300000000001">
		<testcase name="preconditions" time="5.522000"/>
		<testcase name="test_branch" time="11.995000"/>
		<testcase name="test_function" time="12.557000"/>
		<testcase name="test_function_call" time="12.383000"/>
		<testcase name="test_mcdc" time="11.442000"/>
		<testcase name="test_statement" time="12.119000"/>
		<testcase name="postconditions"/>
		<testcase name="test_py_md_compliance" time="0.021000"/>
		<testcase name="test_pep8_compliance" time="3.004000"/>
		<testcase name="test_input_dir_compliance" time="0.022000"/>
		<testcase name="test_suite_inheritance_compliance" time="0.038000"/>
	</testsuite>
</testsuites>
