<?xml version="1.0" ?>
<testsuites disabled="0" errors="0" failures="0" tests="83" time="620.4080000000001">
	<testsuite disabled="0" errors="0" failures="0" name="campaign_clicast.test_cover_reports.suite_unit_metrics_options" skipped="0" tests="83" time="620.4080000000001">
		<testcase name="preconditions" time="3.355000"/>
		<testcase name="test_full_branch_sfp" time="9.613000"/>
		<testcase name="test_full_cba_only_branch_sfp" time="10.054000"/>
		<testcase name="test_full_cba_only_function_call_sfp" time="10.349000"/>
		<testcase name="test_full_cba_only_function_sfp" time="10.584000"/>
		<testcase name="test_full_cba_only_mcdc_sfp" time="10.303000"/>
		<testcase name="test_full_cba_only_statement_branch_call_sfp" time="10.178000"/>
		<testcase name="test_full_cba_only_statement_branch_sfp" time="10.051000"/>
		<testcase name="test_full_cba_only_statement_call_sfp" time="10.081000"/>
		<testcase name="test_full_cba_only_statement_mcdc_call_sfp" time="10.542000"/>
		<testcase name="test_full_cba_only_statement_mcdc_sfp" time="10.565000"/>
		<testcase name="test_full_cba_only_statement_sfp" time="10.417000"/>
		<testcase name="test_full_due_to_cba_branch_sfp" time="11.537000"/>
		<testcase name="test_full_due_to_cba_function_call_sfp" time="10.735000"/>
		<testcase name="test_full_due_to_cba_function_sfp" time="10.862000"/>
		<testcase name="test_full_due_to_cba_mcdc_sfp" time="11.017000"/>
		<testcase name="test_full_due_to_cba_statement_branch_call_sfp" time="11.294000"/>
		<testcase name="test_full_due_to_cba_statement_branch_sfp" time="11.209000"/>
		<testcase name="test_full_due_to_cba_statement_call_sfp" time="11.279000"/>
		<testcase name="test_full_due_to_cba_statement_mcdc_call_sfp" time="11.625000"/>
		<testcase name="test_full_due_to_cba_statement_mcdc_sfp" time="11.343000"/>
		<testcase name="test_full_due_to_cba_statement_sfp" time="11.027000"/>
		<testcase name="test_full_f_cba_level_a" time="3.224000"/>
		<testcase name="test_full_fs_cba_level_a" time="3.321000"/>
		<testcase name="test_full_fs_level_a" time="3.266000"/>
		<testcase name="test_full_fs_mcdc" time="3.350000"/>
		<testcase name="test_full_function_call_sfp" time="10.633000"/>
		<testcase name="test_full_function_coverage_basis" time="3.417000"/>
		<testcase name="test_full_function_coverage_branch" time="3.165000"/>
		<testcase name="test_full_function_coverage_level_a" time="3.526000"/>
		<testcase name="test_full_function_coverage_level_b" time="3.130000"/>
		<testcase name="test_full_function_coverage_mcdc" time="3.440000"/>
		<testcase name="test_full_function_coverage_statement" time="3.287000"/>
		<testcase name="test_full_function_sfp" time="10.096000"/>
		<testcase name="test_full_mcdc_sfp" time="10.449000"/>
		<testcase name="test_full_simplified_level_a" time="3.132000"/>
		<testcase name="test_full_simplified_mcdc" time="3.314000"/>
		<testcase name="test_full_statement_branch_call_sfp" time="9.628000"/>
		<testcase name="test_full_statement_branch_sfp" time="10.482000"/>
		<testcase name="test_full_statement_call_sfp" time="11.572000"/>
		<testcase name="test_full_statement_mcdc_call_sfp" time="10.423000"/>
		<testcase name="test_full_statement_mcdc_sfp" time="10.310000"/>
		<testcase name="test_full_statement_sfp" time="10.491000"/>
		<testcase name="test_metrics_total_level_display" time="3.355000"/>
		<testcase name="test_no_coverage_basis" time="2.489000"/>
		<testcase name="test_no_coverage_branch" time="2.320000"/>
		<testcase name="test_no_coverage_function" time="2.552000"/>
		<testcase name="test_no_coverage_function_function_call" time="6.224000"/>
		<testcase name="test_no_coverage_level_a" time="2.262000"/>
		<testcase name="test_no_coverage_level_b" time="2.225000"/>
		<testcase name="test_no_coverage_mcdc" time="2.306000"/>
		<testcase name="test_no_coverage_statement" time="2.475000"/>
		<testcase name="test_partial_branch_sfp" time="10.681000"/>
		<testcase name="test_partial_function_call_sfp" time="10.826000"/>
		<testcase name="test_partial_function_sfp" time="10.276000"/>
		<testcase name="test_partial_mcdc_sfp" time="10.354000"/>
		<testcase name="test_partial_statement_branch_call_sfp" time="10.409000"/>
		<testcase name="test_partial_statement_branch_sfp" time="10.785000"/>
		<testcase name="test_partial_statement_call_sfp" time="9.519000"/>
		<testcase name="test_partial_statement_mcdc_call_sfp" time="10.585000"/>
		<testcase name="test_partial_statement_mcdc_sfp" time="9.851000"/>
		<testcase name="test_partial_statement_sfp" time="10.268000"/>
		<testcase name="test_sources_duplicate_name" time="9.827000"/>
		<testcase name="test_sources_duplicate_name_sfp" time="9.757000"/>
		<testcase name="test_specify_header_as_unit_arg_sfp" time="10.532000"/>
		<testcase name="test_specify_header_w_no_ext_as_unit_arg_sfp" time="8.570000"/>
		<testcase name="test_specify_multiple_sources_with_file_arg" time="8.157000"/>
		<testcase name="test_specify_multiple_sources_with_file_arg_sfp" time="8.655000"/>
		<testcase name="test_specify_multiple_sources_with_unit_arg" time="8.698000"/>
		<testcase name="test_specify_multiple_sources_with_unit_arg_sfp" time="8.470000"/>
		<testcase name="test_specify_source_as_unit_arg_sfp" time="10.682000"/>
		<testcase name="test_specify_unit_after_source_change" time="10.868000"/>
		<testcase name="test_uninst_expr_level_a" time="6.241000"/>
		<testcase name="test_uninst_expr_mcdc" time="6.009000"/>
		<testcase name="test_uninst_expr_mcdc_macros" time="3.799000"/>
		<testcase name="test_uninst_expr_mcdc_message_output" time="3.541000"/>
		<testcase name="test_uninst_expr_mcdc_option_off" time="4.623000"/>
		<testcase name="test_vcast_version_in_report" time="2.212000"/>
		<testcase name="postconditions"/>
		<testcase name="test_py_md_compliance" time="0.141000"/>
		<testcase name="test_pep8_compliance" time="7.998000"/>
		<testcase name="test_input_dir_compliance" time="0.108000"/>
		<testcase name="test_suite_inheritance_compliance" time="0.082000"/>
	</testsuite>
</testsuites>
