<?xml version="1.0" ?>
<testsuites disabled="0" errors="0" failures="0" tests="7" time="26.005">
	<testsuite disabled="0" errors="0" failures="0" name="campaign_clicast.test_backwards_compatibility_cover.suite_requirements" skipped="0" tests="7" time="26.005">
		<testcase name="preconditions" time="18.610000"/>
		<testcase name="test_continue_using_legacy" time="3.466000"/>
		<testcase name="postconditions"/>
		<testcase name="test_py_md_compliance" time="0.004000"/>
		<testcase name="test_pep8_compliance" time="3.915000"/>
		<testcase name="test_input_dir_compliance" time="0.008000"/>
		<testcase name="test_suite_inheritance_compliance" time="0.002000"/>
	</testsuite>
</testsuites>
