<?xml version="1.0" ?>
<testsuites disabled="0" errors="0" failures="0" tests="31" time="503.2980000000001">
	<testsuite disabled="0" errors="0" failures="0" name="campaign_cli_manage.test_reports.suite_aggregate" skipped="0" tests="31" time="503.2980000000001">
		<testcase name="preconditions" time="20.519000"/>
		<testcase name="test_coverdb_readonly" time="1.908000"/>
		<testcase name="test_file_selection" time="24.601000"/>
		<testcase name="test_full_basis" time="14.714000"/>
		<testcase name="test_full_branch" time="13.807000"/>
		<testcase name="test_full_cba_only_branch" time="20.199000"/>
		<testcase name="test_full_cba_only_level_a" time="23.121000"/>
		<testcase name="test_full_cba_only_level_b" time="19.734000"/>
		<testcase name="test_full_cba_only_mcdc" time="21.592000"/>
		<testcase name="test_full_cba_only_statement" time="21.410000"/>
		<testcase name="test_full_due_to_cba_branch" time="23.846000"/>
		<testcase name="test_full_due_to_cba_level_a" time="23.852000"/>
		<testcase name="test_full_due_to_cba_level_b" time="23.410000"/>
		<testcase name="test_full_due_to_cba_mcdc" time="25.022000"/>
		<testcase name="test_full_due_to_cba_statement" time="23.853000"/>
		<testcase name="test_full_function_function_call" time="27.506000"/>
		<testcase name="test_full_level_a" time="15.890000"/>
		<testcase name="test_full_level_b" time="14.344000"/>
		<testcase name="test_full_mcdc" time="13.423000"/>
		<testcase name="test_full_statement" time="12.551000"/>
		<testcase name="test_partial_basis" time="14.334000"/>
		<testcase name="test_partial_branch" time="12.906000"/>
		<testcase name="test_partial_level_a" time="13.220000"/>
		<testcase name="test_partial_level_b" time="13.197000"/>
		<testcase name="test_partial_mcdc" time="12.297000"/>
		<testcase name="test_partial_statement" time="13.379000"/>
		<testcase name="test_tic_files_function_function_call" time="32.209000"/>
		<testcase name="postconditions" time="0.036000"/>
		<testcase name="test_pep8_compliance" time="6.348000"/>
		<testcase name="test_input_dir_compliance" time="0.039000"/>
		<testcase name="test_suite_inheritance_compliance" time="0.031000"/>
	</testsuite>
</testsuites>
