<?xml version="1.0" ?>
<testsuites disabled="0" errors="0" failures="1" tests="17" time="1015.004">
	<testsuite disabled="0" errors="0" failures="1" name="campaign_vcastqt.test_manage_system_testing.suite_migrated_cover" skipped="0" tests="17" time="1015.004">
		<testcase name="preconditions" time="18.553000"/>
		<testcase name="test_base_dirs_editable_if_no_manage_base_dirs" time="90.886000"/>
		<testcase name="test_build_full" time="38.372000"/>
		<testcase name="test_build_interactive" time="295.225000">
			<failure type="Exception">Traceback (most recent call last):
  File &quot;/home/LOCAL/blduser/qa/source/python/vector/lib/test_framework/runner.py&quot;, line 739, in __execute_test_case
    self.__execute(testcase_func)
  File &quot;/home/LOCAL/blduser/qa/source/python/vector/lib/test_framework/runner.py&quot;, line 805, in __execute
    func()
  File &quot;/home/LOCAL/blduser/qa/source/python/vector/testsuite/test_campaigns/campaign_vcastqt/test_manage_system_testing/suite_migrated_cover.py&quot;, line 164, in test_build_interactive
    wiz = ptree.build_interactive(self.context.environment.name)
  File &quot;/home/LOCAL/blduser/qa/source/python/vector/testsuite/api/gui/manage/project_tree.py&quot;, line 168, in build_interactive
    p_name = str(dialog_obj.objectName)
AttributeError: Attempt to access a property of a null object
</failure>
		</testcase>
		<testcase name="test_build_interactive_cancel" time="35.594000"/>
		<testcase name="test_build_interactive_enc_corrupt" time="110.233000"/>
		<testcase name="test_build_interactive_error" time="60.265000"/>
		<testcase name="test_execute_full_and_clean" time="60.159000"/>
		<testcase name="test_execute_incremental" time="45.416000"/>
		<testcase name="test_relative_paths" time="103.854000"/>
		<testcase name="test_update_interactive" time="62.078000"/>
		<testcase name="test_update_interactive_cancel" time="83.136000"/>
		<testcase name="postconditions"/>
		<testcase name="test_py_md_compliance" time="0.301000"/>
		<testcase name="test_pep8_compliance" time="10.328000"/>
		<testcase name="test_input_dir_compliance" time="0.288000"/>
		<testcase name="test_suite_inheritance_compliance" time="0.316000"/>
	</testsuite>
</testsuites>
