<?xml version="1.0" ?>
<testsuites disabled="0" errors="0" failures="0" tests="33" time="104.05">
	<testsuite disabled="0" errors="0" failures="0" name="campaign_clicast.test_cover.suite_instrument_c" skipped="0" tests="33" time="104.05">
		<testcase name="preconditions" time="4.462000"/>
		<testcase name="test_clicover_crash" time="20.918000"/>
		<testcase name="test_error_file_removal" time="2.624000"/>
		<testcase name="test_include_dupe_src_name_collapse_all" time="6.441000"/>
		<testcase name="test_include_dupe_src_name_expanded" time="7.056000"/>
		<testcase name="test_instrument_basis_paths" time="2.940000"/>
		<testcase name="test_instrument_branch" time="2.807000"/>
		<testcase name="test_instrument_function" time="2.724000"/>
		<testcase name="test_instrument_function_function_call" time="2.744000"/>
		<testcase name="test_instrument_level_a_1" time="2.907000"/>
		<testcase name="test_instrument_level_a_2" time="2.957000"/>
		<testcase name="test_instrument_level_a_3" time="2.696000"/>
		<testcase name="test_instrument_level_a_4" time="2.693000"/>
		<testcase name="test_instrument_level_b_1" time="2.754000"/>
		<testcase name="test_instrument_level_b_2" time="2.900000"/>
		<testcase name="test_instrument_level_b_3" time="2.904000"/>
		<testcase name="test_instrument_mcdc_1" time="2.864000"/>
		<testcase name="test_instrument_mcdc_2" time="2.687000"/>
		<testcase name="test_instrument_none" time="1.569000"/>
		<testcase name="test_instrument_statement" time="2.859000"/>
		<testcase name="test_specify_instrumentation_error" time="2.009000"/>
		<testcase name="test_specify_invalid_coverage_type" time="0.623000"/>
		<testcase name="test_specify_invalid_unit" time="0.553000"/>
		<testcase name="test_specify_protected_name" time="3.966000"/>
		<testcase name="test_specify_unit" time="2.306000"/>
		<testcase name="test_specify_unit_absolute_path" time="2.175000"/>
		<testcase name="test_specify_unit_duplicate_names_all" time="0.572000"/>
		<testcase name="test_specify_unit_relative_path" time="1.995000"/>
		<testcase name="postconditions"/>
		<testcase name="test_py_md_compliance" time="0.018000"/>
		<testcase name="test_pep8_compliance" time="7.289000"/>
		<testcase name="test_input_dir_compliance" time="0.022000"/>
		<testcase name="test_suite_inheritance_compliance" time="0.016000"/>
	</testsuite>
</testsuites>
