<?xml version="1.0" ?>
<testsuites disabled="0" errors="0" failures="0" tests="8" time="15.064">
	<testsuite disabled="0" errors="0" failures="0" name="campaign_clicast.test_instrumentation_use_cases.suite_cover_ascii_buffer" skipped="0" tests="8" time="15.064">
		<testcase name="preconditions" time="1.098000"/>
		<testcase name="test_mcdc_many_conditions" time="3.766000"/>
		<testcase name="test_unit_test" time="6.142000"/>
		<testcase name="postconditions"/>
		<testcase name="test_py_md_compliance" time="0.005000"/>
		<testcase name="test_pep8_compliance" time="4.044000"/>
		<testcase name="test_input_dir_compliance" time="0.005000"/>
		<testcase name="test_suite_inheritance_compliance" time="0.004000"/>
	</testsuite>
</testsuites>
