<?xml version="1.0" ?>
<testsuites disabled="0" errors="0" failures="0" tests="16" time="197.33400000000003">
	<testsuite disabled="0" errors="0" failures="0" name="campaign_clicast.test_cover_options.suite_unit_numbers" skipped="0" tests="16" time="197.33400000000003">
		<testcase name="preconditions" time="1.210000"/>
		<testcase name="test_add_200k_units" time="139.695000"/>
		<testcase name="test_high_unit_num_instr_add_results" time="9.561000"/>
		<testcase name="test_import_results" time="22.152000"/>
		<testcase name="test_remove_last_unit" time="2.741000"/>
		<testcase name="test_remove_middle_unit" time="2.723000"/>
		<testcase name="test_unit_boundary_values" time="1.634000"/>
		<testcase name="test_unit_default" time="1.854000"/>
		<testcase name="test_unit_default_then_set_100" time="1.597000"/>
		<testcase name="test_unit_starting_100" time="2.373000"/>
		<testcase name="test_unit_starting_max_value" time="2.326000"/>
		<testcase name="postconditions"/>
		<testcase name="test_py_md_compliance" time="0.655000"/>
		<testcase name="test_pep8_compliance" time="7.240000"/>
		<testcase name="test_input_dir_compliance" time="0.804000"/>
		<testcase name="test_suite_inheritance_compliance" time="0.769000"/>
	</testsuite>
</testsuites>
