<?xml version="1.0" ?>
<testsuites disabled="0" errors="0" failures="0" tests="16" time="456.4270000000001">
	<testsuite disabled="0" errors="0" failures="0" name="campaign_vcastqt.test_unit_coverage.suite_source_file_view_button" skipped="0" tests="16" time="456.4270000000001">
		<testcase name="preconditions" time="10.670000"/>
		<testcase name="test_cover_prj_with_sfp" time="91.240000"/>
		<testcase name="test_default_state" time="32.162000"/>
		<testcase name="test_disable_unit_sfp" time="34.570000"/>
		<testcase name="test_folder_filter_off_toggle_on" time="30.353000"/>
		<testcase name="test_folder_filter_on_toggle_on" time="30.802000"/>
		<testcase name="test_save_filter_state_as_on" time="49.371000"/>
		<testcase name="test_save_state_as_off" time="52.048000"/>
		<testcase name="test_save_state_as_on" time="50.411000"/>
		<testcase name="test_toggle_off" time="32.117000"/>
		<testcase name="test_toggle_on_from_off_state" time="30.132000"/>
		<testcase name="postconditions" time="5.166000"/>
		<testcase name="test_py_md_compliance" time="0.083000"/>
		<testcase name="test_pep8_compliance" time="7.120000"/>
		<testcase name="test_input_dir_compliance" time="0.094000"/>
		<testcase name="test_suite_inheritance_compliance" time="0.088000"/>
	</testsuite>
</testsuites>
