<?xml version="1.0" ?>
<testsuites disabled="0" errors="0" failures="0" tests="40" time="134.94399999999993">
	<testsuite disabled="0" errors="0" failures="0" name="campaign_clicast.test_cover_reports.suite_aggregate_c_single_line" skipped="0" tests="40" time="134.94399999999993">
		<testcase name="preconditions" time="2.775000"/>
		<testcase name="test_full_basis" time="3.243000"/>
		<testcase name="test_full_branch" time="2.509000"/>
		<testcase name="test_full_cba_only_branch" time="2.702000"/>
		<testcase name="test_full_cba_only_level_a" time="2.988000"/>
		<testcase name="test_full_cba_only_level_b" time="2.666000"/>
		<testcase name="test_full_cba_only_mcdc" time="2.848000"/>
		<testcase name="test_full_cba_only_statement" time="2.657000"/>
		<testcase name="test_full_due_to_cba_branch" time="3.292000"/>
		<testcase name="test_full_due_to_cba_level_a" time="3.685000"/>
		<testcase name="test_full_due_to_cba_level_b" time="3.331000"/>
		<testcase name="test_full_due_to_cba_mcdc" time="3.907000"/>
		<testcase name="test_full_due_to_cba_statement" time="3.648000"/>
		<testcase name="test_full_imported_basis" time="8.917000"/>
		<testcase name="test_full_imported_branch" time="5.145000"/>
		<testcase name="test_full_imported_level_a" time="5.858000"/>
		<testcase name="test_full_imported_level_b" time="5.415000"/>
		<testcase name="test_full_imported_mcdc" time="4.854000"/>
		<testcase name="test_full_imported_statement" time="4.680000"/>
		<testcase name="test_full_level_a" time="3.329000"/>
		<testcase name="test_full_level_b" time="2.767000"/>
		<testcase name="test_full_mcdc" time="2.957000"/>
		<testcase name="test_full_statement" time="2.464000"/>
		<testcase name="test_partial_basis" time="2.695000"/>
		<testcase name="test_partial_branch" time="2.581000"/>
		<testcase name="test_partial_imported_basis" time="5.075000"/>
		<testcase name="test_partial_imported_branch" time="4.594000"/>
		<testcase name="test_partial_imported_level_a" time="4.739000"/>
		<testcase name="test_partial_imported_level_b" time="4.896000"/>
		<testcase name="test_partial_imported_mcdc" time="4.625000"/>
		<testcase name="test_partial_imported_statement" time="4.677000"/>
		<testcase name="test_partial_level_a" time="2.877000"/>
		<testcase name="test_partial_level_b" time="3.002000"/>
		<testcase name="test_partial_mcdc" time="3.003000"/>
		<testcase name="test_partial_statement" time="2.966000"/>
		<testcase name="postconditions"/>
		<testcase name="test_py_md_compliance" time="0.029000"/>
		<testcase name="test_pep8_compliance" time="2.499000"/>
		<testcase name="test_input_dir_compliance" time="0.027000"/>
		<testcase name="test_suite_inheritance_compliance" time="0.022000"/>
	</testsuite>
</testsuites>
