<?xml version="1.0" ?>
<testsuites disabled="0" errors="0" failures="0" tests="11" time="143.282">
	<testsuite disabled="0" errors="0" failures="0" name="campaign_clicast.test_cover_options.suite_industry_mode_coverage_ada" skipped="0" tests="11" time="143.282">
		<testcase name="preconditions" time="3.818000"/>
		<testcase name="test_coverage_automotive_industry_mode" time="29.916000"/>
		<testcase name="test_coverage_avionics_industry_mode" time="27.261000"/>
		<testcase name="test_coverage_industrial_industry_mode" time="27.927000"/>
		<testcase name="test_coverage_medical_industry_mode" time="25.305000"/>
		<testcase name="test_coverage_railway_industry_mode" time="26.031000"/>
		<testcase name="postconditions"/>
		<testcase name="test_py_md_compliance" time="0.017000"/>
		<testcase name="test_pep8_compliance" time="2.966000"/>
		<testcase name="test_input_dir_compliance" time="0.020000"/>
		<testcase name="test_suite_inheritance_compliance" time="0.021000"/>
	</testsuite>
</testsuites>
