<?xml version="1.0" ?>
<testsuites disabled="0" errors="0" failures="0" tests="13" time="141.409">
	<testsuite disabled="0" errors="0" failures="0" name="campaign_cli_manage.test_reports.suite_aggregate_sfp" skipped="0" tests="13" time="141.409">
		<testcase name="preconditions" time="29.079000"/>
		<testcase name="test_branch" time="9.811000"/>
		<testcase name="test_function_function_call" time="9.141000"/>
		<testcase name="test_mcdc" time="8.559000"/>
		<testcase name="test_multi_source_coverage_types" time="40.342000"/>
		<testcase name="test_statement" time="8.891000"/>
		<testcase name="test_statement_single_file" time="8.742000"/>
		<testcase name="test_statement_template_instantiations" time="20.653000"/>
		<testcase name="postconditions"/>
		<testcase name="test_py_md_compliance" time="0.013000"/>
		<testcase name="test_pep8_compliance" time="6.147000"/>
		<testcase name="test_input_dir_compliance" time="0.018000"/>
		<testcase name="test_suite_inheritance_compliance" time="0.013000"/>
	</testsuite>
</testsuites>
