<?xml version="1.0" ?>
<testsuites disabled="0" errors="0" failures="0" tests="15" time="856.1139999999999">
	<testsuite disabled="0" errors="0" failures="0" name="campaign_vcastqt.test_manage_files_tab.suite_coverage_metrics" skipped="0" tests="15" time="856.1139999999999">
		<testcase name="preconditions" time="24.725000"/>
		<testcase name="test_clear_cvg_from_manage_config_rebuild" time="110.598000"/>
		<testcase name="test_clear_cvg_from_rebuild" time="48.921000"/>
		<testcase name="test_cvg_in_files_tree_for_enable_disable_env" time="77.064000"/>
		<testcase name="test_files_tab_disabled_after_all_envs_deleted" time="34.818000"/>
		<testcase name="test_project_switch_workspace" time="171.136000"/>
		<testcase name="test_remove_cvg_from_env" time="67.967000"/>
		<testcase name="test_tick_files_listed_properly" time="40.906000"/>
		<testcase name="test_tick_files_removed" time="104.745000"/>
		<testcase name="test_verify_cvg_in_env_tool_tip" time="162.094000"/>
		<testcase name="postconditions" time="5.222000"/>
		<testcase name="test_py_md_compliance" time="0.132000"/>
		<testcase name="test_pep8_compliance" time="7.464000"/>
		<testcase name="test_input_dir_compliance" time="0.182000"/>
		<testcase name="test_suite_inheritance_compliance" time="0.140000"/>
	</testsuite>
</testsuites>
