<?xml version="1.0" ?>
<testsuites disabled="0" errors="0" failures="0" tests="52" time="579.155">
	<testsuite disabled="0" errors="0" failures="0" name="campaign_atg.test_atg.suite_coverage_release_mode_stp_part_08" skipped="0" tests="52" time="579.155">
		<testcase name="preconditions"/>
		<testcase name="test_struct_ptr_assign" time="12.277000"/>
		<testcase name="test_struct_recursive" time="12.387000"/>
		<testcase name="test_struct_register" time="12.259000"/>
		<testcase name="test_struct_subscript_array_to_ptr" time="11.922000"/>
		<testcase name="test_struct_undecl" time="11.666000"/>
		<testcase name="test_struct_values_1" time="12.922000"/>
		<testcase name="test_struct_values_2" time="13.060000"/>
		<testcase name="test_struct_var_init" time="11.665000"/>
		<testcase name="test_struct_various" time="11.821000"/>
		<testcase name="test_struct_with_const_pointer_field" time="11.903000"/>
		<testcase name="test_struct_with_ptr" time="11.886000"/>
		<testcase name="test_structs_arrays" time="12.715000"/>
		<testcase name="test_structs_arrow_problem" time="11.785000"/>
		<testcase name="test_structs_cast" time="12.108000"/>
		<testcase name="test_structs_dot_field_assign" time="12.261000"/>
		<testcase name="test_structs_extract" time="12.999000"/>
		<testcase name="test_structs_missing_alloc" time="12.018000"/>
		<testcase name="test_structs_nested_jpp" time="12.179000"/>
		<testcase name="test_structs_param" time="12.141000"/>
		<testcase name="test_structs_pointer_to_stct" time="11.888000"/>
		<testcase name="test_structs_pointer_to_stct_asgn" time="12.573000"/>
		<testcase name="test_structs_ptr2stct_with_stct_with_int" time="11.740000"/>
		<testcase name="test_structs_simple_1" time="11.836000"/>
		<testcase name="test_structs_simple_ex" time="11.545000"/>
		<testcase name="test_structs_with_doubles" time="12.108000"/>
		<testcase name="test_structs_with_floats" time="12.038000"/>
		<testcase name="test_stub_by_ref" time="13.983000"/>
		<testcase name="test_stub_cast_return_dynamic_init" time="12.239000"/>
		<testcase name="test_stub_fptr_assign_and_alloc_check" time="12.504000"/>
		<testcase name="test_stub_fptr_assigned_a_function" time="13.588000"/>
		<testcase name="test_stub_return_from_child" time="12.448000"/>
		<testcase name="test_stub_returning_reference" time="12.952000"/>
		<testcase name="test_stub_returning_reference_2" time="12.385000"/>
		<testcase name="test_stub_test" time="11.916000"/>
		<testcase name="test_stubs_array_of_int" time="13.012000"/>
		<testcase name="test_stubs_assign_redundant_se_test" time="12.780000"/>
		<testcase name="test_stubs_deref_global" time="12.286000"/>
		<testcase name="test_stubs_deref_local_at_decl" time="12.492000"/>
		<testcase name="test_stubs_deref_param" time="12.137000"/>
		<testcase name="test_stubs_fptr_1" time="11.967000"/>
		<testcase name="test_stubs_fptr_2" time="11.725000"/>
		<testcase name="test_stubs_fptr_3" time="11.479000"/>
		<testcase name="test_stubs_fptr_inf_rec_in_cond_with_assign" time="12.002000"/>
		<testcase name="test_stubs_fptr_pointer_on_typedef" time="12.029000"/>
		<testcase name="test_stubs_fptr_redundant_deref" time="12.516000"/>
		<testcase name="test_stubs_fptr_stubs_returning_fptr" time="11.996000"/>
		<testcase name="test_stubs_sbr_struct_under_address_of" time="12.801000"/>
		<testcase name="postconditions" time="0.089000"/>
		<testcase name="test_pep8_compliance" time="1.898000"/>
		<testcase name="test_input_dir_compliance" time="0.097000"/>
		<testcase name="test_suite_inheritance_compliance" time="0.132000"/>
	</testsuite>
</testsuites>
