<?xml version="1.0" ?>
<testsuites disabled="0" errors="0" failures="0" tests="16" time="28.736">
	<testsuite disabled="0" errors="0" failures="0" name="campaign_licensing.test_action_instrument_mcdc_cover.suite_mcdc" skipped="0" tests="16" time="28.736">
		<testcase name="preconditions" time="1.868000"/>
		<testcase name="test_served_exhausted" time="5.843000"/>
		<testcase name="test_served_future_version" time="2.471000"/>
		<testcase name="test_served_no_timezone_restriction" time="2.679000"/>
		<testcase name="test_served_timezone_servertz" time="2.537000"/>
		<testcase name="test_served_timezone_within_span" time="2.421000"/>
		<testcase name="test_served_unauthotized_timezone" time="2.381000"/>
		<testcase name="test_unserved_expired" time="1.296000"/>
		<testcase name="test_unserved_future_start_date" time="1.257000"/>
		<testcase name="test_unserved_future_version" time="1.207000"/>
		<testcase name="test_unserved_no_timezone_restriction" time="1.486000"/>
		<testcase name="postconditions"/>
		<testcase name="test_py_md_compliance" time="0.016000"/>
		<testcase name="test_pep8_compliance" time="3.247000"/>
		<testcase name="test_input_dir_compliance" time="0.015000"/>
		<testcase name="test_suite_inheritance_compliance" time="0.012000"/>
	</testsuite>
</testsuites>
