<?xml version="1.0" ?>
<testsuites disabled="0" errors="0" failures="0" tests="7" time="80.66099999999999">
	<testsuite disabled="0" errors="0" failures="0" name="campaign_vcastqt.test_cover_cba.suite_import_cba" skipped="0" tests="7" time="80.66099999999999">
		<testcase name="preconditions" time="10.177000"/>
		<testcase name="test_cba_result_exists_auto_rename" time="62.899000"/>
		<testcase name="postconditions"/>
		<testcase name="test_py_md_compliance" time="0.038000"/>
		<testcase name="test_pep8_compliance" time="7.458000"/>
		<testcase name="test_input_dir_compliance" time="0.047000"/>
		<testcase name="test_suite_inheritance_compliance" time="0.042000"/>
	</testsuite>
</testsuites>
