<?xml version="1.0" ?>
<testsuites disabled="0" errors="0" failures="0" tests="11" time="26.125999999999994">
	<testsuite disabled="0" errors="0" failures="0" name="campaign_clicast.test_tools.suite_cover_abs_limits_unsigned" skipped="0" tests="11" time="26.125999999999994">
		<testcase name="preconditions" time="5.469000"/>
		<testcase name="test_exceed_max_mcdc_cond_abort_false" time="2.661000"/>
		<testcase name="test_exceed_max_mcdc_cond_abort_false_over" time="5.329000"/>
		<testcase name="test_exceed_max_mcdc_cond_abort_false_over1" time="4.430000"/>
		<testcase name="test_exceed_max_mcdc_cond_abort_false_under" time="4.487000"/>
		<testcase name="test_exceed_max_mcdc_cond_abort_true" time="1.025000"/>
		<testcase name="postconditions"/>
		<testcase name="test_py_md_compliance" time="0.013000"/>
		<testcase name="test_pep8_compliance" time="2.688000"/>
		<testcase name="test_input_dir_compliance" time="0.016000"/>
		<testcase name="test_suite_inheritance_compliance" time="0.008000"/>
	</testsuite>
</testsuites>
