<?xml version="1.0" ?>
<testsuites disabled="0" errors="0" failures="0" tests="19" time="141.502">
	<testsuite disabled="0" errors="0" failures="0" name="campaign_clicast.test_cover_options.suite_clear_coverage" skipped="0" tests="19" time="141.502">
		<testcase name="preconditions" time="2.802000"/>
		<testcase name="test_branch" time="10.481000"/>
		<testcase name="test_coupling" time="16.911000"/>
		<testcase name="test_dynamic_memory" time="10.193000"/>
		<testcase name="test_function" time="10.643000"/>
		<testcase name="test_function_function_call" time="11.359000"/>
		<testcase name="test_mcdc_optimized_instrumentation" time="11.346000"/>
		<testcase name="test_mcdc_standard_instrumentation" time="10.753000"/>
		<testcase name="test_none" time="6.128000"/>
		<testcase name="test_probe_point" time="5.885000"/>
		<testcase name="test_statement" time="10.813000"/>
		<testcase name="test_statement_branch" time="10.056000"/>
		<testcase name="test_statement_mcdc" time="9.339000"/>
		<testcase name="test_static_memory" time="9.932000"/>
		<testcase name="postconditions"/>
		<testcase name="test_py_md_compliance" time="0.025000"/>
		<testcase name="test_pep8_compliance" time="4.782000"/>
		<testcase name="test_input_dir_compliance" time="0.028000"/>
		<testcase name="test_suite_inheritance_compliance" time="0.026000"/>
	</testsuite>
</testsuites>
