<?xml version="1.0" ?>
<testsuites disabled="0" errors="0" failures="0" tests="10" time="354.44199999999995">
	<testsuite disabled="0" errors="0" failures="0" name="campaign_vcastqt.test_cover_options.suite_header_file_extensions" skipped="0" tests="10" time="354.44199999999995">
		<testcase name="preconditions" time="9.615000"/>
		<testcase name="test_add_header_extension_sfp" time="105.330000"/>
		<testcase name="test_add_header_no_extension_tu" time="91.163000"/>
		<testcase name="test_extension_exists_in_other_lists" time="40.731000"/>
		<testcase name="test_remove_headers_with_no_extensions" time="93.735000"/>
		<testcase name="postconditions" time="5.313000"/>
		<testcase name="test_py_md_compliance" time="0.063000"/>
		<testcase name="test_pep8_compliance" time="8.349000"/>
		<testcase name="test_input_dir_compliance" time="0.075000"/>
		<testcase name="test_suite_inheritance_compliance" time="0.068000"/>
	</testsuite>
</testsuites>
