<?xml version="1.0" ?>
<testsuites disabled="0" errors="0" failures="0" tests="7" time="52.574000000000005">
	<testsuite disabled="0" errors="0" failures="0" name="campaign_vcastqt.test_manage_coverage.suite_code_coverage_summary_tick_files" skipped="0" tests="7" time="52.574000000000005">
		<testcase name="preconditions" time="19.116000"/>
		<testcase name="test_tickfile_coverage" time="28.138000"/>
		<testcase name="postconditions"/>
		<testcase name="test_py_md_compliance" time="0.028000"/>
		<testcase name="test_pep8_compliance" time="5.149000"/>
		<testcase name="test_input_dir_compliance" time="0.084000"/>
		<testcase name="test_suite_inheritance_compliance" time="0.059000"/>
	</testsuite>
</testsuites>
