<?xml version="1.0" ?>
<testsuites disabled="0" errors="0" failures="0" tests="8" time="20.685000000000002">
	<testsuite disabled="0" errors="0" failures="0" name="campaign_clicast.test_options.suite_coverage_for_lambdas" skipped="0" tests="8" time="20.685000000000002">
		<testcase name="preconditions" time="4.687000"/>
		<testcase name="test_option_off" time="6.651000"/>
		<testcase name="test_option_on" time="6.149000"/>
		<testcase name="postconditions"/>
		<testcase name="test_py_md_compliance" time="0.005000"/>
		<testcase name="test_pep8_compliance" time="3.175000"/>
		<testcase name="test_input_dir_compliance" time="0.013000"/>
		<testcase name="test_suite_inheritance_compliance" time="0.005000"/>
	</testsuite>
</testsuites>
