<?xml version="1.0" ?>
<testsuites disabled="0" errors="0" failures="0" tests="19" time="130.24999999999997">
	<testsuite disabled="0" errors="0" failures="0" name="campaign_clicast.test_cover.suite_export_cba_c" skipped="0" tests="19" time="130.24999999999997">
		<testcase name="preconditions" time="3.757000"/>
		<testcase name="test_branch_export" time="6.747000"/>
		<testcase name="test_export_cleanup_inter_files_import" time="10.122000"/>
		<testcase name="test_export_cover_import_unit" time="14.257000"/>
		<testcase name="test_function_export" time="6.521000"/>
		<testcase name="test_function_function_call_export" time="9.057000"/>
		<testcase name="test_legacy_env_export_import_cba" time="23.428000"/>
		<testcase name="test_level_a_export" time="6.172000"/>
		<testcase name="test_level_b_export" time="5.419000"/>
		<testcase name="test_mcdc_export" time="5.809000"/>
		<testcase name="test_notes" time="8.058000"/>
		<testcase name="test_requirements" time="10.948000"/>
		<testcase name="test_requirements_legacy" time="9.273000"/>
		<testcase name="test_statement_export" time="5.743000"/>
		<testcase name="postconditions"/>
		<testcase name="test_py_md_compliance" time="0.018000"/>
		<testcase name="test_pep8_compliance" time="4.867000"/>
		<testcase name="test_input_dir_compliance" time="0.031000"/>
		<testcase name="test_suite_inheritance_compliance" time="0.023000"/>
	</testsuite>
</testsuites>
