<?xml version="1.0" ?>
<testsuites disabled="0" errors="0" failures="0" tests="34" time="1089.165">
	<testsuite disabled="0" errors="0" failures="0" name="campaign_vcastqt.test_cover_env_wizard.suite_vcdb_integration" skipped="0" tests="34" time="1089.165">
		<testcase name="preconditions" time="8.132000"/>
		<testcase name="test_build_with_cleared_vcshell" time="82.029000"/>
		<testcase name="test_build_with_disabled_vcshell" time="57.678000"/>
		<testcase name="test_build_with_env_var_vcshell" time="81.636000"/>
		<testcase name="test_build_with_invalid_alt_command_verb" time="76.461000"/>
		<testcase name="test_build_with_overwritten_unit_options" time="76.442000"/>
		<testcase name="test_build_with_reenabled_vcshell" time="80.247000"/>
		<testcase name="test_build_with_valid_alt_command_verb" time="75.938000"/>
		<testcase name="test_build_with_vcshell_parameters" time="77.875000"/>
		<testcase name="test_checking_ada_only_disables_vcshell" time="23.411000"/>
		<testcase name="test_cleared_vcshell_not_saved" time="18.930000"/>
		<testcase name="test_clearing_command_verb" time="17.740000"/>
		<testcase name="test_clearing_database_path" time="18.354000"/>
		<testcase name="test_default_command_verb_matches_config" time="17.180000"/>
		<testcase name="test_default_vcshell_parameter_states" time="16.790000"/>
		<testcase name="test_disabled_vcshell_not_saved" time="20.638000"/>
		<testcase name="test_enabled_vcshell_saved" time="19.136000"/>
		<testcase name="test_invalid_alt_command_verb" time="17.570000"/>
		<testcase name="test_invalid_database_path" time="16.731000"/>
		<testcase name="test_load_env_var_vcshell_from_config" time="16.790000"/>
		<testcase name="test_load_vcshell_parameters_from_config" time="16.846000"/>
		<testcase name="test_load_vcshell_parameters_from_script" time="25.720000"/>
		<testcase name="test_set_empty_unit_options" time="53.231000"/>
		<testcase name="test_system_test_valid_db_invalid_verb" time="16.088000"/>
		<testcase name="test_unit_options_show_for_added_sources" time="59.889000"/>
		<testcase name="test_valid_alt_command_verb" time="17.965000"/>
		<testcase name="test_valid_db_invalid_verb" time="15.503000"/>
		<testcase name="test_valid_vcshell_parameters" time="18.289000"/>
		<testcase name="test_vcshell_parameters_from_options" time="26.720000"/>
		<testcase name="postconditions" time="5.573000"/>
		<testcase name="test_py_md_compliance" time="0.396000"/>
		<testcase name="test_pep8_compliance" time="12.396000"/>
		<testcase name="test_input_dir_compliance" time="0.440000"/>
		<testcase name="test_suite_inheritance_compliance" time="0.401000"/>
	</testsuite>
</testsuites>
