<?xml version="1.0" ?>
<testsuites disabled="0" errors="0" failures="0" tests="11" time="26.359">
	<testsuite disabled="0" errors="0" failures="0" name="campaign_clicast.test_tools.suite_cover_abs_limits_long" skipped="0" tests="11" time="26.359">
		<testcase name="preconditions" time="5.289000"/>
		<testcase name="test_exceed_max_mcdc_cond_abort_false" time="2.379000"/>
		<testcase name="test_exceed_max_mcdc_cond_abort_false_over" time="5.807000"/>
		<testcase name="test_exceed_max_mcdc_cond_abort_false_over1" time="4.822000"/>
		<testcase name="test_exceed_max_mcdc_cond_abort_false_under" time="4.018000"/>
		<testcase name="test_exceed_max_mcdc_cond_abort_true" time="0.913000"/>
		<testcase name="postconditions"/>
		<testcase name="test_py_md_compliance" time="0.007000"/>
		<testcase name="test_pep8_compliance" time="3.110000"/>
		<testcase name="test_input_dir_compliance" time="0.008000"/>
		<testcase name="test_suite_inheritance_compliance" time="0.006000"/>
	</testsuite>
</testsuites>
