<?xml version="1.0" ?>
<testsuites disabled="0" errors="0" failures="0" tests="9" time="20.216">
	<testsuite disabled="0" errors="0" failures="0" name="campaign_clicast.test_cover_options.suite_inst_macro" skipped="0" tests="9" time="20.216">
		<testcase name="preconditions" time="2.756000"/>
		<testcase name="test_default" time="2.471000"/>
		<testcase name="test_option_off" time="2.536000"/>
		<testcase name="test_option_on" time="8.123000"/>
		<testcase name="postconditions"/>
		<testcase name="test_py_md_compliance" time="0.005000"/>
		<testcase name="test_pep8_compliance" time="4.311000"/>
		<testcase name="test_input_dir_compliance" time="0.010000"/>
		<testcase name="test_suite_inheritance_compliance" time="0.004000"/>
	</testsuite>
</testsuites>
