<?xml version="1.0" ?>
<testsuites disabled="0" errors="0" failures="0" tests="11" time="281.577">
	<testsuite disabled="0" errors="0" failures="0" name="campaign_vcastqt.test_unit_coverage.suite_coverage_viewer_ada" skipped="0" tests="11" time="281.577">
		<testcase name="preconditions" time="5.944000"/>
		<testcase name="test_max_expressions_exceeded_mcdc" time="60.149000"/>
		<testcase name="test_max_mcdc_conditions" time="53.788000"/>
		<testcase name="test_max_subprograms_exceed_mcdc" time="57.053000"/>
		<testcase name="test_max_table_subconditions" time="52.621000"/>
		<testcase name="test_mcdc_expression_exceeds_maximum" time="42.666000"/>
		<testcase name="postconditions"/>
		<testcase name="test_py_md_compliance" time="0.080000"/>
		<testcase name="test_pep8_compliance" time="9.076000"/>
		<testcase name="test_input_dir_compliance" time="0.108000"/>
		<testcase name="test_suite_inheritance_compliance" time="0.092000"/>
	</testsuite>
</testsuites>
