<?xml version="1.0" ?>
<testsuites disabled="0" errors="0" failures="0" tests="8" time="16.75">
	<testsuite disabled="0" errors="0" failures="0" name="campaign_clicast.test_cover_source.suite_reinstrument_c" skipped="0" tests="8" time="16.75">
		<testcase name="preconditions" time="7.687000"/>
		<testcase name="test_reinstrument_failure" time="1.844000"/>
		<testcase name="test_reinstrument_success" time="2.917000"/>
		<testcase name="postconditions"/>
		<testcase name="test_py_md_compliance" time="0.006000"/>
		<testcase name="test_pep8_compliance" time="4.285000"/>
		<testcase name="test_input_dir_compliance" time="0.006000"/>
		<testcase name="test_suite_inheritance_compliance" time="0.005000"/>
	</testsuite>
</testsuites>
