<?xml version="1.0" ?>
<testsuites disabled="0" errors="0" failures="0" tests="29" time="2116.7600000000007">
	<testsuite disabled="0" errors="0" failures="0" name="campaign_vcastqt.test_cover_env_wizard.suite_update_wizard" skipped="0" tests="29" time="2116.7600000000007">
		<testcase name="preconditions" time="6.857000"/>
		<testcase name="test_add_and_remove_all_headers_using_option" time="143.871000"/>
		<testcase name="test_add_and_remove_some_headers" time="129.254000"/>
		<testcase name="test_add_base_dir" time="72.782000"/>
		<testcase name="test_add_base_dir_rename" time="105.618000"/>
		<testcase name="test_add_remove_source_on_disk" time="84.306000"/>
		<testcase name="test_add_source_from_update_wizard" time="83.671000"/>
		<testcase name="test_add_source_recursively" time="84.932000"/>
		<testcase name="test_added_source_gets_whitelisted" time="70.250000"/>
		<testcase name="test_base_dir_values" time="186.629000"/>
		<testcase name="test_base_dirs_read_only" time="97.574000"/>
		<testcase name="test_close_cvg_viewer_for_blacklisted_source" time="86.343000"/>
		<testcase name="test_move_base_dir_update_components" time="48.231000"/>
		<testcase name="test_move_base_dir_update_path" time="68.322000"/>
		<testcase name="test_move_base_dir_update_path_rename" time="71.800000"/>
		<testcase name="test_move_rel_base_dir_open" time="48.336000"/>
		<testcase name="test_option_in_config_file" time="75.345000"/>
		<testcase name="test_recover_from_invalid_base_dir" time="143.883000"/>
		<testcase name="test_remove_base_dir" time="131.825000"/>
		<testcase name="test_remove_sources_and_associated_results" time="54.949000"/>
		<testcase name="test_removed_source_gets_blacklisted" time="76.698000"/>
		<testcase name="test_rename_base_dir" time="70.569000"/>
		<testcase name="test_select_listed_directories" time="70.205000"/>
		<testcase name="test_update_env_wizard" time="83.474000"/>
		<testcase name="postconditions"/>
		<testcase name="test_py_md_compliance" time="0.435000"/>
		<testcase name="test_pep8_compliance" time="19.576000"/>
		<testcase name="test_input_dir_compliance" time="0.556000"/>
		<testcase name="test_suite_inheritance_compliance" time="0.469000"/>
	</testsuite>
</testsuites>
