<?xml version="1.0" ?>
<testsuites disabled="0" errors="0" failures="0" tests="18" time="28.071">
	<testsuite disabled="0" errors="0" failures="0" name="campaign_clicast.test_cover_options.suite_coverage_result_file_name" skipped="0" tests="18" time="28.071">
		<testcase name="preconditions" time="4.629000"/>
		<testcase name="test_custom_test_name" time="1.662000"/>
		<testcase name="test_custom_test_name_full_path" time="1.875000"/>
		<testcase name="test_custom_test_name_with_append_cover_io" time="2.291000"/>
		<testcase name="test_epoch" time="1.689000"/>
		<testcase name="test_epoch_without_result_dir" time="1.618000"/>
		<testcase name="test_none" time="1.954000"/>
		<testcase name="test_none_without_result_dir" time="1.644000"/>
		<testcase name="test_pid" time="1.938000"/>
		<testcase name="test_pid_epoch" time="1.746000"/>
		<testcase name="test_pid_epoch_without_result_dir" time="1.618000"/>
		<testcase name="test_pid_override_auto_detection" time="0.004000"/>
		<testcase name="test_pid_without_result_dir" time="1.576000"/>
		<testcase name="postconditions"/>
		<testcase name="test_py_md_compliance" time="0.013000"/>
		<testcase name="test_pep8_compliance" time="3.784000"/>
		<testcase name="test_input_dir_compliance" time="0.010000"/>
		<testcase name="test_suite_inheritance_compliance" time="0.020000"/>
	</testsuite>
</testsuites>
