<?xml version="1.0" ?>
<testsuites disabled="0" errors="0" failures="0" tests="8" time="13.462999999999997">
	<testsuite disabled="0" errors="0" failures="0" name="campaign_clicast.test_options.suite_coverage_for_declarations_cover" skipped="0" tests="8" time="13.462999999999997">
		<testcase name="preconditions" time="1.206000"/>
		<testcase name="test_option_off" time="4.253000"/>
		<testcase name="test_option_on" time="5.031000"/>
		<testcase name="postconditions"/>
		<testcase name="test_py_md_compliance" time="0.006000"/>
		<testcase name="test_pep8_compliance" time="2.950000"/>
		<testcase name="test_input_dir_compliance" time="0.008000"/>
		<testcase name="test_suite_inheritance_compliance" time="0.009000"/>
	</testsuite>
</testsuites>
