<?xml version="1.0" ?>
<testsuites disabled="0" errors="0" failures="0" tests="8" time="8.129">
	<testsuite disabled="0" errors="0" failures="0" name="campaign_clicast.test_cover_reports.suite_report_commands" skipped="0" tests="8" time="8.129">
		<testcase name="preconditions" time="3.062000"/>
		<testcase name="test_user_report" time="1.178000"/>
		<testcase name="test_user_report_not_found" time="0.853000"/>
		<testcase name="postconditions"/>
		<testcase name="test_py_md_compliance" time="0.002000"/>
		<testcase name="test_pep8_compliance" time="3.025000"/>
		<testcase name="test_input_dir_compliance" time="0.006000"/>
		<testcase name="test_suite_inheritance_compliance" time="0.003000"/>
	</testsuite>
</testsuites>
