<?xml version="1.0" ?>
<testsuites disabled="0" errors="0" failures="0" tests="7" time="7.538">
	<testsuite disabled="0" errors="0" failures="0" name="campaign_clicast.test_instrumentation_use_cases.suite_cover_max_mcdc_ada" skipped="0" tests="7" time="7.538">
		<testcase name="preconditions" time="1.821000"/>
		<testcase name="test_mcdc_expression_exceeds_maximum" time="2.467000"/>
		<testcase name="postconditions"/>
		<testcase name="test_py_md_compliance" time="0.005000"/>
		<testcase name="test_pep8_compliance" time="3.232000"/>
		<testcase name="test_input_dir_compliance" time="0.009000"/>
		<testcase name="test_suite_inheritance_compliance" time="0.004000"/>
	</testsuite>
</testsuites>
