<?xml version="1.0" ?>
<testsuites disabled="0" errors="0" failures="0" tests="52" time="614.0109999999996">
	<testsuite disabled="0" errors="0" failures="0" name="campaign_atg.test_atg.suite_coverage_development_mode_z3_part_09" skipped="0" tests="52" time="614.0109999999996">
		<testcase name="preconditions"/>
		<testcase name="test_stubs_fptr_valgen_mapping" time="15.049000"/>
		<testcase name="test_stubs_is_null" time="12.423000"/>
		<testcase name="test_stubs_malloc_test" time="11.587000"/>
		<testcase name="test_stubs_multiple_calls" time="12.558000"/>
		<testcase name="test_stubs_multiple_nested_calls" time="11.752000"/>
		<testcase name="test_stubs_no_model" time="11.715000"/>
		<testcase name="test_stubs_ptr_assign_to_scalar" time="12.313000"/>
		<testcase name="test_stubs_ptr_avj_example" time="13.422000"/>
		<testcase name="test_stubs_ptr_const_idx" time="13.984000"/>
		<testcase name="test_stubs_ptr_func_idx" time="15.141000"/>
		<testcase name="test_stubs_ptr_global" time="11.252000"/>
		<testcase name="test_stubs_ptr_local" time="12.698000"/>
		<testcase name="test_stubs_ptr_local_at_decl" time="13.121000"/>
		<testcase name="test_stubs_ptr_multiple_calls" time="14.572000"/>
		<testcase name="test_stubs_ptr_multiple_nested_calls" time="13.944000"/>
		<testcase name="test_stubs_ptr_not_null_with_value" time="13.207000"/>
		<testcase name="test_stubs_ptr_null_check" time="12.767000"/>
		<testcase name="test_stubs_ptr_padding_issue" time="12.101000"/>
		<testcase name="test_stubs_ptr_param" time="11.318000"/>
		<testcase name="test_stubs_ptr_partial_rollback" time="13.170000"/>
		<testcase name="test_stubs_ptr_placeholder" time="12.109000"/>
		<testcase name="test_stubs_ptr_simple" time="11.895000"/>
		<testcase name="test_stubs_ptr_slr_arguments" time="12.711000"/>
		<testcase name="test_stubs_ptr_subsequent_alloc" time="12.118000"/>
		<testcase name="test_stubs_reset_count_before_fo" time="12.777000"/>
		<testcase name="test_stubs_ret_and_ref_st_with_ptr_fd" time="15.022000"/>
		<testcase name="test_stubs_returning_ptr_to_st" time="12.392000"/>
		<testcase name="test_stubs_returning_struct_at_init" time="12.750000"/>
		<testcase name="test_stubs_returning_structs" time="15.948000"/>
		<testcase name="test_stubs_returning_voids_ptr" time="14.904000"/>
		<testcase name="test_stubs_sbr_struct_pointer_field_problem" time="15.086000"/>
		<testcase name="test_stubs_simple" time="11.942000"/>
		<testcase name="test_stubs_slr_global" time="11.747000"/>
		<testcase name="test_stubs_slr_local" time="11.680000"/>
		<testcase name="test_stubs_slr_local_at_decl" time="12.484000"/>
		<testcase name="test_stubs_slr_param" time="11.395000"/>
		<testcase name="test_stubs_slr_void_ret_sbf" time="13.375000"/>
		<testcase name="test_stubs_standalone" time="13.292000"/>
		<testcase name="test_stubs_support_in_is" time="13.181000"/>
		<testcase name="test_stubs_test_dot_stubs" time="12.667000"/>
		<testcase name="test_stubs_union_broken" time="12.238000"/>
		<testcase name="test_stubs_with_altered_arguments" time="12.616000"/>
		<testcase name="test_stubs_with_local" time="13.309000"/>
		<testcase name="test_switch_default" time="13.199000"/>
		<testcase name="test_symbolic_index" time="12.579000"/>
		<testcase name="test_templ_global" time="16.016000"/>
		<testcase name="test_template_class_constructors" time="13.941000"/>
		<testcase name="postconditions" time="0.111000"/>
		<testcase name="test_pep8_compliance" time="2.148000"/>
		<testcase name="test_input_dir_compliance" time="0.155000"/>
		<testcase name="test_suite_inheritance_compliance" time="0.130000"/>
	</testsuite>
</testsuites>
