<?xml version="1.0" ?>
<testsuites disabled="0" errors="0" failures="0" tests="9" time="35.056">
	<testsuite disabled="0" errors="0" failures="0" name="campaign_clicast.test_cover_options.suite_ignore_error_read_follows_address_of" skipped="0" tests="9" time="35.056">
		<testcase name="preconditions" time="5.100000"/>
		<testcase name="test_option_default" time="8.796000"/>
		<testcase name="test_option_off" time="8.748000"/>
		<testcase name="test_option_on" time="8.914000"/>
		<testcase name="postconditions"/>
		<testcase name="test_py_md_compliance" time="0.009000"/>
		<testcase name="test_pep8_compliance" time="3.457000"/>
		<testcase name="test_input_dir_compliance" time="0.019000"/>
		<testcase name="test_suite_inheritance_compliance" time="0.013000"/>
	</testsuite>
</testsuites>
