<?xml version="1.0" ?>
<testsuites disabled="0" errors="0" failures="0" tests="10" time="10.561">
	<testsuite disabled="0" errors="0" failures="0" name="campaign_licensing.test_action_create_c_cover_project.suite_none" skipped="0" tests="10" time="10.561">
		<testcase name="preconditions" time="1.090000"/>
		<testcase name="test_served_no_enabling_feature" time="2.355000"/>
		<testcase name="test_served_no_license_facilitator" time="2.548000"/>
		<testcase name="test_unserved_no_enabling_feature" time="1.410000"/>
		<testcase name="test_unserved_no_license_facilitator" time="1.125000"/>
		<testcase name="postconditions"/>
		<testcase name="test_py_md_compliance" time="0.008000"/>
		<testcase name="test_pep8_compliance" time="2.015000"/>
		<testcase name="test_input_dir_compliance" time="0.007000"/>
		<testcase name="test_suite_inheritance_compliance" time="0.003000"/>
	</testsuite>
</testsuites>
