<?xml version="1.0" ?>
<testsuites disabled="0" errors="0" failures="0" tests="52" time="569.7229999999998">
	<testsuite disabled="0" errors="0" failures="0" name="campaign_atg.test_atg.suite_coverage_development_mode_bzla_part_07" skipped="0" tests="52" time="569.7229999999998">
		<testcase name="preconditions"/>
		<testcase name="test_restrict_floats_only" time="12.494000"/>
		<testcase name="test_restrict_loops" time="11.439000"/>
		<testcase name="test_return_dead" time="11.714000"/>
		<testcase name="test_return_decision" time="11.706000"/>
		<testcase name="test_return_void" time="12.616000"/>
		<testcase name="test_sbr_empty_param_values" time="11.636000"/>
		<testcase name="test_sbr_param_no_alloc" time="11.957000"/>
		<testcase name="test_self_alias_loop" time="12.021000"/>
		<testcase name="test_shift_assign" time="11.887000"/>
		<testcase name="test_shift_right" time="11.506000"/>
		<testcase name="test_shift_tests" time="13.532000"/>
		<testcase name="test_shifts_of_differing_bitwidths" time="12.201000"/>
		<testcase name="test_silent_partials" time="11.887000"/>
		<testcase name="test_simple_float" time="11.611000"/>
		<testcase name="test_simple_loops" time="17.250000"/>
		<testcase name="test_simple_struct_access_floats" time="12.192000"/>
		<testcase name="test_skipped_call_count" time="13.383000"/>
		<testcase name="test_smtexception_no_fit" time="11.738000"/>
		<testcase name="test_solver_timeout" time="13.210000"/>
		<testcase name="test_static_init_cpp" time="12.328000"/>
		<testcase name="test_static_init_fm" time="12.257000"/>
		<testcase name="test_static_local_fm" time="13.266000"/>
		<testcase name="test_static_method_calls" time="14.314000"/>
		<testcase name="test_std_containers" time="22.629000"/>
		<testcase name="test_std_strings" time="0.073000"/>
		<testcase name="test_std_vector" time="0.072000"/>
		<testcase name="test_struct_allocation_arrow" time="12.414000"/>
		<testcase name="test_struct_anon" time="13.311000"/>
		<testcase name="test_struct_as_classes" time="14.501000"/>
		<testcase name="test_struct_assign" time="12.239000"/>
		<testcase name="test_struct_atg181" time="11.976000"/>
		<testcase name="test_struct_atg189" time="11.813000"/>
		<testcase name="test_struct_avj_test" time="11.640000"/>
		<testcase name="test_struct_deref_assign" time="11.834000"/>
		<testcase name="test_struct_fail" time="12.124000"/>
		<testcase name="test_struct_fail_2" time="12.011000"/>
		<testcase name="test_struct_field_access" time="12.048000"/>
		<testcase name="test_struct_field_assignment" time="12.150000"/>
		<testcase name="test_struct_flattening_issues" time="13.888000"/>
		<testcase name="test_struct_flattening_simple_var_regression" time="12.816000"/>
		<testcase name="test_struct_global_dot" time="12.030000"/>
		<testcase name="test_struct_initializer" time="11.590000"/>
		<testcase name="test_struct_nested_stct_ptr_inc" time="11.955000"/>
		<testcase name="test_struct_nesting" time="11.757000"/>
		<testcase name="test_struct_nesting_assign" time="11.688000"/>
		<testcase name="test_struct_pointer_undefined_index" time="11.285000"/>
		<testcase name="test_struct_pointer_void_comparison" time="11.417000"/>
		<testcase name="postconditions" time="0.102000"/>
		<testcase name="test_pep8_compliance" time="2.011000"/>
		<testcase name="test_input_dir_compliance" time="0.105000"/>
		<testcase name="test_suite_inheritance_compliance" time="0.099000"/>
	</testsuite>
</testsuites>
