<?xml version="1.0" ?>
<testsuites disabled="0" errors="0" failures="0" tests="7" time="6.118">
	<testsuite disabled="0" errors="0" failures="0" name="campaign_clicast.test_cover_reports.suite_basis_paths_options" skipped="0" tests="7" time="6.118">
		<testcase name="preconditions" time="3.049000"/>
		<testcase name="test_vcast_version_in_report" time="1.162000"/>
		<testcase name="postconditions"/>
		<testcase name="test_py_md_compliance" time="0.003000"/>
		<testcase name="test_pep8_compliance" time="1.894000"/>
		<testcase name="test_input_dir_compliance" time="0.008000"/>
		<testcase name="test_suite_inheritance_compliance" time="0.002000"/>
	</testsuite>
</testsuites>
