<?xml version="1.0" ?>
<testsuites disabled="0" errors="0" failures="0" tests="12" time="38.40599999999999">
	<testsuite disabled="0" errors="0" failures="0" name="campaign_clicast.test_cover_options.suite_cover_statements_by_block" skipped="0" tests="12" time="38.40599999999999">
		<testcase name="preconditions" time="6.398000"/>
		<testcase name="test_statement" time="3.959000"/>
		<testcase name="test_statement_branch" time="4.433000"/>
		<testcase name="test_statement_mcdc" time="4.676000"/>
		<testcase name="test_watchdog_branch" time="4.700000"/>
		<testcase name="test_watchdog_level_a" time="5.040000"/>
		<testcase name="test_watchdog_statement" time="4.786000"/>
		<testcase name="postconditions"/>
		<testcase name="test_py_md_compliance" time="0.004000"/>
		<testcase name="test_pep8_compliance" time="4.399000"/>
		<testcase name="test_input_dir_compliance" time="0.007000"/>
		<testcase name="test_suite_inheritance_compliance" time="0.004000"/>
	</testsuite>
</testsuites>
