<?xml version="1.0" ?>
<testsuites disabled="0" errors="0" failures="0" tests="8" time="6.906999999999999">
	<testsuite disabled="0" errors="0" failures="0" name="campaign_clicover.test_instrument.suite_instrument" skipped="0" tests="8" time="6.906999999999999">
		<testcase name="preconditions" time="2.598000"/>
		<testcase name="test_debug" time="0.688000"/>
		<testcase name="test_vcast_debug_filename" time="0.582000"/>
		<testcase name="postconditions"/>
		<testcase name="test_py_md_compliance" time="0.004000"/>
		<testcase name="test_pep8_compliance" time="3.021000"/>
		<testcase name="test_input_dir_compliance" time="0.011000"/>
		<testcase name="test_suite_inheritance_compliance" time="0.003000"/>
	</testsuite>
</testsuites>
