<?xml version="1.0" ?>
<testsuites disabled="0" errors="0" failures="0" tests="10" time="16.939000000000004">
	<testsuite disabled="0" errors="0" failures="0" name="campaign_clicast.test_reports.suite_report_translations" skipped="0" tests="10" time="16.939000000000004">
		<testcase name="preconditions" time="4.017000"/>
		<testcase name="test_chinese_and_japanese" time="2.199000"/>
		<testcase name="test_html_report_translate" time="2.778000"/>
		<testcase name="test_text_report_translate" time="2.845000"/>
		<testcase name="test_vcast_qt_sets_language" time="1.979000"/>
		<testcase name="postconditions"/>
		<testcase name="test_py_md_compliance" time="0.006000"/>
		<testcase name="test_pep8_compliance" time="3.103000"/>
		<testcase name="test_input_dir_compliance" time="0.007000"/>
		<testcase name="test_suite_inheritance_compliance" time="0.005000"/>
	</testsuite>
</testsuites>
