<?xml version="1.0" ?>
<testsuites disabled="0" errors="0" failures="0" tests="9" time="32.934999999999995">
	<testsuite disabled="0" errors="0" failures="0" name="campaign_clicast.test_tools.suite_delete_imported_results_ada" skipped="0" tests="9" time="32.934999999999995">
		<testcase name="preconditions" time="10.469000"/>
		<testcase name="test_delete_cba_results" time="6.900000"/>
		<testcase name="test_delete_regular_results" time="7.464000"/>
		<testcase name="test_no_results" time="3.002000"/>
		<testcase name="postconditions"/>
		<testcase name="test_py_md_compliance" time="0.009000"/>
		<testcase name="test_pep8_compliance" time="5.081000"/>
		<testcase name="test_input_dir_compliance" time="0.006000"/>
		<testcase name="test_suite_inheritance_compliance" time="0.004000"/>
	</testsuite>
</testsuites>
