<?xml version="1.0" ?>
<testsuites disabled="0" errors="0" failures="0" tests="9" time="12.339000000000002">
	<testsuite disabled="0" errors="0" failures="0" name="campaign_clicast.test_cover_probe_points.suite_remove_id" skipped="0" tests="9" time="12.339000000000002">
		<testcase name="preconditions" time="5.253000"/>
		<testcase name="test_probe_point_missing_id" time="0.309000"/>
		<testcase name="test_probe_point_remove_id" time="3.015000"/>
		<testcase name="test_probe_point_unknown_id" time="0.540000"/>
		<testcase name="postconditions"/>
		<testcase name="test_py_md_compliance" time="0.003000"/>
		<testcase name="test_pep8_compliance" time="3.211000"/>
		<testcase name="test_input_dir_compliance" time="0.005000"/>
		<testcase name="test_suite_inheritance_compliance" time="0.003000"/>
	</testsuite>
</testsuites>
