<?xml version="1.0" ?>
<testsuites disabled="0" errors="0" failures="0" tests="10" time="11.591">
	<testsuite disabled="0" errors="0" failures="0" name="campaign_clicast.test_cover.suite_environment_create" skipped="0" tests="10" time="11.591">
		<testcase name="preconditions" time="0.967000"/>
		<testcase name="test_attempt_create_environment_empty_name" time="0.457000"/>
		<testcase name="test_attempt_create_environment_existing_name" time="0.482000"/>
		<testcase name="test_build_from_lint_env" time="6.158000"/>
		<testcase name="test_create_environment_valid_name" time="0.516000"/>
		<testcase name="postconditions"/>
		<testcase name="test_py_md_compliance" time="0.003000"/>
		<testcase name="test_pep8_compliance" time="2.996000"/>
		<testcase name="test_input_dir_compliance" time="0.008000"/>
		<testcase name="test_suite_inheritance_compliance" time="0.004000"/>
	</testsuite>
</testsuites>
