<?xml version="1.0" ?>
<testsuites disabled="0" errors="0" failures="0" tests="7" time="13.306999999999999">
	<testsuite disabled="0" errors="0" failures="0" name="campaign_cli_manage.test_create.suite_cover" skipped="0" tests="7" time="13.306999999999999">
		<testcase name="preconditions"/>
		<testcase name="test_cover_environment_with_statement_coverage" time="7.574000"/>
		<testcase name="test_report_error_when_vcp_file_does_not_exist" time="1.174000"/>
		<testcase name="postconditions" time="0.001000"/>
		<testcase name="test_pep8_compliance" time="4.549000"/>
		<testcase name="test_input_dir_compliance" time="0.005000"/>
		<testcase name="test_suite_inheritance_compliance" time="0.004000"/>
	</testsuite>
</testsuites>
