<?xml version="1.0" ?>
<testsuites disabled="0" errors="0" failures="0" tests="52" time="596.5060000000001">
	<testsuite disabled="0" errors="0" failures="0" name="campaign_atg.test_atg.suite_coverage_release_mode_z3_part_05" skipped="0" tests="52" time="596.5060000000001">
		<testcase name="preconditions"/>
		<testcase name="test_half_live" time="12.720000"/>
		<testcase name="test_header_prototype_test" time="12.279000"/>
		<testcase name="test_implicit_bool_cast_in_cpp" time="11.599000"/>
		<testcase name="test_impossible_counts" time="11.130000"/>
		<testcase name="test_incomplete_type" time="11.649000"/>
		<testcase name="test_init_constructor_option" time="10.863000"/>
		<testcase name="test_init_constructor_option_param" time="10.998000"/>
		<testcase name="test_init_list" time="11.351000"/>
		<testcase name="test_init_list_2" time="11.888000"/>
		<testcase name="test_initialiser_assignment_to_same_name" time="12.035000"/>
		<testcase name="test_inner_int_in_parent" time="11.922000"/>
		<testcase name="test_inner_struct_with_ctor" time="12.167000"/>
		<testcase name="test_int_examples" time="18.677000"/>
		<testcase name="test_int_overwrite" time="11.829000"/>
		<testcase name="test_int_pointer_upcast_flattened" time="11.129000"/>
		<testcase name="test_int_pointer_upcast_not_flattened" time="11.504000"/>
		<testcase name="test_int_tests" time="11.074000"/>
		<testcase name="test_is_vcast_ctor_line_needed_class" time="22.779000"/>
		<testcase name="test_is_vcast_ctor_line_needed_structs" time="24.387000"/>
		<testcase name="test_keyerror" time="11.695000"/>
		<testcase name="test_keyerror_dup_pointer_access" time="14.114000"/>
		<testcase name="test_lambda_allocation_example" time="11.137000"/>
		<testcase name="test_leading_scope" time="11.487000"/>
		<testcase name="test_lhs_field_cast_assignment" time="11.246000"/>
		<testcase name="test_local_in_cmd_path_occurance_1056" time="11.066000"/>
		<testcase name="test_local_in_cmd_path_occurance_268" time="11.260000"/>
		<testcase name="test_local_in_cmd_path_occurance_451" time="12.263000"/>
		<testcase name="test_local_in_cmd_path_occurance_981" time="12.375000"/>
		<testcase name="test_lvalue_adjust" time="12.688000"/>
		<testcase name="test_main" time="10.611000"/>
		<testcase name="test_malloc_struct_example" time="11.359000"/>
		<testcase name="test_method_arg_walk" time="12.937000"/>
		<testcase name="test_method_call_arg_process" time="11.340000"/>
		<testcase name="test_missing_deref" time="12.901000"/>
		<testcase name="test_missing_malloc" time="11.854000"/>
		<testcase name="test_missing_memory_region_problems" time="12.571000"/>
		<testcase name="test_moo" time="12.527000"/>
		<testcase name="test_multi_dimensional_array_pointer_to_struct" time="12.317000"/>
		<testcase name="test_multi_pointer_to_array" time="13.016000"/>
		<testcase name="test_multiple_allocallobal_calls" time="12.788000"/>
		<testcase name="test_namespace_global_var" time="13.322000"/>
		<testcase name="test_negative_const" time="12.527000"/>
		<testcase name="test_nested_constructors" time="14.594000"/>
		<testcase name="test_nested_namespace_access" time="11.759000"/>
		<testcase name="test_nested_namespace_global_var" time="12.365000"/>
		<testcase name="test_nested_structs_of_the_same_name_1" time="12.459000"/>
		<testcase name="test_nested_structs_of_the_same_name_2" time="11.566000"/>
		<testcase name="postconditions" time="0.096000"/>
		<testcase name="test_pep8_compliance" time="2.086000"/>
		<testcase name="test_input_dir_compliance" time="0.096000"/>
		<testcase name="test_suite_inheritance_compliance" time="0.104000"/>
	</testsuite>
</testsuites>
