<?xml version="1.0" ?>
<testsuites disabled="0" errors="0" failures="0" tests="7" time="10.694000000000003">
	<testsuite disabled="0" errors="0" failures="0" name="campaign_clicast.test_reports.suite_metrics_options" skipped="0" tests="7" time="10.694000000000003">
		<testcase name="preconditions" time="6.339000"/>
		<testcase name="test_vcast_version_in_report" time="2.165000"/>
		<testcase name="postconditions"/>
		<testcase name="test_py_md_compliance" time="0.002000"/>
		<testcase name="test_pep8_compliance" time="2.182000"/>
		<testcase name="test_input_dir_compliance" time="0.004000"/>
		<testcase name="test_suite_inheritance_compliance" time="0.002000"/>
	</testsuite>
</testsuites>
