<?xml version="1.0" ?>
<testsuites disabled="0" errors="0" failures="0" tests="14" time="27.98">
	<testsuite disabled="0" errors="0" failures="0" name="campaign_clicast.test_cover.suite_instrument_gnu_werror" skipped="0" tests="14" time="27.98">
		<testcase name="preconditions" time="2.891000"/>
		<testcase name="test_instrument_basis_paths" time="2.877000"/>
		<testcase name="test_instrument_branch" time="2.342000"/>
		<testcase name="test_instrument_function" time="2.717000"/>
		<testcase name="test_instrument_function_function_call" time="2.719000"/>
		<testcase name="test_instrument_level_a" time="2.601000"/>
		<testcase name="test_instrument_level_b" time="2.851000"/>
		<testcase name="test_instrument_mcdc" time="2.410000"/>
		<testcase name="test_instrument_statement" time="2.411000"/>
		<testcase name="postconditions"/>
		<testcase name="test_py_md_compliance" time="0.012000"/>
		<testcase name="test_pep8_compliance" time="4.126000"/>
		<testcase name="test_input_dir_compliance" time="0.017000"/>
		<testcase name="test_suite_inheritance_compliance" time="0.006000"/>
	</testsuite>
</testsuites>
