<?xml version="1.0" ?>
<testsuites disabled="0" errors="0" failures="0" tests="9" time="4.0">
	<testsuite disabled="0" errors="0" failures="0" name="campaign_edgfe.test_parse_target_testsuite.suite_ghs" skipped="0" tests="9" time="4.0">
		<testcase name="preconditions"/>
		<testcase name="test_arc" time="0.246000"/>
		<testcase name="test_arm" time="0.498000"/>
		<testcase name="test_ppc" time="0.438000"/>
		<testcase name="postconditions"/>
		<testcase name="test_py_md_compliance" time="0.006000"/>
		<testcase name="test_pep8_compliance" time="2.802000"/>
		<testcase name="test_input_dir_compliance" time="0.006000"/>
		<testcase name="test_suite_inheritance_compliance" time="0.004000"/>
	</testsuite>
</testsuites>
