<?xml version="1.0" ?>
<testsuites disabled="0" errors="0" failures="0" tests="12" time="484.693">
	<testsuite disabled="0" errors="0" failures="0" name="campaign_vcastqt.test_probe_points.suite_add_probe_points_cover" skipped="0" tests="12" time="484.693">
		<testcase name="preconditions" time="4.354000"/>
		<testcase name="test_add_probe_points_c" time="74.701000"/>
		<testcase name="test_add_probe_points_cpp" time="72.350000"/>
		<testcase name="test_func_exit_probe_change_cvg" time="93.254000"/>
		<testcase name="test_func_probe_sections" time="78.532000"/>
		<testcase name="test_pp_control_with_fn_call_in_cover_editable" time="79.286000"/>
		<testcase name="test_vcast_probe_print_error_binary_dump" time="73.518000"/>
		<testcase name="postconditions"/>
		<testcase name="test_py_md_compliance" time="0.084000"/>
		<testcase name="test_pep8_compliance" time="8.002000"/>
		<testcase name="test_input_dir_compliance" time="0.522000"/>
		<testcase name="test_suite_inheritance_compliance" time="0.090000"/>
	</testsuite>
</testsuites>
