<?xml version="1.0" ?>
<testsuites disabled="0" errors="0" failures="0" tests="8" time="7.837999999999999">
	<testsuite disabled="0" errors="0" failures="0" name="campaign_vcinst.test_instrument.suite_c_cover_h" skipped="0" tests="8" time="7.837999999999999">
		<testcase name="preconditions" time="2.292000"/>
		<testcase name="test_instrument_with_user_macros" time="1.361000"/>
		<testcase name="test_project_c_cover_h" time="0.403000"/>
		<testcase name="postconditions"/>
		<testcase name="test_py_md_compliance" time="0.004000"/>
		<testcase name="test_pep8_compliance" time="3.765000"/>
		<testcase name="test_input_dir_compliance" time="0.005000"/>
		<testcase name="test_suite_inheritance_compliance" time="0.008000"/>
	</testsuite>
</testsuites>
