<?xml version="1.0" ?>
<testsuites disabled="0" errors="0" failures="0" tests="33" time="375.2219999999999">
	<testsuite disabled="0" errors="0" failures="0" name="campaign_atg.test_atg.suite_coverage_release_mode_btor_part_10" skipped="0" tests="33" time="375.2219999999999">
		<testcase name="preconditions"/>
		<testcase name="test_templated_functions" time="13.884000"/>
		<testcase name="test_templated_structs_of_the_same_name" time="11.461000"/>
		<testcase name="test_templates_involving_structs" time="11.870000"/>
		<testcase name="test_tern_nested_in_if" time="13.241000"/>
		<testcase name="test_ternary" time="12.559000"/>
		<testcase name="test_testable_routines" time="13.046000"/>
		<testcase name="test_this_direct_comparison" time="12.248000"/>
		<testcase name="test_timeout_zero" time="12.820000"/>
		<testcase name="test_typedef_crash" time="11.675000"/>
		<testcase name="test_typedeffed_struct_as_method_param" time="13.560000"/>
		<testcase name="test_typemismatch_this" time="12.449000"/>
		<testcase name="test_udiv_test" time="11.986000"/>
		<testcase name="test_unicode_uncomplient_string" time="10.887000"/>
		<testcase name="test_union_overlap" time="11.743000"/>
		<testcase name="test_unnamed_stub_param" time="11.329000"/>
		<testcase name="test_urem" time="11.739000"/>
		<testcase name="test_vcast_c_example_manager" time="14.872000"/>
		<testcase name="test_vcast_c_example_vscode" time="15.704000"/>
		<testcase name="test_vcast_cpp_example_manager" time="19.165000"/>
		<testcase name="test_vcast_cpp_example_manager_extra" time="15.175000"/>
		<testcase name="test_vcast_cpp_example_minimal_fields" time="13.532000"/>
		<testcase name="test_vcast_cpp_example_vscode" time="18.823000"/>
		<testcase name="test_virtual_vs_non_virtual_stubs" time="12.828000"/>
		<testcase name="test_void_field_inside_struct" time="11.856000"/>
		<testcase name="test_void_star_field" time="13.250000"/>
		<testcase name="test_void_star_tests" time="14.237000"/>
		<testcase name="test_volatile_const_arrays" time="13.682000"/>
		<testcase name="test_walk_method_not_walk_ctor" time="13.056000"/>
		<testcase name="postconditions" time="0.103000"/>
		<testcase name="test_pep8_compliance" time="2.217000"/>
		<testcase name="test_input_dir_compliance" time="0.136000"/>
		<testcase name="test_suite_inheritance_compliance" time="0.089000"/>
	</testsuite>
</testsuites>
