<?xml version="1.0" ?>
<testsuites disabled="0" errors="0" failures="0" tests="52" time="651.7370000000001">
	<testsuite disabled="0" errors="0" failures="0" name="campaign_atg.test_atg.suite_coverage_release_mode_bzla_part_06" skipped="0" tests="52" time="651.7370000000001">
		<testcase name="preconditions"/>
		<testcase name="test_new_delete" time="16.676000"/>
		<testcase name="test_no_call_on_ctor_only" time="11.958000"/>
		<testcase name="test_no_constructor_needed" time="12.816000"/>
		<testcase name="test_no_match_global_fp" time="13.398000"/>
		<testcase name="test_no_match_global_non_ptr_struct_fp" time="12.926000"/>
		<testcase name="test_no_match_global_ptr_struct_fp" time="14.637000"/>
		<testcase name="test_no_match_on_self" time="14.972000"/>
		<testcase name="test_no_match_param_fp" time="14.186000"/>
		<testcase name="test_no_match_param_non_ptr_struct_fp" time="13.978000"/>
		<testcase name="test_no_match_param_ptr_struct_fp" time="12.868000"/>
		<testcase name="test_none_expr" time="14.058000"/>
		<testcase name="test_not_ctor_allocallobal" time="13.359000"/>
		<testcase name="test_null_comparison_with_inner_struct" time="13.931000"/>
		<testcase name="test_null_deref_check" time="13.470000"/>
		<testcase name="test_null_ptr_alloc_in_ctor" time="12.778000"/>
		<testcase name="test_obfs_test_no_obfs" time="13.433000"/>
		<testcase name="test_obfs_test_with_obfs" time="12.239000"/>
		<testcase name="test_one_width_bit_field" time="13.103000"/>
		<testcase name="test_oper_assign" time="14.414000"/>
		<testcase name="test_oper_assign_nohybrid" time="14.281000"/>
		<testcase name="test_optimal_constructor_choice" time="13.341000"/>
		<testcase name="test_overloading_inconsistency" time="12.646000"/>
		<testcase name="test_padd_assign_offset_on_field" time="12.863000"/>
		<testcase name="test_padd_tests" time="14.296000"/>
		<testcase name="test_param_fp" time="13.894000"/>
		<testcase name="test_param_non_ptr_struct_fp" time="13.476000"/>
		<testcase name="test_param_ptr_struct_fp" time="14.184000"/>
		<testcase name="test_parent_alloc_status" time="12.903000"/>
		<testcase name="test_pointer_address_float_example" time="13.279000"/>
		<testcase name="test_pointer_system_error" time="0.105000"/>
		<testcase name="test_pointers_to_const" time="14.162000"/>
		<testcase name="test_points_to_field_redundancy" time="13.779000"/>
		<testcase name="test_ptr_addr_of_assign" time="14.093000"/>
		<testcase name="test_ptr_random_tests" time="14.657000"/>
		<testcase name="test_ptr_to_class" time="18.264000"/>
		<testcase name="test_ptr_to_ptr_assign" time="15.697000"/>
		<testcase name="test_ptrs_to_structs_with_ctors" time="15.242000"/>
		<testcase name="test_pure_vs_not_pure" time="15.326000"/>
		<testcase name="test_pyedg_dataapi_consistency" time="14.170000"/>
		<testcase name="test_range_based_for" time="17.909000"/>
		<testcase name="test_readmem" time="13.515000"/>
		<testcase name="test_recursive_field_access" time="13.558000"/>
		<testcase name="test_reference_field" time="14.444000"/>
		<testcase name="test_reference_field_recursion_test" time="14.809000"/>
		<testcase name="test_region_size_exceeds" time="15.105000"/>
		<testcase name="test_reminder_oper" time="14.746000"/>
		<testcase name="test_resize_bv_float" time="14.816000"/>
		<testcase name="postconditions" time="0.142000"/>
		<testcase name="test_pep8_compliance" time="2.626000"/>
		<testcase name="test_input_dir_compliance" time="0.115000"/>
		<testcase name="test_suite_inheritance_compliance" time="0.094000"/>
	</testsuite>
</testsuites>
