<?xml version="1.0" ?>
<testsuites disabled="0" errors="0" failures="0" tests="9" time="54.1">
	<testsuite disabled="0" errors="0" failures="0" name="campaign_clicast.test_cover.suite_rgw" skipped="0" tests="9" time="54.1">
		<testcase name="preconditions" time="9.440000"/>
		<testcase name="test_export_after_result_with_links_removed" time="14.713000"/>
		<testcase name="test_export_links" time="12.856000"/>
		<testcase name="test_export_links_legacy" time="13.571000"/>
		<testcase name="postconditions"/>
		<testcase name="test_py_md_compliance" time="0.012000"/>
		<testcase name="test_pep8_compliance" time="3.489000"/>
		<testcase name="test_input_dir_compliance" time="0.011000"/>
		<testcase name="test_suite_inheritance_compliance" time="0.008000"/>
	</testsuite>
</testsuites>
