<?xml version="1.0" ?>
<testsuites disabled="0" errors="0" failures="0" tests="13" time="34.055">
	<testsuite disabled="0" errors="0" failures="0" name="campaign_clicast.test_cover_base_directories.suite_base_directory_dne" skipped="0" tests="13" time="34.055">
		<testcase name="preconditions" time="4.050000"/>
		<testcase name="test_base_dir_dne_error" time="0.579000"/>
		<testcase name="test_base_dir_dne_genearte_probe_point_report" time="5.170000"/>
		<testcase name="test_base_dir_dne_generate_aggregate_report_sfp" time="4.552000"/>
		<testcase name="test_base_dir_dne_generate_aggregate_report_tu" time="4.733000"/>
		<testcase name="test_base_dir_dne_generate_coupling_report" time="8.719000"/>
		<testcase name="test_base_dir_dne_generate_ram_usage_report" time="2.605000"/>
		<testcase name="test_base_dir_dne_generate_xml_aggregate_report" time="0.634000"/>
		<testcase name="postconditions"/>
		<testcase name="test_py_md_compliance" time="0.007000"/>
		<testcase name="test_pep8_compliance" time="2.987000"/>
		<testcase name="test_input_dir_compliance" time="0.010000"/>
		<testcase name="test_suite_inheritance_compliance" time="0.009000"/>
	</testsuite>
</testsuites>
