<?xml version="1.0" ?>
<testsuites disabled="0" errors="0" failures="0" tests="18" time="597.815">
	<testsuite disabled="0" errors="0" failures="0" name="campaign_vcastqt.test_unit_coverage.suite_custom_coverage_dialog" skipped="0" tests="18" time="597.815">
		<testcase name="preconditions" time="11.962000"/>
		<testcase name="test_check_all_filtered" time="36.758000"/>
		<testcase name="test_check_selected" time="31.697000"/>
		<testcase name="test_click_unit_checkbox" time="32.981000"/>
		<testcase name="test_initialize_deactivated" time="33.327000"/>
		<testcase name="test_key_commands" time="33.130000"/>
		<testcase name="test_single_unit_menu_disabled" time="60.515000"/>
		<testcase name="test_single_unit_uncheckable" time="60.496000"/>
		<testcase name="test_single_uut_unchecked" time="95.577000"/>
		<testcase name="test_stub_none_obj_checkmarks" time="58.766000"/>
		<testcase name="test_uncheck_all_filtered" time="33.774000"/>
		<testcase name="test_uncheck_selected" time="31.329000"/>
		<testcase name="test_unit_must_be_enabled" time="65.512000"/>
		<testcase name="postconditions" time="5.314000"/>
		<testcase name="test_py_md_compliance" time="0.077000"/>
		<testcase name="test_pep8_compliance" time="6.427000"/>
		<testcase name="test_input_dir_compliance" time="0.089000"/>
		<testcase name="test_suite_inheritance_compliance" time="0.084000"/>
	</testsuite>
</testsuites>
