<?xml version="1.0" ?>
<testsuites disabled="0" errors="0" failures="0" tests="16" time="38.065000000000005">
	<testsuite disabled="0" errors="0" failures="0" name="campaign_clicast.test_cover_options.suite_add_vcshell" skipped="0" tests="16" time="38.065000000000005">
		<testcase name="preconditions" time="1.455000"/>
		<testcase name="test_add_env_var_vcshell" time="4.701000"/>
		<testcase name="test_add_relative_path_vcshell" time="4.501000"/>
		<testcase name="test_add_vcshell_invalid_path" time="1.984000"/>
		<testcase name="test_add_vcshell_valid_case_insensitive" time="0.002000"/>
		<testcase name="test_add_vcshell_with_invalid_verb" time="2.095000"/>
		<testcase name="test_add_vcshell_with_valid_verb" time="2.192000"/>
		<testcase name="test_add_vcshell_without_verb" time="2.728000"/>
		<testcase name="test_duplicate_source_name" time="4.709000"/>
		<testcase name="test_inst_with_correct_vcshell_parameters" time="4.321000"/>
		<testcase name="test_inst_with_incorrect_vcshell_parameters" time="2.653000"/>
		<testcase name="postconditions"/>
		<testcase name="test_py_md_compliance" time="0.013000"/>
		<testcase name="test_pep8_compliance" time="6.697000"/>
		<testcase name="test_input_dir_compliance" time="0.008000"/>
		<testcase name="test_suite_inheritance_compliance" time="0.006000"/>
	</testsuite>
</testsuites>
