<?xml version="1.0" ?>
<testsuites disabled="0" errors="0" failures="0" tests="7" time="88.44500000000001">
	<testsuite disabled="0" errors="0" failures="0" name="campaign_vcastqt.test_backwards_compatibility_cover.suite_function_call_report" skipped="0" tests="7" time="88.44500000000001">
		<testcase name="preconditions" time="19.654000"/>
		<testcase name="test_must_reinstrument" time="61.747000"/>
		<testcase name="postconditions"/>
		<testcase name="test_py_md_compliance" time="0.054000"/>
		<testcase name="test_pep8_compliance" time="6.906000"/>
		<testcase name="test_input_dir_compliance" time="0.047000"/>
		<testcase name="test_suite_inheritance_compliance" time="0.037000"/>
	</testsuite>
</testsuites>
