<?xml version="1.0" ?>
<testsuites disabled="0" errors="0" failures="0" tests="23" time="56.511">
	<testsuite disabled="0" errors="0" failures="0" name="campaign_clicast.test_cover_source.suite_add_incr_reinstrument_c" skipped="0" tests="23" time="56.511">
		<testcase name="preconditions" time="6.317000"/>
		<testcase name="test_86561_retain_preprocessed_file" time="3.165000"/>
		<testcase name="test_87564_incr_reinst_timestamps_unchanged" time="0.557000"/>
		<testcase name="test_add_src_incr_reinst_inst_default_coverage" time="6.501000"/>
		<testcase name="test_add_src_incr_reinst_inst_non_default_coverage" time="8.376000"/>
		<testcase name="test_incr_reinst_branch" time="1.842000"/>
		<testcase name="test_incr_reinst_branch_call_coverage" time="2.173000"/>
		<testcase name="test_incr_reinst_function" time="1.956000"/>
		<testcase name="test_incr_reinst_function_call_coverage" time="2.342000"/>
		<testcase name="test_incr_reinst_mcdc" time="2.036000"/>
		<testcase name="test_incr_reinst_mcdc_call_coverage" time="2.309000"/>
		<testcase name="test_incr_reinst_stmt" time="2.048000"/>
		<testcase name="test_incr_reinst_stmt_branch" time="1.940000"/>
		<testcase name="test_incr_reinst_stmt_branch_call_coverage" time="2.138000"/>
		<testcase name="test_incr_reinst_stmt_call_coverage" time="2.228000"/>
		<testcase name="test_incr_reinst_stmt_mcdc" time="2.191000"/>
		<testcase name="test_incr_reinst_stmt_mcdc_call_coverage" time="2.479000"/>
		<testcase name="test_incr_reinst_updates_vcast_c_ops" time="1.271000"/>
		<testcase name="postconditions"/>
		<testcase name="test_py_md_compliance" time="0.029000"/>
		<testcase name="test_pep8_compliance" time="4.595000"/>
		<testcase name="test_input_dir_compliance" time="0.010000"/>
		<testcase name="test_suite_inheritance_compliance" time="0.008000"/>
	</testsuite>
</testsuites>
