<?xml version="1.0" ?>
<testsuites disabled="0" errors="0" failures="0" tests="26" time="257.43199999999996">
	<testsuite disabled="0" errors="0" failures="0" name="campaign_cli_manage.test_build_execute.suite_build_cover" skipped="0" tests="26" time="257.43199999999996">
		<testcase name="preconditions" time="8.115000"/>
		<testcase name="test_build_execute_with_missing_src" time="14.460000"/>
		<testcase name="test_components_xml" time="9.384000"/>
		<testcase name="test_enc_run_failure" time="12.765000"/>
		<testcase name="test_env_delete_failure" time="12.920000"/>
		<testcase name="test_env_delete_failure_force_remove" time="8.659000"/>
		<testcase name="test_full_build" time="10.278000"/>
		<testcase name="test_full_build_execute" time="12.627000"/>
		<testcase name="test_full_build_execute_components" time="12.695000"/>
		<testcase name="test_full_execute" time="6.651000"/>
		<testcase name="test_incr_build_uses_cvr_from_repo" time="13.594000"/>
		<testcase name="test_incremental_build_execute" time="8.843000"/>
		<testcase name="test_incremental_build_execute_components" time="9.131000"/>
		<testcase name="test_interactive_build_execute_components" time="13.077000"/>
		<testcase name="test_migrate_cba" time="10.204000"/>
		<testcase name="test_migrate_imported_results" time="12.111000"/>
		<testcase name="test_migrate_probe_points" time="8.052000"/>
		<testcase name="test_migrate_unit_build_execute_cover" time="14.959000"/>
		<testcase name="test_regressionable_components" time="22.084000"/>
		<testcase name="test_relative_paths" time="18.016000"/>
		<testcase name="test_set_configuration" time="11.298000"/>
		<testcase name="postconditions"/>
		<testcase name="test_py_md_compliance" time="0.023000"/>
		<testcase name="test_pep8_compliance" time="7.439000"/>
		<testcase name="test_input_dir_compliance" time="0.025000"/>
		<testcase name="test_suite_inheritance_compliance" time="0.022000"/>
	</testsuite>
</testsuites>
