<?xml version="1.0" ?>
<testsuites disabled="0" errors="0" failures="0" tests="9" time="134.173">
	<testsuite disabled="0" errors="0" failures="0" name="campaign_vcastqt.test_unit_coverage.suite_save_coverage_reports_sfp" skipped="0" tests="9" time="134.173">
		<testcase name="preconditions" time="11.944000"/>
		<testcase name="test_environment_level" time="40.738000"/>
		<testcase name="test_test_case_level" time="35.433000"/>
		<testcase name="test_unit_level" time="35.363000"/>
		<testcase name="postconditions" time="5.147000"/>
		<testcase name="test_py_md_compliance" time="0.036000"/>
		<testcase name="test_pep8_compliance" time="5.421000"/>
		<testcase name="test_input_dir_compliance" time="0.049000"/>
		<testcase name="test_suite_inheritance_compliance" time="0.042000"/>
	</testsuite>
</testsuites>
