<?xml version="1.0" ?>
<testsuites disabled="0" errors="0" failures="0" tests="7" time="55.41">
	<testsuite disabled="0" errors="0" failures="0" name="campaign_vcastqt.test_cover_source_files_view.suite_symlink_env" skipped="0" tests="7" time="55.41">
		<testcase name="preconditions" time="11.881000"/>
		<testcase name="test_symlink_source_files_coverage" time="37.079000"/>
		<testcase name="postconditions"/>
		<testcase name="test_py_md_compliance" time="0.037000"/>
		<testcase name="test_pep8_compliance" time="6.329000"/>
		<testcase name="test_input_dir_compliance" time="0.043000"/>
		<testcase name="test_suite_inheritance_compliance" time="0.041000"/>
	</testsuite>
</testsuites>
