<?xml version="1.0" ?>
<testsuites disabled="0" errors="0" failures="0" tests="52" time="594.3969999999999">
	<testsuite disabled="0" errors="0" failures="0" name="campaign_atg.test_atg.suite_coverage_development_mode_z3_part_03" skipped="0" tests="52" time="594.3969999999999">
		<testcase name="preconditions"/>
		<testcase name="test_ctor_for_ctor_params" time="14.165000"/>
		<testcase name="test_ctor_for_dummy_stubs" time="11.163000"/>
		<testcase name="test_ctor_for_fields" time="11.610000"/>
		<testcase name="test_ctor_for_member_variables" time="11.661000"/>
		<testcase name="test_ctor_global" time="11.553000"/>
		<testcase name="test_data_api" time="11.785000"/>
		<testcase name="test_dead_fields" time="11.514000"/>
		<testcase name="test_decision_involving_structs" time="11.976000"/>
		<testcase name="test_derived_class_example_2" time="11.754000"/>
		<testcase name="test_detecting_param_as_local" time="11.951000"/>
		<testcase name="test_different_bracket_statements" time="12.509000"/>
		<testcase name="test_different_depth_ambiguity" time="13.160000"/>
		<testcase name="test_differing_bitwidth_shifts" time="12.194000"/>
		<testcase name="test_differing_float_double_conversions" time="24.058000"/>
		<testcase name="test_dik_constructor" time="13.710000"/>
		<testcase name="test_dik_nonconstant_aggregate" time="13.462000"/>
		<testcase name="test_dik_none_no_ctor" time="12.534000"/>
		<testcase name="test_div_overflow" time="11.608000"/>
		<testcase name="test_do_while" time="16.259000"/>
		<testcase name="test_do_while_do_while" time="12.413000"/>
		<testcase name="test_do_while_one_followed_by_if" time="15.503000"/>
		<testcase name="test_double_assignment_example" time="12.647000"/>
		<testcase name="test_double_pointer_runtime_error" time="12.221000"/>
		<testcase name="test_dummy_time_credit" time="12.387000"/>
		<testcase name="test_duped_namespace_qualifiers" time="13.477000"/>
		<testcase name="test_dynamic_init_ck_aggregate" time="13.618000"/>
		<testcase name="test_dynamic_init_expression" time="12.132000"/>
		<testcase name="test_edg_workaround1" time="13.789000"/>
		<testcase name="test_empty_pointer_index_error" time="11.412000"/>
		<testcase name="test_empty_struct" time="11.830000"/>
		<testcase name="test_enk_new_delete" time="13.406000"/>
		<testcase name="test_enum_cpp" time="12.609000"/>
		<testcase name="test_enum_names" time="11.381000"/>
		<testcase name="test_enum_pointer_reference" time="12.530000"/>
		<testcase name="test_exception_on_designator" time="11.848000"/>
		<testcase name="test_exceptions_trigger" time="12.349000"/>
		<testcase name="test_excessive_val_ext" time="12.360000"/>
		<testcase name="test_excessive_val_ext_loop" time="0.096000"/>
		<testcase name="test_existing_mem_region" time="11.589000"/>
		<testcase name="test_extern_array" time="14.213000"/>
		<testcase name="test_external_bool_input" time="11.667000"/>
		<testcase name="test_external_bool_input_cpp" time="12.406000"/>
		<testcase name="test_faked_derived_class" time="12.672000"/>
		<testcase name="test_fext" time="13.263000"/>
		<testcase name="test_field_initializers" time="12.109000"/>
		<testcase name="test_find_ternary_examples" time="13.098000"/>
		<testcase name="test_flattened_pointer_value_705" time="13.555000"/>
		<testcase name="postconditions" time="0.151000"/>
		<testcase name="test_pep8_compliance" time="2.628000"/>
		<testcase name="test_input_dir_compliance" time="0.201000"/>
		<testcase name="test_suite_inheritance_compliance" time="0.211000"/>
	</testsuite>
</testsuites>
