<?xml version="1.0" ?>
<testsuites disabled="0" errors="0" failures="0" tests="16" time="57.14200000000001">
	<testsuite disabled="0" errors="0" failures="0" name="campaign_vcinst.test_reinstrument.suite_coverage_types" skipped="0" tests="16" time="57.14200000000001">
		<testcase name="preconditions" time="3.477000"/>
		<testcase name="test_basis_paths" time="5.766000"/>
		<testcase name="test_branch" time="4.978000"/>
		<testcase name="test_function" time="4.903000"/>
		<testcase name="test_function_function_call" time="4.846000"/>
		<testcase name="test_level_a_function_call" time="5.042000"/>
		<testcase name="test_mcdc" time="4.821000"/>
		<testcase name="test_probe_point" time="4.658000"/>
		<testcase name="test_statement" time="4.957000"/>
		<testcase name="test_statement_branch" time="4.904000"/>
		<testcase name="test_statement_mcdc" time="5.265000"/>
		<testcase name="postconditions"/>
		<testcase name="test_py_md_compliance" time="0.048000"/>
		<testcase name="test_pep8_compliance" time="3.427000"/>
		<testcase name="test_input_dir_compliance" time="0.027000"/>
		<testcase name="test_suite_inheritance_compliance" time="0.023000"/>
	</testsuite>
</testsuites>
