<?xml version="1.0" ?>
<testsuites disabled="0" errors="0" failures="0" tests="30" time="968.309">
	<testsuite disabled="0" errors="0" failures="0" name="campaign_vcastqt.test_unit_coverage.suite_coverage_viewer_updates" skipped="0" tests="30" time="968.309">
		<testcase name="preconditions" time="26.910000"/>
		<testcase name="test_add_cba_result_cvg_viewer" time="40.916000"/>
		<testcase name="test_add_cba_result_cvg_viewer_ut" time="35.009000"/>
		<testcase name="test_add_cba_result_cvg_viewer_while_zero" time="37.718000"/>
		<testcase name="test_add_imported_result_cvg_viewer" time="40.273000"/>
		<testcase name="test_add_imported_result_cvg_viewer_ut" time="35.863000"/>
		<testcase name="test_add_regular_result_cvg_viewer" time="40.557000"/>
		<testcase name="test_add_regular_result_cvg_viewer_ut" time="32.416000"/>
		<testcase name="test_change_regular_result_compound_only" time="33.523000"/>
		<testcase name="test_edit_regular_result" time="35.751000"/>
		<testcase name="test_import_cba_result_cvg_viewer" time="45.113000"/>
		<testcase name="test_import_cba_result_cvg_viewer_ut" time="36.666000"/>
		<testcase name="test_import_imported_result_cvg_viewer" time="40.442000"/>
		<testcase name="test_import_imported_result_cvg_viewer_ut" time="36.750000"/>
		<testcase name="test_remove_all_coverage_results" time="39.020000"/>
		<testcase name="test_remove_all_results_files" time="36.358000"/>
		<testcase name="test_remove_cba_result_cvg_viewer" time="37.838000"/>
		<testcase name="test_remove_cba_result_cvg_viewer_ut" time="39.049000"/>
		<testcase name="test_remove_imported_result_cvg_viewer" time="34.772000"/>
		<testcase name="test_remove_imported_result_cvg_viewer_ut" time="38.071000"/>
		<testcase name="test_remove_regular_result_cvg_viewer" time="33.535000"/>
		<testcase name="test_remove_regular_result_cvg_viewer_ut" time="34.902000"/>
		<testcase name="test_toggle_perspective_modes" time="49.742000"/>
		<testcase name="test_uninstrument" time="50.051000"/>
		<testcase name="test_uninstrument_ut" time="43.129000"/>
		<testcase name="postconditions" time="5.248000"/>
		<testcase name="test_py_md_compliance" time="0.129000"/>
		<testcase name="test_pep8_compliance" time="8.228000"/>
		<testcase name="test_input_dir_compliance" time="0.187000"/>
		<testcase name="test_suite_inheritance_compliance" time="0.143000"/>
	</testsuite>
</testsuites>
