<?xml version="1.0" ?>
<testsuites disabled="0" errors="0" failures="0" tests="8" time="7.866999999999999">
	<testsuite disabled="0" errors="0" failures="0" name="campaign_licensing.test_action_instrument_mcdc_cover.suite_none" skipped="0" tests="8" time="7.866999999999999">
		<testcase name="preconditions" time="2.136000"/>
		<testcase name="test_served_no_enabling_feature" time="2.306000"/>
		<testcase name="test_unserved_no_enabling_feature" time="1.106000"/>
		<testcase name="postconditions"/>
		<testcase name="test_py_md_compliance" time="0.005000"/>
		<testcase name="test_pep8_compliance" time="2.304000"/>
		<testcase name="test_input_dir_compliance" time="0.008000"/>
		<testcase name="test_suite_inheritance_compliance" time="0.002000"/>
	</testsuite>
</testsuites>
