<?xml version="1.0" ?>
<testsuites disabled="0" errors="0" failures="0" tests="19" time="51.513">
	<testsuite disabled="0" errors="0" failures="0" name="campaign_clicast.test_options.suite_simplified_condition_coverage_cover" skipped="0" tests="19" time="51.513">
		<testcase name="preconditions" time="3.559000"/>
		<testcase name="test_reinst_file_level_a_to_level_a" time="2.465000"/>
		<testcase name="test_reinst_file_level_a_to_mcdc" time="2.321000"/>
		<testcase name="test_reinst_file_mcdc_to_level_a" time="2.331000"/>
		<testcase name="test_reinst_file_mcdc_to_mcdc" time="2.391000"/>
		<testcase name="test_simplified_mcdc_on" time="2.270000"/>
		<testcase name="test_simplified_mcdc_reinst_after_option_change_ft" time="4.672000"/>
		<testcase name="test_simplified_mcdc_reinst_after_option_change_tf" time="4.778000"/>
		<testcase name="test_simplified_mcdc_reinst_file" time="1.935000"/>
		<testcase name="test_simplified_off_imported_to_on" time="4.518000"/>
		<testcase name="test_simplified_off_imported_to_on_levela" time="4.597000"/>
		<testcase name="test_simplified_on_imported_to_off" time="4.693000"/>
		<testcase name="test_simplified_on_imported_to_off_levela" time="4.689000"/>
		<testcase name="test_simplified_statement_mcdc_on" time="2.232000"/>
		<testcase name="postconditions"/>
		<testcase name="test_py_md_compliance" time="0.013000"/>
		<testcase name="test_pep8_compliance" time="4.023000"/>
		<testcase name="test_input_dir_compliance" time="0.014000"/>
		<testcase name="test_suite_inheritance_compliance" time="0.012000"/>
	</testsuite>
</testsuites>
