<?xml version="1.0" ?>
<testsuites disabled="0" errors="0" failures="0" tests="9" time="175.409">
	<testsuite disabled="0" errors="0" failures="0" name="campaign_vcastqt.test_reports.suite_compile_errors_c" skipped="0" tests="9" time="175.409">
		<testcase name="preconditions" time="11.186000"/>
		<testcase name="test_refresh_report" time="54.844000"/>
		<testcase name="test_report_with_compile_errors" time="53.677000"/>
		<testcase name="test_report_wo_compile_errors" time="41.590000"/>
		<testcase name="postconditions" time="5.313000"/>
		<testcase name="test_py_md_compliance" time="0.059000"/>
		<testcase name="test_pep8_compliance" time="8.636000"/>
		<testcase name="test_input_dir_compliance" time="0.072000"/>
		<testcase name="test_suite_inheritance_compliance" time="0.032000"/>
	</testsuite>
</testsuites>
