<?xml version="1.0" ?>
<testsuites disabled="0" errors="0" failures="0" tests="10" time="26.464">
	<testsuite disabled="0" errors="0" failures="0" name="campaign_clicast.test_cover_options.suite_maximum_mcdc_expressions_ada" skipped="0" tests="10" time="26.464">
		<testcase name="preconditions" time="1.183000"/>
		<testcase name="test_max_expressions_exceeded_mcdc" time="5.162000"/>
		<testcase name="test_max_expressions_exceeded_statement_mcdc" time="4.940000"/>
		<testcase name="test_max_expressions_not_exceeded_mcdc" time="5.358000"/>
		<testcase name="test_max_expressions_not_exceeded_statement_mcdc" time="5.400000"/>
		<testcase name="postconditions"/>
		<testcase name="test_py_md_compliance" time="0.006000"/>
		<testcase name="test_pep8_compliance" time="4.398000"/>
		<testcase name="test_input_dir_compliance" time="0.012000"/>
		<testcase name="test_suite_inheritance_compliance" time="0.005000"/>
	</testsuite>
</testsuites>
