<?xml version="1.0" ?>
<testsuites disabled="0" errors="0" failures="0" tests="14" time="121.23200000000001">
	<testsuite disabled="0" errors="0" failures="0" name="campaign_clicast.test_cover.suite_environment_regression_script" skipped="0" tests="14" time="121.23200000000001">
		<testcase name="preconditions" time="0.233000"/>
		<testcase name="test_base_dirs_with_header_files" time="9.132000"/>
		<testcase name="test_coupling" time="14.672000"/>
		<testcase name="test_coverage_type_ada" time="21.556000"/>
		<testcase name="test_coverage_type_c" time="32.895000"/>
		<testcase name="test_environment_coverage_type" time="8.147000"/>
		<testcase name="test_new_environment_default_coverage" time="8.962000"/>
		<testcase name="test_source_coverage_type" time="9.570000"/>
		<testcase name="test_source_coverage_type_none" time="11.343000"/>
		<testcase name="postconditions"/>
		<testcase name="test_py_md_compliance" time="0.016000"/>
		<testcase name="test_pep8_compliance" time="4.661000"/>
		<testcase name="test_input_dir_compliance" time="0.018000"/>
		<testcase name="test_suite_inheritance_compliance" time="0.027000"/>
	</testsuite>
</testsuites>
