<?xml version="1.0" ?>
<testsuites disabled="0" errors="0" failures="0" tests="33" time="349.37999999999994">
	<testsuite disabled="0" errors="0" failures="0" name="campaign_atg.test_atg.suite_coverage_development_mode_btor_part_10" skipped="0" tests="33" time="349.37999999999994">
		<testcase name="preconditions"/>
		<testcase name="test_templated_functions" time="11.809000"/>
		<testcase name="test_templated_structs_of_the_same_name" time="11.685000"/>
		<testcase name="test_templates_involving_structs" time="11.564000"/>
		<testcase name="test_tern_nested_in_if" time="11.363000"/>
		<testcase name="test_ternary" time="11.340000"/>
		<testcase name="test_testable_routines" time="11.494000"/>
		<testcase name="test_this_direct_comparison" time="11.704000"/>
		<testcase name="test_timeout_zero" time="11.536000"/>
		<testcase name="test_typedef_crash" time="11.282000"/>
		<testcase name="test_typedeffed_struct_as_method_param" time="11.490000"/>
		<testcase name="test_typemismatch_this" time="11.694000"/>
		<testcase name="test_udiv_test" time="11.444000"/>
		<testcase name="test_unicode_uncomplient_string" time="11.393000"/>
		<testcase name="test_union_overlap" time="12.205000"/>
		<testcase name="test_unnamed_stub_param" time="11.379000"/>
		<testcase name="test_urem" time="11.442000"/>
		<testcase name="test_vcast_c_example_manager" time="14.438000"/>
		<testcase name="test_vcast_c_example_vscode" time="14.826000"/>
		<testcase name="test_vcast_cpp_example_manager" time="17.827000"/>
		<testcase name="test_vcast_cpp_example_manager_extra" time="14.071000"/>
		<testcase name="test_vcast_cpp_example_minimal_fields" time="12.009000"/>
		<testcase name="test_vcast_cpp_example_vscode" time="17.843000"/>
		<testcase name="test_virtual_vs_non_virtual_stubs" time="11.727000"/>
		<testcase name="test_void_field_inside_struct" time="11.508000"/>
		<testcase name="test_void_star_field" time="12.611000"/>
		<testcase name="test_void_star_tests" time="12.520000"/>
		<testcase name="test_volatile_const_arrays" time="11.356000"/>
		<testcase name="test_walk_method_not_walk_ctor" time="11.728000"/>
		<testcase name="postconditions" time="0.064000"/>
		<testcase name="test_pep8_compliance" time="1.893000"/>
		<testcase name="test_input_dir_compliance" time="0.072000"/>
		<testcase name="test_suite_inheritance_compliance" time="0.063000"/>
	</testsuite>
</testsuites>
