<?xml version="1.0" ?>
<testsuites disabled="0" errors="0" failures="0" tests="11" time="18.315">
	<testsuite disabled="0" errors="0" failures="0" name="campaign_clicast.test_instrumentation_use_cases.suite_probe_point_globbing_cover" skipped="0" tests="11" time="18.315">
		<testcase name="preconditions" time="6.155000"/>
		<testcase name="test_function_globbing" time="2.818000"/>
		<testcase name="test_function_globbing_regular_probe" time="0.573000"/>
		<testcase name="test_unit_globbing" time="3.261000"/>
		<testcase name="test_unit_globbing_file_scope_only" time="2.409000"/>
		<testcase name="test_unit_globbing_regular_probe" time="0.501000"/>
		<testcase name="postconditions"/>
		<testcase name="test_py_md_compliance" time="0.006000"/>
		<testcase name="test_pep8_compliance" time="2.583000"/>
		<testcase name="test_input_dir_compliance" time="0.005000"/>
		<testcase name="test_suite_inheritance_compliance" time="0.004000"/>
	</testsuite>
</testsuites>
