<?xml version="1.0" ?>
<testsuites disabled="0" errors="0" failures="0" tests="8" time="9.149">
	<testsuite disabled="0" errors="0" failures="0" name="campaign_coverage.test_coverage.suite_probe_points" skipped="0" tests="8" time="9.149">
		<testcase name="preconditions" time="6.167000"/>
		<testcase name="test_file_scope_probes" time="0.272000"/>
		<testcase name="test_find_by_line" time="0.326000"/>
		<testcase name="postconditions"/>
		<testcase name="test_py_md_compliance" time="0.006000"/>
		<testcase name="test_pep8_compliance" time="2.365000"/>
		<testcase name="test_input_dir_compliance" time="0.008000"/>
		<testcase name="test_suite_inheritance_compliance" time="0.005000"/>
	</testsuite>
</testsuites>
