<?xml version="1.0" ?>
<testsuites disabled="0" errors="0" failures="0" tests="11" time="289.901">
	<testsuite disabled="0" errors="0" failures="0" name="campaign_vcastqt.test_cover.suite_open_coverage_viewer" skipped="0" tests="11" time="289.901">
		<testcase name="preconditions" time="15.209000"/>
		<testcase name="test_animation_not_open" time="62.110000"/>
		<testcase name="test_buffered_not_open" time="61.101000"/>
		<testcase name="test_open_from_environment_node" time="47.553000"/>
		<testcase name="test_real_time_viewer_not_open" time="37.202000"/>
		<testcase name="test_viewer_open_behind" time="54.846000"/>
		<testcase name="postconditions" time="5.106000"/>
		<testcase name="test_py_md_compliance" time="0.123000"/>
		<testcase name="test_pep8_compliance" time="6.449000"/>
		<testcase name="test_input_dir_compliance" time="0.101000"/>
		<testcase name="test_suite_inheritance_compliance" time="0.101000"/>
	</testsuite>
</testsuites>
