<?xml version="1.0" ?>
<testsuites disabled="0" errors="0" failures="0" tests="11" time="21.914">
	<testsuite disabled="0" errors="0" failures="0" name="campaign_clicast.test_options.suite_vcast_enable_fn_call_coverage_cover" skipped="0" tests="11" time="21.914">
		<testcase name="preconditions" time="5.401000"/>
		<testcase name="test_option_off" time="2.437000"/>
		<testcase name="test_option_on_branch" time="2.537000"/>
		<testcase name="test_option_on_level_a" time="2.862000"/>
		<testcase name="test_option_on_level_b" time="2.335000"/>
		<testcase name="test_option_on_statement" time="2.268000"/>
		<testcase name="postconditions"/>
		<testcase name="test_py_md_compliance" time="0.005000"/>
		<testcase name="test_pep8_compliance" time="4.054000"/>
		<testcase name="test_input_dir_compliance" time="0.009000"/>
		<testcase name="test_suite_inheritance_compliance" time="0.006000"/>
	</testsuite>
</testsuites>
