<?xml version="1.0" ?>
<testsuites disabled="0" errors="0" failures="0" tests="17" time="65.118">
	<testsuite disabled="0" errors="0" failures="0" name="campaign_clicast.test_cover_reports.suite_unit_metrics_template_instantiation_sfp" skipped="0" tests="17" time="65.118">
		<testcase name="preconditions" time="4.842000"/>
		<testcase name="test_branch" time="5.804000"/>
		<testcase name="test_function" time="4.987000"/>
		<testcase name="test_function_and_call" time="4.689000"/>
		<testcase name="test_mcdc" time="4.997000"/>
		<testcase name="test_statement" time="4.997000"/>
		<testcase name="test_statement_branch" time="5.316000"/>
		<testcase name="test_statement_branch_call" time="5.709000"/>
		<testcase name="test_statement_call" time="5.617000"/>
		<testcase name="test_statement_mcdc" time="5.162000"/>
		<testcase name="test_statement_mcdc_call" time="5.957000"/>
		<testcase name="test_unsupported_in_tu_mode" time="2.833000"/>
		<testcase name="postconditions"/>
		<testcase name="test_py_md_compliance" time="0.010000"/>
		<testcase name="test_pep8_compliance" time="4.167000"/>
		<testcase name="test_input_dir_compliance" time="0.020000"/>
		<testcase name="test_suite_inheritance_compliance" time="0.011000"/>
	</testsuite>
</testsuites>
