<?xml version="1.0" ?>
<testsuites disabled="0" errors="0" failures="0" tests="14" time="36.57">
	<testsuite disabled="0" errors="0" failures="0" name="campaign_clicast.test_cover_jit.suite_suppress_test_code_coverage" skipped="0" tests="14" time="36.57">
		<testcase name="preconditions" time="5.206000"/>
		<testcase name="test_header_lib" time="3.450000"/>
		<testcase name="test_header_lib_temp_inst" time="3.520000"/>
		<testcase name="test_suppress_header" time="4.168000"/>
		<testcase name="test_suppress_header_temp_inst" time="4.104000"/>
		<testcase name="test_suppress_inlined_test" time="2.809000"/>
		<testcase name="test_suppress_inlined_test_temp_inst" time="2.921000"/>
		<testcase name="test_suppress_test_dir" time="3.516000"/>
		<testcase name="test_suppress_test_dir_temp_inst" time="3.422000"/>
		<testcase name="postconditions"/>
		<testcase name="test_py_md_compliance" time="0.009000"/>
		<testcase name="test_pep8_compliance" time="3.418000"/>
		<testcase name="test_input_dir_compliance" time="0.019000"/>
		<testcase name="test_suite_inheritance_compliance" time="0.008000"/>
	</testsuite>
</testsuites>
