<?xml version="1.0" ?>
<testsuites disabled="0" errors="0" failures="0" tests="7" time="11.693">
	<testsuite disabled="0" errors="0" failures="0" name="campaign_clicast.test_cover_reports.suite_probe_point_output" skipped="0" tests="7" time="11.693">
		<testcase name="preconditions" time="2.450000"/>
		<testcase name="test_probe_point_output" time="7.270000"/>
		<testcase name="postconditions"/>
		<testcase name="test_py_md_compliance" time="0.003000"/>
		<testcase name="test_pep8_compliance" time="1.963000"/>
		<testcase name="test_input_dir_compliance" time="0.004000"/>
		<testcase name="test_suite_inheritance_compliance" time="0.003000"/>
	</testsuite>
</testsuites>
