<?xml version="1.0" ?>
<testsuites disabled="0" errors="0" failures="0" tests="25" time="729.9430000000002">
	<testsuite disabled="0" errors="0" failures="0" name="campaign_vcastqt.test_manage_files_tab.suite_coverage_viewer_a" skipped="0" tests="25" time="729.9430000000002">
		<testcase name="preconditions" time="33.594000"/>
		<testcase name="test_full_basis" time="33.188000"/>
		<testcase name="test_full_branch" time="30.127000"/>
		<testcase name="test_full_cba_only_branch" time="36.588000"/>
		<testcase name="test_full_cba_only_function" time="36.696000"/>
		<testcase name="test_full_cba_only_level_a" time="36.997000"/>
		<testcase name="test_full_cba_only_level_b" time="37.410000"/>
		<testcase name="test_full_cba_only_mcdc" time="37.173000"/>
		<testcase name="test_full_cba_only_statement" time="38.017000"/>
		<testcase name="test_full_due_to_cba_branch" time="39.934000"/>
		<testcase name="test_full_due_to_cba_function" time="38.552000"/>
		<testcase name="test_full_due_to_cba_level_a" time="39.696000"/>
		<testcase name="test_full_due_to_cba_level_b" time="38.944000"/>
		<testcase name="test_full_due_to_cba_mcdc" time="40.108000"/>
		<testcase name="test_full_due_to_cba_statement" time="40.866000"/>
		<testcase name="test_full_function" time="31.187000"/>
		<testcase name="test_full_level_a" time="32.476000"/>
		<testcase name="test_full_level_b" time="31.171000"/>
		<testcase name="test_full_mcdc" time="31.251000"/>
		<testcase name="test_full_statement" time="30.831000"/>
		<testcase name="postconditions" time="5.249000"/>
		<testcase name="test_py_md_compliance" time="0.234000"/>
		<testcase name="test_pep8_compliance" time="8.977000"/>
		<testcase name="test_input_dir_compliance" time="0.422000"/>
		<testcase name="test_suite_inheritance_compliance" time="0.255000"/>
	</testsuite>
</testsuites>
