<?xml version="1.0" ?>
<testsuites disabled="0" errors="0" failures="0" tests="20" time="207.66500000000002">
	<testsuite disabled="0" errors="0" failures="0" name="campaign_cli_manage.test_reports.suite_change_impact_report" skipped="0" tests="20" time="207.66500000000002">
		<testcase name="preconditions" time="9.889000"/>
		<testcase name="test_bad_src_dir_given" time="1.051000"/>
		<testcase name="test_file_changed_in_alt_directory" time="4.657000"/>
		<testcase name="test_file_changed_in_place" time="5.883000"/>
		<testcase name="test_file_changed_in_unit_env" time="27.012000"/>
		<testcase name="test_file_changed_in_unit_env_no_coverage" time="26.297000"/>
		<testcase name="test_file_changed_instrument_in_place_off" time="14.349000"/>
		<testcase name="test_file_changed_instrument_in_place_off_alt_dir" time="13.705000"/>
		<testcase name="test_file_changed_no_source_root_dir_set" time="6.345000"/>
		<testcase name="test_file_vcast_bak_changed_in_place" time="4.110000"/>
		<testcase name="test_multiple_files_in_env_changed" time="17.443000"/>
		<testcase name="test_multiple_files_multiple_envs_changed" time="15.491000"/>
		<testcase name="test_multiple_results_affected" time="7.231000"/>
		<testcase name="test_no_files_changed" time="3.362000"/>
		<testcase name="test_shared_file_changed" time="44.574000"/>
		<testcase name="postconditions"/>
		<testcase name="test_py_md_compliance" time="0.050000"/>
		<testcase name="test_pep8_compliance" time="6.161000"/>
		<testcase name="test_input_dir_compliance" time="0.036000"/>
		<testcase name="test_suite_inheritance_compliance" time="0.019000"/>
	</testsuite>
</testsuites>
