<?xml version="1.0" ?>
<testsuites disabled="0" errors="0" failures="0" tests="8" time="145.03199999999998">
	<testsuite disabled="0" errors="0" failures="0" name="campaign_vcastqt.test_unit_coverage_menu.suite_remove_all_cvg_data_ada" skipped="0" tests="8" time="145.03199999999998">
		<testcase name="preconditions" time="15.462000"/>
		<testcase name="test_import_results_with_statement" time="66.688000"/>
		<testcase name="test_statement_coverage_type" time="50.807000"/>
		<testcase name="postconditions" time="5.289000"/>
		<testcase name="test_py_md_compliance" time="0.041000"/>
		<testcase name="test_pep8_compliance" time="6.635000"/>
		<testcase name="test_input_dir_compliance" time="0.062000"/>
		<testcase name="test_suite_inheritance_compliance" time="0.048000"/>
	</testsuite>
</testsuites>
