<?xml version="1.0" ?>
<testsuites disabled="0" errors="0" failures="0" tests="9" time="12.453000000000001">
	<testsuite disabled="0" errors="0" failures="0" name="campaign_clicast.test_cover_reports.suite_mcdc_equivalence_options" skipped="0" tests="9" time="12.453000000000001">
		<testcase name="preconditions" time="3.515000"/>
		<testcase name="test_no_coverage_level_a" time="1.940000"/>
		<testcase name="test_no_coverage_mcdc" time="1.814000"/>
		<testcase name="test_vcast_version_in_report" time="3.148000"/>
		<testcase name="postconditions"/>
		<testcase name="test_py_md_compliance" time="0.005000"/>
		<testcase name="test_pep8_compliance" time="2.023000"/>
		<testcase name="test_input_dir_compliance" time="0.005000"/>
		<testcase name="test_suite_inheritance_compliance" time="0.003000"/>
	</testsuite>
</testsuites>
