<?xml version="1.0" ?>
<testsuites disabled="0" errors="0" failures="0" tests="8" time="122.98200000000003">
	<testsuite disabled="0" errors="0" failures="0" name="campaign_vcastqt.test_reports.suite_compile_errors_ada" skipped="0" tests="8" time="122.98200000000003">
		<testcase name="preconditions" time="8.940000"/>
		<testcase name="test_report_with_compile_errors" time="60.805000"/>
		<testcase name="test_report_wo_compile_errors" time="42.364000"/>
		<testcase name="postconditions" time="5.313000"/>
		<testcase name="test_py_md_compliance" time="0.025000"/>
		<testcase name="test_pep8_compliance" time="5.447000"/>
		<testcase name="test_input_dir_compliance" time="0.055000"/>
		<testcase name="test_suite_inheritance_compliance" time="0.033000"/>
	</testsuite>
</testsuites>
