<?xml version="1.0" ?>
<testsuites disabled="0" errors="0" failures="0" tests="25" time="151.72400000000002">
	<testsuite disabled="0" errors="0" failures="0" name="campaign_clicast.test_environment.suite_incremental_rebuild_coverage_types" skipped="0" tests="25" time="151.72400000000002">
		<testcase name="preconditions"/>
		<testcase name="test_basis_paths_cover_global_change_full_rebuild" time="7.279000"/>
		<testcase name="test_basis_paths_cover_local_change_inc_rebuild" time="8.162000"/>
		<testcase name="test_branch_cover_global_change_full_rebuild" time="7.524000"/>
		<testcase name="test_branch_cover_local_change_inc_rebuild" time="8.298000"/>
		<testcase name="test_func_func_call_global_change_full_rebuild" time="7.548000"/>
		<testcase name="test_func_func_call_local_change_inc_rebuild" time="8.127000"/>
		<testcase name="test_function_cover_global_change_full_rebuild" time="7.176000"/>
		<testcase name="test_function_cover_local_change_inc_rebuild" time="7.785000"/>
		<testcase name="test_mcdc_cover_global_change_full_rebuild" time="7.376000"/>
		<testcase name="test_mcdc_cover_local_change_inc_rebuild" time="8.266000"/>
		<testcase name="test_no_cover_global_change_inc_rebuild" time="6.769000"/>
		<testcase name="test_no_cover_local_change_inc_rebuild" time="7.149000"/>
		<testcase name="test_state_branch_cover_global_change_full_rebuild" time="7.761000"/>
		<testcase name="test_state_branch_cover_local_change_inc_rebuild" time="9.330000"/>
		<testcase name="test_state_mcdc_cover_global_change_full_rebuild" time="8.124000"/>
		<testcase name="test_state_mcdc_cover_local_change_inc_rebuild" time="8.173000"/>
		<testcase name="test_statement_cover_global_change_full_rebuild" time="7.254000"/>
		<testcase name="test_statement_cover_local_change_inc_rebuild" time="8.186000"/>
		<testcase name="test_statement_func_call" time="8.508000"/>
		<testcase name="postconditions"/>
		<testcase name="test_py_md_compliance" time="0.019000"/>
		<testcase name="test_pep8_compliance" time="2.870000"/>
		<testcase name="test_input_dir_compliance" time="0.021000"/>
		<testcase name="test_suite_inheritance_compliance" time="0.019000"/>
	</testsuite>
</testsuites>
