<?xml version="1.0" ?>
<testsuites disabled="0" errors="0" failures="0" tests="19" time="85.84700000000002">
	<testsuite disabled="0" errors="0" failures="0" name="campaign_clicast.test_cover_reports.suite_aggregate_template_instantiations_sfp" skipped="0" tests="19" time="85.84700000000002">
		<testcase name="preconditions" time="5.474000"/>
		<testcase name="test_branch" time="6.701000"/>
		<testcase name="test_function" time="5.694000"/>
		<testcase name="test_function_and_call" time="5.463000"/>
		<testcase name="test_mcdc" time="5.418000"/>
		<testcase name="test_statement" time="5.489000"/>
		<testcase name="test_statement_branch" time="5.643000"/>
		<testcase name="test_statement_branch_call" time="7.273000"/>
		<testcase name="test_statement_call" time="7.437000"/>
		<testcase name="test_statement_mcdc" time="7.521000"/>
		<testcase name="test_statement_mcdc_call" time="7.316000"/>
		<testcase name="test_unsupported_in_tu_mode" time="2.709000"/>
		<testcase name="test_untracked_instantiation_empty" time="5.251000"/>
		<testcase name="test_untracked_instantiation_for_selected_file" time="4.649000"/>
		<testcase name="postconditions"/>
		<testcase name="test_py_md_compliance" time="0.010000"/>
		<testcase name="test_pep8_compliance" time="3.765000"/>
		<testcase name="test_input_dir_compliance" time="0.021000"/>
		<testcase name="test_suite_inheritance_compliance" time="0.013000"/>
	</testsuite>
</testsuites>
