<?xml version="1.0" ?>
<testsuites disabled="0" errors="0" failures="0" tests="27" time="80.83199999999998">
	<testsuite disabled="0" errors="0" failures="0" name="campaign_clicast.test_cover_reports.suite_unit_metrics_ada" skipped="0" tests="27" time="80.83199999999998">
		<testcase name="preconditions" time="3.095000"/>
		<testcase name="test_full_basis" time="3.237000"/>
		<testcase name="test_full_branch" time="3.664000"/>
		<testcase name="test_full_cba_only_branch" time="3.118000"/>
		<testcase name="test_full_cba_only_level_a" time="3.742000"/>
		<testcase name="test_full_cba_only_level_b" time="2.895000"/>
		<testcase name="test_full_cba_only_mcdc" time="3.509000"/>
		<testcase name="test_full_cba_only_statement" time="3.170000"/>
		<testcase name="test_full_due_to_cba_branch" time="3.961000"/>
		<testcase name="test_full_due_to_cba_level_a" time="4.199000"/>
		<testcase name="test_full_due_to_cba_level_b" time="4.406000"/>
		<testcase name="test_full_due_to_cba_mcdc" time="3.812000"/>
		<testcase name="test_full_due_to_cba_statement" time="4.305000"/>
		<testcase name="test_full_level_a" time="3.617000"/>
		<testcase name="test_full_level_b" time="3.377000"/>
		<testcase name="test_full_mcdc" time="3.243000"/>
		<testcase name="test_full_statement" time="2.954000"/>
		<testcase name="test_partial_basis" time="3.525000"/>
		<testcase name="test_partial_branch" time="2.961000"/>
		<testcase name="test_partial_level_a" time="3.039000"/>
		<testcase name="test_partial_level_b" time="2.916000"/>
		<testcase name="test_partial_mcdc" time="3.127000"/>
		<testcase name="test_partial_statement" time="3.121000"/>
		<testcase name="postconditions" time="0.013000"/>
		<testcase name="test_pep8_compliance" time="1.791000"/>
		<testcase name="test_input_dir_compliance" time="0.021000"/>
		<testcase name="test_suite_inheritance_compliance" time="0.014000"/>
	</testsuite>
</testsuites>
