<?xml version="1.0" ?>
<testsuites disabled="0" errors="0" failures="0" tests="52" time="600.2079999999999">
	<testsuite disabled="0" errors="0" failures="0" name="campaign_atg.test_atg.suite_coverage_release_mode_z3_part_01" skipped="0" tests="52" time="600.2079999999999">
		<testcase name="preconditions"/>
		<testcase name="test_1258_inherited_fields" time="13.132000"/>
		<testcase name="test_1284_derived_class_cast" time="11.225000"/>
		<testcase name="test_1784_align_walk" time="11.738000"/>
		<testcase name="test_abstract_class" time="11.759000"/>
		<testcase name="test_abstract_ctor_gen" time="14.256000"/>
		<testcase name="test_abstract_field_class" time="10.926000"/>
		<testcase name="test_addr_of" time="10.957000"/>
		<testcase name="test_addr_of_mem_high" time="11.033000"/>
		<testcase name="test_addr_of_stct_assign" time="10.649000"/>
		<testcase name="test_aggreg_float" time="10.851000"/>
		<testcase name="test_alias_loop" time="11.081000"/>
		<testcase name="test_alias_loop_fieldaccess" time="11.052000"/>
		<testcase name="test_alias_unhashable" time="10.636000"/>
		<testcase name="test_all_alloc_for_ctor_body" time="12.527000"/>
		<testcase name="test_allocallobals_for_params_and_function_calls" time="11.457000"/>
		<testcase name="test_ambiguous_field_resolution" time="12.441000"/>
		<testcase name="test_amsr_crash0" time="11.555000"/>
		<testcase name="test_amsr_crash1" time="11.446000"/>
		<testcase name="test_amsr_crash2" time="12.550000"/>
		<testcase name="test_amsr_crash3a" time="11.454000"/>
		<testcase name="test_amsr_crash3b" time="12.564000"/>
		<testcase name="test_anon_namespace_global_var" time="11.738000"/>
		<testcase name="test_anonfield" time="11.558000"/>
		<testcase name="test_array_access" time="13.436000"/>
		<testcase name="test_array_access_assign" time="11.058000"/>
		<testcase name="test_array_init_using_aggregate" time="11.383000"/>
		<testcase name="test_array_of_const" time="12.460000"/>
		<testcase name="test_array_of_const_cpp" time="13.205000"/>
		<testcase name="test_array_of_structs" time="12.108000"/>
		<testcase name="test_arrays" time="12.874000"/>
		<testcase name="test_arrays_of_structs" time="12.336000"/>
		<testcase name="test_assign_in_cond" time="12.420000"/>
		<testcase name="test_atg-869_incr_on_field_access" time="12.637000"/>
		<testcase name="test_atg_653_guess_pointer_allocations" time="18.812000"/>
		<testcase name="test_atg_725_vars_in_aggregate" time="12.287000"/>
		<testcase name="test_auto_bitwidth" time="12.858000"/>
		<testcase name="test_auto_bitwidth_cpp" time="13.236000"/>
		<testcase name="test_base_class_cast" time="13.475000"/>
		<testcase name="test_baseline_class_instance" time="12.218000"/>
		<testcase name="test_baselining_example" time="12.165000"/>
		<testcase name="test_basic_cpp_methods" time="17.243000"/>
		<testcase name="test_basic_doubles_test" time="18.191000"/>
		<testcase name="test_basic_float_test" time="22.885000"/>
		<testcase name="test_basic_md_array" time="12.410000"/>
		<testcase name="test_bit_field_test" time="15.020000"/>
		<testcase name="test_bool_assign" time="12.317000"/>
		<testcase name="test_bool_field_test" time="12.211000"/>
		<testcase name="postconditions" time="0.092000"/>
		<testcase name="test_pep8_compliance" time="2.082000"/>
		<testcase name="test_input_dir_compliance" time="0.111000"/>
		<testcase name="test_suite_inheritance_compliance" time="0.093000"/>
	</testsuite>
</testsuites>
