<?xml version="1.0" ?>
<testsuites disabled="0" errors="0" failures="0" tests="15" time="17.026">
	<testsuite disabled="0" errors="0" failures="0" name="campaign_clicast.test_cover_options.suite_run_script_after_c_options" skipped="0" tests="15" time="17.026">
		<testcase name="preconditions" time="2.469000"/>
		<testcase name="test_batch_script"/>
		<testcase name="test_data_api_script" time="1.581000"/>
		<testcase name="test_non_executable_script" time="1.424000"/>
		<testcase name="test_non_existent_script" time="1.241000"/>
		<testcase name="test_python_script" time="1.255000"/>
		<testcase name="test_script_after_instrumenting" time="1.218000"/>
		<testcase name="test_script_after_uninstrumenting" time="1.929000"/>
		<testcase name="test_script_with_params" time="1.496000"/>
		<testcase name="test_shell_script" time="1.185000"/>
		<testcase name="postconditions"/>
		<testcase name="test_py_md_compliance" time="0.007000"/>
		<testcase name="test_pep8_compliance" time="3.209000"/>
		<testcase name="test_input_dir_compliance" time="0.006000"/>
		<testcase name="test_suite_inheritance_compliance" time="0.006000"/>
	</testsuite>
</testsuites>
