<?xml version="1.0" ?>
<testsuites disabled="0" errors="0" failures="0" tests="10" time="11.454999999999998">
	<testsuite disabled="0" errors="0" failures="0" name="campaign_vcinst.test_reinstrument.suite_append_cover_io" skipped="0" tests="10" time="11.454999999999998">
		<testcase name="preconditions" time="1.735000"/>
		<testcase name="test_append_cover_io_disabled" time="1.198000"/>
		<testcase name="test_append_cover_io_disabled_to_enabled" time="2.304000"/>
		<testcase name="test_append_cover_io_enabled" time="2.827000"/>
		<testcase name="test_append_cover_io_enabled_to_disabled" time="1.164000"/>
		<testcase name="postconditions"/>
		<testcase name="test_py_md_compliance" time="0.004000"/>
		<testcase name="test_pep8_compliance" time="2.200000"/>
		<testcase name="test_input_dir_compliance" time="0.015000"/>
		<testcase name="test_suite_inheritance_compliance" time="0.008000"/>
	</testsuite>
</testsuites>
