<?xml version="1.0" ?>
<testsuites disabled="0" errors="0" failures="0" tests="10" time="20.323000000000004">
	<testsuite disabled="0" errors="0" failures="0" name="campaign_licensing.test_clicover.suite_headless" skipped="0" tests="10" time="20.323000000000004">
		<testcase name="preconditions" time="2.925000"/>
		<testcase name="test_clicover_envvar_cilic" time="2.486000"/>
		<testcase name="test_clicover_envvar_cilic2" time="5.453000"/>
		<testcase name="test_clicover_envvar_noncilic" time="2.247000"/>
		<testcase name="test_clicover_none_cilic" time="2.184000"/>
		<testcase name="postconditions"/>
		<testcase name="test_py_md_compliance" time="0.004000"/>
		<testcase name="test_pep8_compliance" time="5.011000"/>
		<testcase name="test_input_dir_compliance" time="0.006000"/>
		<testcase name="test_suite_inheritance_compliance" time="0.007000"/>
	</testsuite>
</testsuites>
