<?xml version="1.0" ?>
<testsuites disabled="0" errors="0" failures="0" tests="52" time="637.1280000000002">
	<testsuite disabled="0" errors="0" failures="0" name="campaign_atg.test_atg.suite_coverage_development_mode_btor_part_08" skipped="0" tests="52" time="637.1280000000002">
		<testcase name="preconditions"/>
		<testcase name="test_struct_ptr_assign" time="15.574000"/>
		<testcase name="test_struct_recursive" time="12.431000"/>
		<testcase name="test_struct_register" time="12.263000"/>
		<testcase name="test_struct_subscript_array_to_ptr" time="12.194000"/>
		<testcase name="test_struct_undecl" time="13.287000"/>
		<testcase name="test_struct_values_1" time="15.154000"/>
		<testcase name="test_struct_values_2" time="14.355000"/>
		<testcase name="test_struct_var_init" time="12.510000"/>
		<testcase name="test_struct_various" time="14.061000"/>
		<testcase name="test_struct_with_const_pointer_field" time="12.818000"/>
		<testcase name="test_struct_with_ptr" time="13.619000"/>
		<testcase name="test_structs_arrays" time="15.388000"/>
		<testcase name="test_structs_arrow_problem" time="13.762000"/>
		<testcase name="test_structs_cast" time="13.644000"/>
		<testcase name="test_structs_dot_field_assign" time="12.602000"/>
		<testcase name="test_structs_extract" time="13.860000"/>
		<testcase name="test_structs_missing_alloc" time="13.552000"/>
		<testcase name="test_structs_nested_jpp" time="12.440000"/>
		<testcase name="test_structs_param" time="11.386000"/>
		<testcase name="test_structs_pointer_to_stct" time="11.137000"/>
		<testcase name="test_structs_pointer_to_stct_asgn" time="13.145000"/>
		<testcase name="test_structs_ptr2stct_with_stct_with_int" time="13.274000"/>
		<testcase name="test_structs_simple_1" time="11.653000"/>
		<testcase name="test_structs_simple_ex" time="11.588000"/>
		<testcase name="test_structs_with_doubles" time="12.438000"/>
		<testcase name="test_structs_with_floats" time="12.518000"/>
		<testcase name="test_stub_by_ref" time="15.270000"/>
		<testcase name="test_stub_cast_return_dynamic_init" time="12.269000"/>
		<testcase name="test_stub_fptr_assign_and_alloc_check" time="12.893000"/>
		<testcase name="test_stub_fptr_assigned_a_function" time="14.221000"/>
		<testcase name="test_stub_return_from_child" time="14.055000"/>
		<testcase name="test_stub_returning_reference" time="15.323000"/>
		<testcase name="test_stub_returning_reference_2" time="14.845000"/>
		<testcase name="test_stub_test" time="12.720000"/>
		<testcase name="test_stubs_array_of_int" time="12.835000"/>
		<testcase name="test_stubs_assign_redundant_se_test" time="13.922000"/>
		<testcase name="test_stubs_deref_global" time="13.461000"/>
		<testcase name="test_stubs_deref_local_at_decl" time="14.044000"/>
		<testcase name="test_stubs_deref_param" time="14.866000"/>
		<testcase name="test_stubs_fptr_1" time="12.890000"/>
		<testcase name="test_stubs_fptr_2" time="12.644000"/>
		<testcase name="test_stubs_fptr_3" time="14.738000"/>
		<testcase name="test_stubs_fptr_inf_rec_in_cond_with_assign" time="14.567000"/>
		<testcase name="test_stubs_fptr_pointer_on_typedef" time="13.146000"/>
		<testcase name="test_stubs_fptr_redundant_deref" time="14.780000"/>
		<testcase name="test_stubs_fptr_stubs_returning_fptr" time="15.988000"/>
		<testcase name="test_stubs_sbr_struct_under_address_of" time="13.995000"/>
		<testcase name="postconditions" time="0.144000"/>
		<testcase name="test_pep8_compliance" time="2.492000"/>
		<testcase name="test_input_dir_compliance" time="0.114000"/>
		<testcase name="test_suite_inheritance_compliance" time="0.253000"/>
	</testsuite>
</testsuites>
