<?xml version="1.0" ?>
<testsuites disabled="0" errors="0" failures="0" tests="14" time="102.594">
	<testsuite disabled="0" errors="0" failures="0" name="campaign_coverage.test_coverage.suite_coverage" skipped="0" tests="14" time="102.594">
		<testcase name="preconditions"/>
		<testcase name="test_branch" time="12.304000"/>
		<testcase name="test_function" time="11.803000"/>
		<testcase name="test_function_call" time="12.170000"/>
		<testcase name="test_instrumented_files" time="14.891000"/>
		<testcase name="test_mcdc" time="11.225000"/>
		<testcase name="test_results" time="10.131000"/>
		<testcase name="test_source_retrieval" time="10.841000"/>
		<testcase name="test_statement" time="13.661000"/>
		<testcase name="postconditions"/>
		<testcase name="test_py_md_compliance" time="0.026000"/>
		<testcase name="test_pep8_compliance" time="5.509000"/>
		<testcase name="test_input_dir_compliance" time="0.018000"/>
		<testcase name="test_suite_inheritance_compliance" time="0.015000"/>
	</testsuite>
</testsuites>
