<?xml version="1.0" ?>
<testsuites disabled="0" errors="0" failures="0" tests="9" time="267.799">
	<testsuite disabled="0" errors="0" failures="0" name="campaign_vcastqt.test_cover_options.suite_unit_numbers" skipped="0" tests="9" time="267.799">
		<testcase name="preconditions" time="50.435000"/>
		<testcase name="test_start_unit_number_high_limit" time="80.824000"/>
		<testcase name="test_start_unit_number_off" time="59.949000"/>
		<testcase name="test_start_unit_number_on" time="63.941000"/>
		<testcase name="postconditions" time="5.219000"/>
		<testcase name="test_py_md_compliance" time="0.037000"/>
		<testcase name="test_pep8_compliance" time="7.299000"/>
		<testcase name="test_input_dir_compliance" time="0.051000"/>
		<testcase name="test_suite_inheritance_compliance" time="0.044000"/>
	</testsuite>
</testsuites>
