<?xml version="1.0" ?>
<testsuites disabled="0" errors="0" failures="0" tests="29" time="362.16800000000006">
	<testsuite disabled="0" errors="0" failures="0" name="campaign_clicast.test_cover.suite_instrument_c_2" skipped="0" tests="29" time="362.16800000000006">
		<testcase name="preconditions" time="0.793000"/>
		<testcase name="test_68047_include_library_header_file" time="2.590000"/>
		<testcase name="test_add_many_units" time="276.966000"/>
		<testcase name="test_builtins_branch_coverage" time="3.227000"/>
		<testcase name="test_code_composer" time="4.044000"/>
		<testcase name="test_code_composer_data_section" time="3.462000"/>
		<testcase name="test_coupling" time="3.164000"/>
		<testcase name="test_display_help_when_no_coverage_given" time="2.937000"/>
		<testcase name="test_empty_preproc_output" time="2.002000"/>
		<testcase name="test_error_inst_after_reinst" time="7.136000"/>
		<testcase name="test_inst_out_of_place_sources_with_symlink" time="2.865000"/>
		<testcase name="test_instrument_sources_with_symlink" time="2.259000"/>
		<testcase name="test_keep_debug_files" time="4.681000"/>
		<testcase name="test_keep_int_and_debug_files_on_error" time="4.734000"/>
		<testcase name="test_keep_int_and_debug_files_on_error_legacy_inst" time="3.956000"/>
		<testcase name="test_keep_intermediate_files" time="5.111000"/>
		<testcase name="test_keep_intermediate_files_legacy_inst" time="4.153000"/>
		<testcase name="test_keil_c166_function" time="3.400000"/>
		<testcase name="test_mcdc" time="2.975000"/>
		<testcase name="test_mixed_c_and_ada" time="4.432000"/>
		<testcase name="test_parse_error" time="1.910000"/>
		<testcase name="test_probe_point" time="3.139000"/>
		<testcase name="test_uninst_out_of_place_sources_with_symlink" time="3.477000"/>
		<testcase name="test_uninstrument_sources_with_symlink" time="2.884000"/>
		<testcase name="postconditions"/>
		<testcase name="test_py_md_compliance" time="0.040000"/>
		<testcase name="test_pep8_compliance" time="5.780000"/>
		<testcase name="test_input_dir_compliance" time="0.028000"/>
		<testcase name="test_suite_inheritance_compliance" time="0.023000"/>
	</testsuite>
</testsuites>
