<?xml version="1.0" ?>
<testsuites disabled="0" errors="0" failures="0" tests="12" time="147.30499999999998">
	<testsuite disabled="0" errors="0" failures="0" name="campaign_clicast.test_tools.suite_export_coverage_ada" skipped="0" tests="12" time="147.30499999999998">
		<testcase name="preconditions" time="12.718000"/>
		<testcase name="test_basis_paths_export" time="0.001000"/>
		<testcase name="test_branch_export" time="24.741000"/>
		<testcase name="test_level_a_export" time="25.434000"/>
		<testcase name="test_level_b_export" time="26.991000"/>
		<testcase name="test_mcdc_export" time="25.821000"/>
		<testcase name="test_statement_export" time="26.794000"/>
		<testcase name="postconditions"/>
		<testcase name="test_py_md_compliance" time="0.011000"/>
		<testcase name="test_pep8_compliance" time="4.771000"/>
		<testcase name="test_input_dir_compliance" time="0.014000"/>
		<testcase name="test_suite_inheritance_compliance" time="0.009000"/>
	</testsuite>
</testsuites>
