<?xml version="1.0" ?>
<testsuites disabled="0" errors="0" failures="0" tests="7" time="12.209999999999999">
	<testsuite disabled="0" errors="0" failures="0" name="campaign_clicast.test_cover_jit.suite_permissions" skipped="0" tests="7" time="12.209999999999999">
		<testcase name="preconditions" time="2.439000"/>
		<testcase name="test_read_only_source_directory" time="5.202000"/>
		<testcase name="postconditions"/>
		<testcase name="test_py_md_compliance" time="0.003000"/>
		<testcase name="test_pep8_compliance" time="4.553000"/>
		<testcase name="test_input_dir_compliance" time="0.008000"/>
		<testcase name="test_suite_inheritance_compliance" time="0.005000"/>
	</testsuite>
</testsuites>
