<?xml version="1.0" ?>
<testsuites disabled="0" errors="0" failures="0" tests="8" time="123.045">
	<testsuite disabled="0" errors="0" failures="0" name="campaign_vcastqt.test_reports.suite_test_case_management_report_c" skipped="0" tests="8" time="123.045">
		<testcase name="preconditions" time="11.821000"/>
		<testcase name="test_test_case_management_expecteds" time="61.641000"/>
		<testcase name="test_test_case_management_report" time="37.495000"/>
		<testcase name="postconditions" time="5.277000"/>
		<testcase name="test_py_md_compliance" time="0.041000"/>
		<testcase name="test_pep8_compliance" time="6.596000"/>
		<testcase name="test_input_dir_compliance" time="0.090000"/>
		<testcase name="test_suite_inheritance_compliance" time="0.084000"/>
	</testsuite>
</testsuites>
