<?xml version="1.0" ?>
<testsuites disabled="0" errors="0" failures="0" tests="22" time="824.2369999999999">
	<testsuite disabled="0" errors="0" failures="0" name="campaign_vcastqt.test_cover.suite_code_coverage_summary" skipped="0" tests="22" time="824.2369999999999">
		<testcase name="preconditions" time="19.323000"/>
		<testcase name="test_add_remove_results" time="73.709000"/>
		<testcase name="test_change_coverage_refreshes_widget" time="57.628000"/>
		<testcase name="test_check_percentage_add_remove_results" time="48.075000"/>
		<testcase name="test_coverage_results_filterview_height" time="41.281000"/>
		<testcase name="test_dbl_click_row_opens_cvg_view" time="36.946000"/>
		<testcase name="test_filter_column" time="37.241000"/>
		<testcase name="test_level_a_fn_call_option" time="63.294000"/>
		<testcase name="test_level_b_fn_call_option" time="62.589000"/>
		<testcase name="test_save_coverage_summary_as_csv" time="39.633000"/>
		<testcase name="test_sort_descending" time="36.564000"/>
		<testcase name="test_sort_each_column" time="37.197000"/>
		<testcase name="test_stmt_fn_call_option" time="55.448000"/>
		<testcase name="test_subprogram_level_coverage" time="56.352000"/>
		<testcase name="test_track_current_selection_off" time="44.577000"/>
		<testcase name="test_track_current_selection_on" time="44.573000"/>
		<testcase name="test_unit_level_coverage" time="56.666000"/>
		<testcase name="postconditions" time="5.253000"/>
		<testcase name="test_py_md_compliance" time="0.188000"/>
		<testcase name="test_pep8_compliance" time="7.345000"/>
		<testcase name="test_input_dir_compliance" time="0.174000"/>
		<testcase name="test_suite_inheritance_compliance" time="0.181000"/>
	</testsuite>
</testsuites>
