<?xml version="1.0" ?>
<testsuites disabled="0" errors="0" failures="0" tests="10" time="6.013">
	<testsuite disabled="0" errors="0" failures="0" name="campaign_clicast.test_reports.suite_diagnostic" skipped="0" tests="10" time="6.013">
		<testcase name="preconditions" time="0.832000"/>
		<testcase name="test_ada_report_to_output_file" time="0.694000"/>
		<testcase name="test_diag_no_license" time="0.281000"/>
		<testcase name="test_report_to_output_file" time="0.382000"/>
		<testcase name="test_report_to_standard_output" time="0.309000"/>
		<testcase name="postconditions"/>
		<testcase name="test_py_md_compliance" time="0.037000"/>
		<testcase name="test_pep8_compliance" time="3.467000"/>
		<testcase name="test_input_dir_compliance" time="0.007000"/>
		<testcase name="test_suite_inheritance_compliance" time="0.004000"/>
	</testsuite>
</testsuites>
