<?xml version="1.0" ?>
<testsuites disabled="0" errors="0" failures="0" tests="8" time="15.188">
	<testsuite disabled="0" errors="0" failures="0" name="campaign_clicast.test_cover_options.suite_basis_paths_for_const_branches" skipped="0" tests="8" time="15.188">
		<testcase name="preconditions" time="3.722000"/>
		<testcase name="test_option_off" time="4.183000"/>
		<testcase name="test_option_on" time="4.458000"/>
		<testcase name="postconditions"/>
		<testcase name="test_py_md_compliance" time="0.006000"/>
		<testcase name="test_pep8_compliance" time="2.800000"/>
		<testcase name="test_input_dir_compliance" time="0.016000"/>
		<testcase name="test_suite_inheritance_compliance" time="0.003000"/>
	</testsuite>
</testsuites>
