<?xml version="1.0" ?>
<testsuites disabled="0" errors="0" failures="0" tests="14" time="119.039">
	<testsuite disabled="0" errors="0" failures="0" name="campaign_clicast.test_backwards_compatibility_cover.suite_aggregate_report_sfp" skipped="0" tests="14" time="119.039">
		<testcase name="preconditions" time="7.157000"/>
		<testcase name="test_branch" time="13.342000"/>
		<testcase name="test_mcdc" time="13.401000"/>
		<testcase name="test_statement" time="13.634000"/>
		<testcase name="test_statement_branch" time="13.218000"/>
		<testcase name="test_statement_branch_call" time="13.005000"/>
		<testcase name="test_statement_call" time="12.382000"/>
		<testcase name="test_statement_mcdc" time="12.816000"/>
		<testcase name="test_statement_mcdc_call" time="15.490000"/>
		<testcase name="postconditions"/>
		<testcase name="test_py_md_compliance" time="0.012000"/>
		<testcase name="test_pep8_compliance" time="4.551000"/>
		<testcase name="test_input_dir_compliance" time="0.020000"/>
		<testcase name="test_suite_inheritance_compliance" time="0.011000"/>
	</testsuite>
</testsuites>
