<?xml version="1.0" ?>
<testsuites disabled="0" errors="0" failures="0" tests="8" time="14.915000000000003">
	<testsuite disabled="0" errors="0" failures="0" name="campaign_clicast.test_cover.suite_cpp11" skipped="0" tests="8" time="14.915000000000003">
		<testcase name="preconditions" time="3.587000"/>
		<testcase name="test_complexity" time="3.335000"/>
		<testcase name="test_fogbugz_91080" time="3.867000"/>
		<testcase name="postconditions"/>
		<testcase name="test_py_md_compliance" time="0.006000"/>
		<testcase name="test_pep8_compliance" time="4.102000"/>
		<testcase name="test_input_dir_compliance" time="0.016000"/>
		<testcase name="test_suite_inheritance_compliance" time="0.002000"/>
	</testsuite>
</testsuites>
