<?xml version="1.0" ?>
<testsuites disabled="0" errors="0" failures="0" tests="9" time="13.315">
	<testsuite disabled="0" errors="0" failures="0" name="campaign_clicast.test_cover_options.suite_coverage_for_template_instantiations" skipped="0" tests="9" time="13.315">
		<testcase name="preconditions" time="2.805000"/>
		<testcase name="test_option_off" time="0.890000"/>
		<testcase name="test_option_on" time="1.026000"/>
		<testcase name="test_option_toggled_must_reinst_all" time="5.921000"/>
		<testcase name="postconditions"/>
		<testcase name="test_py_md_compliance" time="0.004000"/>
		<testcase name="test_pep8_compliance" time="2.655000"/>
		<testcase name="test_input_dir_compliance" time="0.009000"/>
		<testcase name="test_suite_inheritance_compliance" time="0.005000"/>
	</testsuite>
</testsuites>
