<?xml version="1.0" ?>
<testsuites disabled="0" errors="0" failures="0" tests="52" time="649.3440000000002">
	<testsuite disabled="0" errors="0" failures="0" name="campaign_atg.test_atg.suite_coverage_development_mode_stp_part_07" skipped="0" tests="52" time="649.3440000000002">
		<testcase name="preconditions"/>
		<testcase name="test_restrict_floats_only" time="15.714000"/>
		<testcase name="test_restrict_loops" time="13.792000"/>
		<testcase name="test_return_dead" time="13.171000"/>
		<testcase name="test_return_decision" time="14.283000"/>
		<testcase name="test_return_void" time="15.307000"/>
		<testcase name="test_sbr_empty_param_values" time="15.515000"/>
		<testcase name="test_sbr_param_no_alloc" time="13.402000"/>
		<testcase name="test_self_alias_loop" time="14.504000"/>
		<testcase name="test_shift_assign" time="13.733000"/>
		<testcase name="test_shift_right" time="13.449000"/>
		<testcase name="test_shift_tests" time="15.578000"/>
		<testcase name="test_shifts_of_differing_bitwidths" time="14.336000"/>
		<testcase name="test_silent_partials" time="14.404000"/>
		<testcase name="test_simple_float" time="14.084000"/>
		<testcase name="test_simple_loops" time="19.622000"/>
		<testcase name="test_simple_struct_access_floats" time="13.507000"/>
		<testcase name="test_skipped_call_count" time="14.989000"/>
		<testcase name="test_smtexception_no_fit" time="13.062000"/>
		<testcase name="test_solver_timeout" time="15.272000"/>
		<testcase name="test_static_init_cpp" time="14.956000"/>
		<testcase name="test_static_init_fm" time="14.030000"/>
		<testcase name="test_static_local_fm" time="14.571000"/>
		<testcase name="test_static_method_calls" time="14.673000"/>
		<testcase name="test_std_containers" time="21.865000"/>
		<testcase name="test_std_strings" time="0.066000"/>
		<testcase name="test_std_vector" time="0.074000"/>
		<testcase name="test_struct_allocation_arrow" time="14.242000"/>
		<testcase name="test_struct_anon" time="14.354000"/>
		<testcase name="test_struct_as_classes" time="15.196000"/>
		<testcase name="test_struct_assign" time="14.404000"/>
		<testcase name="test_struct_atg181" time="13.474000"/>
		<testcase name="test_struct_atg189" time="13.566000"/>
		<testcase name="test_struct_avj_test" time="13.024000"/>
		<testcase name="test_struct_deref_assign" time="14.531000"/>
		<testcase name="test_struct_fail" time="13.758000"/>
		<testcase name="test_struct_fail_2" time="13.874000"/>
		<testcase name="test_struct_field_access" time="13.205000"/>
		<testcase name="test_struct_field_assignment" time="13.183000"/>
		<testcase name="test_struct_flattening_issues" time="15.351000"/>
		<testcase name="test_struct_flattening_simple_var_regression" time="13.765000"/>
		<testcase name="test_struct_global_dot" time="13.520000"/>
		<testcase name="test_struct_initializer" time="13.051000"/>
		<testcase name="test_struct_nested_stct_ptr_inc" time="13.352000"/>
		<testcase name="test_struct_nesting" time="13.210000"/>
		<testcase name="test_struct_nesting_assign" time="13.513000"/>
		<testcase name="test_struct_pointer_undefined_index" time="13.028000"/>
		<testcase name="test_struct_pointer_void_comparison" time="13.152000"/>
		<testcase name="postconditions" time="0.111000"/>
		<testcase name="test_pep8_compliance" time="2.278000"/>
		<testcase name="test_input_dir_compliance" time="0.129000"/>
		<testcase name="test_suite_inheritance_compliance" time="0.114000"/>
	</testsuite>
</testsuites>
