<?xml version="1.0" ?>
<testsuites disabled="0" errors="0" failures="0" tests="52" time="580.1549999999999">
	<testsuite disabled="0" errors="0" failures="0" name="campaign_atg.test_atg.suite_coverage_development_mode_stp_part_02" skipped="0" tests="52" time="580.1549999999999">
		<testcase name="preconditions"/>
		<testcase name="test_bool_test" time="12.641000"/>
		<testcase name="test_bool_test_cpp" time="11.414000"/>
		<testcase name="test_bool_typedef" time="11.256000"/>
		<testcase name="test_call_alloc" time="13.186000"/>
		<testcase name="test_casts" time="12.262000"/>
		<testcase name="test_char_extract_bits_issue" time="10.936000"/>
		<testcase name="test_chars_with_typedefs" time="12.173000"/>
		<testcase name="test_ck_dynamic_init_aliasing_crash" time="11.414000"/>
		<testcase name="test_ck_int_rhs" time="11.373000"/>
		<testcase name="test_ck_string" time="12.583000"/>
		<testcase name="test_complex_float_example" time="11.327000"/>
		<testcase name="test_conditional_allocation_allocallobals" time="12.204000"/>
		<testcase name="test_conflict" time="11.877000"/>
		<testcase name="test_const_address" time="11.763000"/>
		<testcase name="test_const_field_as_param" time="12.820000"/>
		<testcase name="test_const_field_imports" time="12.059000"/>
		<testcase name="test_const_functions" time="11.715000"/>
		<testcase name="test_const_inheritance" time="11.707000"/>
		<testcase name="test_const_pointer_to_union" time="11.477000"/>
		<testcase name="test_const_ptr_to_const" time="11.926000"/>
		<testcase name="test_const_string_in_arg" time="11.167000"/>
		<testcase name="test_const_tern" time="11.574000"/>
		<testcase name="test_const_void_star" time="11.155000"/>
		<testcase name="test_const_volatile" time="14.618000"/>
		<testcase name="test_const_volatile_c" time="14.282000"/>
		<testcase name="test_constant_init_test" time="11.788000"/>
		<testcase name="test_constraint_shift" time="11.155000"/>
		<testcase name="test_constructor_allocated_ptr" time="12.149000"/>
		<testcase name="test_constructor_counts" time="11.034000"/>
		<testcase name="test_constructor_initialisers_expanded" time="13.519000"/>
		<testcase name="test_constructor_to_incomplete_class" time="12.058000"/>
		<testcase name="test_cornwall" time="12.861000"/>
		<testcase name="test_cpp_constructor_in_dyn_init" time="12.382000"/>
		<testcase name="test_cpp_reference_to_a_class" time="12.901000"/>
		<testcase name="test_cpp_references" time="14.835000"/>
		<testcase name="test_cpp_references_no_ctor" time="12.713000"/>
		<testcase name="test_cpp_return_null" time="12.322000"/>
		<testcase name="test_cpp_static_member_variable" time="14.018000"/>
		<testcase name="test_cpp_temp_init" time="12.788000"/>
		<testcase name="test_cpp_use_no_copy_ctor" time="12.589000"/>
		<testcase name="test_crashing_in_constant" time="12.497000"/>
		<testcase name="test_ctor_allocallobals" time="12.400000"/>
		<testcase name="test_ctor_allocallobals_via_new" time="12.735000"/>
		<testcase name="test_ctor_called_from_param_of_other_ctor_type" time="12.421000"/>
		<testcase name="test_ctor_delete" time="12.563000"/>
		<testcase name="test_ctor_direct_base_class" time="12.266000"/>
		<testcase name="test_ctor_for_all_params_n_stubs" time="12.655000"/>
		<testcase name="postconditions" time="0.130000"/>
		<testcase name="test_pep8_compliance" time="2.243000"/>
		<testcase name="test_input_dir_compliance" time="0.116000"/>
		<testcase name="test_suite_inheritance_compliance" time="0.108000"/>
	</testsuite>
</testsuites>
