<?xml version="1.0" ?>
<testsuites disabled="0" errors="0" failures="0" tests="8" time="135.401">
	<testsuite disabled="0" errors="0" failures="0" name="campaign_vcastqt.test_cover_options.suite_script_post_instrumentation" skipped="0" tests="8" time="135.401">
		<testcase name="preconditions" time="6.509000"/>
		<testcase name="test_script_w_correct_path" time="69.137000"/>
		<testcase name="test_script_w_incorrect_path" time="51.834000"/>
		<testcase name="postconditions"/>
		<testcase name="test_py_md_compliance" time="0.032000"/>
		<testcase name="test_pep8_compliance" time="7.764000"/>
		<testcase name="test_input_dir_compliance" time="0.064000"/>
		<testcase name="test_suite_inheritance_compliance" time="0.061000"/>
	</testsuite>
</testsuites>
