<?xml version="1.0" ?>
<testsuites disabled="0" errors="0" failures="0" tests="16" time="487.69900000000007">
	<testsuite disabled="0" errors="0" failures="0" name="campaign_vcastqt.test_unit_coverage.suite_animation_coverage_viewer" skipped="0" tests="16" time="487.69900000000007">
		<testcase name="preconditions" time="12.213000"/>
		<testcase name="test_activate_coverage_animation_branch_cov" time="49.350000"/>
		<testcase name="test_activate_coverage_animation_f_call_cov" time="46.854000"/>
		<testcase name="test_activate_coverage_animation_function_cov" time="46.911000"/>
		<testcase name="test_activate_coverage_animation_mcdc_cov" time="47.205000"/>
		<testcase name="test_activate_coverage_animation_stmt_cov" time="46.571000"/>
		<testcase name="test_continue_and_set_remove_breakpoints" time="43.611000"/>
		<testcase name="test_go_to_begining_and_end_button" time="37.805000"/>
		<testcase name="test_go_to_next_and_previous_button" time="37.777000"/>
		<testcase name="test_play_button" time="50.745000"/>
		<testcase name="test_play_button_with_symlink_path" time="55.986000"/>
		<testcase name="postconditions" time="5.131000"/>
		<testcase name="test_py_md_compliance" time="0.165000"/>
		<testcase name="test_pep8_compliance" time="6.610000"/>
		<testcase name="test_input_dir_compliance" time="0.588000"/>
		<testcase name="test_suite_inheritance_compliance" time="0.177000"/>
	</testsuite>
</testsuites>
