<?xml version="1.0" ?>
<testsuites disabled="0" errors="0" failures="0" tests="10" time="39.88">
	<testsuite disabled="0" errors="0" failures="0" name="campaign_clicast.test_reports.suite_basis_path" skipped="0" tests="10" time="39.88">
		<testcase name="preconditions" time="1.532000"/>
		<testcase name="test_cover_basis" time="9.303000"/>
		<testcase name="test_cover_no_basis" time="7.267000"/>
		<testcase name="test_unit_basis_path" time="8.743000"/>
		<testcase name="test_unit_no_basis_path" time="9.317000"/>
		<testcase name="postconditions"/>
		<testcase name="test_py_md_compliance" time="0.011000"/>
		<testcase name="test_pep8_compliance" time="3.671000"/>
		<testcase name="test_input_dir_compliance" time="0.018000"/>
		<testcase name="test_suite_inheritance_compliance" time="0.018000"/>
	</testsuite>
</testsuites>
