<?xml version="1.0" ?>
<testsuites disabled="0" errors="0" failures="0" tests="24" time="129.74499999999995">
	<testsuite disabled="0" errors="0" failures="0" name="campaign_clicast.test_options.suite_suppressed_coverable_functions_unit" skipped="0" tests="24" time="129.74499999999995">
		<testcase name="preconditions" time="0.939000"/>
		<testcase name="test_ctor_with_initializer" time="12.429000"/>
		<testcase name="test_filename_dne" time="6.367000"/>
		<testcase name="test_filename_multiple_suppressed_functions" time="6.194000"/>
		<testcase name="test_filename_no_suppressed_functions" time="6.486000"/>
		<testcase name="test_filename_one_suppressed_function" time="6.134000"/>
		<testcase name="test_filename_uppercase_90946" time="7.525000"/>
		<testcase name="test_filepath_envvar" time="6.683000"/>
		<testcase name="test_filepath_filename_suppressed_functions" time="6.711000"/>
		<testcase name="test_filepath_no_suppressed" time="6.727000"/>
		<testcase name="test_filepath_suppressed" time="6.820000"/>
		<testcase name="test_filepath_wildcard" time="6.501000"/>
		<testcase name="test_multiple_suppressed_functions" time="6.389000"/>
		<testcase name="test_no_suppressed_functions" time="6.723000"/>
		<testcase name="test_one_suppressed_function" time="6.577000"/>
		<testcase name="test_overloaded_suppressed_function" time="6.802000"/>
		<testcase name="test_suppressed_file_scope_lambda" time="6.500000"/>
		<testcase name="test_suppressed_func_scope_lambda" time="6.839000"/>
		<testcase name="test_wildcard_suppressed_function" time="6.521000"/>
		<testcase name="postconditions"/>
		<testcase name="test_py_md_compliance" time="0.017000"/>
		<testcase name="test_pep8_compliance" time="3.812000"/>
		<testcase name="test_input_dir_compliance" time="0.033000"/>
		<testcase name="test_suite_inheritance_compliance" time="0.016000"/>
	</testsuite>
</testsuites>
