<?xml version="1.0" ?>
<testsuites disabled="0" errors="0" failures="0" tests="16" time="902.769">
	<testsuite disabled="0" errors="0" failures="0" name="campaign_vcastqt.test_cba_editor.suite_cba_editing_cover" skipped="0" tests="16" time="902.769">
		<testcase name="preconditions" time="10.641000"/>
		<testcase name="test_cba_editing_branch" time="91.967000"/>
		<testcase name="test_cba_editing_function" time="89.649000"/>
		<testcase name="test_cba_editing_function_function_call" time="90.323000"/>
		<testcase name="test_cba_editing_level_a_function_call" time="98.827000"/>
		<testcase name="test_cba_editing_level_b_function_call" time="99.629000"/>
		<testcase name="test_cba_editing_mcdc" time="93.692000"/>
		<testcase name="test_cba_editing_statement" time="89.152000"/>
		<testcase name="test_cba_editing_statement_function_call" time="97.405000"/>
		<testcase name="test_statement_mcdc_55584" time="45.869000"/>
		<testcase name="test_statement_mcdc_block_66044" time="78.181000"/>
		<testcase name="postconditions" time="5.218000"/>
		<testcase name="test_py_md_compliance" time="0.420000"/>
		<testcase name="test_pep8_compliance" time="10.929000"/>
		<testcase name="test_input_dir_compliance" time="0.441000"/>
		<testcase name="test_suite_inheritance_compliance" time="0.426000"/>
	</testsuite>
</testsuites>
