<?xml version="1.0" ?>
<testsuites disabled="0" errors="0" failures="0" tests="10" time="195.064">
	<testsuite disabled="0" errors="0" failures="0" name="campaign_vcastqt.test_toolbar.suite_add_source_button_cover" skipped="0" tests="10" time="195.064">
		<testcase name="preconditions" time="9.824000"/>
		<testcase name="test_add_source_then_symlink" time="43.872000"/>
		<testcase name="test_add_symlink" time="51.264000"/>
		<testcase name="test_recursive_add_inst_src" time="39.727000"/>
		<testcase name="test_recursive_add_source_with_symlink" time="38.544000"/>
		<testcase name="postconditions" time="5.006000"/>
		<testcase name="test_py_md_compliance" time="0.126000"/>
		<testcase name="test_pep8_compliance" time="6.421000"/>
		<testcase name="test_input_dir_compliance" time="0.141000"/>
		<testcase name="test_suite_inheritance_compliance" time="0.139000"/>
	</testsuite>
</testsuites>
