<?xml version="1.0" ?>
<testsuites disabled="0" errors="0" failures="0" tests="7" time="5.3229999999999995">
	<testsuite disabled="0" errors="0" failures="0" name="campaign_clicast.test_cover_options.suite_global_buffer_optimizations_non_utf8" skipped="0" tests="7" time="5.3229999999999995">
		<testcase name="preconditions" time="2.653000"/>
		<testcase name="test_instrument_non_utf8" time="0.690000"/>
		<testcase name="postconditions"/>
		<testcase name="test_py_md_compliance" time="0.005000"/>
		<testcase name="test_pep8_compliance" time="1.969000"/>
		<testcase name="test_input_dir_compliance" time="0.004000"/>
		<testcase name="test_suite_inheritance_compliance" time="0.002000"/>
	</testsuite>
</testsuites>
