<?xml version="1.0" ?>
<testsuites disabled="0" errors="0" failures="0" tests="11" time="335.113">
	<testsuite disabled="0" errors="0" failures="0" name="campaign_vcastqt.test_cover_env_wizard.suite_summary_page" skipped="0" tests="11" time="335.113">
		<testcase name="preconditions" time="4.914000"/>
		<testcase name="test_add_and_remove_all_headers_using_option" time="75.490000"/>
		<testcase name="test_add_and_remove_some_headers" time="73.483000"/>
		<testcase name="test_env_wiz_summary_page" time="37.530000"/>
		<testcase name="test_summary_page_status_column" time="66.164000"/>
		<testcase name="test_update_wizard_summary_page" time="70.206000"/>
		<testcase name="postconditions"/>
		<testcase name="test_py_md_compliance" time="0.174000"/>
		<testcase name="test_pep8_compliance" time="6.933000"/>
		<testcase name="test_input_dir_compliance" time="0.120000"/>
		<testcase name="test_suite_inheritance_compliance" time="0.099000"/>
	</testsuite>
</testsuites>
