<?xml version="1.0" ?>
<testsuites disabled="0" errors="0" failures="0" tests="19" time="61.479">
	<testsuite disabled="0" errors="0" failures="0" name="campaign_clicast.test_cover.suite_nvidia" skipped="0" tests="19" time="61.479">
		<testcase name="preconditions" time="3.836000"/>
		<testcase name="test_device" time="3.986000"/>
		<testcase name="test_device_import_device" time="2.861000"/>
		<testcase name="test_device_import_host" time="2.573000"/>
		<testcase name="test_device_import_normal" time="2.822000"/>
		<testcase name="test_host" time="4.853000"/>
		<testcase name="test_host_import_device" time="3.757000"/>
		<testcase name="test_host_import_host" time="3.325000"/>
		<testcase name="test_host_import_normal" time="3.473000"/>
		<testcase name="test_inline_device_host" time="12.188000"/>
		<testcase name="test_needed_xml" time="4.594000"/>
		<testcase name="test_normal" time="3.280000"/>
		<testcase name="test_normal_import_device" time="2.282000"/>
		<testcase name="test_normal_import_host" time="2.336000"/>
		<testcase name="postconditions"/>
		<testcase name="test_py_md_compliance" time="0.011000"/>
		<testcase name="test_pep8_compliance" time="5.278000"/>
		<testcase name="test_input_dir_compliance" time="0.014000"/>
		<testcase name="test_suite_inheritance_compliance" time="0.010000"/>
	</testsuite>
</testsuites>
