<?xml version="1.0" ?>
<testsuites disabled="0" errors="0" failures="0" tests="8" time="18.926">
	<testsuite disabled="0" errors="0" failures="0" name="campaign_clicast.test_cover_probe_points.suite_carry_forward" skipped="0" tests="8" time="18.926">
		<testcase name="preconditions" time="2.770000"/>
		<testcase name="test_carry_forward" time="6.460000"/>
		<testcase name="test_orig_code" time="6.667000"/>
		<testcase name="postconditions"/>
		<testcase name="test_py_md_compliance" time="0.004000"/>
		<testcase name="test_pep8_compliance" time="3.015000"/>
		<testcase name="test_input_dir_compliance" time="0.005000"/>
		<testcase name="test_suite_inheritance_compliance" time="0.005000"/>
	</testsuite>
</testsuites>
