<?xml version="1.0" ?>
<testsuites disabled="0" errors="0" failures="0" tests="7" time="8.351">
	<testsuite disabled="0" errors="0" failures="0" name="campaign_licensing.test_vcinst.suite_headless" skipped="0" tests="7" time="8.351">
		<testcase name="preconditions" time="1.584000"/>
		<testcase name="test_vcinst_envvar_noncilic" time="1.915000"/>
		<testcase name="postconditions"/>
		<testcase name="test_py_md_compliance" time="0.003000"/>
		<testcase name="test_pep8_compliance" time="4.840000"/>
		<testcase name="test_input_dir_compliance" time="0.004000"/>
		<testcase name="test_suite_inheritance_compliance" time="0.005000"/>
	</testsuite>
</testsuites>
