<?xml version="1.0" ?>
<testsuites disabled="0" errors="0" failures="0" tests="13" time="34.312000000000005">
	<testsuite disabled="0" errors="0" failures="0" name="campaign_clicast.test_cover.suite_move_environment" skipped="0" tests="13" time="34.312000000000005">
		<testcase name="preconditions" time="2.888000"/>
		<testcase name="test_append_cover_io_move_reinst_compile" time="4.679000"/>
		<testcase name="test_move_add_out_of_place_source" time="3.725000"/>
		<testcase name="test_move_case_insensitive_env_name" time="0.002000"/>
		<testcase name="test_move_generate_aggregate_report_sfp" time="4.892000"/>
		<testcase name="test_move_generate_aggregate_report_tu" time="3.395000"/>
		<testcase name="test_move_uninstrument_out_of_place_source" time="2.567000"/>
		<testcase name="test_set_results_dir_move_generate_coverage" time="5.870000"/>
		<testcase name="postconditions"/>
		<testcase name="test_py_md_compliance" time="0.012000"/>
		<testcase name="test_pep8_compliance" time="6.252000"/>
		<testcase name="test_input_dir_compliance" time="0.009000"/>
		<testcase name="test_suite_inheritance_compliance" time="0.021000"/>
	</testsuite>
</testsuites>
