<?xml version="1.0" ?>
<testsuites disabled="0" errors="0" failures="0" tests="9" time="61.81999999999999">
	<testsuite disabled="0" errors="0" failures="0" name="campaign_vcastqt.test_working_dir.suite_set_working_dir" skipped="0" tests="9" time="61.81999999999999">
		<testcase name="preconditions" time="4.640000"/>
		<testcase name="test_set_working_dir" time="12.879000"/>
		<testcase name="test_set_working_dir_no_write" time="15.757000"/>
		<testcase name="test_set_working_dir_with_space" time="15.769000"/>
		<testcase name="postconditions" time="5.126000"/>
		<testcase name="test_py_md_compliance" time="0.049000"/>
		<testcase name="test_pep8_compliance" time="7.423000"/>
		<testcase name="test_input_dir_compliance" time="0.072000"/>
		<testcase name="test_suite_inheritance_compliance" time="0.105000"/>
	</testsuite>
</testsuites>
