<?xml version="1.0" ?>
<testsuites disabled="0" errors="0" failures="0" tests="21" time="82.621">
	<testsuite disabled="0" errors="0" failures="0" name="campaign_enviroedg.test_build.suite_cpp14" skipped="0" tests="21" time="82.621">
		<testcase name="preconditions" time="1.895000"/>
		<testcase name="test_auto_lambda_return" time="6.414000"/>
		<testcase name="test_auto_return_type" time="2.651000"/>
		<testcase name="test_class_field_list_of_itself" time="3.675000"/>
		<testcase name="test_class_method_with_varying_template_arguments" time="4.627000"/>
		<testcase name="test_class_with_unnamable_function" time="4.690000"/>
		<testcase name="test_const_unique_ptr_param" time="6.908000"/>
		<testcase name="test_const_unique_ptr_return" time="7.261000"/>
		<testcase name="test_decltype_auto_return" time="5.522000"/>
		<testcase name="test_lambda_unnamed_auto_param" time="4.419000"/>
		<testcase name="test_non_const_template_variables" time="3.486000"/>
		<testcase name="test_non_real_template_name" time="4.815000"/>
		<testcase name="test_null_declared_type" time="4.401000"/>
		<testcase name="test_rvalue_return_no_ctor_assign" time="6.030000"/>
		<testcase name="test_template_members" time="5.004000"/>
		<testcase name="test_uninst_member_var_template" time="6.437000"/>
		<testcase name="postconditions"/>
		<testcase name="test_py_md_compliance" time="0.011000"/>
		<testcase name="test_pep8_compliance" time="4.353000"/>
		<testcase name="test_input_dir_compliance" time="0.013000"/>
		<testcase name="test_suite_inheritance_compliance" time="0.009000"/>
	</testsuite>
</testsuites>
