<?xml version="1.0" ?>
<testsuites disabled="0" errors="0" failures="0" tests="7" time="9.953999999999999">
	<testsuite disabled="0" errors="0" failures="0" name="campaign_clicast.test_cover_source.suite_wrap_compile" skipped="0" tests="7" time="9.953999999999999">
		<testcase name="preconditions" time="0.831000"/>
		<testcase name="test_wrap_compile_in_makefile" time="5.011000"/>
		<testcase name="postconditions"/>
		<testcase name="test_py_md_compliance" time="0.002000"/>
		<testcase name="test_pep8_compliance" time="4.106000"/>
		<testcase name="test_input_dir_compliance" time="0.003000"/>
		<testcase name="test_suite_inheritance_compliance" time="0.001000"/>
	</testsuite>
</testsuites>
