<?xml version="1.0" ?>
<testsuites disabled="0" errors="0" failures="0" tests="8" time="142.797">
	<testsuite disabled="0" errors="0" failures="0" name="campaign_vcastqt.test_parameter_tree.suite_parameter_cell_color" skipped="0" tests="8" time="142.797">
		<testcase name="preconditions" time="4.979000"/>
		<testcase name="test_constructor_colors" time="42.020000"/>
		<testcase name="test_highlight_fn_under_test" time="89.206000"/>
		<testcase name="postconditions"/>
		<testcase name="test_py_md_compliance" time="0.161000"/>
		<testcase name="test_pep8_compliance" time="6.076000"/>
		<testcase name="test_input_dir_compliance" time="0.159000"/>
		<testcase name="test_suite_inheritance_compliance" time="0.196000"/>
	</testsuite>
</testsuites>
