<?xml version="1.0" ?>
<testsuites disabled="0" errors="0" failures="0" tests="13" time="81.56">
	<testsuite disabled="0" errors="0" failures="0" name="campaign_legacy_manage.test_ada_wb.suite_gnat_30" skipped="0" tests="13" time="81.56">
		<testcase name="preconditions" time="1.452000"/>
		<testcase name="test_ptr_814" time="9.517000"/>
		<testcase name="test_ptr_837" time="9.308000"/>
		<testcase name="test_ptr_851" time="9.329000"/>
		<testcase name="test_ptr_852" time="8.952000"/>
		<testcase name="test_ptr_854" time="9.899000"/>
		<testcase name="test_ptr_863" time="13.277000"/>
		<testcase name="test_ptr_864" time="9.140000"/>
		<testcase name="test_ptr_872" time="8.539000"/>
		<testcase name="postconditions" time="0.029000"/>
		<testcase name="test_pep8_compliance" time="2.075000"/>
		<testcase name="test_input_dir_compliance" time="0.013000"/>
		<testcase name="test_suite_inheritance_compliance" time="0.030000"/>
	</testsuite>
</testsuites>
