<?xml version="1.0" ?>
<testsuites disabled="0" errors="0" failures="0" tests="28" time="112.89500000000001">
	<testsuite disabled="0" errors="0" failures="0" name="campaign_clicast.test_cover_base_directories.suite_base_directories" skipped="0" tests="28" time="112.89500000000001">
		<testcase name="preconditions" time="3.314000"/>
		<testcase name="test_denylist" time="6.298000"/>
		<testcase name="test_denylist_header" time="10.915000"/>
		<testcase name="test_denylist_removed_sources" time="6.355000"/>
		<testcase name="test_denylist_update_remove_affected_results" time="5.148000"/>
		<testcase name="test_error_adding_source_outside_base_dir" time="0.564000"/>
		<testcase name="test_error_base_cannot_be_resolved" time="0.535000"/>
		<testcase name="test_error_when_adding_directory_equivalent" time="0.576000"/>
		<testcase name="test_error_when_update_requested_empty_allowlist" time="1.658000"/>
		<testcase name="test_inst_allowlisted_headers_outside_search" time="7.242000"/>
		<testcase name="test_modify_base_dir_preserve_source_checksums" time="3.646000"/>
		<testcase name="test_multiple_base_directories" time="5.194000"/>
		<testcase name="test_preserve_symlink_in_cwd" time="2.760000"/>
		<testcase name="test_recursive_add_allowlists_directory" time="4.557000"/>
		<testcase name="test_regression_loads_probe_points" time="8.478000"/>
		<testcase name="test_relative_path_base_directory" time="5.344000"/>
		<testcase name="test_remove_added_sources_from_denylist" time="10.565000"/>
		<testcase name="test_remove_base_directory" time="2.352000"/>
		<testcase name="test_rename_base_directory_name" time="4.402000"/>
		<testcase name="test_source_removed" time="5.939000"/>
		<testcase name="test_update_sources" time="3.102000"/>
		<testcase name="test_update_with_headers" time="4.246000"/>
		<testcase name="test_update_without_headers" time="3.802000"/>
		<testcase name="postconditions"/>
		<testcase name="test_py_md_compliance" time="0.019000"/>
		<testcase name="test_pep8_compliance" time="5.817000"/>
		<testcase name="test_input_dir_compliance" time="0.033000"/>
		<testcase name="test_suite_inheritance_compliance" time="0.034000"/>
	</testsuite>
</testsuites>
