<?xml version="1.0" ?>
<testsuites disabled="0" errors="0" failures="0" tests="11" time="171.501">
	<testsuite disabled="0" errors="0" failures="0" name="campaign_vcastqt.test_requirements_gateway_legacy.suite_import" skipped="0" tests="11" time="171.501">
		<testcase name="preconditions" time="5.712000"/>
		<testcase name="test_filter_set_not_enabled" time="35.725000"/>
		<testcase name="test_import_with_filter" time="30.952000"/>
		<testcase name="test_multiple_import" time="32.724000"/>
		<testcase name="test_multiple_keys" time="31.112000"/>
		<testcase name="test_valid_import" time="28.957000"/>
		<testcase name="postconditions"/>
		<testcase name="test_py_md_compliance" time="0.101000"/>
		<testcase name="test_pep8_compliance" time="5.961000"/>
		<testcase name="test_input_dir_compliance" time="0.114000"/>
		<testcase name="test_suite_inheritance_compliance" time="0.143000"/>
	</testsuite>
</testsuites>
