<?xml version="1.0" ?>
<testsuites disabled="0" errors="0" failures="0" tests="7" time="9.527000000000001">
	<testsuite disabled="0" errors="0" failures="0" name="campaign_clicast.test_backwards_compatibility_unit.suite_leading_cl" skipped="0" tests="7" time="9.527000000000001">
		<testcase name="preconditions"/>
		<testcase name="test_ignore_leading_cl" time="6.876000"/>
		<testcase name="postconditions"/>
		<testcase name="test_py_md_compliance" time="0.002000"/>
		<testcase name="test_pep8_compliance" time="2.640000"/>
		<testcase name="test_input_dir_compliance" time="0.006000"/>
		<testcase name="test_suite_inheritance_compliance" time="0.003000"/>
	</testsuite>
</testsuites>
