<?xml version="1.0" ?>
<testsuites disabled="0" errors="0" failures="0" tests="11" time="8.639000000000001">
	<testsuite disabled="0" errors="0" failures="0" name="campaign_clicast.test_rgw_legacy.suite_configure_test" skipped="0" tests="11" time="8.639000000000001">
		<testcase name="preconditions" time="3.143000"/>
		<testcase name="test_cannot_test_invalid_subsystem" time="0.297000"/>
		<testcase name="test_cannot_test_no_subsystem" time="0.306000"/>
		<testcase name="test_invalid_gateway_mode" time="0.396000"/>
		<testcase name="test_not_ready_for_import" time="0.661000"/>
		<testcase name="test_ready_for_import" time="0.309000"/>
		<testcase name="postconditions"/>
		<testcase name="test_py_md_compliance" time="0.005000"/>
		<testcase name="test_pep8_compliance" time="3.504000"/>
		<testcase name="test_input_dir_compliance" time="0.012000"/>
		<testcase name="test_suite_inheritance_compliance" time="0.006000"/>
	</testsuite>
</testsuites>
