<?xml version="1.0" ?>
<testsuites disabled="0" errors="0" failures="0" tests="10" time="177.579">
	<testsuite disabled="0" errors="0" failures="0" name="campaign_vcastqt.test_test_case_tree.suite_execution_filter" skipped="0" tests="10" time="177.579">
		<testcase name="preconditions" time="8.896000"/>
		<testcase name="test_all_test_cases_passing" time="37.346000"/>
		<testcase name="test_all_test_cases_unexecuted" time="37.631000"/>
		<testcase name="test_delete_all_test_cases_filtered" time="42.388000"/>
		<testcase name="test_toggle_filter" time="44.485000"/>
		<testcase name="postconditions"/>
		<testcase name="test_py_md_compliance" time="0.035000"/>
		<testcase name="test_pep8_compliance" time="6.693000"/>
		<testcase name="test_input_dir_compliance" time="0.062000"/>
		<testcase name="test_suite_inheritance_compliance" time="0.043000"/>
	</testsuite>
</testsuites>
