<?xml version="1.0" ?>
<testsuites disabled="0" errors="0" failures="0" tests="13" time="199.621">
	<testsuite disabled="0" errors="0" failures="0" name="campaign_legacy_manage.test_cpp.suite_cpp_14" skipped="0" tests="13" time="199.621">
		<testcase name="preconditions" time="0.960000"/>
		<testcase name="test_edg_stub_all" time="9.293000"/>
		<testcase name="test_edg_subtypes" time="53.608000"/>
		<testcase name="test_edg_tab" time="7.780000"/>
		<testcase name="test_edg_template_template_params" time="13.531000"/>
		<testcase name="test_edg_templates" time="81.253000"/>
		<testcase name="test_edg_templates2" time="8.338000"/>
		<testcase name="test_edg_ti_unsupported_types" time="12.614000"/>
		<testcase name="test_enum_in_c_file" time="8.663000"/>
		<testcase name="postconditions" time="0.018000"/>
		<testcase name="test_pep8_compliance" time="3.504000"/>
		<testcase name="test_input_dir_compliance" time="0.035000"/>
		<testcase name="test_suite_inheritance_compliance" time="0.024000"/>
	</testsuite>
</testsuites>
