<?xml version="1.0" ?>
<testsuites disabled="0" errors="0" failures="0" tests="10" time="247.50000000000003">
	<testsuite disabled="0" errors="0" failures="0" name="campaign_vcastqt.test_manage_project_tree.suite_execute" skipped="0" tests="10" time="247.50000000000003">
		<testcase name="preconditions" time="17.341000"/>
		<testcase name="test_execute_cover_ada" time="63.058000"/>
		<testcase name="test_execute_cover_c" time="58.920000"/>
		<testcase name="test_execute_cover_fail_ada" time="48.346000"/>
		<testcase name="test_execute_cover_fail_c" time="47.531000"/>
		<testcase name="postconditions" time="5.197000"/>
		<testcase name="test_py_md_compliance" time="0.099000"/>
		<testcase name="test_pep8_compliance" time="6.786000"/>
		<testcase name="test_input_dir_compliance" time="0.115000"/>
		<testcase name="test_suite_inheritance_compliance" time="0.107000"/>
	</testsuite>
</testsuites>
