<?xml version="1.0" ?>
<testsuites disabled="0" errors="0" failures="0" tests="13" time="69.85499999999999">
	<testsuite disabled="0" errors="0" failures="0" name="campaign_clicast.test_tools.suite_auto_basis_path_ada" skipped="0" tests="13" time="69.85499999999999">
		<testcase name="preconditions"/>
		<testcase name="test_case_insensitive_param_type" time="9.325000"/>
		<testcase name="test_ignore_case" time="8.884000"/>
		<testcase name="test_inequality_condition" time="8.753000"/>
		<testcase name="test_overload_procedures" time="10.176000"/>
		<testcase name="test_overload_subprgm_w_comma_separated" time="10.689000"/>
		<testcase name="test_str_const_w_single_quote" time="9.202000"/>
		<testcase name="test_variable_case_insensitivity" time="9.803000"/>
		<testcase name="postconditions"/>
		<testcase name="test_py_md_compliance" time="0.008000"/>
		<testcase name="test_pep8_compliance" time="2.998000"/>
		<testcase name="test_input_dir_compliance" time="0.009000"/>
		<testcase name="test_suite_inheritance_compliance" time="0.008000"/>
	</testsuite>
</testsuites>
