<?xml version="1.0" ?>
<testsuites disabled="0" errors="0" failures="0" tests="6" time="30.937">
	<testsuite disabled="0" errors="0" failures="0" name="campaign_cli_manage.test_reports.suite_full_status_report_empty_coverage" skipped="0" tests="6" time="30.937">
		<testcase name="preconditions" time="15.613000"/>
		<testcase name="test_empty_coverage_cells_are_empty" time="9.314000"/>
		<testcase name="postconditions" time="0.003000"/>
		<testcase name="test_pep8_compliance" time="6.001000"/>
		<testcase name="test_input_dir_compliance" time="0.004000"/>
		<testcase name="test_suite_inheritance_compliance" time="0.002000"/>
	</testsuite>
</testsuites>
