<?xml version="1.0" ?>
<testsuites disabled="0" errors="0" failures="0" tests="19" time="205.105">
	<testsuite disabled="0" errors="0" failures="0" name="campaign_cli_manage.test_config.suite_default_options" skipped="0" tests="19" time="205.105">
		<testcase name="preconditions" time="11.140000"/>
		<testcase name="test_clean_build_keep_explicit_default" time="11.177000"/>
		<testcase name="test_custom_to_explicit_default_show_diff" time="13.282000"/>
		<testcase name="test_explicit_default_no_changes_no_diff" time="11.108000"/>
		<testcase name="test_explicit_default_to_custom_only_show_custom" time="10.037000"/>
		<testcase name="test_implicit_and_explicit_default_no_diff" time="9.410000"/>
		<testcase name="test_implicit_defaults_not_listed" time="1.017000"/>
		<testcase name="test_migrate_import_explicit_default" time="29.329000"/>
		<testcase name="test_set_empty_option_at_parent_level_no_diff" time="2.922000"/>
		<testcase name="test_shared_custom_to_dupe_spzd_explicit_default" time="11.594000"/>
		<testcase name="test_unset_custom_dupe_keep_explicit_default" time="18.543000"/>
		<testcase name="test_unset_custom_dupe_remove_default" time="20.221000"/>
		<testcase name="test_unset_custom_dupe_spzd_remove_default" time="28.753000"/>
		<testcase name="test_unset_custom_remove_default" time="20.124000"/>
		<testcase name="postconditions"/>
		<testcase name="test_py_md_compliance" time="0.018000"/>
		<testcase name="test_pep8_compliance" time="6.390000"/>
		<testcase name="test_input_dir_compliance" time="0.024000"/>
		<testcase name="test_suite_inheritance_compliance" time="0.016000"/>
	</testsuite>
</testsuites>
