<?xml version="1.0" ?>
<testsuites disabled="0" errors="0" failures="0" tests="24" time="891.7579999999999">
	<testsuite disabled="0" errors="0" failures="0" name="campaign_vcastqt.test_test_case_tree.suite_unapplied_test_data" skipped="0" tests="24" time="891.7579999999999">
		<testcase name="preconditions" time="9.175000"/>
		<testcase name="test_attempt_import" time="90.571000"/>
		<testcase name="test_coverage" time="58.317000"/>
		<testcase name="test_delete" time="48.017000"/>
		<testcase name="test_delete_all_unapplied_editor_open" time="36.883000"/>
		<testcase name="test_delete_env_tests_unapplied_editor_open" time="37.410000"/>
		<testcase name="test_environment_reopen" time="60.850000"/>
		<testcase name="test_environment_update" time="58.072000"/>
		<testcase name="test_incremental_rebuild" time="50.491000"/>
		<testcase name="test_multi_selected_export" time="44.407000"/>
		<testcase name="test_node_does_not_exist_by_default" time="36.388000"/>
		<testcase name="test_node_exists_after_cli_import" time="39.955000"/>
		<testcase name="test_node_exists_after_gui_import" time="59.211000"/>
		<testcase name="test_only_automatically_close_unapplied_editor" time="54.587000"/>
		<testcase name="test_open_node_double_click" time="39.400000"/>
		<testcase name="test_open_node_right_click" time="39.937000"/>
		<testcase name="test_rebuild" time="47.776000"/>
		<testcase name="test_single_selected_export" time="41.899000"/>
		<testcase name="test_status_total_errors_correct" time="27.514000"/>
		<testcase name="postconditions"/>
		<testcase name="test_py_md_compliance" time="0.276000"/>
		<testcase name="test_pep8_compliance" time="10.033000"/>
		<testcase name="test_input_dir_compliance" time="0.295000"/>
		<testcase name="test_suite_inheritance_compliance" time="0.294000"/>
	</testsuite>
</testsuites>
