<?xml version="1.0" ?>
<testsuites disabled="0" errors="0" failures="0" tests="12" time="8.679999999999998">
	<testsuite disabled="0" errors="0" failures="0" name="campaign_python_apps.test_autoedg.suite_interactive" skipped="0" tests="12" time="8.679999999999998">
		<testcase name="preconditions" time="0.001000"/>
		<testcase name="test_both_configuration" time="1.460000"/>
		<testcase name="test_c_configuration" time="0.852000"/>
		<testcase name="test_compiler_not_on_path" time="0.697000"/>
		<testcase name="test_cpp_configuration" time="0.904000"/>
		<testcase name="test_defaults" time="1.287000"/>
		<testcase name="test_interactive_script" time="0.919000"/>
		<testcase name="postconditions"/>
		<testcase name="test_py_md_compliance" time="0.004000"/>
		<testcase name="test_pep8_compliance" time="2.546000"/>
		<testcase name="test_input_dir_compliance" time="0.006000"/>
		<testcase name="test_suite_inheritance_compliance" time="0.004000"/>
	</testsuite>
</testsuites>
