<?xml version="1.0" ?>
<testsuites disabled="0" errors="0" failures="0" tests="7" time="206.891">
	<testsuite disabled="0" errors="0" failures="0" name="campaign_licensing_vcastqt.test_features.suite_timeout" skipped="0" tests="7" time="206.891">
		<testcase name="preconditions" time="5.055000"/>
		<testcase name="test_save_before_timeout" time="195.766000"/>
		<testcase name="postconditions"/>
		<testcase name="test_py_md_compliance" time="0.128000"/>
		<testcase name="test_pep8_compliance" time="5.696000"/>
		<testcase name="test_input_dir_compliance" time="0.103000"/>
		<testcase name="test_suite_inheritance_compliance" time="0.143000"/>
	</testsuite>
</testsuites>
