<?xml version="1.0" ?>
<testsuites disabled="0" errors="0" failures="0" tests="15" time="27.505">
	<testsuite disabled="0" errors="0" failures="0" name="campaign_clicast.test_test.suite_coded_add" skipped="0" tests="15" time="27.505">
		<testcase name="preconditions" time="8.083000"/>
		<testcase name="test_abs_path" time="1.649000"/>
		<testcase name="test_add_to_separate_unit_conflict" time="4.500000"/>
		<testcase name="test_base_dir" time="1.295000"/>
		<testcase name="test_duplicate_path" time="1.773000"/>
		<testcase name="test_env_var" time="1.420000"/>
		<testcase name="test_file_with_no_coded_tests" time="2.323000"/>
		<testcase name="test_invalid_unit" time="0.572000"/>
		<testcase name="test_nonexistent_path" time="0.564000"/>
		<testcase name="test_rel_path" time="1.388000"/>
		<testcase name="postconditions"/>
		<testcase name="test_py_md_compliance" time="0.005000"/>
		<testcase name="test_pep8_compliance" time="3.905000"/>
		<testcase name="test_input_dir_compliance" time="0.016000"/>
		<testcase name="test_suite_inheritance_compliance" time="0.012000"/>
	</testsuite>
</testsuites>
