<?xml version="1.0" ?>
<testsuites disabled="0" errors="0" failures="0" tests="7" time="43.428000000000004">
	<testsuite disabled="0" errors="0" failures="0" name="campaign_data_api.test_migrations.suite_migrate_failure" skipped="0" tests="7" time="43.428000000000004">
		<testcase name="preconditions" time="5.858000"/>
		<testcase name="test_opened_with_older_version" time="22.326000"/>
		<testcase name="postconditions" time="5.223000"/>
		<testcase name="test_py_md_compliance" time="0.015000"/>
		<testcase name="test_pep8_compliance" time="9.919000"/>
		<testcase name="test_input_dir_compliance" time="0.049000"/>
		<testcase name="test_suite_inheritance_compliance" time="0.038000"/>
	</testsuite>
</testsuites>
