<?xml version="1.0" ?>
<testsuites disabled="0" errors="0" failures="0" tests="18" time="121.84100000000001">
	<testsuite disabled="0" errors="0" failures="0" name="campaign_clicast.test_cover.suite_export_test_coverage_c" skipped="0" tests="18" time="121.84100000000001">
		<testcase name="preconditions" time="5.789000"/>
		<testcase name="test_basis_paths_export" time="8.361000"/>
		<testcase name="test_branch_export" time="7.491000"/>
		<testcase name="test_function_export" time="7.586000"/>
		<testcase name="test_high_unit_number_export" time="11.389000"/>
		<testcase name="test_level_a_export" time="8.579000"/>
		<testcase name="test_level_b_export" time="7.784000"/>
		<testcase name="test_mcdc_export" time="7.533000"/>
		<testcase name="test_metadata" time="8.241000"/>
		<testcase name="test_probe_points_not_exported" time="10.165000"/>
		<testcase name="test_requirements" time="12.584000"/>
		<testcase name="test_requirements_legacy" time="11.638000"/>
		<testcase name="test_statement_export" time="8.747000"/>
		<testcase name="postconditions"/>
		<testcase name="test_py_md_compliance" time="0.053000"/>
		<testcase name="test_pep8_compliance" time="5.838000"/>
		<testcase name="test_input_dir_compliance" time="0.033000"/>
		<testcase name="test_suite_inheritance_compliance" time="0.030000"/>
	</testsuite>
</testsuites>
