<?xml version="1.0" ?>
<testsuites disabled="0" errors="0" failures="0" tests="13" time="284.5609999999999">
	<testsuite disabled="0" errors="0" failures="0" name="campaign_vcastqt.test_test_case_view.suite_next_previous_pass_fail_buttons_html" skipped="0" tests="13" time="284.5609999999999">
		<testcase name="preconditions" time="36.155000"/>
		<testcase name="test_control_flow_reordered" time="37.477000"/>
		<testcase name="test_extra_event" time="35.341000"/>
		<testcase name="test_missing_control_flow" time="35.516000"/>
		<testcase name="test_next_fail_button" time="32.395000"/>
		<testcase name="test_next_pass_button" time="31.849000"/>
		<testcase name="test_previous_fail_button" time="32.510000"/>
		<testcase name="test_previous_pass_button" time="31.683000"/>
		<testcase name="postconditions" time="5.320000"/>
		<testcase name="test_py_md_compliance" time="0.073000"/>
		<testcase name="test_pep8_compliance" time="6.078000"/>
		<testcase name="test_input_dir_compliance" time="0.085000"/>
		<testcase name="test_suite_inheritance_compliance" time="0.079000"/>
	</testsuite>
</testsuites>
