<?xml version="1.0" ?>
<testsuites disabled="0" errors="0" failures="0" tests="9" time="18.421000000000003">
	<testsuite disabled="0" errors="0" failures="0" name="campaign_clicast.test_options.suite_vcast_unexpected_signals_fail" skipped="0" tests="9" time="18.421000000000003">
		<testcase name="preconditions" time="4.032000"/>
		<testcase name="test_signal_outside_is_in_driver" time="2.739000"/>
		<testcase name="test_signals_fail_false" time="4.589000"/>
		<testcase name="test_signals_fail_true" time="4.401000"/>
		<testcase name="postconditions"/>
		<testcase name="test_py_md_compliance" time="0.009000"/>
		<testcase name="test_pep8_compliance" time="2.632000"/>
		<testcase name="test_input_dir_compliance" time="0.010000"/>
		<testcase name="test_suite_inheritance_compliance" time="0.009000"/>
	</testsuite>
</testsuites>
