<?xml version="1.0" ?>
<testsuites disabled="0" errors="0" failures="0" tests="15" time="74.12800000000001">
	<testsuite disabled="0" errors="0" failures="0" name="campaign_cli_manage.test_create.suite_create_new_environment" skipped="0" tests="15" time="74.12800000000001">
		<testcase name="preconditions" time="0.548000"/>
		<testcase name="test_create_environment_from_rsp" time="6.414000"/>
		<testcase name="test_create_new_ada_environment" time="7.969000"/>
		<testcase name="test_create_new_cover_environment" time="7.016000"/>
		<testcase name="test_create_new_cover_environment_in_testsuite" time="6.458000"/>
		<testcase name="test_create_new_cover_environment_no_py_path" time="5.972000"/>
		<testcase name="test_create_new_cpp_environment" time="8.169000"/>
		<testcase name="test_create_new_cpp_environment_in_testsuite" time="8.474000"/>
		<testcase name="test_create_uut_in_duplicate_contexts" time="8.552000"/>
		<testcase name="test_no_diff_newly_created_rsp_env" time="7.765000"/>
		<testcase name="postconditions"/>
		<testcase name="test_py_md_compliance" time="0.013000"/>
		<testcase name="test_pep8_compliance" time="6.749000"/>
		<testcase name="test_input_dir_compliance" time="0.022000"/>
		<testcase name="test_suite_inheritance_compliance" time="0.007000"/>
	</testsuite>
</testsuites>
