<?xml version="1.0" ?>
<testsuites disabled="0" errors="0" failures="0" tests="9" time="124.133">
	<testsuite disabled="0" errors="0" failures="0" name="campaign_vcastqt.test_options.suite_line_edit_pop_out" skipped="0" tests="9" time="124.133">
		<testcase name="preconditions" time="4.883000"/>
		<testcase name="test_ada" time="35.227000"/>
		<testcase name="test_c" time="35.553000"/>
		<testcase name="test_cover" time="35.885000"/>
		<testcase name="postconditions" time="5.227000"/>
		<testcase name="test_py_md_compliance" time="0.031000"/>
		<testcase name="test_pep8_compliance" time="7.175000"/>
		<testcase name="test_input_dir_compliance" time="0.082000"/>
		<testcase name="test_suite_inheritance_compliance" time="0.070000"/>
	</testsuite>
</testsuites>
