<?xml version="1.0" ?>
<testsuites disabled="0" errors="0" failures="0" tests="17" time="3.806">
	<testsuite disabled="0" errors="0" failures="0" name="campaign_edgfe.test_parse.suite_cpp11" skipped="0" tests="17" time="3.806">
		<testcase name="preconditions"/>
		<testcase name="test_30448_parse_error_for_tuple" time="0.253000"/>
		<testcase name="test_52226_inline_namespace_noexcept" time="0.041000"/>
		<testcase name="test_56718_parser_crash" time="0.043000"/>
		<testcase name="test_59303_excessive_recursion" time="0.394000"/>
		<testcase name="test_59370_template_template_argument" time="0.046000"/>
		<testcase name="test_59465_alias_template_typeid" time="0.043000"/>
		<testcase name="test_60148_array_constant" time="0.045000"/>
		<testcase name="test_85168_default_template_arg" time="0.042000"/>
		<testcase name="test_braced_init_list_in_new" time="0.060000"/>
		<testcase name="test_copy_tokens_internal_error" time="0.040000"/>
		<testcase name="test_intel_template_class" time="0.038000"/>
		<testcase name="postconditions"/>
		<testcase name="test_py_md_compliance" time="0.004000"/>
		<testcase name="test_pep8_compliance" time="2.746000"/>
		<testcase name="test_input_dir_compliance" time="0.008000"/>
		<testcase name="test_suite_inheritance_compliance" time="0.003000"/>
	</testsuite>
</testsuites>
