<?xml version="1.0" ?>
<testsuites disabled="0" errors="0" failures="0" tests="9" time="19.243999999999996">
	<testsuite disabled="0" errors="0" failures="0" name="campaign_clicast.test_cover_options.suite_in_place" skipped="0" tests="9" time="19.243999999999996">
		<testcase name="preconditions" time="3.015000"/>
		<testcase name="test_in_place_directory" time="3.956000"/>
		<testcase name="test_not_in_place_directory" time="3.758000"/>
		<testcase name="test_option_file_change" time="4.798000"/>
		<testcase name="postconditions"/>
		<testcase name="test_py_md_compliance" time="0.004000"/>
		<testcase name="test_pep8_compliance" time="3.697000"/>
		<testcase name="test_input_dir_compliance" time="0.008000"/>
		<testcase name="test_suite_inheritance_compliance" time="0.008000"/>
	</testsuite>
</testsuites>
