<?xml version="1.0" ?>
<testsuites disabled="0" errors="0" failures="0" tests="13" time="37.335">
	<testsuite disabled="0" errors="0" failures="0" name="campaign_clicast.test_cover_staged_instrumentation.suite_load" skipped="0" tests="13" time="37.335">
		<testcase name="preconditions" time="4.195000"/>
		<testcase name="test_corrupt_unit_specific_vcp" time="2.339000"/>
		<testcase name="test_env_cov_type_and_inst_cov_types_differ" time="5.638000"/>
		<testcase name="test_load_after_instrumentation_failure" time="1.923000"/>
		<testcase name="test_load_after_source_change_and_reinstrument" time="6.259000"/>
		<testcase name="test_no_coverage_data_to_load" time="2.417000"/>
		<testcase name="test_source_missing_from_env" time="4.600000"/>
		<testcase name="test_successful_load" time="3.224000"/>
		<testcase name="postconditions"/>
		<testcase name="test_py_md_compliance" time="0.011000"/>
		<testcase name="test_pep8_compliance" time="6.708000"/>
		<testcase name="test_input_dir_compliance" time="0.015000"/>
		<testcase name="test_suite_inheritance_compliance" time="0.006000"/>
	</testsuite>
</testsuites>
