<?xml version="1.0" ?>
<testsuites disabled="0" errors="0" failures="0" tests="17" time="71.365">
	<testsuite disabled="0" errors="0" failures="0" name="campaign_analytics.test_configuration.suite_server" skipped="0" tests="17" time="71.365">
		<testcase name="preconditions" time="6.124000"/>
		<testcase name="test_api_kill" time="3.285000"/>
		<testcase name="test_create_config" time="5.758000"/>
		<testcase name="test_ctrl_break_kill" time="0.003000"/>
		<testcase name="test_ctrl_c_kill" time="4.026000"/>
		<testcase name="test_ip_configuration" time="8.723000"/>
		<testcase name="test_masterdb_unlocked" time="12.670000"/>
		<testcase name="test_port_commandline_configuration" time="8.576000"/>
		<testcase name="test_port_configuration" time="8.683000"/>
		<testcase name="test_port_conflict_message" time="7.970000"/>
		<testcase name="test_vcm_dir_error_message" time="0.254000"/>
		<testcase name="test_vcm_error_message" time="0.205000"/>
		<testcase name="postconditions"/>
		<testcase name="test_py_md_compliance" time="0.011000"/>
		<testcase name="test_pep8_compliance" time="5.056000"/>
		<testcase name="test_input_dir_compliance" time="0.009000"/>
		<testcase name="test_suite_inheritance_compliance" time="0.012000"/>
	</testsuite>
</testsuites>
