<?xml version="1.0" ?>
<testsuites disabled="0" errors="0" failures="0" tests="10" time="62.656000000000006">
	<testsuite disabled="0" errors="0" failures="0" name="campaign_cli_manage.test_backwards_compatibility.suite_unsupported_legacy_envs" skipped="0" tests="10" time="62.656000000000006">
		<testcase name="preconditions" time="31.071000"/>
		<testcase name="test_build_project_with_legacy_envs" time="9.630000"/>
		<testcase name="test_cannot_import_unsupported_cover_environment" time="8.254000"/>
		<testcase name="test_cannot_import_unsupported_unit_environment" time="5.893000"/>
		<testcase name="test_migrate_project_with_legacy_env" time="2.213000"/>
		<testcase name="postconditions"/>
		<testcase name="test_py_md_compliance" time="0.011000"/>
		<testcase name="test_pep8_compliance" time="5.566000"/>
		<testcase name="test_input_dir_compliance" time="0.010000"/>
		<testcase name="test_suite_inheritance_compliance" time="0.008000"/>
	</testsuite>
</testsuites>
