<?xml version="1.0" ?>
<testsuites disabled="0" errors="0" failures="0" tests="10" time="13.948">
	<testsuite disabled="0" errors="0" failures="0" name="campaign_clicast.test_cover_base_directories.suite_base_directory_status_report" skipped="0" tests="10" time="13.948">
		<testcase name="preconditions" time="4.047000"/>
		<testcase name="test_ignore_filename_case" time="0.001000"/>
		<testcase name="test_status_with_headers" time="2.827000"/>
		<testcase name="test_status_without_headers" time="2.117000"/>
		<testcase name="test_view_updates" time="0.583000"/>
		<testcase name="postconditions"/>
		<testcase name="test_py_md_compliance" time="0.004000"/>
		<testcase name="test_pep8_compliance" time="4.357000"/>
		<testcase name="test_input_dir_compliance" time="0.005000"/>
		<testcase name="test_suite_inheritance_compliance" time="0.007000"/>
	</testsuite>
</testsuites>
