<?xml version="1.0" ?>
<testsuites disabled="0" errors="0" failures="0" tests="14" time="930.719">
	<testsuite disabled="0" errors="0" failures="0" name="campaign_cli_manage.test_system_tests.suite_examples" skipped="0" tests="14" time="930.719">
		<testcase name="preconditions" time="0.001000"/>
		<testcase name="test_different_user_environments" time="459.042000"/>
		<testcase name="test_example_coupling" time="18.594000"/>
		<testcase name="test_example_cppunit" time="29.039000"/>
		<testcase name="test_example_googletest" time="33.714000"/>
		<testcase name="test_example_googletest_no_py_path" time="34.087000"/>
		<testcase name="test_example_lua" time="93.907000"/>
		<testcase name="test_example_manager" time="23.022000"/>
		<testcase name="test_remove_existing_example" time="232.702000"/>
		<testcase name="postconditions"/>
		<testcase name="test_py_md_compliance" time="0.014000"/>
		<testcase name="test_pep8_compliance" time="6.565000"/>
		<testcase name="test_input_dir_compliance" time="0.019000"/>
		<testcase name="test_suite_inheritance_compliance" time="0.013000"/>
	</testsuite>
</testsuites>
