<?xml version="1.0" ?>
<testsuites disabled="0" errors="0" failures="0" tests="13" time="25.205">
	<testsuite disabled="0" errors="0" failures="0" name="campaign_clicast.test_options.suite_testcase_fail_on_no_exp_return_ada" skipped="0" tests="13" time="25.205">
		<testcase name="preconditions" time="8.339000"/>
		<testcase name="test_compound_expected_return" time="3.145000"/>
		<testcase name="test_compound_no_expected_return" time="2.264000"/>
		<testcase name="test_expected_return" time="0.801000"/>
		<testcase name="test_expected_return_user_code" time="3.285000"/>
		<testcase name="test_init" time="0.992000"/>
		<testcase name="test_no_expected_return" time="2.281000"/>
		<testcase name="test_procedure" time="0.981000"/>
		<testcase name="postconditions"/>
		<testcase name="test_py_md_compliance" time="0.008000"/>
		<testcase name="test_pep8_compliance" time="3.086000"/>
		<testcase name="test_input_dir_compliance" time="0.016000"/>
		<testcase name="test_suite_inheritance_compliance" time="0.007000"/>
	</testsuite>
</testsuites>
