<?xml version="1.0" ?>
<testsuites disabled="0" errors="0" failures="0" tests="10" time="237.93199999999996">
	<testsuite disabled="0" errors="0" failures="0" name="campaign_vcastqt.test_test_case_tree.suite_context_menus" skipped="0" tests="10" time="237.93199999999996">
		<testcase name="preconditions" time="37.011000"/>
		<testcase name="test_manage_cpp_mig_env" time="49.374000"/>
		<testcase name="test_manage_cpp_mon_env" time="46.944000"/>
		<testcase name="test_manage_cpp_mon_then_mig_envs" time="64.919000"/>
		<testcase name="test_unit_cpp_env" time="31.075000"/>
		<testcase name="postconditions"/>
		<testcase name="test_py_md_compliance" time="0.099000"/>
		<testcase name="test_pep8_compliance" time="8.316000"/>
		<testcase name="test_input_dir_compliance" time="0.100000"/>
		<testcase name="test_suite_inheritance_compliance" time="0.094000"/>
	</testsuite>
</testsuites>
