<?xml version="1.0" ?>
<testsuites disabled="0" errors="0" failures="0" tests="7" time="76.284">
	<testsuite disabled="0" errors="0" failures="0" name="campaign_vcastqt.test_csv_template.suite_import_csv" skipped="0" tests="7" time="76.284">
		<testcase name="preconditions" time="7.396000"/>
		<testcase name="test_custom_separator_not_specified" time="57.182000"/>
		<testcase name="postconditions" time="5.248000"/>
		<testcase name="test_py_md_compliance" time="0.033000"/>
		<testcase name="test_pep8_compliance" time="6.338000"/>
		<testcase name="test_input_dir_compliance" time="0.046000"/>
		<testcase name="test_suite_inheritance_compliance" time="0.041000"/>
	</testsuite>
</testsuites>
