<?xml version="1.0" ?>
<testsuites disabled="0" errors="0" failures="0" tests="7" time="89.61399999999999">
	<testsuite disabled="0" errors="0" failures="0" name="campaign_vcastqt.test_manage_honors_env_options.suite_optimized_mcdc_storage" skipped="0" tests="7" time="89.61399999999999">
		<testcase name="preconditions" time="13.903000"/>
		<testcase name="test_verify_option_in_configuration" time="62.477000"/>
		<testcase name="postconditions" time="5.240000"/>
		<testcase name="test_py_md_compliance" time="0.029000"/>
		<testcase name="test_pep8_compliance" time="7.828000"/>
		<testcase name="test_input_dir_compliance" time="0.069000"/>
		<testcase name="test_suite_inheritance_compliance" time="0.068000"/>
	</testsuite>
</testsuites>
