<?xml version="1.0" ?>
<testsuites disabled="0" errors="0" failures="0" tests="10" time="6.111999999999999">
	<testsuite disabled="0" errors="0" failures="0" name="campaign_vctools.test_vcutil.suite_coverage_type" skipped="0" tests="10" time="6.111999999999999">
		<testcase name="preconditions" time="0.744000"/>
		<testcase name="test_asil_b_c" time="0.600000"/>
		<testcase name="test_class_b" time="0.728000"/>
		<testcase name="test_level_a" time="0.459000"/>
		<testcase name="test_sil_3" time="0.417000"/>
		<testcase name="postconditions"/>
		<testcase name="test_py_md_compliance" time="0.005000"/>
		<testcase name="test_pep8_compliance" time="3.153000"/>
		<testcase name="test_input_dir_compliance" time="0.004000"/>
		<testcase name="test_suite_inheritance_compliance" time="0.002000"/>
	</testsuite>
</testsuites>
