<?xml version="1.0" ?>
<testsuites disabled="0" errors="0" failures="0" tests="7" time="40.57600000000001">
	<testsuite disabled="0" errors="0" failures="0" name="campaign_clicast.test_backwards_compatibility_unit.suite_mod_and_exec_test_case" skipped="0" tests="7" time="40.57600000000001">
		<testcase name="preconditions" time="0.002000"/>
		<testcase name="test_2019" time="17.908000"/>
		<testcase name="test_2019sp1" time="17.335000"/>
		<testcase name="postconditions" time="0.005000"/>
		<testcase name="test_pep8_compliance" time="5.316000"/>
		<testcase name="test_input_dir_compliance" time="0.006000"/>
		<testcase name="test_suite_inheritance_compliance" time="0.004000"/>
	</testsuite>
</testsuites>
