<?xml version="1.0" ?>
<testsuites disabled="0" errors="0" failures="0" tests="23" time="42.135999999999996">
	<testsuite disabled="0" errors="0" failures="0" name="campaign_clicast.test_environment.suite_inst_only_env" skipped="0" tests="23" time="42.135999999999996">
		<testcase name="preconditions" time="4.755000"/>
		<testcase name="test_basis_paths_tests" time="4.094000"/>
		<testcase name="test_disable_cover" time="3.521000"/>
		<testcase name="test_incremental_rebuild" time="1.164000"/>
		<testcase name="test_initial_open" time="1.022000"/>
		<testcase name="test_rebuild" time="4.481000"/>
		<testcase name="test_rebuild_range_data" time="1.077000"/>
		<testcase name="test_recompile_auto" time="2.131000"/>
		<testcase name="test_recompile_create" time="0.868000"/>
		<testcase name="test_relink" time="0.838000"/>
		<testcase name="test_relink_link_failure" time="1.818000"/>
		<testcase name="test_second_disable_cover" time="3.381000"/>
		<testcase name="test_single_executable" time="0.227000"/>
		<testcase name="test_stub_user_compile" time="0.704000"/>
		<testcase name="test_stub_user_compile_link_error" time="1.939000"/>
		<testcase name="test_user_clear" time="0.912000"/>
		<testcase name="test_user_compile" time="0.827000"/>
		<testcase name="test_user_compile_link_error" time="2.122000"/>
		<testcase name="postconditions"/>
		<testcase name="test_py_md_compliance" time="0.014000"/>
		<testcase name="test_pep8_compliance" time="6.220000"/>
		<testcase name="test_input_dir_compliance" time="0.015000"/>
		<testcase name="test_suite_inheritance_compliance" time="0.006000"/>
	</testsuite>
</testsuites>
