<?xml version="1.0" ?>
<testsuites disabled="0" errors="0" failures="0" tests="12" time="343.11500000000007">
	<testsuite disabled="0" errors="0" failures="0" name="campaign_vcastqt.test_requirements_gateway.suite_impacted_requirements" skipped="0" tests="12" time="343.11500000000007">
		<testcase name="preconditions" time="9.198000"/>
		<testcase name="test_click_requirement_item_get_warning_dialog" time="47.893000"/>
		<testcase name="test_mark_all_requirements_compound_view" time="91.140000"/>
		<testcase name="test_mark_all_reviewed_status_change" time="38.235000"/>
		<testcase name="test_mark_all_reviewed_test_tree_updated" time="45.305000"/>
		<testcase name="test_rebuild" time="47.069000"/>
		<testcase name="test_warning_message" time="56.901000"/>
		<testcase name="postconditions"/>
		<testcase name="test_py_md_compliance" time="0.175000"/>
		<testcase name="test_pep8_compliance" time="6.822000"/>
		<testcase name="test_input_dir_compliance" time="0.190000"/>
		<testcase name="test_suite_inheritance_compliance" time="0.187000"/>
	</testsuite>
</testsuites>
