<?xml version="1.0" ?>
<testsuites disabled="0" errors="0" failures="0" tests="13" time="483.98500000000007">
	<testsuite disabled="0" errors="0" failures="0" name="campaign_vcastqt.test_coded_tests.suite_delete" skipped="0" tests="13" time="483.98500000000007">
		<testcase name="preconditions" time="12.088000"/>
		<testcase name="test_build_then_remove_coded_test" time="68.915000"/>
		<testcase name="test_move_to_separate_unit" time="95.497000"/>
		<testcase name="test_remove_coded_tests_file" time="57.166000"/>
		<testcase name="test_remove_coded_tests_from_env" time="57.057000"/>
		<testcase name="test_remove_coded_tests_from_unit" time="57.009000"/>
		<testcase name="test_remove_from_coded_tests_node" time="56.846000"/>
		<testcase name="test_remove_readd_coded_tests_file" time="67.320000"/>
		<testcase name="postconditions" time="5.193000"/>
		<testcase name="test_py_md_compliance" time="0.053000"/>
		<testcase name="test_pep8_compliance" time="6.713000"/>
		<testcase name="test_input_dir_compliance" time="0.064000"/>
		<testcase name="test_suite_inheritance_compliance" time="0.064000"/>
	</testsuite>
</testsuites>
