<?xml version="1.0" ?>
<testsuites disabled="0" errors="0" failures="0" tests="8" time="18.245000000000005">
	<testsuite disabled="0" errors="0" failures="0" name="campaign_cli_manage.test_python_api.suite_system_test_cases" skipped="0" tests="8" time="18.245000000000005">
		<testcase name="preconditions" time="7.040000"/>
		<testcase name="test_get_components" time="3.277000"/>
		<testcase name="test_get_system_test_cases" time="3.107000"/>
		<testcase name="postconditions"/>
		<testcase name="test_py_md_compliance" time="0.006000"/>
		<testcase name="test_pep8_compliance" time="4.804000"/>
		<testcase name="test_input_dir_compliance" time="0.007000"/>
		<testcase name="test_suite_inheritance_compliance" time="0.004000"/>
	</testsuite>
</testsuites>
