<?xml version="1.0" ?>
<testsuites disabled="0" errors="0" failures="0" tests="18" time="3.27">
	<testsuite disabled="0" errors="0" failures="0" name="campaign_edgfe.test_parse.suite_codecomposer" skipped="0" tests="18" time="3.27">
		<testcase name="preconditions"/>
		<testcase name="test_61505_allow_standalone_data_align_in_c" time="0.051000"/>
		<testcase name="test_anon_csu_designated" time="0.081000"/>
		<testcase name="test_arm_intrinsics" time="0.044000"/>
		<testcase name="test_c2000_intrinsics" time="0.107000"/>
		<testcase name="test_c2000_large_class" time="0.053000"/>
		<testcase name="test_c2000_no_v28_type_sizes" time="0.049000"/>
		<testcase name="test_c6000_intrinsics" time="0.044000"/>
		<testcase name="test_constant_in_array_size" time="0.046000"/>
		<testcase name="test_declspec" time="0.054000"/>
		<testcase name="test_int40_literal_suffix" time="0.041000"/>
		<testcase name="test_qualifiers_dropped_in_binding_ref" time="0.054000"/>
		<testcase name="test_version6_c5500_type_sizes" time="0.049000"/>
		<testcase name="postconditions"/>
		<testcase name="test_py_md_compliance" time="0.004000"/>
		<testcase name="test_pep8_compliance" time="2.581000"/>
		<testcase name="test_input_dir_compliance" time="0.007000"/>
		<testcase name="test_suite_inheritance_compliance" time="0.005000"/>
	</testsuite>
</testsuites>
