<?xml version="1.0" ?>
<testsuites disabled="0" errors="0" failures="0" tests="16" time="175.47099999999998">
	<testsuite disabled="0" errors="0" failures="0" name="campaign_cli_manage.test_build_execute.suite_change_based_testing_ada" skipped="0" tests="16" time="175.47099999999998">
		<testcase name="preconditions" time="26.392000"/>
		<testcase name="test_inc_build_execute_from_scratch_mig" time="8.567000"/>
		<testcase name="test_inc_build_execute_from_scratch_mon" time="8.478000"/>
		<testcase name="test_no_source_change_rebuild_unnecessary_mig" time="8.825000"/>
		<testcase name="test_no_source_change_rebuild_unnecessary_mon" time="8.494000"/>
		<testcase name="test_source_function_body_changed_rebuild_exec_mig" time="15.357000"/>
		<testcase name="test_source_function_body_changed_rebuild_exec_mon" time="14.816000"/>
		<testcase name="test_source_global_changed_full_rebuild_mig" time="18.431000"/>
		<testcase name="test_source_global_changed_full_rebuild_mon" time="18.484000"/>
		<testcase name="test_tst_change_execute_mig" time="26.237000"/>
		<testcase name="test_tst_change_execute_mon" time="14.686000"/>
		<testcase name="postconditions"/>
		<testcase name="test_py_md_compliance" time="0.009000"/>
		<testcase name="test_pep8_compliance" time="6.655000"/>
		<testcase name="test_input_dir_compliance" time="0.022000"/>
		<testcase name="test_suite_inheritance_compliance" time="0.018000"/>
	</testsuite>
</testsuites>
