<?xml version="1.0" ?>
<testsuites disabled="0" errors="0" failures="0" tests="33" time="347.844">
	<testsuite disabled="0" errors="0" failures="0" name="campaign_atg.test_atg.suite_coverage_release_mode_btor_part_10" skipped="0" tests="33" time="347.844">
		<testcase name="preconditions"/>
		<testcase name="test_templated_functions" time="12.858000"/>
		<testcase name="test_templated_structs_of_the_same_name" time="12.462000"/>
		<testcase name="test_templates_involving_structs" time="11.321000"/>
		<testcase name="test_tern_nested_in_if" time="11.320000"/>
		<testcase name="test_ternary" time="11.528000"/>
		<testcase name="test_testable_routines" time="11.887000"/>
		<testcase name="test_this_direct_comparison" time="12.191000"/>
		<testcase name="test_timeout_zero" time="12.442000"/>
		<testcase name="test_typedef_crash" time="12.010000"/>
		<testcase name="test_typedeffed_struct_as_method_param" time="12.554000"/>
		<testcase name="test_typemismatch_this" time="12.769000"/>
		<testcase name="test_udiv_test" time="12.394000"/>
		<testcase name="test_unicode_uncomplient_string" time="11.978000"/>
		<testcase name="test_union_overlap" time="12.124000"/>
		<testcase name="test_unnamed_stub_param" time="11.786000"/>
		<testcase name="test_urem" time="13.563000"/>
		<testcase name="test_vcast_c_example_manager" time="15.237000"/>
		<testcase name="test_vcast_c_example_vscode" time="14.907000"/>
		<testcase name="test_vcast_cpp_example_manager" time="18.715000"/>
		<testcase name="test_vcast_cpp_example_manager_extra" time="14.257000"/>
		<testcase name="test_vcast_cpp_example_minimal_fields" time="0.046000"/>
		<testcase name="test_vcast_cpp_example_vscode" time="18.309000"/>
		<testcase name="test_virtual_vs_non_virtual_stubs" time="11.429000"/>
		<testcase name="test_void_field_inside_struct" time="10.776000"/>
		<testcase name="test_void_star_field" time="12.259000"/>
		<testcase name="test_void_star_tests" time="12.253000"/>
		<testcase name="test_volatile_const_arrays" time="10.914000"/>
		<testcase name="test_walk_method_not_walk_ctor" time="11.278000"/>
		<testcase name="postconditions" time="0.111000"/>
		<testcase name="test_pep8_compliance" time="2.002000"/>
		<testcase name="test_input_dir_compliance" time="0.065000"/>
		<testcase name="test_suite_inheritance_compliance" time="0.099000"/>
	</testsuite>
</testsuites>
