<?xml version="1.0" ?>
<testsuites disabled="0" errors="0" failures="0" tests="8" time="19.599999999999998">
	<testsuite disabled="0" errors="0" failures="0" name="campaign_clicast.test_options.suite_test_all_inlines" skipped="0" tests="8" time="19.599999999999998">
		<testcase name="preconditions" time="1.321000"/>
		<testcase name="test_option_off" time="6.082000"/>
		<testcase name="test_option_on" time="8.633000"/>
		<testcase name="postconditions"/>
		<testcase name="test_py_md_compliance" time="0.006000"/>
		<testcase name="test_pep8_compliance" time="3.548000"/>
		<testcase name="test_input_dir_compliance" time="0.007000"/>
		<testcase name="test_suite_inheritance_compliance" time="0.003000"/>
	</testsuite>
</testsuites>
