<?xml version="1.0" ?>
<testsuites disabled="0" errors="0" failures="0" tests="11" time="17.48">
	<testsuite disabled="0" errors="0" failures="0" name="campaign_clicast.test_options.suite_options_append" skipped="0" tests="11" time="17.48">
		<testcase name="preconditions"/>
		<testcase name="test_append_nontext_ada" time="1.960000"/>
		<testcase name="test_append_nontext_c" time="4.171000"/>
		<testcase name="test_append_text_ada" time="3.977000"/>
		<testcase name="test_append_text_c" time="3.629000"/>
		<testcase name="test_append_text_comma_c" time="1.479000"/>
		<testcase name="postconditions"/>
		<testcase name="test_py_md_compliance" time="0.007000"/>
		<testcase name="test_pep8_compliance" time="2.242000"/>
		<testcase name="test_input_dir_compliance" time="0.008000"/>
		<testcase name="test_suite_inheritance_compliance" time="0.007000"/>
	</testsuite>
</testsuites>
