<?xml version="1.0" ?>
<testsuites disabled="0" errors="0" failures="0" tests="25" time="345.7009999999999">
	<testsuite disabled="0" errors="0" failures="0" name="campaign_cli_manage.test_reports.suite_manage_source_files" skipped="0" tests="25" time="345.7009999999999">
		<testcase name="preconditions" time="29.583000"/>
		<testcase name="test_base_dirs_cover_and_unit" time="19.201000"/>
		<testcase name="test_base_dirs_imported_results" time="31.676000"/>
		<testcase name="test_file_is_shared" time="0.613000"/>
		<testcase name="test_file_list_after_removal" time="3.000000"/>
		<testcase name="test_file_shared_by_unit_and_cover" time="6.515000"/>
		<testcase name="test_file_shared_with_special_env_names" time="28.279000"/>
		<testcase name="test_file_split_after_source_change" time="11.843000"/>
		<testcase name="test_file_with_all_coverage_types" time="88.315000"/>
		<testcase name="test_file_with_different_coverage_unshared" time="16.694000"/>
		<testcase name="test_fogbugz_46053" time="25.548000"/>
		<testcase name="test_lis_comparison_after_minor_change" time="6.515000"/>
		<testcase name="test_lis_comparison_after_multiline_source_change" time="6.433000"/>
		<testcase name="test_lis_comparison_after_significant_change" time="6.275000"/>
		<testcase name="test_lis_comparison_filter_inst_lines" time="6.725000"/>
		<testcase name="test_lis_comparison_filter_no_code" time="6.445000"/>
		<testcase name="test_lis_comparsion_after_code_removed" time="6.071000"/>
		<testcase name="test_lis_comparsion_after_comment_changed" time="7.027000"/>
		<testcase name="test_lis_comparsion_no_code_cover" time="16.526000"/>
		<testcase name="test_unshared_uut_with_include_chain" time="15.005000"/>
		<testcase name="postconditions"/>
		<testcase name="test_py_md_compliance" time="0.024000"/>
		<testcase name="test_pep8_compliance" time="7.342000"/>
		<testcase name="test_input_dir_compliance" time="0.024000"/>
		<testcase name="test_suite_inheritance_compliance" time="0.022000"/>
	</testsuite>
</testsuites>
