<?xml version="1.0" ?>
<testsuites disabled="0" errors="0" failures="0" tests="9" time="13.207999999999998">
	<testsuite disabled="0" errors="0" failures="0" name="campaign_clicast.test_options.suite_notes_section_template" skipped="0" tests="9" time="13.207999999999998">
		<testcase name="preconditions" time="3.738000"/>
		<testcase name="test_ada_auto_test_generation" time="5.465000"/>
		<testcase name="test_auto_mcdc_test_generation" time="0.746000"/>
		<testcase name="test_auto_test_generation" time="0.821000"/>
		<testcase name="postconditions"/>
		<testcase name="test_py_md_compliance" time="0.004000"/>
		<testcase name="test_pep8_compliance" time="2.427000"/>
		<testcase name="test_input_dir_compliance" time="0.004000"/>
		<testcase name="test_suite_inheritance_compliance" time="0.003000"/>
	</testsuite>
</testsuites>
