<?xml version="1.0" ?>
<testsuites disabled="0" errors="0" failures="0" tests="7" time="44.859">
	<testsuite disabled="0" errors="0" failures="0" name="campaign_licensing_vcastqt.test_ala_carte.suite_multiple_timezones" skipped="0" tests="7" time="44.859">
		<testcase name="preconditions" time="6.786000"/>
		<testcase name="test_manage_available" time="21.966000"/>
		<testcase name="postconditions" time="6.511000"/>
		<testcase name="test_py_md_compliance" time="0.022000"/>
		<testcase name="test_pep8_compliance" time="9.467000"/>
		<testcase name="test_input_dir_compliance" time="0.060000"/>
		<testcase name="test_suite_inheritance_compliance" time="0.047000"/>
	</testsuite>
</testsuites>
