<?xml version="1.0" ?>
<testsuites disabled="0" errors="0" failures="0" tests="10" time="17.854999999999997">
	<testsuite disabled="0" errors="0" failures="0" name="campaign_cli_manage.test_system_tests.suite_run_process" skipped="0" tests="10" time="17.854999999999997">
		<testcase name="preconditions" time="7.071000"/>
		<testcase name="test_run_monitored_process_with_arg_with_spaces" time="1.893000"/>
		<testcase name="test_run_proccess_log_output" time="0.866000"/>
		<testcase name="test_run_proccess_with_monitoring_log_output" time="1.965000"/>
		<testcase name="test_run_process_with_arg_with_spaces" time="0.991000"/>
		<testcase name="postconditions"/>
		<testcase name="test_py_md_compliance" time="0.008000"/>
		<testcase name="test_pep8_compliance" time="5.047000"/>
		<testcase name="test_input_dir_compliance" time="0.011000"/>
		<testcase name="test_suite_inheritance_compliance" time="0.003000"/>
	</testsuite>
</testsuites>
