<?xml version="1.0" ?>
<testsuites disabled="0" errors="0" failures="0" tests="13" time="36.782999999999994">
	<testsuite disabled="0" errors="0" failures="0" name="campaign_enviroedg.test_build.suite_nvidia" skipped="0" tests="13" time="36.782999999999994">
		<testcase name="preconditions" time="0.979000"/>
		<testcase name="test_blacklist_macro" time="6.610000"/>
		<testcase name="test_include_original" time="3.246000"/>
		<testcase name="test_include_original_inst" time="7.610000"/>
		<testcase name="test_no_blacklist_macro" time="6.148000"/>
		<testcase name="test_template_c_define_list" time="2.674000"/>
		<testcase name="test_template_unit_specific" time="2.295000"/>
		<testcase name="test_unit_specific_arg" time="2.933000"/>
		<testcase name="postconditions"/>
		<testcase name="test_py_md_compliance" time="0.007000"/>
		<testcase name="test_pep8_compliance" time="4.262000"/>
		<testcase name="test_input_dir_compliance" time="0.009000"/>
		<testcase name="test_suite_inheritance_compliance" time="0.010000"/>
	</testsuite>
</testsuites>
