<?xml version="1.0" ?>
<testsuites disabled="0" errors="0" failures="0" tests="23" time="84.045">
	<testsuite disabled="0" errors="0" failures="0" name="campaign_enviroedg.test_build.suite_testable" skipped="0" tests="23" time="84.045">
		<testcase name="preconditions" time="4.825000"/>
		<testcase name="test_57368_non_public_return" time="2.336000"/>
		<testcase name="test_array_reference" time="5.517000"/>
		<testcase name="test_default_ctor_template" time="5.721000"/>
		<testcase name="test_defaulted_assign_not_callable" time="6.759000"/>
		<testcase name="test_dependent_type_forms_void_ref" time="3.991000"/>
		<testcase name="test_func_parameter_typedef_const_struct_array" time="6.300000"/>
		<testcase name="test_function_parameter_typedef_const_struct" time="6.956000"/>
		<testcase name="test_internal_type_name" time="3.955000"/>
		<testcase name="test_invalid_template_ctor" time="3.750000"/>
		<testcase name="test_invalid_template_field" time="6.475000"/>
		<testcase name="test_member_template_instantiation_directive" time="0.757000"/>
		<testcase name="test_param_explicit_copy_ctor" time="0.005000"/>
		<testcase name="test_struct_inherited_func" time="2.093000"/>
		<testcase name="test_tdd_abstract_ctor" time="4.388000"/>
		<testcase name="test_template_func_calls_unstubbable_func" time="4.189000"/>
		<testcase name="test_template_incomplete_argument" time="5.321000"/>
		<testcase name="test_template_single_all_by_prototype" time="5.360000"/>
		<testcase name="postconditions"/>
		<testcase name="test_py_md_compliance" time="0.010000"/>
		<testcase name="test_pep8_compliance" time="5.313000"/>
		<testcase name="test_input_dir_compliance" time="0.011000"/>
		<testcase name="test_suite_inheritance_compliance" time="0.013000"/>
	</testsuite>
</testsuites>
