<?xml version="1.0" ?>
<testsuites disabled="0" errors="0" failures="0" tests="14" time="60.956">
	<testsuite disabled="0" errors="0" failures="0" name="campaign_clicast.test_cover_source.suite_add_apply_instrumentation" skipped="0" tests="14" time="60.956">
		<testcase name="preconditions" time="5.137000"/>
		<testcase name="test_environment_in_place" time="4.961000"/>
		<testcase name="test_environment_out_of_place" time="2.858000"/>
		<testcase name="test_in_place_include_in_vcast_options" time="10.574000"/>
		<testcase name="test_in_place_instrument_revert" time="4.963000"/>
		<testcase name="test_out_of_place_exclude_from_vcast_options" time="10.473000"/>
		<testcase name="test_out_of_place_instrument_revert" time="6.366000"/>
		<testcase name="test_unit_in_place" time="5.928000"/>
		<testcase name="test_unit_out_of_place" time="4.353000"/>
		<testcase name="postconditions"/>
		<testcase name="test_py_md_compliance" time="0.017000"/>
		<testcase name="test_pep8_compliance" time="5.293000"/>
		<testcase name="test_input_dir_compliance" time="0.019000"/>
		<testcase name="test_suite_inheritance_compliance" time="0.014000"/>
	</testsuite>
</testsuites>
