<?xml version="1.0" ?>
<testsuites disabled="0" errors="0" failures="0" tests="13" time="147.141">
	<testsuite disabled="0" errors="0" failures="0" name="campaign_cli_manage.test_reports.suite_aggregate_imported_results" skipped="0" tests="13" time="147.141">
		<testcase name="preconditions" time="24.074000"/>
		<testcase name="test_no_reg_import_full" time="7.734000"/>
		<testcase name="test_no_reg_import_full_imported_results" time="19.495000"/>
		<testcase name="test_no_reg_import_part" time="6.583000"/>
		<testcase name="test_no_reg_part_cba" time="14.259000"/>
		<testcase name="test_part_reg_imp_full" time="11.165000"/>
		<testcase name="test_part_reg_imp_full_ada" time="40.637000"/>
		<testcase name="test_part_reg_import_full_cba" time="18.346000"/>
		<testcase name="postconditions"/>
		<testcase name="test_py_md_compliance" time="0.009000"/>
		<testcase name="test_pep8_compliance" time="4.811000"/>
		<testcase name="test_input_dir_compliance" time="0.012000"/>
		<testcase name="test_suite_inheritance_compliance" time="0.016000"/>
	</testsuite>
</testsuites>
