<?xml version="1.0" ?>
<testsuites disabled="0" errors="0" failures="0" tests="10" time="9.278999999999998">
	<testsuite disabled="0" errors="0" failures="0" name="campaign_vctools.test_vcdb.suite_getallcmdlines_multiple" skipped="0" tests="10" time="9.278999999999998">
		<testcase name="preconditions" time="0.964000"/>
		<testcase name="test_getallcmdlines_libraries" time="1.577000"/>
		<testcase name="test_getallcmdlines_multiple_compilers" time="1.025000"/>
		<testcase name="test_getallcmdlines_multiple_paths" time="0.837000"/>
		<testcase name="test_simple" time="0.846000"/>
		<testcase name="postconditions"/>
		<testcase name="test_py_md_compliance" time="0.008000"/>
		<testcase name="test_pep8_compliance" time="4.012000"/>
		<testcase name="test_input_dir_compliance" time="0.007000"/>
		<testcase name="test_suite_inheritance_compliance" time="0.003000"/>
	</testsuite>
</testsuites>
