<?xml version="1.0" ?>
<testsuites disabled="0" errors="0" failures="0" tests="9" time="169.11900000000003">
	<testsuite disabled="0" errors="0" failures="0" name="campaign_vcastqt.test_manage_status_views.suite_job_status_cover" skipped="0" tests="9" time="169.11900000000003">
		<testcase name="preconditions" time="14.028000"/>
		<testcase name="test_abort_infinite_execution_ada" time="46.979000"/>
		<testcase name="test_abort_infinite_execution_c" time="41.607000"/>
		<testcase name="test_abort_interactive_execution_c" time="53.513000"/>
		<testcase name="postconditions" time="5.126000"/>
		<testcase name="test_py_md_compliance" time="0.072000"/>
		<testcase name="test_pep8_compliance" time="7.627000"/>
		<testcase name="test_input_dir_compliance" time="0.086000"/>
		<testcase name="test_suite_inheritance_compliance" time="0.081000"/>
	</testsuite>
</testsuites>
