<?xml version="1.0" ?>
<testsuites disabled="0" errors="0" failures="0" tests="16" time="366.68799999999993">
	<testsuite disabled="0" errors="0" failures="0" name="campaign_vcastqt.test_manage_system_testing.suite_run_system_tests_interactively" skipped="0" tests="16" time="366.68799999999993">
		<testcase name="preconditions" time="19.626000"/>
		<testcase name="test_default_dialog_and_cancel" time="28.431000"/>
		<testcase name="test_multi_select" time="26.677000"/>
		<testcase name="test_multi_select_right_click_run" time="43.655000"/>
		<testcase name="test_multi_select_run_button" time="42.261000"/>
		<testcase name="test_regex_supported" time="25.794000"/>
		<testcase name="test_remember_filter_settings" time="61.390000"/>
		<testcase name="test_run_button" time="27.349000"/>
		<testcase name="test_search_is_case_insensitive" time="25.894000"/>
		<testcase name="test_test_status_combination" time="26.289000"/>
		<testcase name="test_wildcards_not_supported" time="25.654000"/>
		<testcase name="postconditions" time="5.233000"/>
		<testcase name="test_py_md_compliance" time="0.138000"/>
		<testcase name="test_pep8_compliance" time="7.868000"/>
		<testcase name="test_input_dir_compliance" time="0.256000"/>
		<testcase name="test_suite_inheritance_compliance" time="0.173000"/>
	</testsuite>
</testsuites>
