<?xml version="1.0" ?>
<testsuites disabled="0" errors="0" failures="0" tests="7" time="77.074">
	<testsuite disabled="0" errors="0" failures="0" name="campaign_vcastqt.test_execution.suite_compound_for_batch" skipped="0" tests="7" time="77.074">
		<testcase name="preconditions" time="9.203000"/>
		<testcase name="test_execute_pass_fail" time="54.318000"/>
		<testcase name="postconditions" time="5.230000"/>
		<testcase name="test_py_md_compliance" time="0.033000"/>
		<testcase name="test_pep8_compliance" time="7.767000"/>
		<testcase name="test_input_dir_compliance" time="0.475000"/>
		<testcase name="test_suite_inheritance_compliance" time="0.048000"/>
	</testsuite>
</testsuites>
