<?xml version="1.0" ?>
<testsuites disabled="0" errors="0" failures="0" tests="19" time="587.9079999999999">
	<testsuite disabled="0" errors="0" failures="0" name="campaign_vcastqt.test_undocking.suite_testcases" skipped="0" tests="19" time="587.9079999999999">
		<testcase name="preconditions" time="8.237000"/>
		<testcase name="test_close_parent" time="72.225000"/>
		<testcase name="test_close_undocked_window" time="51.625000"/>
		<testcase name="test_execute_all_f6" time="35.244000"/>
		<testcase name="test_execute_docked_and_undocked" time="40.464000"/>
		<testcase name="test_execute_f5" time="27.953000"/>
		<testcase name="test_execute_undocked" time="71.098000"/>
		<testcase name="test_existing_window_to_front" time="36.866000"/>
		<testcase name="test_save_button" time="27.998000"/>
		<testcase name="test_save_button_kbd" time="28.209000"/>
		<testcase name="test_undock_child_then_parent" time="35.560000"/>
		<testcase name="test_undock_children" time="45.252000"/>
		<testcase name="test_undock_multiple_children" time="51.995000"/>
		<testcase name="test_undock_parent" time="39.035000"/>
		<testcase name="postconditions" time="5.292000"/>
		<testcase name="test_py_md_compliance" time="0.175000"/>
		<testcase name="test_pep8_compliance" time="10.172000"/>
		<testcase name="test_input_dir_compliance" time="0.266000"/>
		<testcase name="test_suite_inheritance_compliance" time="0.242000"/>
	</testsuite>
</testsuites>
