<?xml version="1.0" ?>
<testsuites disabled="0" errors="0" failures="0" tests="14" time="436.95099999999996">
	<testsuite disabled="0" errors="0" failures="0" name="campaign_vcastqt.test_coded_tests.suite_new" skipped="0" tests="14" time="436.95099999999996">
		<testcase name="preconditions" time="11.696000"/>
		<testcase name="test_abs_path" time="48.962000"/>
		<testcase name="test_base_dir" time="46.535000"/>
		<testcase name="test_env_var" time="46.548000"/>
		<testcase name="test_insert_overwrite_conflict" time="85.499000"/>
		<testcase name="test_multiple_files" time="47.513000"/>
		<testcase name="test_nonexistent_path" time="44.579000"/>
		<testcase name="test_overwrite_path" time="46.399000"/>
		<testcase name="test_rel_path" time="46.388000"/>
		<testcase name="postconditions" time="5.245000"/>
		<testcase name="test_py_md_compliance" time="0.043000"/>
		<testcase name="test_pep8_compliance" time="7.428000"/>
		<testcase name="test_input_dir_compliance" time="0.060000"/>
		<testcase name="test_suite_inheritance_compliance" time="0.056000"/>
	</testsuite>
</testsuites>
