<?xml version="1.0" ?>
<testsuites disabled="0" errors="0" failures="0" tests="12" time="100.00299999999997">
	<testsuite disabled="0" errors="0" failures="0" name="campaign_legacy_manage.test_ada.suite_gnat_20" skipped="0" tests="12" time="100.00299999999997">
		<testcase name="preconditions" time="1.392000"/>
		<testcase name="test_execution_results_ada" time="15.565000"/>
		<testcase name="test_find_type" time="10.658000"/>
		<testcase name="test_float_ada" time="11.497000"/>
		<testcase name="test_generic_wb" time="17.316000"/>
		<testcase name="test_harness_ae653" time="11.040000"/>
		<testcase name="test_instance_of_nested" time="11.046000"/>
		<testcase name="test_objects" time="19.167000"/>
		<testcase name="postconditions" time="0.014000"/>
		<testcase name="test_pep8_compliance" time="2.282000"/>
		<testcase name="test_input_dir_compliance" time="0.014000"/>
		<testcase name="test_suite_inheritance_compliance" time="0.012000"/>
	</testsuite>
</testsuites>
