<?xml version="1.0" ?>
<testsuites disabled="0" errors="0" failures="0" tests="10" time="198.576">
	<testsuite disabled="0" errors="0" failures="0" name="campaign_vcastqt.test_manage_project_wizard.suite_regression_scripts" skipped="0" tests="10" time="198.576">
		<testcase name="preconditions" time="17.884000"/>
		<testcase name="test_import_cover_env" time="33.500000"/>
		<testcase name="test_import_regression_scripts" time="87.102000"/>
		<testcase name="test_missing_env_tst_files" time="29.668000"/>
		<testcase name="test_no_line_edit_in_filter" time="16.781000"/>
		<testcase name="postconditions" time="5.128000"/>
		<testcase name="test_py_md_compliance" time="0.073000"/>
		<testcase name="test_pep8_compliance" time="8.265000"/>
		<testcase name="test_input_dir_compliance" time="0.093000"/>
		<testcase name="test_suite_inheritance_compliance" time="0.082000"/>
	</testsuite>
</testsuites>
