<?xml version="1.0" ?>
<testsuites disabled="0" errors="0" failures="0" tests="21" time="646.0419999999999">
	<testsuite disabled="0" errors="0" failures="0" name="campaign_vcastqt.test_parameter_tree.suite_special_values_c" skipped="0" tests="21" time="646.0419999999999">
		<testcase name="preconditions" time="9.067000"/>
		<testcase name="test_char" time="37.206000"/>
		<testcase name="test_double" time="34.305000"/>
		<testcase name="test_enum" time="34.218000"/>
		<testcase name="test_float" time="34.367000"/>
		<testcase name="test_hex_value" time="108.261000"/>
		<testcase name="test_int" time="34.444000"/>
		<testcase name="test_long" time="34.409000"/>
		<testcase name="test_short" time="34.437000"/>
		<testcase name="test_signed_char" time="34.617000"/>
		<testcase name="test_str" time="34.193000"/>
		<testcase name="test_unsigned_char" time="34.533000"/>
		<testcase name="test_unsigned_int" time="34.675000"/>
		<testcase name="test_unsigned_long" time="35.028000"/>
		<testcase name="test_unsigned_short" time="34.846000"/>
		<testcase name="test_zero" time="61.964000"/>
		<testcase name="postconditions" time="5.374000"/>
		<testcase name="test_py_md_compliance" time="0.170000"/>
		<testcase name="test_pep8_compliance" time="9.519000"/>
		<testcase name="test_input_dir_compliance" time="0.221000"/>
		<testcase name="test_suite_inheritance_compliance" time="0.188000"/>
	</testsuite>
</testsuites>
