<?xml version="1.0" ?>
<testsuites disabled="0" errors="0" failures="0" tests="13" time="111.18099999999998">
	<testsuite disabled="0" errors="0" failures="0" name="campaign_cli_manage.test_project_manipulation.suite_clean_command" skipped="0" tests="13" time="111.18099999999998">
		<testcase name="preconditions" time="58.708000"/>
		<testcase name="test_clean_from_compiler_level" time="4.612000"/>
		<testcase name="test_clean_migrated_cover_env" time="19.865000"/>
		<testcase name="test_clean_monitored_env_with_no_reg_scripts" time="0.006000"/>
		<testcase name="test_clean_monitored_env_with_reg_scripts" time="4.719000"/>
		<testcase name="test_clean_one_environment" time="4.987000"/>
		<testcase name="test_clean_skips_cover_environments" time="5.247000"/>
		<testcase name="test_gives_error_when_environment_does_not_exist" time="0.628000"/>
		<testcase name="test_keep_imported_results" time="5.538000"/>
		<testcase name="postconditions" time="0.014000"/>
		<testcase name="test_pep8_compliance" time="6.830000"/>
		<testcase name="test_input_dir_compliance" time="0.019000"/>
		<testcase name="test_suite_inheritance_compliance" time="0.008000"/>
	</testsuite>
</testsuites>
