<?xml version="1.0" ?>
<testsuites disabled="0" errors="0" failures="0" tests="9" time="19.325">
	<testsuite disabled="0" errors="0" failures="0" name="campaign_clicast.test_options.suite_max_varied_params" skipped="0" tests="9" time="19.325">
		<testcase name="preconditions" time="1.238000"/>
		<testcase name="test_at_limit" time="5.194000"/>
		<testcase name="test_over_limit" time="5.185000"/>
		<testcase name="test_under_limit" time="5.069000"/>
		<testcase name="postconditions"/>
		<testcase name="test_py_md_compliance" time="0.005000"/>
		<testcase name="test_pep8_compliance" time="2.621000"/>
		<testcase name="test_input_dir_compliance" time="0.007000"/>
		<testcase name="test_suite_inheritance_compliance" time="0.006000"/>
	</testsuite>
</testsuites>
