<?xml version="1.0" ?>
<testsuites disabled="0" errors="0" failures="0" tests="15" time="119.62899999999998">
	<testsuite disabled="0" errors="0" failures="0" name="campaign_clicast.test_tools.suite_export_results_coverage_c" skipped="0" tests="15" time="119.62899999999998">
		<testcase name="preconditions" time="8.110000"/>
		<testcase name="test_basis_paths_export" time="12.242000"/>
		<testcase name="test_branch_export" time="12.371000"/>
		<testcase name="test_export_cba_stub_none_obj" time="6.426000"/>
		<testcase name="test_export_results_coverage_stub_none_obj" time="7.083000"/>
		<testcase name="test_function_export" time="12.378000"/>
		<testcase name="test_level_a_export" time="14.249000"/>
		<testcase name="test_level_b_export" time="13.312000"/>
		<testcase name="test_mcdc_export" time="14.547000"/>
		<testcase name="test_statement_export" time="13.981000"/>
		<testcase name="postconditions"/>
		<testcase name="test_py_md_compliance" time="0.054000"/>
		<testcase name="test_pep8_compliance" time="4.842000"/>
		<testcase name="test_input_dir_compliance" time="0.017000"/>
		<testcase name="test_suite_inheritance_compliance" time="0.017000"/>
	</testsuite>
</testsuites>
