<?xml version="1.0" ?>
<testsuites disabled="0" errors="0" failures="0" tests="11" time="87.922">
	<testsuite disabled="0" errors="0" failures="0" name="campaign_legacy_manage.test_other_compilers.suite_c_examples" skipped="0" tests="11" time="87.922">
		<testcase name="preconditions" time="1.336000"/>
		<testcase name="test_example_dependency_tree" time="24.257000"/>
		<testcase name="test_example_dependency_tree_cch" time="23.832000"/>
		<testcase name="test_example_stubbing_c_lib" time="8.079000"/>
		<testcase name="test_example_stubbing_c_lib_cch" time="9.335000"/>
		<testcase name="test_example_void_star" time="8.658000"/>
		<testcase name="test_example_void_star_cch" time="9.725000"/>
		<testcase name="postconditions" time="0.011000"/>
		<testcase name="test_pep8_compliance" time="2.662000"/>
		<testcase name="test_input_dir_compliance" time="0.009000"/>
		<testcase name="test_suite_inheritance_compliance" time="0.018000"/>
	</testsuite>
</testsuites>
