<?xml version="1.0" ?>
<testsuites disabled="0" errors="0" failures="0" tests="12" time="59.13399999999999">
	<testsuite disabled="0" errors="0" failures="0" name="campaign_clicast.test_coupling.suite_coupling_coverage_io" skipped="0" tests="12" time="59.13399999999999">
		<testcase name="preconditions" time="4.847000"/>
		<testcase name="test_coverage_coupling_io_animation" time="8.769000"/>
		<testcase name="test_coverage_coupling_io_buffered" time="8.358000"/>
		<testcase name="test_coverage_coupling_io_realtime" time="9.422000"/>
		<testcase name="test_coverage_probepoint_io_animation" time="8.751000"/>
		<testcase name="test_coverage_probepoint_io_buffered" time="7.933000"/>
		<testcase name="test_coverage_probepoint_io_realtime" time="8.284000"/>
		<testcase name="postconditions"/>
		<testcase name="test_py_md_compliance" time="0.015000"/>
		<testcase name="test_pep8_compliance" time="2.736000"/>
		<testcase name="test_input_dir_compliance" time="0.010000"/>
		<testcase name="test_suite_inheritance_compliance" time="0.009000"/>
	</testsuite>
</testsuites>
