<?xml version="1.0" ?>
<testsuites disabled="0" errors="0" failures="0" tests="15" time="7.349999999999998">
	<testsuite disabled="0" errors="0" failures="0" name="campaign_enviroedg.test_build.suite_external_macro_verification" skipped="0" tests="15" time="7.349999999999998">
		<testcase name="preconditions" time="4.359000"/>
		<testcase name="test_c_define_list_float_macros" time="0.008000"/>
		<testcase name="test_c_define_list_int_macros" time="0.012000"/>
		<testcase name="test_c_define_list_min_max_int_macros" time="0.005000"/>
		<testcase name="test_unit_compilation_args_float_macros" time="0.009000"/>
		<testcase name="test_unit_compilation_args_int_macros" time="0.028000"/>
		<testcase name="test_unit_compilation_args_min_max_int_macros" time="0.008000"/>
		<testcase name="test_vcdb_float_macros" time="0.013000"/>
		<testcase name="test_vcdb_int_macros" time="0.018000"/>
		<testcase name="test_vcdb_min_max_int_macros" time="0.012000"/>
		<testcase name="postconditions"/>
		<testcase name="test_py_md_compliance" time="0.011000"/>
		<testcase name="test_pep8_compliance" time="2.844000"/>
		<testcase name="test_input_dir_compliance" time="0.013000"/>
		<testcase name="test_suite_inheritance_compliance" time="0.010000"/>
	</testsuite>
</testsuites>
