<?xml version="1.0" ?>
<testsuites disabled="0" errors="0" failures="0" tests="12" time="56.34400000000001">
	<testsuite disabled="0" errors="0" failures="0" name="campaign_settings_database.test_pathtypes_editor.suite_pathtypes_editor_options" skipped="0" tests="12" time="56.34400000000001">
		<testcase name="preconditions" time="1.199000"/>
		<testcase name="test_cmd_verb_and_paths_with_new_db" time="8.826000"/>
		<testcase name="test_command_verb_option" time="12.487000"/>
		<testcase name="test_db_extension" time="4.377000"/>
		<testcase name="test_default_state" time="4.351000"/>
		<testcase name="test_include_flag_option" time="13.275000"/>
		<testcase name="test_right_click_menu_items" time="5.807000"/>
		<testcase name="postconditions"/>
		<testcase name="test_py_md_compliance" time="0.033000"/>
		<testcase name="test_pep8_compliance" time="5.932000"/>
		<testcase name="test_input_dir_compliance" time="0.031000"/>
		<testcase name="test_suite_inheritance_compliance" time="0.026000"/>
	</testsuite>
</testsuites>
