<?xml version="1.0" ?>
<testsuites disabled="0" errors="0" failures="0" tests="9" time="3.8909999999999996">
	<testsuite disabled="0" errors="0" failures="0" name="campaign_clicast.test_options.suite_get_option_all" skipped="0" tests="9" time="3.8909999999999996">
		<testcase name="preconditions"/>
		<testcase name="test_ada" time="0.360000"/>
		<testcase name="test_cpp" time="0.859000"/>
		<testcase name="test_multi_entry" time="0.197000"/>
		<testcase name="postconditions"/>
		<testcase name="test_py_md_compliance" time="0.005000"/>
		<testcase name="test_pep8_compliance" time="2.461000"/>
		<testcase name="test_input_dir_compliance" time="0.005000"/>
		<testcase name="test_suite_inheritance_compliance" time="0.004000"/>
	</testsuite>
</testsuites>
