<?xml version="1.0" ?>
<testsuites disabled="0" errors="0" failures="0" tests="18" time="79.57400000000001">
	<testsuite disabled="0" errors="0" failures="0" name="campaign_clicast.test_cover_options.suite_coverage_results_directory" skipped="0" tests="18" time="79.57400000000001">
		<testcase name="preconditions" time="7.285000"/>
		<testcase name="test_error_for_non_writeable_result_dir" time="3.684000"/>
		<testcase name="test_error_on_env_var_path_too_long" time="3.932000"/>
		<testcase name="test_error_on_invalid_path" time="4.090000"/>
		<testcase name="test_error_on_path_too_long" time="3.696000"/>
		<testcase name="test_error_on_path_too_long_with_pid_epoch" time="4.003000"/>
		<testcase name="test_option_off" time="3.278000"/>
		<testcase name="test_option_on_animation_io" time="8.729000"/>
		<testcase name="test_option_on_buffered_io" time="10.128000"/>
		<testcase name="test_option_on_per_test_case" time="5.574000"/>
		<testcase name="test_option_on_realtime_io" time="7.788000"/>
		<testcase name="test_option_on_with_env_not_set" time="3.387000"/>
		<testcase name="test_option_on_with_env_valid_path" time="7.153000"/>
		<testcase name="postconditions"/>
		<testcase name="test_py_md_compliance" time="0.024000"/>
		<testcase name="test_pep8_compliance" time="6.774000"/>
		<testcase name="test_input_dir_compliance" time="0.024000"/>
		<testcase name="test_suite_inheritance_compliance" time="0.025000"/>
	</testsuite>
</testsuites>
