<?xml version="1.0" ?>
<testsuites disabled="0" errors="0" failures="0" tests="20" time="87.90200000000002">
	<testsuite disabled="0" errors="0" failures="0" name="campaign_clicast.test_instrumentation_use_cases.suite_cover_io" skipped="0" tests="20" time="87.90200000000002">
		<testcase name="preconditions" time="4.032000"/>
		<testcase name="test_60844_vcast_unit_list_values_attr" time="1.309000"/>
		<testcase name="test_cover_io_use_fopen_s_gnu" time="2.763000"/>
		<testcase name="test_cover_io_use_fopen_s_msvc" time="0.002000"/>
		<testcase name="test_cover_no_stdio" time="2.497000"/>
		<testcase name="test_custom_close_file_include" time="0.129000"/>
		<testcase name="test_custom_create_file_include" time="0.161000"/>
		<testcase name="test_custom_header_include" time="0.145000"/>
		<testcase name="test_custom_std_output_external" time="1.762000"/>
		<testcase name="test_custom_std_output_include" time="1.907000"/>
		<testcase name="test_no_cpp_comments_in_c" time="2.921000"/>
		<testcase name="test_static_init_stdout_mode_animation_cover_io" time="25.241000"/>
		<testcase name="test_static_init_stdout_mode_fn_call_coverage" time="15.961000"/>
		<testcase name="test_static_init_stdout_mode_realtime_cover_io" time="25.540000"/>
		<testcase name="test_verify_c4244_existence" time="0.022000"/>
		<testcase name="postconditions"/>
		<testcase name="test_py_md_compliance" time="0.016000"/>
		<testcase name="test_pep8_compliance" time="3.432000"/>
		<testcase name="test_input_dir_compliance" time="0.017000"/>
		<testcase name="test_suite_inheritance_compliance" time="0.045000"/>
	</testsuite>
</testsuites>
