<?xml version="1.0" ?>
<testsuites disabled="0" errors="0" failures="0" tests="7" time="61.354">
	<testsuite disabled="0" errors="0" failures="0" name="campaign_data_api.test_migrations.suite_migrate_64_gui" skipped="0" tests="7" time="61.354">
		<testcase name="preconditions" time="17.231000"/>
		<testcase name="test_migrate_vcastqt" time="33.288000"/>
		<testcase name="postconditions" time="5.185000"/>
		<testcase name="test_py_md_compliance" time="0.061000"/>
		<testcase name="test_pep8_compliance" time="5.507000"/>
		<testcase name="test_input_dir_compliance" time="0.043000"/>
		<testcase name="test_suite_inheritance_compliance" time="0.039000"/>
	</testsuite>
</testsuites>
