<?xml version="1.0" ?>
<testsuites disabled="0" errors="0" failures="0" tests="11" time="23.848000000000003">
	<testsuite disabled="0" errors="0" failures="0" name="campaign_clicast.test_instrumentation_use_cases.suite_file_scope_probe_point" skipped="0" tests="11" time="23.848000000000003">
		<testcase name="preconditions" time="1.842000"/>
		<testcase name="test_beginning_of_file_probe_with_comments" time="3.591000"/>
		<testcase name="test_beginning_of_file_probe_with_whitespace" time="3.732000"/>
		<testcase name="test_end_of_file_probe_with_comments" time="3.778000"/>
		<testcase name="test_end_of_file_probe_with_whitespace" time="3.873000"/>
		<testcase name="test_extra_line_directives" time="3.483000"/>
		<testcase name="postconditions"/>
		<testcase name="test_py_md_compliance" time="0.004000"/>
		<testcase name="test_pep8_compliance" time="3.527000"/>
		<testcase name="test_input_dir_compliance" time="0.011000"/>
		<testcase name="test_suite_inheritance_compliance" time="0.007000"/>
	</testsuite>
</testsuites>
