<?xml version="1.0" ?>
<testsuites disabled="0" errors="0" failures="0" tests="24" time="46.166999999999994">
	<testsuite disabled="0" errors="0" failures="0" name="campaign_TESTinsights.test_connector.suite_misc_options" skipped="0" tests="24" time="46.166999999999994">
		<testcase name="preconditions"/>
		<testcase name="test_api_updating" time="11.478000"/>
		<testcase name="test_auth_priorities" time="4.213000"/>
		<testcase name="test_create_project_and_test_object_success" time="6.859000"/>
		<testcase name="test_create_project_fail" time="0.430000"/>
		<testcase name="test_deprecated_api" time="1.244000"/>
		<testcase name="test_extend_url" time="1.313000"/>
		<testcase name="test_help" time="1.408000"/>
		<testcase name="test_help_examples" time="1.320000"/>
		<testcase name="test_help_status_codes" time="1.196000"/>
		<testcase name="test_invalid_api" time="0.965000"/>
		<testcase name="test_invalid_auth" time="1.281000"/>
		<testcase name="test_list_projects" time="1.351000"/>
		<testcase name="test_list_testobjects" time="1.413000"/>
		<testcase name="test_minor_version_too_low" time="1.362000"/>
		<testcase name="test_no_host" time="0.933000"/>
		<testcase name="test_unavailable_api" time="1.546000"/>
		<testcase name="test_unavailable_by_date_api" time="1.532000"/>
		<testcase name="test_use_pat" time="1.384000"/>
		<testcase name="postconditions"/>
		<testcase name="test_py_md_compliance" time="0.022000"/>
		<testcase name="test_pep8_compliance" time="4.854000"/>
		<testcase name="test_input_dir_compliance" time="0.034000"/>
		<testcase name="test_suite_inheritance_compliance" time="0.029000"/>
	</testsuite>
</testsuites>
