<?xml version="1.0" ?>
<testsuites disabled="0" errors="0" failures="0" tests="8" time="6.566">
	<testsuite disabled="0" errors="0" failures="0" name="campaign_licensing.test_action_build_ada_environment.suite_none" skipped="0" tests="8" time="6.566">
		<testcase name="preconditions" time="0.714000"/>
		<testcase name="test_served_no_enabling_feature" time="2.380000"/>
		<testcase name="test_unserved_no_enabling_feature" time="1.219000"/>
		<testcase name="postconditions"/>
		<testcase name="test_py_md_compliance" time="0.007000"/>
		<testcase name="test_pep8_compliance" time="2.238000"/>
		<testcase name="test_input_dir_compliance" time="0.005000"/>
		<testcase name="test_suite_inheritance_compliance" time="0.003000"/>
	</testsuite>
</testsuites>
