<?xml version="1.0" ?>
<testsuites disabled="0" errors="0" failures="0" tests="19" time="76.19700000000002">
	<testsuite disabled="0" errors="0" failures="0" name="campaign_clicast.test_script_data.suite_const_data" skipped="0" tests="19" time="76.19700000000002">
		<testcase name="preconditions"/>
		<testcase name="test_altivec" time="3.801000"/>
		<testcase name="test_codewarrior_options" time="2.971000"/>
		<testcase name="test_const_in_struct" time="7.239000"/>
		<testcase name="test_diab_options" time="3.011000"/>
		<testcase name="test_ghs_options" time="3.501000"/>
		<testcase name="test_ptr_to_const_struct_c" time="6.657000"/>
		<testcase name="test_ptr_to_const_struct_cpp" time="5.929000"/>
		<testcase name="test_ptr_to_vla_c" time="6.398000"/>
		<testcase name="test_ptr_to_vla_cpp" time="6.216000"/>
		<testcase name="test_ptrs_to_const_in_struct_c" time="6.498000"/>
		<testcase name="test_ptrs_to_const_in_struct_cpp" time="6.267000"/>
		<testcase name="test_typedef_const_ptr" time="6.198000"/>
		<testcase name="test_volatile" time="6.409000"/>
		<testcase name="postconditions"/>
		<testcase name="test_py_md_compliance" time="0.016000"/>
		<testcase name="test_pep8_compliance" time="5.059000"/>
		<testcase name="test_input_dir_compliance" time="0.018000"/>
		<testcase name="test_suite_inheritance_compliance" time="0.009000"/>
	</testsuite>
</testsuites>
