<?xml version="1.0" ?>
<testsuites disabled="0" errors="0" failures="0" tests="12" time="447.4559999999999">
	<testsuite disabled="0" errors="0" failures="0" name="campaign_vcastqt.test_user_code.suite_appendix_user_code_c" skipped="0" tests="12" time="447.4559999999999">
		<testcase name="preconditions" time="8.444000"/>
		<testcase name="test_add_uc_causing_link_error_then_fix" time="104.765000"/>
		<testcase name="test_add_uc_with_coverage_in_headers" time="72.128000"/>
		<testcase name="test_add_uc_without_coverage_in_headers" time="90.375000"/>
		<testcase name="test_exec" time="54.863000"/>
		<testcase name="test_parameter_user_code" time="47.977000"/>
		<testcase name="test_user_globals" time="53.571000"/>
		<testcase name="postconditions" time="5.236000"/>
		<testcase name="test_py_md_compliance" time="0.093000"/>
		<testcase name="test_pep8_compliance" time="9.787000"/>
		<testcase name="test_input_dir_compliance" time="0.113000"/>
		<testcase name="test_suite_inheritance_compliance" time="0.104000"/>
	</testsuite>
</testsuites>
