<?xml version="1.0" ?>
<testsuites disabled="0" errors="0" failures="0" tests="7" time="38.175">
	<testsuite disabled="0" errors="0" failures="0" name="campaign_cli_manage.test_user_defined_actions.suite_action" skipped="0" tests="7" time="38.175">
		<testcase name="preconditions" time="32.782000"/>
		<testcase name="test_read_only_python_repo_run_action_give_error" time="1.449000"/>
		<testcase name="postconditions"/>
		<testcase name="test_py_md_compliance" time="0.004000"/>
		<testcase name="test_pep8_compliance" time="3.926000"/>
		<testcase name="test_input_dir_compliance" time="0.008000"/>
		<testcase name="test_suite_inheritance_compliance" time="0.006000"/>
	</testsuite>
</testsuites>
