<?xml version="1.0" ?>
<testsuites disabled="0" errors="0" failures="0" tests="52" time="644.648">
	<testsuite disabled="0" errors="0" failures="0" name="campaign_atg.test_atg.suite_coverage_release_mode_btor_part_04" skipped="0" tests="52" time="644.648">
		<testcase name="preconditions"/>
		<testcase name="test_float_casts" time="13.456000"/>
		<testcase name="test_floating_allocation_check" time="14.467000"/>
		<testcase name="test_floating_no_model" time="12.752000"/>
		<testcase name="test_fo_const_typeerror" time="12.225000"/>
		<testcase name="test_fo_for_class_ptr" time="13.783000"/>
		<testcase name="test_fo_method_call_loop" time="15.354000"/>
		<testcase name="test_force_malloc_expand" time="14.311000"/>
		<testcase name="test_foreign_symbol_as_arg" time="13.702000"/>
		<testcase name="test_fp_array" time="12.695000"/>
		<testcase name="test_fp_nan" time="13.228000"/>
		<testcase name="test_fp_neg" time="12.075000"/>
		<testcase name="test_fp_returning_non_ptr_struct" time="12.736000"/>
		<testcase name="test_fp_returning_ptr_struct" time="13.163000"/>
		<testcase name="test_fp_struct" time="13.568000"/>
		<testcase name="test_fp_typedef" time="13.047000"/>
		<testcase name="test_global_array" time="12.159000"/>
		<testcase name="test_global_class_constructor_init" time="12.726000"/>
		<testcase name="test_global_deref_global" time="12.756000"/>
		<testcase name="test_global_deref_local_at_decl" time="13.189000"/>
		<testcase name="test_global_deref_param" time="12.718000"/>
		<testcase name="test_global_eq_null" time="13.129000"/>
		<testcase name="test_global_fp" time="14.569000"/>
		<testcase name="test_global_int" time="13.628000"/>
		<testcase name="test_global_local" time="13.187000"/>
		<testcase name="test_global_local_eq_null" time="13.247000"/>
		<testcase name="test_global_non_ptr_struct_fp" time="14.316000"/>
		<testcase name="test_global_not_eq_null" time="13.610000"/>
		<testcase name="test_global_param" time="14.594000"/>
		<testcase name="test_global_param_local" time="14.443000"/>
		<testcase name="test_global_ptr" time="14.943000"/>
		<testcase name="test_global_ptr_global" time="14.344000"/>
		<testcase name="test_global_ptr_local" time="13.505000"/>
		<testcase name="test_global_ptr_local_at_decl" time="13.762000"/>
		<testcase name="test_global_ptr_param" time="13.146000"/>
		<testcase name="test_global_ptr_param_scalar" time="13.044000"/>
		<testcase name="test_global_ptr_struct_fp" time="15.114000"/>
		<testcase name="test_global_ptr_two_function_issue" time="14.286000"/>
		<testcase name="test_global_slr_global" time="13.902000"/>
		<testcase name="test_global_slr_local" time="12.917000"/>
		<testcase name="test_global_slr_local_at_decl" time="13.319000"/>
		<testcase name="test_global_slr_param" time="13.383000"/>
		<testcase name="test_global_struct_with_ptr_fields" time="14.683000"/>
		<testcase name="test_global_void_ptr" time="12.442000"/>
		<testcase name="test_goto_backjump" time="16.413000"/>
		<testcase name="test_gp_historic" time="17.462000"/>
		<testcase name="test_grandparentinheritance" time="13.371000"/>
		<testcase name="test_half_alive_lhs" time="13.376000"/>
		<testcase name="postconditions" time="0.142000"/>
		<testcase name="test_pep8_compliance" time="1.958000"/>
		<testcase name="test_input_dir_compliance" time="0.196000"/>
		<testcase name="test_suite_inheritance_compliance" time="0.107000"/>
	</testsuite>
</testsuites>
