<?xml version="1.0" ?>
<testsuites disabled="0" errors="0" failures="0" tests="21" time="620.1780000000001">
	<testsuite disabled="0" errors="0" failures="0" name="campaign_vcastqt.test_test_case_tree.suite_delete_testcases" skipped="0" tests="21" time="620.1780000000001">
		<testcase name="preconditions" time="9.619000"/>
		<testcase name="test_delete_all_tests_for_env" time="33.303000"/>
		<testcase name="test_delete_all_tests_for_env_menu" time="31.511000"/>
		<testcase name="test_delete_all_tests_for_unit" time="33.116000"/>
		<testcase name="test_delete_all_tests_from_subprogram" time="31.243000"/>
		<testcase name="test_delete_auto_init_with_coverage" time="59.816000"/>
		<testcase name="test_delete_child_add_back_and_save" time="48.746000"/>
		<testcase name="test_delete_compound" time="33.540000"/>
		<testcase name="test_delete_init" time="36.767000"/>
		<testcase name="test_delete_minmidmax" time="48.976000"/>
		<testcase name="test_delete_multiple_tests_in_compounds" time="40.870000"/>
		<testcase name="test_delete_one_test" time="51.658000"/>
		<testcase name="test_delete_one_test_no" time="34.387000"/>
		<testcase name="test_delete_test_in_one_compound" time="36.051000"/>
		<testcase name="test_delete_two_tests_in_compound" time="40.969000"/>
		<testcase name="test_multi_select_tests_to_delete" time="34.004000"/>
		<testcase name="postconditions" time="5.168000"/>
		<testcase name="test_py_md_compliance" time="0.323000"/>
		<testcase name="test_pep8_compliance" time="9.090000"/>
		<testcase name="test_input_dir_compliance" time="0.697000"/>
		<testcase name="test_suite_inheritance_compliance" time="0.324000"/>
	</testsuite>
</testsuites>
