<?xml version="1.0" ?>
<testsuites disabled="0" errors="0" failures="0" tests="7" time="80.242">
	<testsuite disabled="0" errors="0" failures="0" name="campaign_vcastqt.test_cover.suite_read_only_out_of_place_source" skipped="0" tests="7" time="80.242">
		<testcase name="preconditions" time="7.144000"/>
		<testcase name="test_inst_and_uninst" time="63.759000"/>
		<testcase name="postconditions"/>
		<testcase name="test_py_md_compliance" time="0.029000"/>
		<testcase name="test_pep8_compliance" time="9.236000"/>
		<testcase name="test_input_dir_compliance" time="0.041000"/>
		<testcase name="test_suite_inheritance_compliance" time="0.033000"/>
	</testsuite>
</testsuites>
