<?xml version="1.0" ?>
<testsuites disabled="0" errors="0" failures="0" tests="26" time="270.207">
	<testsuite disabled="0" errors="0" failures="0" name="campaign_cli_manage.test_build_execute.suite_change_based_testing_c" skipped="0" tests="26" time="270.207">
		<testcase name="preconditions" time="20.387000"/>
		<testcase name="test_add_testcase_to_global_tst_exec_mig" time="20.164000"/>
		<testcase name="test_add_testcase_to_global_tst_exec_mon" time="9.552000"/>
		<testcase name="test_add_testcases_using_minmidmax_execute" time="20.380000"/>
		<testcase name="test_build_and_exec_rebuild_exec_unnecessary" time="6.745000"/>
		<testcase name="test_build_then_exec_rebuild_exec_unnecessary" time="7.568000"/>
		<testcase name="test_change_testcase_to_global_tst_execute" time="20.145000"/>
		<testcase name="test_env_script_change_full_rebuild" time="36.596000"/>
		<testcase name="test_inc_build_exec_rebuild_exec_unnecessary" time="6.023000"/>
		<testcase name="test_inc_build_execute_from_scratch_mig" time="5.109000"/>
		<testcase name="test_inc_build_execute_from_scratch_mon" time="4.882000"/>
		<testcase name="test_inc_execute_new_compound_test" time="10.600000"/>
		<testcase name="test_new_dependency_full_rebuild_mig" time="13.068000"/>
		<testcase name="test_new_dependency_full_rebuild_mon" time="17.814000"/>
		<testcase name="test_rerun_terminated_testcases" time="11.434000"/>
		<testcase name="test_run_unexecuted_testcases" time="8.429000"/>
		<testcase name="test_source_error_added_rebuild_failure" time="7.380000"/>
		<testcase name="test_source_function_body_changed_rebuild_exec_mig" time="8.462000"/>
		<testcase name="test_source_function_body_changed_rebuild_exec_mon" time="6.914000"/>
		<testcase name="test_source_global_added_full_rebuild_mig" time="12.402000"/>
		<testcase name="test_source_global_added_full_rebuild_mon" time="10.257000"/>
		<testcase name="postconditions"/>
		<testcase name="test_py_md_compliance" time="0.016000"/>
		<testcase name="test_pep8_compliance" time="5.839000"/>
		<testcase name="test_input_dir_compliance" time="0.022000"/>
		<testcase name="test_suite_inheritance_compliance" time="0.019000"/>
	</testsuite>
</testsuites>
