<?xml version="1.0" ?>
<testsuites disabled="0" errors="0" failures="0" tests="26" time="67.75499999999997">
	<testsuite disabled="0" errors="0" failures="0" name="campaign_clicast.test_tools.suite_cover_c" skipped="0" tests="26" time="67.75499999999997">
		<testcase name="preconditions" time="4.720000"/>
		<testcase name="test_base_dir_duplicate_file" time="4.923000"/>
		<testcase name="test_cover_basis_path" time="2.377000"/>
		<testcase name="test_cover_basis_path_to_none" time="2.879000"/>
		<testcase name="test_cover_branch" time="1.865000"/>
		<testcase name="test_cover_branch_to_none" time="2.720000"/>
		<testcase name="test_cover_function" time="2.106000"/>
		<testcase name="test_cover_function_function_call" time="6.830000"/>
		<testcase name="test_cover_function_function_call_to_none" time="7.446000"/>
		<testcase name="test_cover_function_to_none" time="2.973000"/>
		<testcase name="test_cover_level_a_to_none" time="3.031000"/>
		<testcase name="test_cover_level_b_to_none" time="2.928000"/>
		<testcase name="test_cover_mcdc" time="2.062000"/>
		<testcase name="test_cover_mcdc_to_none" time="2.981000"/>
		<testcase name="test_cover_statement" time="1.927000"/>
		<testcase name="test_cover_statement_branch" time="2.361000"/>
		<testcase name="test_cover_statement_mcdc" time="2.294000"/>
		<testcase name="test_cover_statement_to_none" time="3.175000"/>
		<testcase name="test_display_help_when_no_coverage_given" time="0.684000"/>
		<testcase name="test_empty_separators_in_path" time="1.412000"/>
		<testcase name="test_error_when_coverage_type_unsupported" time="1.440000"/>
		<testcase name="postconditions"/>
		<testcase name="test_py_md_compliance" time="0.020000"/>
		<testcase name="test_pep8_compliance" time="4.570000"/>
		<testcase name="test_input_dir_compliance" time="0.017000"/>
		<testcase name="test_suite_inheritance_compliance" time="0.014000"/>
	</testsuite>
</testsuites>
