<?xml version="1.0" ?>
<testsuites disabled="0" errors="0" failures="0" tests="7" time="54.139">
	<testsuite disabled="0" errors="0" failures="0" name="campaign_vcastqt.test_new_environment_wizard.suite_gpr" skipped="0" tests="7" time="54.139">
		<testcase name="preconditions" time="4.256000"/>
		<testcase name="test_regenerate_cache" time="38.606000"/>
		<testcase name="postconditions" time="5.167000"/>
		<testcase name="test_py_md_compliance" time="0.025000"/>
		<testcase name="test_pep8_compliance" time="5.988000"/>
		<testcase name="test_input_dir_compliance" time="0.042000"/>
		<testcase name="test_suite_inheritance_compliance" time="0.055000"/>
	</testsuite>
</testsuites>
