<?xml version="1.0" ?>
<testsuites disabled="0" errors="0" failures="0" tests="24" time="39.08">
	<testsuite disabled="0" errors="0" failures="0" name="campaign_vctools.test_vcutil.suite_quickparse" skipped="0" tests="24" time="39.08">
		<testcase name="preconditions" time="1.614000"/>
		<testcase name="test_case_sensitive_dir_names" time="2.596000"/>
		<testcase name="test_compilation_arguments_specified" time="0.631000"/>
		<testcase name="test_compile_message" time="0.001000"/>
		<testcase name="test_destination_dir" time="2.328000"/>
		<testcase name="test_filelimit_max" time="2.276000"/>
		<testcase name="test_filelimit_odd" time="2.324000"/>
		<testcase name="test_filelimit_one" time="2.312000"/>
		<testcase name="test_filelimit_power_two" time="2.428000"/>
		<testcase name="test_local_object_nonlocal_source" time="0.742000"/>
		<testcase name="test_makefile" time="1.094000"/>
		<testcase name="test_object_file_specified" time="0.794000"/>
		<testcase name="test_quickparse_and_parse_arguments" time="1.522000"/>
		<testcase name="test_quoted_object_file_specified" time="0.669000"/>
		<testcase name="test_reset_parse_status" time="3.011000"/>
		<testcase name="test_same_cvg_and_same_dest" time="3.702000"/>
		<testcase name="test_same_cvg_diff_dest_dir" time="3.316000"/>
		<testcase name="test_vcutil_xml" time="0.927000"/>
		<testcase name="test_vcutil_xml_destination" time="0.996000"/>
		<testcase name="postconditions"/>
		<testcase name="test_py_md_compliance" time="0.033000"/>
		<testcase name="test_pep8_compliance" time="5.735000"/>
		<testcase name="test_input_dir_compliance" time="0.019000"/>
		<testcase name="test_suite_inheritance_compliance" time="0.010000"/>
	</testsuite>
</testsuites>
