<?xml version="1.0" ?>
<testsuites disabled="0" errors="0" failures="0" tests="12" time="8.161">
	<testsuite disabled="0" errors="0" failures="0" name="campaign_clicast.test_rgw.suite_set_gateway" skipped="0" tests="12" time="8.161">
		<testcase name="preconditions" time="0.548000"/>
		<testcase name="test_cannot_set_unsupported_gateway_initial" time="0.626000"/>
		<testcase name="test_cannot_set_unsupported_gateway_update" time="0.941000"/>
		<testcase name="test_legacy_rgw_denied" time="0.707000"/>
		<testcase name="test_missing_gateway" time="0.269000"/>
		<testcase name="test_set_initial" time="0.433000"/>
		<testcase name="test_update_gateway" time="1.409000"/>
		<testcase name="postconditions"/>
		<testcase name="test_py_md_compliance" time="0.005000"/>
		<testcase name="test_pep8_compliance" time="3.212000"/>
		<testcase name="test_input_dir_compliance" time="0.008000"/>
		<testcase name="test_suite_inheritance_compliance" time="0.003000"/>
	</testsuite>
</testsuites>
