<?xml version="1.0" ?>
<testsuites disabled="0" errors="0" failures="0" tests="16" time="450.034">
	<testsuite disabled="0" errors="0" failures="0" name="campaign_vcastqt.test_vct_map.suite_create" skipped="0" tests="16" time="450.034">
		<testcase name="preconditions" time="8.350000"/>
		<testcase name="test_all_types" time="69.258000"/>
		<testcase name="test_create_vct_map" time="31.158000"/>
		<testcase name="test_double_click_open_map" time="44.818000"/>
		<testcase name="test_export_vct_map" time="37.126000"/>
		<testcase name="test_menu_available" time="29.229000"/>
		<testcase name="test_menu_not_available_ada" time="50.311000"/>
		<testcase name="test_no_duplicate_vct_map" time="32.668000"/>
		<testcase name="test_open_map" time="49.443000"/>
		<testcase name="test_vct_file" time="33.067000"/>
		<testcase name="test_menu_not_available_no_remote" time="52.220000"/>
		<testcase name="postconditions" time="5.146000"/>
		<testcase name="test_py_md_compliance" time="0.121000"/>
		<testcase name="test_pep8_compliance" time="6.887000"/>
		<testcase name="test_input_dir_compliance" time="0.121000"/>
		<testcase name="test_suite_inheritance_compliance" time="0.111000"/>
	</testsuite>
</testsuites>
