<?xml version="1.0" ?>
<testsuites disabled="0" errors="0" failures="0" tests="10" time="158.80200000000002">
	<testsuite disabled="0" errors="0" failures="0" name="campaign_vcastqt.test_unit_coverage.suite_coverage_bars_sfp" skipped="0" tests="10" time="158.80200000000002">
		<testcase name="preconditions" time="13.099000"/>
		<testcase name="test_environment_level_metrics" time="33.435000"/>
		<testcase name="test_header_and_tu_metrics" time="30.565000"/>
		<testcase name="test_subprogram_level_metrics" time="36.063000"/>
		<testcase name="test_uut_level_metrics" time="31.906000"/>
		<testcase name="postconditions" time="5.206000"/>
		<testcase name="test_py_md_compliance" time="0.073000"/>
		<testcase name="test_pep8_compliance" time="8.285000"/>
		<testcase name="test_input_dir_compliance" time="0.092000"/>
		<testcase name="test_suite_inheritance_compliance" time="0.078000"/>
	</testsuite>
</testsuites>
