<?xml version="1.0" ?>
<testsuites disabled="0" errors="0" failures="0" tests="16" time="561.2529999999999">
	<testsuite disabled="0" errors="0" failures="0" name="campaign_vcastqt.test_parameter_tree.suite_display_in_exec_report" skipped="0" tests="16" time="561.2529999999999">
		<testcase name="preconditions" time="15.191000"/>
		<testcase name="test_clearing_hide_should_show" time="40.944000"/>
		<testcase name="test_global_input_value_hide" time="53.080000"/>
		<testcase name="test_global_input_value_shows_by_default" time="53.482000"/>
		<testcase name="test_global_no_value_shows_no_crash" time="39.336000"/>
		<testcase name="test_param_input_value_hide" time="54.281000"/>
		<testcase name="test_param_input_value_shows_by_default" time="53.924000"/>
		<testcase name="test_pointer_element_hide" time="59.745000"/>
		<testcase name="test_save_all_attributes_to_execute" time="63.946000"/>
		<testcase name="test_struct_elements_hide_overrides_show" time="55.741000"/>
		<testcase name="test_struct_elements_show_overrides_hide" time="55.640000"/>
		<testcase name="postconditions" time="5.281000"/>
		<testcase name="test_py_md_compliance" time="0.188000"/>
		<testcase name="test_pep8_compliance" time="9.879000"/>
		<testcase name="test_input_dir_compliance" time="0.282000"/>
		<testcase name="test_suite_inheritance_compliance" time="0.313000"/>
	</testsuite>
</testsuites>
