<?xml version="1.0" ?>
<testsuites disabled="0" errors="0" failures="0" tests="13" time="210.01099999999997">
	<testsuite disabled="0" errors="0" failures="0" name="campaign_vcastqt.test_requirements_gateway_legacy.suite_options" skipped="0" tests="13" time="210.01099999999997">
		<testcase name="preconditions" time="5.576000"/>
		<testcase name="test_bad_file" time="28.124000"/>
		<testcase name="test_bad_path" time="25.929000"/>
		<testcase name="test_no_path" time="25.008000"/>
		<testcase name="test_settings_repository_required" time="33.041000"/>
		<testcase name="test_valid_path" time="26.220000"/>
		<testcase name="test_wrong_file" time="32.515000"/>
		<testcase name="test_wrong_python_script" time="26.889000"/>
		<testcase name="postconditions"/>
		<testcase name="test_py_md_compliance" time="0.076000"/>
		<testcase name="test_pep8_compliance" time="6.430000"/>
		<testcase name="test_input_dir_compliance" time="0.117000"/>
		<testcase name="test_suite_inheritance_compliance" time="0.086000"/>
	</testsuite>
</testsuites>
