<?xml version="1.0" ?>
<testsuites disabled="0" errors="0" failures="0" tests="30" time="118.628">
	<testsuite disabled="0" errors="0" failures="0" name="campaign_cli_manage.test_environments.suite_import" skipped="0" tests="30" time="118.628">
		<testcase name="preconditions" time="6.174000"/>
		<testcase name="test_error_cannot_import_to" time="2.021000"/>
		<testcase name="test_error_cannot_import_to_group_multi_ctx_force" time="2.362000"/>
		<testcase name="test_error_cannot_use_environment_arg" time="1.421000"/>
		<testcase name="test_error_group_dne" time="1.416000"/>
		<testcase name="test_error_level_dne" time="1.508000"/>
		<testcase name="test_error_regression_script_not_found" time="1.349000"/>
		<testcase name="test_import_cover_direct_to_testsuite" time="5.460000"/>
		<testcase name="test_import_cover_to_testsuite" time="6.712000"/>
		<testcase name="test_import_directly_to_testsuite_force" time="2.642000"/>
		<testcase name="test_import_existing_direct_to_testsuite" time="2.626000"/>
		<testcase name="test_import_existing_to_testsuite" time="2.176000"/>
		<testcase name="test_import_multiple_regressions" time="9.467000"/>
		<testcase name="test_import_multiple_regressions_direct_to_ts" time="8.829000"/>
		<testcase name="test_import_regression_direct_to_testsuite" time="3.013000"/>
		<testcase name="test_import_regression_to_testsuite" time="3.099000"/>
		<testcase name="test_import_regression_with_relative_source_dir" time="7.106000"/>
		<testcase name="test_import_to_existing_group_in_testsuite" time="2.995000"/>
		<testcase name="test_import_to_existing_group_in_testsuite_force" time="2.990000"/>
		<testcase name="test_import_to_group" time="2.645000"/>
		<testcase name="test_import_to_group_in_testsuite_force" time="2.325000"/>
		<testcase name="test_import_to_project" time="3.173000"/>
		<testcase name="test_no_error_group_not_given_with_testsuite" time="2.043000"/>
		<testcase name="test_replace_existing_environment" time="14.084000"/>
		<testcase name="test_replace_existing_environment_in_ts" time="14.311000"/>
		<testcase name="postconditions"/>
		<testcase name="test_py_md_compliance" time="0.016000"/>
		<testcase name="test_pep8_compliance" time="6.610000"/>
		<testcase name="test_input_dir_compliance" time="0.029000"/>
		<testcase name="test_suite_inheritance_compliance" time="0.026000"/>
	</testsuite>
</testsuites>
