<?xml version="1.0" ?>
<testsuites disabled="0" errors="0" failures="0" tests="11" time="44.317">
	<testsuite disabled="0" errors="0" failures="0" name="campaign_vcinst.test_instrument.suite_probe_points" skipped="0" tests="11" time="44.317">
		<testcase name="preconditions" time="4.090000"/>
		<testcase name="test_import_file_scope_probe_points" time="7.126000"/>
		<testcase name="test_import_mixed_type_probe_points" time="7.456000"/>
		<testcase name="test_import_mixed_unit_probe_points" time="6.484000"/>
		<testcase name="test_import_probe_points_log" time="7.474000"/>
		<testcase name="test_import_regular_probe_points" time="6.767000"/>
		<testcase name="postconditions"/>
		<testcase name="test_py_md_compliance" time="0.058000"/>
		<testcase name="test_pep8_compliance" time="4.811000"/>
		<testcase name="test_input_dir_compliance" time="0.028000"/>
		<testcase name="test_suite_inheritance_compliance" time="0.023000"/>
	</testsuite>
</testsuites>
