<?xml version="1.0" ?>
<testsuites disabled="0" errors="0" failures="0" tests="12" time="312.3950000000001">
	<testsuite disabled="0" errors="0" failures="0" name="campaign_vcastqt.test_unit_execution.suite_execute_with_debug" skipped="0" tests="12" time="312.3950000000001">
		<testcase name="preconditions" time="9.081000"/>
		<testcase name="test_execute_uninstrumented_code_w_debug" time="69.475000"/>
		<testcase name="test_execute_w_debug_and_kill_vectorcast" time="52.457000"/>
		<testcase name="test_execute_w_debug_in_job_monitor" time="32.823000"/>
		<testcase name="test_generate_uninstrumented_harness" time="52.448000"/>
		<testcase name="test_use_instrumented_harness" time="47.987000"/>
		<testcase name="test_use_uninstrumented_harness" time="32.810000"/>
		<testcase name="postconditions" time="5.307000"/>
		<testcase name="test_py_md_compliance" time="0.064000"/>
		<testcase name="test_pep8_compliance" time="8.922000"/>
		<testcase name="test_input_dir_compliance" time="0.920000"/>
		<testcase name="test_suite_inheritance_compliance" time="0.101000"/>
	</testsuite>
</testsuites>
