<?xml version="1.0" ?>
<testsuites disabled="0" errors="0" failures="0" tests="14" time="41.706">
	<testsuite disabled="0" errors="0" failures="0" name="campaign_clicast.test_cover_reports.suite_aggregate_c_function_call" skipped="0" tests="14" time="41.706">
		<testcase name="preconditions" time="2.931000"/>
		<testcase name="test_full_cba_only_function_function_call" time="3.015000"/>
		<testcase name="test_full_cba_only_function_function_call_cvr" time="5.702000"/>
		<testcase name="test_full_due_to_cba_function_function_call" time="3.640000"/>
		<testcase name="test_full_due_to_cba_function_function_call_cvr" time="6.105000"/>
		<testcase name="test_full_function_function_call" time="3.568000"/>
		<testcase name="test_full_imported_function_function_call" time="5.641000"/>
		<testcase name="test_partial_function_function_call" time="3.058000"/>
		<testcase name="test_partial_imported_function_function_call" time="5.293000"/>
		<testcase name="postconditions"/>
		<testcase name="test_py_md_compliance" time="0.007000"/>
		<testcase name="test_pep8_compliance" time="2.731000"/>
		<testcase name="test_input_dir_compliance" time="0.009000"/>
		<testcase name="test_suite_inheritance_compliance" time="0.006000"/>
	</testsuite>
</testsuites>
