<?xml version="1.0" ?>
<testsuites disabled="0" errors="0" failures="0" tests="22" time="68.938">
	<testsuite disabled="0" errors="0" failures="0" name="campaign_clicast.test_cover_reports.suite_cba_ada" skipped="0" tests="22" time="68.938">
		<testcase name="preconditions" time="3.568000"/>
		<testcase name="test_change_instr_keep_lose_results_branch" time="4.189000"/>
		<testcase name="test_change_instr_keep_lose_results_level_a" time="4.321000"/>
		<testcase name="test_change_instr_keep_lose_results_level_b" time="3.897000"/>
		<testcase name="test_change_instr_keep_lose_results_mcdc" time="4.097000"/>
		<testcase name="test_change_instr_keep_lose_results_statement" time="3.626000"/>
		<testcase name="test_full_cba_results_branch" time="3.455000"/>
		<testcase name="test_full_cba_results_level_a" time="3.700000"/>
		<testcase name="test_full_cba_results_level_b" time="3.516000"/>
		<testcase name="test_full_cba_results_mcdc" time="3.484000"/>
		<testcase name="test_full_cba_results_simplified_level_a" time="4.349000"/>
		<testcase name="test_full_cba_results_simplified_mcdc" time="3.903000"/>
		<testcase name="test_full_cba_results_statement" time="3.885000"/>
		<testcase name="test_partial_cba_results_branch" time="3.620000"/>
		<testcase name="test_partial_cba_results_level_a" time="3.261000"/>
		<testcase name="test_partial_cba_results_level_b" time="3.156000"/>
		<testcase name="test_partial_cba_results_mcdc" time="3.299000"/>
		<testcase name="test_partial_cba_results_statement" time="3.203000"/>
		<testcase name="postconditions" time="0.021000"/>
		<testcase name="test_pep8_compliance" time="2.344000"/>
		<testcase name="test_input_dir_compliance" time="0.016000"/>
		<testcase name="test_suite_inheritance_compliance" time="0.028000"/>
	</testsuite>
</testsuites>
