<?xml version="1.0" ?>
<testsuites disabled="0" errors="0" failures="0" tests="8" time="129.278">
	<testsuite disabled="0" errors="0" failures="0" name="campaign_vcastqt.test_cba_editor.suite_cba_mcdc_unit" skipped="0" tests="8" time="129.278">
		<testcase name="preconditions" time="10.148000"/>
		<testcase name="test_verify_row_numbers_in_mcdc_table" time="50.899000"/>
		<testcase name="test_verify_selected_row" time="54.958000"/>
		<testcase name="postconditions" time="5.128000"/>
		<testcase name="test_py_md_compliance" time="0.049000"/>
		<testcase name="test_pep8_compliance" time="8.009000"/>
		<testcase name="test_input_dir_compliance" time="0.046000"/>
		<testcase name="test_suite_inheritance_compliance" time="0.041000"/>
	</testsuite>
</testsuites>
