<?xml version="1.0" ?>
<testsuites disabled="0" errors="0" failures="0" tests="29" time="323.9459999999999">
	<testsuite disabled="0" errors="0" failures="0" name="campaign_cli_manage.test_reports.suite_environment_coverage" skipped="0" tests="29" time="323.9459999999999">
		<testcase name="preconditions" time="15.022000"/>
		<testcase name="test_full_basis" time="11.396000"/>
		<testcase name="test_full_branch" time="9.592000"/>
		<testcase name="test_full_cba_only_branch" time="15.713000"/>
		<testcase name="test_full_cba_only_level_a" time="16.129000"/>
		<testcase name="test_full_cba_only_level_b" time="15.411000"/>
		<testcase name="test_full_cba_only_mcdc" time="15.470000"/>
		<testcase name="test_full_cba_only_statement" time="15.579000"/>
		<testcase name="test_full_due_to_cba_branch" time="16.129000"/>
		<testcase name="test_full_due_to_cba_level_a" time="17.131000"/>
		<testcase name="test_full_due_to_cba_level_b" time="16.247000"/>
		<testcase name="test_full_due_to_cba_mcdc" time="15.691000"/>
		<testcase name="test_full_due_to_cba_statement" time="16.788000"/>
		<testcase name="test_full_level_a" time="8.648000"/>
		<testcase name="test_full_level_b" time="9.345000"/>
		<testcase name="test_full_mcdc" time="7.993000"/>
		<testcase name="test_full_statement" time="7.611000"/>
		<testcase name="test_imported_results" time="20.404000"/>
		<testcase name="test_partial_basis" time="10.364000"/>
		<testcase name="test_partial_branch" time="9.167000"/>
		<testcase name="test_partial_level_a" time="8.619000"/>
		<testcase name="test_partial_level_b" time="8.412000"/>
		<testcase name="test_partial_mcdc" time="9.672000"/>
		<testcase name="test_partial_statement" time="8.703000"/>
		<testcase name="test_single_source_file" time="13.824000"/>
		<testcase name="postconditions" time="0.021000"/>
		<testcase name="test_pep8_compliance" time="4.818000"/>
		<testcase name="test_input_dir_compliance" time="0.020000"/>
		<testcase name="test_suite_inheritance_compliance" time="0.027000"/>
	</testsuite>
</testsuites>
