<?xml version="1.0" ?>
<testsuites disabled="0" errors="0" failures="0" tests="10" time="25.839000000000002">
	<testsuite disabled="0" errors="0" failures="0" name="campaign_clicast.test_environment_ada.suite_sbf_for_ada" skipped="0" tests="10" time="25.839000000000002">
		<testcase name="preconditions" time="0.033000"/>
		<testcase name="test_env_script_create" time="5.023000"/>
		<testcase name="test_env_script_run" time="7.463000"/>
		<testcase name="test_force_whitebox_for_sbf" time="3.763000"/>
		<testcase name="test_user_code_in_init" time="7.236000"/>
		<testcase name="postconditions"/>
		<testcase name="test_py_md_compliance" time="0.004000"/>
		<testcase name="test_pep8_compliance" time="2.307000"/>
		<testcase name="test_input_dir_compliance" time="0.007000"/>
		<testcase name="test_suite_inheritance_compliance" time="0.003000"/>
	</testsuite>
</testsuites>
