<?xml version="1.0" ?>
<testsuites disabled="0" errors="0" failures="0" tests="8" time="145.361">
	<testsuite disabled="0" errors="0" failures="0" name="campaign_vcastqt.test_manage.suite_multiple_find_filters" skipped="0" tests="8" time="145.361">
		<testcase name="preconditions" time="23.927000"/>
		<testcase name="test_find_manage_files_and_cover_source" time="58.226000"/>
		<testcase name="test_find_manage_files_and_unit_test_cases" time="47.740000"/>
		<testcase name="postconditions" time="5.363000"/>
		<testcase name="test_py_md_compliance" time="0.137000"/>
		<testcase name="test_pep8_compliance" time="9.773000"/>
		<testcase name="test_input_dir_compliance" time="0.111000"/>
		<testcase name="test_suite_inheritance_compliance" time="0.084000"/>
	</testsuite>
</testsuites>
