<?xml version="1.0" ?>
<testsuites disabled="0" errors="0" failures="0" tests="10" time="192.00100000000003">
	<testsuite disabled="0" errors="0" failures="0" name="campaign_vcastqt.test_manage_configuration_editor.suite_coverage_options" skipped="0" tests="10" time="192.00100000000003">
		<testcase name="preconditions" time="11.482000"/>
		<testcase name="test_config_file_to_temp_dir" time="38.978000"/>
		<testcase name="test_func_call_stmt_by_block_mutually_exclusive" time="45.730000"/>
		<testcase name="test_instrument_var_declarations_checkbox" time="39.958000"/>
		<testcase name="test_options_value_color_inheritance" time="46.551000"/>
		<testcase name="postconditions"/>
		<testcase name="test_py_md_compliance" time="0.127000"/>
		<testcase name="test_pep8_compliance" time="8.971000"/>
		<testcase name="test_input_dir_compliance" time="0.122000"/>
		<testcase name="test_suite_inheritance_compliance" time="0.082000"/>
	</testsuite>
</testsuites>
