<?xml version="1.0" ?>
<testsuites disabled="0" errors="0" failures="0" tests="9" time="14.543000000000001">
	<testsuite disabled="0" errors="0" failures="0" name="campaign_clicast.test_cover_reports.suite_mcdc_equivalence_options" skipped="0" tests="9" time="14.543000000000001">
		<testcase name="preconditions" time="4.200000"/>
		<testcase name="test_no_coverage_level_a" time="2.213000"/>
		<testcase name="test_no_coverage_mcdc" time="2.281000"/>
		<testcase name="test_vcast_version_in_report" time="3.332000"/>
		<testcase name="postconditions"/>
		<testcase name="test_py_md_compliance" time="0.005000"/>
		<testcase name="test_pep8_compliance" time="2.497000"/>
		<testcase name="test_input_dir_compliance" time="0.009000"/>
		<testcase name="test_suite_inheritance_compliance" time="0.006000"/>
	</testsuite>
</testsuites>
