<?xml version="1.0" ?>
<testsuites disabled="0" errors="0" failures="0" tests="8" time="122.024">
	<testsuite disabled="0" errors="0" failures="0" name="campaign_vcastqt.test_options.suite_range_check" skipped="0" tests="8" time="122.024">
		<testcase name="preconditions" time="8.267000"/>
		<testcase name="test_range_check_all_using_char" time="52.623000"/>
		<testcase name="test_range_check_disable_using_char" time="49.419000"/>
		<testcase name="postconditions" time="5.240000"/>
		<testcase name="test_py_md_compliance" time="0.051000"/>
		<testcase name="test_pep8_compliance" time="6.315000"/>
		<testcase name="test_input_dir_compliance" time="0.058000"/>
		<testcase name="test_suite_inheritance_compliance" time="0.051000"/>
	</testsuite>
</testsuites>
