<?xml version="1.0" ?>
<testsuites disabled="0" errors="0" failures="0" tests="52" time="672.4420000000001">
	<testsuite disabled="0" errors="0" failures="0" name="campaign_atg.test_atg.suite_coverage_release_mode_btor_part_03" skipped="0" tests="52" time="672.4420000000001">
		<testcase name="preconditions"/>
		<testcase name="test_ctor_for_ctor_params" time="16.634000"/>
		<testcase name="test_ctor_for_dummy_stubs" time="13.824000"/>
		<testcase name="test_ctor_for_fields" time="13.447000"/>
		<testcase name="test_ctor_for_member_variables" time="14.024000"/>
		<testcase name="test_ctor_global" time="13.625000"/>
		<testcase name="test_data_api" time="13.812000"/>
		<testcase name="test_dead_fields" time="13.508000"/>
		<testcase name="test_decision_involving_structs" time="14.512000"/>
		<testcase name="test_derived_class_example_2" time="13.277000"/>
		<testcase name="test_detecting_param_as_local" time="13.772000"/>
		<testcase name="test_different_bracket_statements" time="14.217000"/>
		<testcase name="test_different_depth_ambiguity" time="12.051000"/>
		<testcase name="test_differing_bitwidth_shifts" time="10.996000"/>
		<testcase name="test_differing_float_double_conversions" time="13.306000"/>
		<testcase name="test_dik_constructor" time="14.090000"/>
		<testcase name="test_dik_nonconstant_aggregate" time="12.703000"/>
		<testcase name="test_dik_none_no_ctor" time="13.890000"/>
		<testcase name="test_div_overflow" time="13.725000"/>
		<testcase name="test_do_while" time="16.887000"/>
		<testcase name="test_do_while_do_while" time="14.697000"/>
		<testcase name="test_do_while_one_followed_by_if" time="16.835000"/>
		<testcase name="test_double_assignment_example" time="14.542000"/>
		<testcase name="test_double_pointer_runtime_error" time="14.710000"/>
		<testcase name="test_dummy_time_credit" time="14.609000"/>
		<testcase name="test_duped_namespace_qualifiers" time="14.740000"/>
		<testcase name="test_dynamic_init_ck_aggregate" time="16.546000"/>
		<testcase name="test_dynamic_init_expression" time="16.596000"/>
		<testcase name="test_edg_workaround1" time="15.286000"/>
		<testcase name="test_empty_pointer_index_error" time="15.687000"/>
		<testcase name="test_empty_struct" time="14.372000"/>
		<testcase name="test_enk_new_delete" time="14.110000"/>
		<testcase name="test_enum_cpp" time="15.683000"/>
		<testcase name="test_enum_names" time="14.790000"/>
		<testcase name="test_enum_pointer_reference" time="14.385000"/>
		<testcase name="test_exception_on_designator" time="15.369000"/>
		<testcase name="test_exceptions_trigger" time="17.446000"/>
		<testcase name="test_excessive_val_ext" time="14.289000"/>
		<testcase name="test_excessive_val_ext_loop" time="0.081000"/>
		<testcase name="test_existing_mem_region" time="15.940000"/>
		<testcase name="test_extern_array" time="18.205000"/>
		<testcase name="test_external_bool_input" time="15.463000"/>
		<testcase name="test_external_bool_input_cpp" time="15.401000"/>
		<testcase name="test_faked_derived_class" time="15.716000"/>
		<testcase name="test_fext" time="12.784000"/>
		<testcase name="test_field_initializers" time="13.361000"/>
		<testcase name="test_find_ternary_examples" time="13.929000"/>
		<testcase name="test_flattened_pointer_value_705" time="11.746000"/>
		<testcase name="postconditions" time="0.224000"/>
		<testcase name="test_pep8_compliance" time="2.285000"/>
		<testcase name="test_input_dir_compliance" time="0.219000"/>
		<testcase name="test_suite_inheritance_compliance" time="0.096000"/>
	</testsuite>
</testsuites>
