<?xml version="1.0" ?>
<testsuites disabled="0" errors="0" failures="0" tests="8" time="181.07299999999998">
	<testsuite disabled="0" errors="0" failures="0" name="campaign_jenkins_plugin.test_options.suite_squore" skipped="0" tests="8" time="181.07299999999998">
		<testcase name="preconditions" time="7.618000"/>
		<testcase name="test_pipeline_job" time="101.467000"/>
		<testcase name="test_single_job" time="66.183000"/>
		<testcase name="postconditions"/>
		<testcase name="test_py_md_compliance" time="0.005000"/>
		<testcase name="test_pep8_compliance" time="5.781000"/>
		<testcase name="test_input_dir_compliance" time="0.015000"/>
		<testcase name="test_suite_inheritance_compliance" time="0.004000"/>
	</testsuite>
</testsuites>
