<?xml version="1.0" ?>
<testsuites disabled="0" errors="0" failures="0" tests="9" time="33.846">
	<testsuite disabled="0" errors="0" failures="0" name="campaign_clicast.test_options.suite_vcast_dependency_cache_dir" skipped="0" tests="9" time="33.846">
		<testcase name="preconditions" time="7.548000"/>
		<testcase name="test_dependency_xml" time="6.300000"/>
		<testcase name="test_replace_old_qik_version" time="3.390000"/>
		<testcase name="test_using_base_dirs" time="12.581000"/>
		<testcase name="postconditions"/>
		<testcase name="test_py_md_compliance" time="0.005000"/>
		<testcase name="test_pep8_compliance" time="4.009000"/>
		<testcase name="test_input_dir_compliance" time="0.007000"/>
		<testcase name="test_suite_inheritance_compliance" time="0.006000"/>
	</testsuite>
</testsuites>
