<?xml version="1.0" ?>
<testsuites disabled="0" errors="0" failures="0" tests="7" time="3.9819999999999998">
	<testsuite disabled="0" errors="0" failures="0" name="campaign_vcinst.test_instrument.suite_duplicate_name" skipped="0" tests="7" time="3.9819999999999998">
		<testcase name="preconditions" time="1.267000"/>
		<testcase name="test_duplicate_source_name" time="0.450000"/>
		<testcase name="postconditions"/>
		<testcase name="test_py_md_compliance" time="0.003000"/>
		<testcase name="test_pep8_compliance" time="2.255000"/>
		<testcase name="test_input_dir_compliance" time="0.004000"/>
		<testcase name="test_suite_inheritance_compliance" time="0.003000"/>
	</testsuite>
</testsuites>
