<?xml version="1.0" ?>
<testsuites disabled="0" errors="0" failures="0" tests="10" time="483.40700000000004">
	<testsuite disabled="0" errors="0" failures="0" name="campaign_vcastqt.test_probe_points.suite_activate_and_deactivate_cover" skipped="0" tests="10" time="483.40700000000004">
		<testcase name="preconditions" time="13.380000"/>
		<testcase name="test_activate_all_probe_points" time="221.954000"/>
		<testcase name="test_deactivate_activate_modify_probe_point" time="53.415000"/>
		<testcase name="test_deactivate_all_probe_points" time="108.885000"/>
		<testcase name="test_deactivate_probe_point" time="78.267000"/>
		<testcase name="postconditions"/>
		<testcase name="test_py_md_compliance" time="0.127000"/>
		<testcase name="test_pep8_compliance" time="7.093000"/>
		<testcase name="test_input_dir_compliance" time="0.145000"/>
		<testcase name="test_suite_inheritance_compliance" time="0.141000"/>
	</testsuite>
</testsuites>
