<?xml version="1.0" ?>
<testsuites disabled="0" errors="0" failures="0" tests="19" time="537.9">
	<testsuite disabled="0" errors="0" failures="0" name="campaign_licensing_vcastqt.test_editions.suite_ent_all_features_ada" skipped="0" tests="19" time="537.9">
		<testcase name="preconditions" time="9.775000"/>
		<testcase name="test_stock_check_toolbar" time="15.532000"/>
		<testcase name="test_stock_check_menubar" time="28.053000"/>
		<testcase name="test_stock_check_options" time="40.922000"/>
		<testcase name="test_open_env_check_toolbar" time="34.841000"/>
		<testcase name="test_open_env_check_menubar" time="47.408000"/>
		<testcase name="test_open_env_check_options" time="62.313000"/>
		<testcase name="test_closed_env_check_menubar" time="48.202000"/>
		<testcase name="test_closed_env_check_options" time="62.630000"/>
		<testcase name="test_closed_env_check_toolbar" time="33.263000"/>
		<testcase name="test_right_click_compound_init" time="39.341000"/>
		<testcase name="test_right_click_env" time="32.523000"/>
		<testcase name="test_right_click_subprogram" time="32.801000"/>
		<testcase name="test_right_click_unit" time="35.734000"/>
		<testcase name="postconditions" time="6.332000"/>
		<testcase name="test_py_md_compliance" time="0.161000"/>
		<testcase name="test_pep8_compliance" time="7.763000"/>
		<testcase name="test_input_dir_compliance" time="0.158000"/>
		<testcase name="test_suite_inheritance_compliance" time="0.148000"/>
	</testsuite>
</testsuites>
