<?xml version="1.0" ?>
<testsuites disabled="0" errors="0" failures="0" tests="17" time="11.042">
	<testsuite disabled="0" errors="0" failures="0" name="campaign_licensing.test_license_gen.suite_multiple_platforms" skipped="0" tests="17" time="11.042">
		<testcase name="preconditions"/>
		<testcase name="test_feature_duplicate_multiple_platform" time="0.725000"/>
		<testcase name="test_feature_duplicate_multiple_platform_edition" time="0.713000"/>
		<testcase name="test_feature_duplicate_multiple_platform_legacy_ed" time="0.761000"/>
		<testcase name="test_feature_mixed_overlap_subset_edition" time="0.757000"/>
		<testcase name="test_feature_mixed_overlap_subset_legacy_ed" time="0.642000"/>
		<testcase name="test_feature_windows_linux" time="0.725000"/>
		<testcase name="test_feature_windows_linux_edition" time="0.659000"/>
		<testcase name="test_feature_windows_linux_legacy_ed" time="0.699000"/>
		<testcase name="test_license_aux_multi_platform_separate_products" time="0.608000"/>
		<testcase name="test_license_aux_multi_platform_two_seats" time="0.720000"/>
		<testcase name="test_package_windows_linux" time="1.063000"/>
		<testcase name="postconditions"/>
		<testcase name="test_py_md_compliance" time="0.047000"/>
		<testcase name="test_pep8_compliance" time="2.805000"/>
		<testcase name="test_input_dir_compliance" time="0.041000"/>
		<testcase name="test_suite_inheritance_compliance" time="0.077000"/>
	</testsuite>
</testsuites>
