<?xml version="1.0" ?>
<testsuites disabled="0" errors="0" failures="0" tests="11" time="653.9899999999998">
	<testsuite disabled="0" errors="0" failures="0" name="campaign_vcastqt.test_manage_environment_scripts.suite_update_env_incr_build" skipped="0" tests="11" time="653.9899999999998">
		<testcase name="preconditions" time="17.907000"/>
		<testcase name="test_add_probe_reject_no_rebuild" time="151.538000"/>
		<testcase name="test_check_probe_diff" time="84.423000"/>
		<testcase name="test_update_coverage_reject_no_rebuild" time="119.985000"/>
		<testcase name="test_update_env_full_build" time="161.091000"/>
		<testcase name="test_update_env_incr_build" time="102.967000"/>
		<testcase name="postconditions" time="5.281000"/>
		<testcase name="test_py_md_compliance" time="0.127000"/>
		<testcase name="test_pep8_compliance" time="10.452000"/>
		<testcase name="test_input_dir_compliance" time="0.117000"/>
		<testcase name="test_suite_inheritance_compliance" time="0.102000"/>
	</testsuite>
</testsuites>
