<?xml version="1.0" ?>
<testsuites disabled="0" errors="0" failures="0" tests="9" time="30.049999999999997">
	<testsuite disabled="0" errors="0" failures="0" name="campaign_clicast.test_options.suite_function_call_coverage_cover" skipped="0" tests="9" time="30.049999999999997">
		<testcase name="preconditions" time="2.548000"/>
		<testcase name="test_function_function_call_animation" time="6.753000"/>
		<testcase name="test_function_function_call_buffered" time="8.528000"/>
		<testcase name="test_function_function_call_buffered_macro" time="7.886000"/>
		<testcase name="postconditions"/>
		<testcase name="test_py_md_compliance" time="0.048000"/>
		<testcase name="test_pep8_compliance" time="4.221000"/>
		<testcase name="test_input_dir_compliance" time="0.034000"/>
		<testcase name="test_suite_inheritance_compliance" time="0.032000"/>
	</testsuite>
</testsuites>
