<?xml version="1.0" ?>
<testsuites disabled="0" errors="0" failures="0" tests="12" time="41.835">
	<testsuite disabled="0" errors="0" failures="0" name="campaign_clicast.test_reports.suite_xml_aggregate_ada" skipped="0" tests="12" time="41.835">
		<testcase name="preconditions" time="3.972000"/>
		<testcase name="test_ada_basis" time="5.431000"/>
		<testcase name="test_ada_branch" time="6.238000"/>
		<testcase name="test_ada_mcdc" time="5.793000"/>
		<testcase name="test_ada_statement" time="5.888000"/>
		<testcase name="test_ada_statement_branch" time="6.162000"/>
		<testcase name="test_ada_statement_mcdc" time="5.864000"/>
		<testcase name="postconditions"/>
		<testcase name="test_py_md_compliance" time="0.007000"/>
		<testcase name="test_pep8_compliance" time="2.448000"/>
		<testcase name="test_input_dir_compliance" time="0.017000"/>
		<testcase name="test_suite_inheritance_compliance" time="0.015000"/>
	</testsuite>
</testsuites>
