<?xml version="1.0" ?>
<testsuites disabled="0" errors="0" failures="0" tests="9" time="24.579">
	<testsuite disabled="0" errors="0" failures="0" name="campaign_cli_manage.test_system_tests.suite_run_test_cases" skipped="0" tests="9" time="24.579">
		<testcase name="preconditions" time="10.127000"/>
		<testcase name="test_define_run_test_cases" time="2.161000"/>
		<testcase name="test_remove_results_then_run_test_cases" time="4.770000"/>
		<testcase name="test_return_nonzero_report_error" time="0.930000"/>
		<testcase name="postconditions"/>
		<testcase name="test_py_md_compliance" time="0.004000"/>
		<testcase name="test_pep8_compliance" time="6.575000"/>
		<testcase name="test_input_dir_compliance" time="0.006000"/>
		<testcase name="test_suite_inheritance_compliance" time="0.006000"/>
	</testsuite>
</testsuites>
