<?xml version="1.0" ?>
<testsuites disabled="0" errors="0" failures="0" tests="8" time="3.1460000000000004">
	<testsuite disabled="0" errors="0" failures="0" name="campaign_edgfe.test_parse_target_testsuite.suite_keil" skipped="0" tests="8" time="3.1460000000000004">
		<testcase name="preconditions"/>
		<testcase name="test_c166" time="1.187000"/>
		<testcase name="test_c51" time="0.042000"/>
		<testcase name="postconditions"/>
		<testcase name="test_py_md_compliance" time="0.006000"/>
		<testcase name="test_pep8_compliance" time="1.899000"/>
		<testcase name="test_input_dir_compliance" time="0.007000"/>
		<testcase name="test_suite_inheritance_compliance" time="0.005000"/>
	</testsuite>
</testsuites>
