<?xml version="1.0" ?>
<testsuites disabled="0" errors="0" failures="0" tests="14" time="44.185">
	<testsuite disabled="0" errors="0" failures="0" name="campaign_vctools.test_vcutil_instrument.suite_instrument_types" skipped="0" tests="14" time="44.185">
		<testcase name="preconditions" time="5.127000"/>
		<testcase name="test_instrument_basis_paths" time="5.551000"/>
		<testcase name="test_instrument_branch" time="4.381000"/>
		<testcase name="test_instrument_function" time="4.759000"/>
		<testcase name="test_instrument_mcdc" time="3.773000"/>
		<testcase name="test_instrument_probe_point" time="3.845000"/>
		<testcase name="test_instrument_statement" time="4.294000"/>
		<testcase name="test_instrument_statement_branch" time="4.487000"/>
		<testcase name="test_instrument_statement_mcdc" time="4.396000"/>
		<testcase name="postconditions"/>
		<testcase name="test_py_md_compliance" time="0.058000"/>
		<testcase name="test_pep8_compliance" time="3.444000"/>
		<testcase name="test_input_dir_compliance" time="0.037000"/>
		<testcase name="test_suite_inheritance_compliance" time="0.033000"/>
	</testsuite>
</testsuites>
