<?xml version="1.0" ?>
<testsuites disabled="0" errors="0" failures="0" tests="22" time="922.732">
	<testsuite disabled="0" errors="0" failures="0" name="campaign_vcastqt.test_directory_browser.suite_cover_env_directory_tree" skipped="0" tests="22" time="922.732">
		<testcase name="preconditions" time="13.800000"/>
		<testcase name="test_default_pane_size" time="75.095000"/>
		<testcase name="test_add_new_parent_source_directory" time="40.009000"/>
		<testcase name="test_add_source_file" time="42.910000"/>
		<testcase name="test_collapsing_keeps_selection" time="40.942000"/>
		<testcase name="test_filter_further" time="47.158000"/>
		<testcase name="test_filter_header_by_dir" time="57.315000"/>
		<testcase name="test_no_dir_selected" time="34.299000"/>
		<testcase name="test_one_dir_selected" time="40.435000"/>
		<testcase name="test_parent_dir_selected" time="34.322000"/>
		<testcase name="test_remove_all_files_from_parent_directory" time="53.558000"/>
		<testcase name="test_remove_instrument_files_from_cover_85719" time="108.972000"/>
		<testcase name="test_source_file_in_top_level_directory" time="36.124000"/>
		<testcase name="test_state_remembered_across_environments" time="95.590000"/>
		<testcase name="test_state_remembered_across_restarting" time="88.358000"/>
		<testcase name="test_two_dirs_selected" time="42.936000"/>
		<testcase name="test_unfound_files_marked_x" time="62.793000"/>
		<testcase name="postconditions"/>
		<testcase name="test_py_md_compliance" time="0.210000"/>
		<testcase name="test_pep8_compliance" time="7.512000"/>
		<testcase name="test_input_dir_compliance" time="0.204000"/>
		<testcase name="test_suite_inheritance_compliance" time="0.190000"/>
	</testsuite>
</testsuites>
