<?xml version="1.0" ?>
<testsuites disabled="0" errors="0" failures="0" tests="9" time="232.005">
	<testsuite disabled="0" errors="0" failures="0" name="campaign_vcastqt.test_manage_reports.suite_basis_path" skipped="0" tests="9" time="232.005">
		<testcase name="preconditions" time="41.868000"/>
		<testcase name="test_basis_path_report_ada" time="65.054000"/>
		<testcase name="test_basis_path_report_c" time="60.658000"/>
		<testcase name="test_basis_path_report_cover" time="58.057000"/>
		<testcase name="postconditions"/>
		<testcase name="test_py_md_compliance" time="0.072000"/>
		<testcase name="test_pep8_compliance" time="6.126000"/>
		<testcase name="test_input_dir_compliance" time="0.089000"/>
		<testcase name="test_suite_inheritance_compliance" time="0.081000"/>
	</testsuite>
</testsuites>
