<?xml version="1.0" ?>
<testsuites disabled="0" errors="0" failures="0" tests="12" time="351.70799999999997">
	<testsuite disabled="0" errors="0" failures="0" name="campaign_vcastqt.test_parameter_tree.suite_cpp11" skipped="0" tests="12" time="351.70799999999997">
		<testcase name="preconditions" time="12.590000"/>
		<testcase name="test_forward_list" time="59.617000"/>
		<testcase name="test_read_only_std_array" time="53.936000"/>
		<testcase name="test_std_array" time="52.367000"/>
		<testcase name="test_std_complex" time="55.159000"/>
		<testcase name="test_unordered_multimap" time="52.059000"/>
		<testcase name="test_unordered_multiset" time="49.064000"/>
		<testcase name="postconditions" time="5.230000"/>
		<testcase name="test_py_md_compliance" time="0.115000"/>
		<testcase name="test_pep8_compliance" time="11.236000"/>
		<testcase name="test_input_dir_compliance" time="0.167000"/>
		<testcase name="test_suite_inheritance_compliance" time="0.168000"/>
	</testsuite>
</testsuites>
