<?xml version="1.0" ?>
<testsuites disabled="0" errors="0" failures="0" tests="13" time="145.30300000000003">
	<testsuite disabled="0" errors="0" failures="0" name="campaign_cli_manage.test_reports.suite_aggregate_sfp" skipped="0" tests="13" time="145.30300000000003">
		<testcase name="preconditions" time="27.940000"/>
		<testcase name="test_branch" time="10.010000"/>
		<testcase name="test_function_function_call" time="8.684000"/>
		<testcase name="test_mcdc" time="9.117000"/>
		<testcase name="test_multi_source_coverage_types" time="41.916000"/>
		<testcase name="test_statement" time="8.981000"/>
		<testcase name="test_statement_single_file" time="8.715000"/>
		<testcase name="test_statement_template_instantiations" time="23.033000"/>
		<testcase name="postconditions"/>
		<testcase name="test_py_md_compliance" time="0.026000"/>
		<testcase name="test_pep8_compliance" time="6.844000"/>
		<testcase name="test_input_dir_compliance" time="0.014000"/>
		<testcase name="test_suite_inheritance_compliance" time="0.023000"/>
	</testsuite>
</testsuites>
