<?xml version="1.0" ?>
<testsuites disabled="0" errors="0" failures="0" tests="10" time="28.474">
	<testsuite disabled="0" errors="0" failures="0" name="campaign_clicast.test_cover_options.suite_maximum_mcdc_expressions_ada" skipped="0" tests="10" time="28.474">
		<testcase name="preconditions" time="1.082000"/>
		<testcase name="test_max_expressions_exceeded_mcdc" time="6.101000"/>
		<testcase name="test_max_expressions_exceeded_statement_mcdc" time="5.369000"/>
		<testcase name="test_max_expressions_not_exceeded_mcdc" time="5.582000"/>
		<testcase name="test_max_expressions_not_exceeded_statement_mcdc" time="5.169000"/>
		<testcase name="postconditions"/>
		<testcase name="test_py_md_compliance" time="0.014000"/>
		<testcase name="test_pep8_compliance" time="5.136000"/>
		<testcase name="test_input_dir_compliance" time="0.012000"/>
		<testcase name="test_suite_inheritance_compliance" time="0.009000"/>
	</testsuite>
</testsuites>
