<?xml version="1.0" ?>
<testsuites disabled="0" errors="0" failures="0" tests="14" time="8.887">
	<testsuite disabled="0" errors="0" failures="0" name="campaign_vcqik.test_standalone.suite_instrument" skipped="0" tests="14" time="8.887">
		<testcase name="preconditions" time="0.976000"/>
		<testcase name="test_coverage_io_type" time="0.942000"/>
		<testcase name="test_coverage_type_specified" time="0.168000"/>
		<testcase name="test_coverage_unspecified" time="0.178000"/>
		<testcase name="test_industry_specific_coverage" time="0.477000"/>
		<testcase name="test_inst_obj_qik_file" time="0.247000"/>
		<testcase name="test_none_specified" time="0.169000"/>
		<testcase name="test_remove_old_inst_dir" time="0.383000"/>
		<testcase name="test_remove_old_obj_file" time="0.656000"/>
		<testcase name="postconditions"/>
		<testcase name="test_py_md_compliance" time="0.005000"/>
		<testcase name="test_pep8_compliance" time="4.659000"/>
		<testcase name="test_input_dir_compliance" time="0.015000"/>
		<testcase name="test_suite_inheritance_compliance" time="0.012000"/>
	</testsuite>
</testsuites>
