<?xml version="1.0" ?>
<testsuites disabled="0" errors="0" failures="0" tests="14" time="52.958">
	<testsuite disabled="0" errors="0" failures="0" name="campaign_licensing.test_clicast.suite_edition_validation" skipped="0" tests="14" time="52.958">
		<testcase name="preconditions" time="0.892000"/>
		<testcase name="test_edition_ada_ent" time="7.284000"/>
		<testcase name="test_edition_ada_pro" time="6.624000"/>
		<testcase name="test_edition_c_ent" time="4.955000"/>
		<testcase name="test_edition_c_pro" time="5.247000"/>
		<testcase name="test_edition_multilang_ent" time="8.734000"/>
		<testcase name="test_edition_multilang_pro" time="9.195000"/>
		<testcase name="test_edition_qa_ent" time="2.918000"/>
		<testcase name="test_edition_qa_pro" time="3.105000"/>
		<testcase name="postconditions"/>
		<testcase name="test_py_md_compliance" time="0.016000"/>
		<testcase name="test_pep8_compliance" time="3.955000"/>
		<testcase name="test_input_dir_compliance" time="0.018000"/>
		<testcase name="test_suite_inheritance_compliance" time="0.015000"/>
	</testsuite>
</testsuites>
