<?xml version="1.0" ?>
<testsuites disabled="0" errors="0" failures="0" tests="9" time="2.446">
	<testsuite disabled="0" errors="0" failures="0" name="campaign_edgfe.test_parse.suite_ceva" skipped="0" tests="9" time="2.446">
		<testcase name="preconditions"/>
		<testcase name="test_half" time="0.042000"/>
		<testcase name="test_vector_initialization" time="0.057000"/>
		<testcase name="test_vector_intrinsics" time="0.044000"/>
		<testcase name="postconditions"/>
		<testcase name="test_py_md_compliance" time="0.004000"/>
		<testcase name="test_pep8_compliance" time="2.293000"/>
		<testcase name="test_input_dir_compliance" time="0.004000"/>
		<testcase name="test_suite_inheritance_compliance" time="0.002000"/>
	</testsuite>
</testsuites>
