<?xml version="1.0" ?>
<testsuites disabled="0" errors="0" failures="0" tests="7" time="6.169">
	<testsuite disabled="0" errors="0" failures="0" name="campaign_clicast.test_tools.suite_overloaded_constructor" skipped="0" tests="7" time="6.169">
		<testcase name="preconditions" time="3.605000"/>
		<testcase name="test_auto_t_basis_path" time="0.740000"/>
		<testcase name="postconditions"/>
		<testcase name="test_py_md_compliance" time="0.002000"/>
		<testcase name="test_pep8_compliance" time="1.817000"/>
		<testcase name="test_input_dir_compliance" time="0.004000"/>
		<testcase name="test_suite_inheritance_compliance" time="0.001000"/>
	</testsuite>
</testsuites>
