<?xml version="1.0" ?>
<testsuites disabled="0" errors="0" failures="0" tests="8" time="35.196000000000005">
	<testsuite disabled="0" errors="0" failures="0" name="campaign_automationcontroller.test_build_db.suite_project_name" skipped="0" tests="8" time="35.196000000000005">
		<testcase name="preconditions" time="0.455000"/>
		<testcase name="test_project_name" time="15.453000"/>
		<testcase name="test_project_name_with_space" time="16.842000"/>
		<testcase name="postconditions"/>
		<testcase name="test_py_md_compliance" time="0.005000"/>
		<testcase name="test_pep8_compliance" time="2.429000"/>
		<testcase name="test_input_dir_compliance" time="0.008000"/>
		<testcase name="test_suite_inheritance_compliance" time="0.004000"/>
	</testsuite>
</testsuites>
