<?xml version="1.0" ?>
<testsuites disabled="0" errors="0" failures="0" tests="18" time="684.2070000000001">
	<testsuite disabled="0" errors="0" failures="0" name="campaign_vcastqt.test_cover.suite_coverage_viewer_function_fn_call" skipped="0" tests="18" time="684.2070000000001">
		<testcase name="preconditions" time="7.029000"/>
		<testcase name="test_full_cba_only_level_a_fn_fc" time="56.229000"/>
		<testcase name="test_full_cba_only_level_b_fn_fc" time="52.998000"/>
		<testcase name="test_full_cba_only_statement_fn_fc" time="51.429000"/>
		<testcase name="test_full_due_to_cba_level_a_fn_fc" time="59.695000"/>
		<testcase name="test_full_due_to_cba_level_b_fn_fc" time="59.488000"/>
		<testcase name="test_full_due_to_cba_statement_fn_fc" time="58.381000"/>
		<testcase name="test_full_level_a_fn_fc" time="53.697000"/>
		<testcase name="test_full_level_b_fn_fc" time="53.885000"/>
		<testcase name="test_full_statement_fn_fc" time="52.415000"/>
		<testcase name="test_partial_level_a_fn_fc" time="54.521000"/>
		<testcase name="test_partial_level_b_fn_fc" time="54.286000"/>
		<testcase name="test_partial_statement_fn_fc" time="52.631000"/>
		<testcase name="postconditions" time="5.174000"/>
		<testcase name="test_py_md_compliance" time="0.777000"/>
		<testcase name="test_pep8_compliance" time="9.553000"/>
		<testcase name="test_input_dir_compliance" time="1.019000"/>
		<testcase name="test_suite_inheritance_compliance" time="1.000000"/>
	</testsuite>
</testsuites>
