<?xml version="1.0" ?>
<testsuites disabled="0" errors="0" failures="0" tests="7" time="8.146">
	<testsuite disabled="0" errors="0" failures="0" name="campaign_clicast.test_instrumentation_use_cases.suite_visual_studio_2015" skipped="0" tests="7" time="8.146">
		<testcase name="preconditions" time="4.143000"/>
		<testcase name="test_mcdc" time="1.843000"/>
		<testcase name="postconditions"/>
		<testcase name="test_py_md_compliance" time="0.003000"/>
		<testcase name="test_pep8_compliance" time="2.149000"/>
		<testcase name="test_input_dir_compliance" time="0.006000"/>
		<testcase name="test_suite_inheritance_compliance" time="0.002000"/>
	</testsuite>
</testsuites>
