<?xml version="1.0" ?>
<testsuites disabled="0" errors="0" failures="0" tests="14" time="62.584">
	<testsuite disabled="0" errors="0" failures="0" name="campaign_clicast.test_tools.suite_export_testcase_c" skipped="0" tests="14" time="62.584">
		<testcase name="preconditions" time="4.360000"/>
		<testcase name="test_basis_paths_export" time="7.309000"/>
		<testcase name="test_branch_export" time="7.874000"/>
		<testcase name="test_function_export" time="6.765000"/>
		<testcase name="test_level_a_export" time="8.060000"/>
		<testcase name="test_level_b_export" time="7.699000"/>
		<testcase name="test_mcdc_export" time="6.983000"/>
		<testcase name="test_readonly_dir" time="2.829000"/>
		<testcase name="test_statement_export" time="7.253000"/>
		<testcase name="postconditions"/>
		<testcase name="test_py_md_compliance" time="0.017000"/>
		<testcase name="test_pep8_compliance" time="3.396000"/>
		<testcase name="test_input_dir_compliance" time="0.021000"/>
		<testcase name="test_suite_inheritance_compliance" time="0.018000"/>
	</testsuite>
</testsuites>
