<?xml version="1.0" ?>
<testsuites disabled="0" errors="0" failures="0" tests="16" time="43.654">
	<testsuite disabled="0" errors="0" failures="0" name="campaign_clicast.test_reports.suite_character_encoding" skipped="0" tests="16" time="43.654">
		<testcase name="preconditions" time="6.573000"/>
		<testcase name="test_other_html_guess" time="2.919000"/>
		<testcase name="test_other_text_guess" time="2.744000"/>
		<testcase name="test_shift_jis_html" time="3.250000"/>
		<testcase name="test_shift_jis_html_wrong_encoding" time="3.697000"/>
		<testcase name="test_shift_jis_text" time="2.969000"/>
		<testcase name="test_shift_jis_text_wrong_encoding" time="3.825000"/>
		<testcase name="test_utf8_multibyte_html" time="3.289000"/>
		<testcase name="test_utf8_multibyte_text" time="3.397000"/>
		<testcase name="test_utf8_normal_html" time="3.652000"/>
		<testcase name="test_utf8_normal_text" time="3.781000"/>
		<testcase name="postconditions"/>
		<testcase name="test_py_md_compliance" time="0.012000"/>
		<testcase name="test_pep8_compliance" time="3.483000"/>
		<testcase name="test_input_dir_compliance" time="0.034000"/>
		<testcase name="test_suite_inheritance_compliance" time="0.029000"/>
	</testsuite>
</testsuites>
