<?xml version="1.0" ?>
<testsuites disabled="0" errors="0" failures="0" tests="12" time="65.891">
	<testsuite disabled="0" errors="0" failures="0" name="campaign_legacy_manage.test_cpp.suite_cpp_3" skipped="0" tests="12" time="65.891">
		<testcase name="preconditions" time="1.096000"/>
		<testcase name="test_bool_cpp" time="8.903000"/>
		<testcase name="test_chain" time="11.227000"/>
		<testcase name="test_char_2d_array" time="7.771000"/>
		<testcase name="test_char_cpp" time="8.963000"/>
		<testcase name="test_char_star_cpp" time="8.852000"/>
		<testcase name="test_class_inst_usercode" time="8.832000"/>
		<testcase name="test_classes_of_interest" time="7.463000"/>
		<testcase name="postconditions" time="0.008000"/>
		<testcase name="test_pep8_compliance" time="2.748000"/>
		<testcase name="test_input_dir_compliance" time="0.019000"/>
		<testcase name="test_suite_inheritance_compliance" time="0.009000"/>
	</testsuite>
</testsuites>
