<?xml version="1.0" ?>
<testsuites disabled="0" errors="0" failures="0" tests="8" time="11.202">
	<testsuite disabled="0" errors="0" failures="0" name="campaign_enviroedg.test_vccodegen.suite_search_dirs" skipped="0" tests="8" time="11.202">
		<testcase name="preconditions" time="1.066000"/>
		<testcase name="test_library_include_dir" time="2.480000"/>
		<testcase name="test_testable_source_dir" time="2.151000"/>
		<testcase name="test_type_handled_source_dir" time="2.412000"/>
		<testcase name="postconditions" time="0.004000"/>
		<testcase name="test_pep8_compliance" time="3.076000"/>
		<testcase name="test_input_dir_compliance" time="0.008000"/>
		<testcase name="test_suite_inheritance_compliance" time="0.005000"/>
	</testsuite>
</testsuites>
