<?xml version="1.0" ?>
<testsuites disabled="0" errors="0" failures="0" tests="7" time="72.215">
	<testsuite disabled="0" errors="0" failures="0" name="campaign_vcastqt.test_options.suite_execute_command" skipped="0" tests="7" time="72.215">
		<testcase name="preconditions" time="8.432000"/>
		<testcase name="test_vpython_2to3_exception" time="51.877000"/>
		<testcase name="postconditions" time="5.242000"/>
		<testcase name="test_py_md_compliance" time="0.020000"/>
		<testcase name="test_pep8_compliance" time="6.566000"/>
		<testcase name="test_input_dir_compliance" time="0.037000"/>
		<testcase name="test_suite_inheritance_compliance" time="0.041000"/>
	</testsuite>
</testsuites>
