<?xml version="1.0" ?>
<testsuites disabled="0" errors="0" failures="0" tests="10" time="290.25999999999993">
	<testsuite disabled="0" errors="0" failures="0" name="campaign_vcastqt.test_manage_files_tab.suite_status_icons_and_tooltips" skipped="0" tests="10" time="290.25999999999993">
		<testcase name="preconditions" time="9.113000"/>
		<testcase name="test_level_a_function_call" time="73.876000"/>
		<testcase name="test_level_b_function_call" time="67.864000"/>
		<testcase name="test_manage_file_tooltip_94108" time="56.786000"/>
		<testcase name="test_statement_function_call" time="68.517000"/>
		<testcase name="postconditions" time="5.303000"/>
		<testcase name="test_py_md_compliance" time="0.106000"/>
		<testcase name="test_pep8_compliance" time="8.465000"/>
		<testcase name="test_input_dir_compliance" time="0.104000"/>
		<testcase name="test_suite_inheritance_compliance" time="0.126000"/>
	</testsuite>
</testsuites>
