<?xml version="1.0" ?>
<testsuites disabled="0" errors="0" failures="0" tests="24" time="1684.602">
	<testsuite disabled="0" errors="0" failures="0" name="campaign_vcastqt.test_scripting.suite_import_export" skipped="0" tests="24" time="1684.602">
		<testcase name="preconditions" time="13.636000"/>
		<testcase name="test_delete_parameter" time="61.640000"/>
		<testcase name="test_err_on_no_config_macro_def_strict_imp_off" time="159.267000"/>
		<testcase name="test_err_on_no_config_macro_def_strict_imp_on" time="129.593000"/>
		<testcase name="test_error_on_missing_named_item_strict_imp_off" time="52.957000"/>
		<testcase name="test_error_on_missing_named_item_strict_imp_on" time="55.916000"/>
		<testcase name="test_error_on_missing_symbol_def_strict_imp_off" time="156.166000"/>
		<testcase name="test_error_on_missing_symbol_def_strict_imp_on" time="121.760000"/>
		<testcase name="test_export_import_list_symbolic_constant" time="55.131000"/>
		<testcase name="test_export_import_range_symbolic_constant" time="55.189000"/>
		<testcase name="test_export_to_existing" time="34.815000"/>
		<testcase name="test_modify_readonly_script" time="41.628000"/>
		<testcase name="test_no_read_permissions" time="45.051000"/>
		<testcase name="test_save_to_readonly" time="37.790000"/>
		<testcase name="test_signed_int_changed" time="63.720000"/>
		<testcase name="test_err_on_no_vcdb_macro_def_strict_imp_on" time="128.327000"/>
		<testcase name="test_err_on_no_vcdb_macro_def_strict_imp_off" time="160.239000"/>
		<testcase name="test_error_on_missing_macro_def_strict_imp_on" time="129.708000"/>
		<testcase name="test_error_on_missing_macro_def_strict_imp_off" time="160.333000"/>
		<testcase name="postconditions" time="5.338000"/>
		<testcase name="test_py_md_compliance" time="0.869000"/>
		<testcase name="test_pep8_compliance" time="13.658000"/>
		<testcase name="test_input_dir_compliance" time="0.979000"/>
		<testcase name="test_suite_inheritance_compliance" time="0.892000"/>
	</testsuite>
</testsuites>
