<?xml version="1.0" ?>
<testsuites disabled="0" errors="0" failures="0" tests="12" time="258.389">
	<testsuite disabled="0" errors="0" failures="0" name="campaign_vcastqt.test_backwards_compatibility_unit.suite_requirements_gateway" skipped="0" tests="12" time="258.389">
		<testcase name="preconditions" time="13.766000"/>
		<testcase name="test_add_requirement_to_testcase" time="73.621000"/>
		<testcase name="test_duplicate_testcase" time="30.694000"/>
		<testcase name="test_export_after_executing" time="36.445000"/>
		<testcase name="test_export_without_executing" time="33.142000"/>
		<testcase name="test_make_auto_init" time="28.717000"/>
		<testcase name="test_rebuild_environment" time="33.279000"/>
		<testcase name="postconditions"/>
		<testcase name="test_py_md_compliance" time="0.057000"/>
		<testcase name="test_pep8_compliance" time="8.525000"/>
		<testcase name="test_input_dir_compliance" time="0.076000"/>
		<testcase name="test_suite_inheritance_compliance" time="0.067000"/>
	</testsuite>
</testsuites>
