<?xml version="1.0" ?>
<testsuites disabled="0" errors="0" failures="0" tests="12" time="58.107">
	<testsuite disabled="0" errors="0" failures="0" name="campaign_clicast.test_options.suite_simplified_condition_coverage_tutorial" skipped="0" tests="12" time="58.107">
		<testcase name="preconditions" time="0.186000"/>
		<testcase name="test_ada_tutorial_mcdc_function" time="8.436000"/>
		<testcase name="test_ada_tutorial_mcdc_small_max" time="8.632000"/>
		<testcase name="test_ada_tutorial_statement_mcdc" time="8.700000"/>
		<testcase name="test_ada_tutorial_statement_mcdc_function" time="8.686000"/>
		<testcase name="test_c_tutorial_mcdc_small_max" time="8.481000"/>
		<testcase name="test_c_tutorial_mcdc_test_case_analysis_report" time="4.480000"/>
		<testcase name="test_c_tutorial_statement_mcdc" time="6.708000"/>
		<testcase name="postconditions" time="0.010000"/>
		<testcase name="test_pep8_compliance" time="3.754000"/>
		<testcase name="test_input_dir_compliance" time="0.014000"/>
		<testcase name="test_suite_inheritance_compliance" time="0.020000"/>
	</testsuite>
</testsuites>
