<?xml version="1.0" ?>
<testsuites disabled="0" errors="0" failures="0" tests="7" time="87.02700000000002">
	<testsuite disabled="0" errors="0" failures="0" name="campaign_vcastqt.test_options.suite_dependency_data_dir" skipped="0" tests="7" time="87.02700000000002">
		<testcase name="preconditions" time="4.397000"/>
		<testcase name="test_set_dependency_dir" time="68.834000"/>
		<testcase name="postconditions" time="5.298000"/>
		<testcase name="test_py_md_compliance" time="0.048000"/>
		<testcase name="test_pep8_compliance" time="8.339000"/>
		<testcase name="test_input_dir_compliance" time="0.045000"/>
		<testcase name="test_suite_inheritance_compliance" time="0.066000"/>
	</testsuite>
</testsuites>
