<?xml version="1.0" ?>
<testsuites disabled="0" errors="0" failures="0" tests="13" time="170.34699999999998">
	<testsuite disabled="0" errors="0" failures="0" name="campaign_automationcontroller.test_build_vce.suite_build_vce" skipped="0" tests="13" time="170.34699999999998">
		<testcase name="preconditions" time="1.211000"/>
		<testcase name="test_add_existing_cover_and_unit_env" time="26.711000"/>
		<testcase name="test_add_existing_cover_env" time="7.663000"/>
		<testcase name="test_add_existing_unit_test_env" time="25.385000"/>
		<testcase name="test_add_existing_unit_test_env_bak" time="37.588000"/>
		<testcase name="test_add_existing_unit_test_env_ending_with_v" time="22.782000"/>
		<testcase name="test_custom_workarea" time="21.383000"/>
		<testcase name="test_verbose" time="23.609000"/>
		<testcase name="postconditions"/>
		<testcase name="test_py_md_compliance" time="0.012000"/>
		<testcase name="test_pep8_compliance" time="3.978000"/>
		<testcase name="test_input_dir_compliance" time="0.016000"/>
		<testcase name="test_suite_inheritance_compliance" time="0.009000"/>
	</testsuite>
</testsuites>
