<?xml version="1.0" ?>
<testsuites disabled="0" errors="0" failures="0" tests="37" time="239.44300000000004">
	<testsuite disabled="0" errors="0" failures="0" name="campaign_enviroedg.test_build.suite_std_container" skipped="0" tests="37" time="239.44300000000004">
		<testcase name="preconditions"/>
		<testcase name="test_80572_template_type_forward_declared" time="3.090000"/>
		<testcase name="test_alloc_no_default_ctor" time="7.757000"/>
		<testcase name="test_argument_deleted_dtor" time="4.585000"/>
		<testcase name="test_array_deleted_default_ctor" time="3.731000"/>
		<testcase name="test_array_no_default_ctor" time="6.404000"/>
		<testcase name="test_array_no_default_ctor_typedef" time="6.679000"/>
		<testcase name="test_array_template_param" time="8.783000"/>
		<testcase name="test_array_typedef_template_param" time="7.983000"/>
		<testcase name="test_cpp11" time="67.172000"/>
		<testcase name="test_cpp98" time="13.964000"/>
		<testcase name="test_deleted_copy_assign" time="8.649000"/>
		<testcase name="test_field_of_same" time="4.842000"/>
		<testcase name="test_in_testable_dir" time="2.892000"/>
		<testcase name="test_list_non_std" time="2.645000"/>
		<testcase name="test_map_const_types" time="4.640000"/>
		<testcase name="test_map_contains_unsupported_ptr_type" time="5.906000"/>
		<testcase name="test_map_contains_unsupported_type" time="5.353000"/>
		<testcase name="test_maps_with_reference_values" time="6.950000"/>
		<testcase name="test_ms_vector_deleted_move" time="0.011000"/>
		<testcase name="test_non_assignable" time="3.512000"/>
		<testcase name="test_option_on_deleted_copy" time="5.449000"/>
		<testcase name="test_pair_contains_unsupported_typedef" time="5.579000"/>
		<testcase name="test_pair_reference" time="5.036000"/>
		<testcase name="test_reference_to_forward_decl" time="4.311000"/>
		<testcase name="test_resize" time="7.147000"/>
		<testcase name="test_set_compare_lacks_default_ctor" time="3.444000"/>
		<testcase name="test_unordered_map" time="6.132000"/>
		<testcase name="test_unordered_set" time="5.724000"/>
		<testcase name="test_unsupported_array_contains_const_type" time="5.900000"/>
		<testcase name="test_use_new_for_ctor_param" time="4.461000"/>
		<testcase name="test_using_deleted_copy_ctor" time="5.465000"/>
		<testcase name="postconditions"/>
		<testcase name="test_py_md_compliance" time="0.019000"/>
		<testcase name="test_pep8_compliance" time="5.184000"/>
		<testcase name="test_input_dir_compliance" time="0.025000"/>
		<testcase name="test_suite_inheritance_compliance" time="0.019000"/>
	</testsuite>
</testsuites>
