<?xml version="1.0" ?>
<testsuites disabled="0" errors="0" failures="0" tests="11" time="22.62600000000001">
	<testsuite disabled="0" errors="0" failures="0" name="campaign_clicast.test_options.suite_fail_on_no_expected_c" skipped="0" tests="11" time="22.62600000000001">
		<testcase name="preconditions" time="4.447000"/>
		<testcase name="test_compound_off" time="3.382000"/>
		<testcase name="test_compound_on" time="3.492000"/>
		<testcase name="test_off" time="2.498000"/>
		<testcase name="test_on" time="2.757000"/>
		<testcase name="test_on_control_flow" time="2.441000"/>
		<testcase name="postconditions"/>
		<testcase name="test_py_md_compliance" time="0.007000"/>
		<testcase name="test_pep8_compliance" time="3.588000"/>
		<testcase name="test_input_dir_compliance" time="0.010000"/>
		<testcase name="test_suite_inheritance_compliance" time="0.004000"/>
	</testsuite>
</testsuites>
