<?xml version="1.0" ?>
<testsuites disabled="0" errors="0" failures="0" tests="10" time="33.014">
	<testsuite disabled="0" errors="0" failures="0" name="campaign_clicast.test_execute.suite_test_case_timeout" skipped="0" tests="10" time="33.014">
		<testcase name="preconditions" time="4.587000"/>
		<testcase name="test_58680_debug_ignores_testcase_timeout" time="15.440000"/>
		<testcase name="test_child_process_killed" time="3.218000"/>
		<testcase name="test_infinite_loop_terminates" time="2.969000"/>
		<testcase name="test_killed_test_has_coverage" time="3.465000"/>
		<testcase name="postconditions"/>
		<testcase name="test_py_md_compliance" time="0.003000"/>
		<testcase name="test_pep8_compliance" time="3.318000"/>
		<testcase name="test_input_dir_compliance" time="0.008000"/>
		<testcase name="test_suite_inheritance_compliance" time="0.006000"/>
	</testsuite>
</testsuites>
