<?xml version="1.0" ?>
<testsuites disabled="0" errors="0" failures="0" tests="12" time="11.118">
	<testsuite disabled="0" errors="0" failures="0" name="campaign_vctools.test_vcutil.suite_quickparse_filelist" skipped="0" tests="12" time="11.118">
		<testcase name="preconditions" time="1.558000"/>
		<testcase name="test_argument_with_file_name" time="0.529000"/>
		<testcase name="test_blank_entry" time="1.047000"/>
		<testcase name="test_filename_with_abspath" time="0.881000"/>
		<testcase name="test_filename_without_abspath" time="0.547000"/>
		<testcase name="test_match_not_found_error" time="0.649000"/>
		<testcase name="test_relative_path" time="1.098000"/>
		<testcase name="postconditions"/>
		<testcase name="test_py_md_compliance" time="0.006000"/>
		<testcase name="test_pep8_compliance" time="4.794000"/>
		<testcase name="test_input_dir_compliance" time="0.006000"/>
		<testcase name="test_suite_inheritance_compliance" time="0.003000"/>
	</testsuite>
</testsuites>
