<?xml version="1.0" ?>
<testsuites disabled="0" errors="0" failures="0" tests="19" time="119.022">
	<testsuite disabled="0" errors="0" failures="0" name="campaign_clicast.test_cover_options.suite_clear_coverage" skipped="0" tests="19" time="119.022">
		<testcase name="preconditions" time="2.046000"/>
		<testcase name="test_branch" time="8.304000"/>
		<testcase name="test_coupling" time="14.592000"/>
		<testcase name="test_dynamic_memory" time="8.722000"/>
		<testcase name="test_function" time="8.636000"/>
		<testcase name="test_function_function_call" time="8.575000"/>
		<testcase name="test_mcdc_optimized_instrumentation" time="9.596000"/>
		<testcase name="test_mcdc_standard_instrumentation" time="8.689000"/>
		<testcase name="test_none" time="4.965000"/>
		<testcase name="test_probe_point" time="5.051000"/>
		<testcase name="test_statement" time="8.522000"/>
		<testcase name="test_statement_branch" time="8.665000"/>
		<testcase name="test_statement_mcdc" time="9.318000"/>
		<testcase name="test_static_memory" time="8.777000"/>
		<testcase name="postconditions"/>
		<testcase name="test_py_md_compliance" time="0.025000"/>
		<testcase name="test_pep8_compliance" time="4.483000"/>
		<testcase name="test_input_dir_compliance" time="0.026000"/>
		<testcase name="test_suite_inheritance_compliance" time="0.030000"/>
	</testsuite>
</testsuites>
