<?xml version="1.0" ?>
<testsuites disabled="0" errors="0" failures="0" tests="7" time="13.275">
	<testsuite disabled="0" errors="0" failures="0" name="campaign_clicast.test_cover.suite_instrument_must_reinstrument_all" skipped="0" tests="7" time="13.275">
		<testcase name="preconditions" time="6.281000"/>
		<testcase name="test_vcast_pack_instrumentation_storage" time="3.742000"/>
		<testcase name="postconditions"/>
		<testcase name="test_py_md_compliance" time="0.003000"/>
		<testcase name="test_pep8_compliance" time="3.237000"/>
		<testcase name="test_input_dir_compliance" time="0.007000"/>
		<testcase name="test_suite_inheritance_compliance" time="0.005000"/>
	</testsuite>
</testsuites>
