<?xml version="1.0" ?>
<testsuites disabled="0" errors="0" failures="0" tests="27" time="95.67100000000002">
	<testsuite disabled="0" errors="0" failures="0" name="campaign_clicast.test_options.suite_case_fallthrough_branch_coverage" skipped="0" tests="27" time="95.67100000000002">
		<testcase name="preconditions" time="7.701000"/>
		<testcase name="test_opt_off_fallthrough_implicit_default_branch" time="3.566000"/>
		<testcase name="test_opt_off_if_switch" time="3.697000"/>
		<testcase name="test_opt_off_implicit_default_branch" time="3.911000"/>
		<testcase name="test_opt_off_multiple_second_case_default_branch" time="5.129000"/>
		<testcase name="test_opt_off_nested_no_fallthrough" time="3.332000"/>
		<testcase name="test_opt_off_nested_switch" time="5.097000"/>
		<testcase name="test_opt_off_no_block_first_case_basis" time="3.646000"/>
		<testcase name="test_opt_off_no_block_first_case_branch" time="3.524000"/>
		<testcase name="test_opt_off_no_block_first_case_level_a" time="4.261000"/>
		<testcase name="test_opt_off_no_block_first_case_level_b" time="4.232000"/>
		<testcase name="test_opt_off_no_block_second_case_basis" time="3.953000"/>
		<testcase name="test_opt_off_no_block_second_case_branch" time="4.012000"/>
		<testcase name="test_opt_off_no_implicit_default_branch" time="4.314000"/>
		<testcase name="test_opt_off_two_functions" time="3.892000"/>
		<testcase name="test_opt_off_while_switch" time="3.768000"/>
		<testcase name="test_opt_on_fallthrough_implicit_default_branch" time="4.486000"/>
		<testcase name="test_opt_on_multiple_second_case_default_branch" time="3.469000"/>
		<testcase name="test_opt_on_no_block_first_case_branch" time="3.608000"/>
		<testcase name="test_opt_on_no_block_first_case_level_a" time="4.033000"/>
		<testcase name="test_opt_on_no_block_first_case_level_b" time="3.834000"/>
		<testcase name="test_opt_on_no_block_first_case_mcdc" time="3.386000"/>
		<testcase name="postconditions"/>
		<testcase name="test_py_md_compliance" time="0.039000"/>
		<testcase name="test_pep8_compliance" time="4.750000"/>
		<testcase name="test_input_dir_compliance" time="0.013000"/>
		<testcase name="test_suite_inheritance_compliance" time="0.018000"/>
	</testsuite>
</testsuites>
