<?xml version="1.0" ?>
<testsuites disabled="0" errors="0" failures="0" tests="9" time="217.932">
	<testsuite disabled="0" errors="0" failures="0" name="campaign_vcastqt.test_options.suite_max_varied_parameters_c" skipped="0" tests="9" time="217.932">
		<testcase name="preconditions" time="8.700000"/>
		<testcase name="test_over_limit" time="64.308000"/>
		<testcase name="test_under_limit" time="55.350000"/>
		<testcase name="test_zero" time="78.125000"/>
		<testcase name="postconditions" time="5.159000"/>
		<testcase name="test_py_md_compliance" time="0.052000"/>
		<testcase name="test_pep8_compliance" time="6.111000"/>
		<testcase name="test_input_dir_compliance" time="0.068000"/>
		<testcase name="test_suite_inheritance_compliance" time="0.059000"/>
	</testsuite>
</testsuites>
