<?xml version="1.0" ?>
<testsuites disabled="0" errors="0" failures="0" tests="7" time="103.35200000000002">
	<testsuite disabled="0" errors="0" failures="0" name="campaign_vcastqt.test_manage_actions_permit_deny.suite_new_manage_lock" skipped="0" tests="7" time="103.35200000000002">
		<testcase name="preconditions" time="21.867000"/>
		<testcase name="test_error_opening_project_fails" time="67.184000"/>
		<testcase name="postconditions" time="5.213000"/>
		<testcase name="test_py_md_compliance" time="0.034000"/>
		<testcase name="test_pep8_compliance" time="8.956000"/>
		<testcase name="test_input_dir_compliance" time="0.058000"/>
		<testcase name="test_suite_inheritance_compliance" time="0.040000"/>
	</testsuite>
</testsuites>
