<?xml version="1.0" ?>
<testsuites disabled="0" errors="0" failures="0" tests="8" time="152.122">
	<testsuite disabled="0" errors="0" failures="0" name="campaign_vcastqt.test_options.suite_floating_point_tolerance" skipped="0" tests="8" time="152.122">
		<testcase name="preconditions" time="7.920000"/>
		<testcase name="test_export_and_import_option" time="65.378000"/>
		<testcase name="test_set_in_options_then_override_in_tc" time="66.194000"/>
		<testcase name="postconditions" time="5.132000"/>
		<testcase name="test_py_md_compliance" time="0.054000"/>
		<testcase name="test_pep8_compliance" time="7.313000"/>
		<testcase name="test_input_dir_compliance" time="0.067000"/>
		<testcase name="test_suite_inheritance_compliance" time="0.064000"/>
	</testsuite>
</testsuites>
