<?xml version="1.0" ?>
<testsuites disabled="0" errors="0" failures="0" tests="14" time="31.184">
	<testsuite disabled="0" errors="0" failures="0" name="campaign_clicast.test_cover_options.suite_no_instrument_unreachable" skipped="0" tests="14" time="31.184">
		<testcase name="preconditions" time="3.052000"/>
		<testcase name="test_block_level_a" time="2.908000"/>
		<testcase name="test_block_level_b" time="3.007000"/>
		<testcase name="test_block_statement" time="2.992000"/>
		<testcase name="test_branch" time="3.202000"/>
		<testcase name="test_level_a" time="3.057000"/>
		<testcase name="test_level_b" time="2.861000"/>
		<testcase name="test_mcdc" time="2.738000"/>
		<testcase name="test_statement" time="2.767000"/>
		<testcase name="postconditions"/>
		<testcase name="test_py_md_compliance" time="0.023000"/>
		<testcase name="test_pep8_compliance" time="4.562000"/>
		<testcase name="test_input_dir_compliance" time="0.009000"/>
		<testcase name="test_suite_inheritance_compliance" time="0.006000"/>
	</testsuite>
</testsuites>
