<?xml version="1.0" ?>
<testsuites disabled="0" errors="0" failures="0" tests="12" time="85.108">
	<testsuite disabled="0" errors="0" failures="0" name="campaign_legacy_manage.test_ada_wb.suite_gnat_18" skipped="0" tests="12" time="85.108">
		<testcase name="preconditions" time="2.672000"/>
		<testcase name="test_ptr_1453" time="10.694000"/>
		<testcase name="test_ptr_1460" time="10.466000"/>
		<testcase name="test_ptr_1463" time="9.633000"/>
		<testcase name="test_ptr_1469" time="10.117000"/>
		<testcase name="test_ptr_1480" time="21.525000"/>
		<testcase name="test_ptr_1499" time="8.751000"/>
		<testcase name="test_ptr_1501" time="8.929000"/>
		<testcase name="postconditions" time="0.016000"/>
		<testcase name="test_pep8_compliance" time="2.282000"/>
		<testcase name="test_input_dir_compliance" time="0.014000"/>
		<testcase name="test_suite_inheritance_compliance" time="0.009000"/>
	</testsuite>
</testsuites>
