<?xml version="1.0" ?>
<testsuites disabled="0" errors="0" failures="0" tests="27" time="99.01700000000001">
	<testsuite disabled="0" errors="0" failures="0" name="campaign_clicast.test_options.suite_suppressed_coverable_functions_cover" skipped="0" tests="27" time="99.01700000000001">
		<testcase name="preconditions" time="4.161000"/>
		<testcase name="test_filename_dne" time="2.522000"/>
		<testcase name="test_filename_multiple_suppressed_functions" time="2.603000"/>
		<testcase name="test_filename_no_suppressed_functions" time="2.872000"/>
		<testcase name="test_filename_one_suppressed_function" time="3.004000"/>
		<testcase name="test_filename_uppercase_90946" time="7.496000"/>
		<testcase name="test_filepath_envvar" time="4.087000"/>
		<testcase name="test_filepath_filename_suppressed_functions" time="2.682000"/>
		<testcase name="test_filepath_multiple_suppressed" time="4.127000"/>
		<testcase name="test_filepath_multiple_wildcard" time="4.223000"/>
		<testcase name="test_filepath_no_suppressed" time="4.372000"/>
		<testcase name="test_filepath_one_suppressed" time="3.967000"/>
		<testcase name="test_filepath_wildcard" time="4.070000"/>
		<testcase name="test_multiple_suppressed_functions" time="2.720000"/>
		<testcase name="test_no_suppressed_functions" time="2.604000"/>
		<testcase name="test_one_suppressed_function" time="2.793000"/>
		<testcase name="test_overloaded_suppressed_function" time="2.923000"/>
		<testcase name="test_same_filename_suppressed_functions" time="4.842000"/>
		<testcase name="test_single_overloaded_suppressed" time="2.540000"/>
		<testcase name="test_template_instantiations_off" time="10.963000"/>
		<testcase name="test_template_instantiations_on" time="10.656000"/>
		<testcase name="test_wildcard_suppressed_function" time="2.834000"/>
		<testcase name="postconditions"/>
		<testcase name="test_py_md_compliance" time="0.038000"/>
		<testcase name="test_pep8_compliance" time="5.867000"/>
		<testcase name="test_input_dir_compliance" time="0.028000"/>
		<testcase name="test_suite_inheritance_compliance" time="0.023000"/>
	</testsuite>
</testsuites>
