<?xml version="1.0" ?>
<testsuites disabled="0" errors="0" failures="0" tests="12" time="33.321">
	<testsuite disabled="0" errors="0" failures="0" name="campaign_clicast.test_instrumentation_use_cases.suite_for_loop" skipped="0" tests="12" time="33.321">
		<testcase name="preconditions" time="5.392000"/>
		<testcase name="test_basis_path" time="4.026000"/>
		<testcase name="test_branch" time="3.620000"/>
		<testcase name="test_empty_for_loop_cond" time="3.745000"/>
		<testcase name="test_mcdc" time="3.509000"/>
		<testcase name="test_statement_branch" time="4.749000"/>
		<testcase name="test_statement_mcdc" time="3.611000"/>
		<testcase name="postconditions"/>
		<testcase name="test_py_md_compliance" time="0.008000"/>
		<testcase name="test_pep8_compliance" time="4.649000"/>
		<testcase name="test_input_dir_compliance" time="0.007000"/>
		<testcase name="test_suite_inheritance_compliance" time="0.005000"/>
	</testsuite>
</testsuites>
