<?xml version="1.0" ?>
<testsuites disabled="0" errors="0" failures="0" tests="8" time="144.04500000000002">
	<testsuite disabled="0" errors="0" failures="0" name="campaign_vcastqt.test_new_environment_wizard.suite_suppressed_stubs" skipped="0" tests="8" time="144.04500000000002">
		<testcase name="preconditions" time="5.169000"/>
		<testcase name="test_rename_entries_in_wizard_update_dialog" time="90.018000"/>
		<testcase name="test_tool_tip" time="36.226000"/>
		<testcase name="postconditions" time="5.312000"/>
		<testcase name="test_py_md_compliance" time="0.038000"/>
		<testcase name="test_pep8_compliance" time="7.185000"/>
		<testcase name="test_input_dir_compliance" time="0.051000"/>
		<testcase name="test_suite_inheritance_compliance" time="0.046000"/>
	</testsuite>
</testsuites>
