<?xml version="1.0" ?>
<testsuites disabled="0" errors="0" failures="0" tests="9" time="168.04899999999998">
	<testsuite disabled="0" errors="0" failures="0" name="campaign_vcastqt.test_reports.suite_compile_errors_c" skipped="0" tests="9" time="168.04899999999998">
		<testcase name="preconditions" time="8.731000"/>
		<testcase name="test_refresh_report" time="53.028000"/>
		<testcase name="test_report_with_compile_errors" time="52.906000"/>
		<testcase name="test_report_wo_compile_errors" time="41.298000"/>
		<testcase name="postconditions" time="5.218000"/>
		<testcase name="test_py_md_compliance" time="0.060000"/>
		<testcase name="test_pep8_compliance" time="6.665000"/>
		<testcase name="test_input_dir_compliance" time="0.090000"/>
		<testcase name="test_suite_inheritance_compliance" time="0.053000"/>
	</testsuite>
</testsuites>
