<?xml version="1.0" ?>
<testsuites disabled="0" errors="0" failures="0" tests="16" time="161.17900000000003">
	<testsuite disabled="0" errors="0" failures="0" name="campaign_cli_manage.test_backwards_compatibility.suite_legacy_collections" skipped="0" tests="16" time="161.17900000000003">
		<testcase name="preconditions" time="62.614000"/>
		<testcase name="test_deprecated_sets" time="41.870000"/>
		<testcase name="test_deprecated_source_and_platforms_args" time="3.111000"/>
		<testcase name="test_display_converted_compilers" time="3.086000"/>
		<testcase name="test_error_when_importing_results_from_old_project" time="5.114000"/>
		<testcase name="test_multiple_platforms_same_compiler_name" time="4.653000"/>
		<testcase name="test_retain_imported_results" time="5.859000"/>
		<testcase name="test_source_config_gets_lowered_to_compiler" time="2.500000"/>
		<testcase name="test_update_monitored_vcm" time="14.401000"/>
		<testcase name="test_update_retains_results" time="3.525000"/>
		<testcase name="test_update_retains_specialized_testcases" time="7.985000"/>
		<testcase name="postconditions"/>
		<testcase name="test_py_md_compliance" time="0.009000"/>
		<testcase name="test_pep8_compliance" time="6.427000"/>
		<testcase name="test_input_dir_compliance" time="0.017000"/>
		<testcase name="test_suite_inheritance_compliance" time="0.008000"/>
	</testsuite>
</testsuites>
