<?xml version="1.0" ?>
<testsuites disabled="0" errors="0" failures="0" tests="9" time="350.948">
	<testsuite disabled="0" errors="0" failures="0" name="campaign_vcastqt.test_options.suite_suppressed_coverable_functions_cover" skipped="0" tests="9" time="350.948">
		<testcase name="preconditions" time="7.987000"/>
		<testcase name="test_add_suppressed_function" time="86.014000"/>
		<testcase name="test_modify_suppressed_function" time="121.601000"/>
		<testcase name="test_remove_suppressed_function" time="121.967000"/>
		<testcase name="postconditions" time="5.251000"/>
		<testcase name="test_py_md_compliance" time="0.074000"/>
		<testcase name="test_pep8_compliance" time="7.879000"/>
		<testcase name="test_input_dir_compliance" time="0.087000"/>
		<testcase name="test_suite_inheritance_compliance" time="0.088000"/>
	</testsuite>
</testsuites>
