<?xml version="1.0" ?>
<testsuites disabled="0" errors="0" failures="0" tests="6" time="12.718999999999998">
	<testsuite disabled="0" errors="0" failures="0" name="campaign_clicast.test_environment.suite_incremental_rebuild_imported_coverage" skipped="0" tests="6" time="12.718999999999998">
		<testcase name="preconditions" time="7.047000"/>
		<testcase name="test_imported_coverage_incremental_rebuild" time="3.077000"/>
		<testcase name="postconditions" time="0.001000"/>
		<testcase name="test_pep8_compliance" time="2.588000"/>
		<testcase name="test_input_dir_compliance" time="0.004000"/>
		<testcase name="test_suite_inheritance_compliance" time="0.002000"/>
	</testsuite>
</testsuites>
