<?xml version="1.0" ?>
<testsuites disabled="0" errors="0" failures="0" tests="9" time="10.711">
	<testsuite disabled="0" errors="0" failures="0" name="campaign_clicast.test_cover_probe_points.suite_remove_id" skipped="0" tests="9" time="10.711">
		<testcase name="preconditions" time="4.811000"/>
		<testcase name="test_probe_point_missing_id" time="0.241000"/>
		<testcase name="test_probe_point_remove_id" time="2.556000"/>
		<testcase name="test_probe_point_unknown_id" time="0.525000"/>
		<testcase name="postconditions"/>
		<testcase name="test_py_md_compliance" time="0.007000"/>
		<testcase name="test_pep8_compliance" time="2.563000"/>
		<testcase name="test_input_dir_compliance" time="0.005000"/>
		<testcase name="test_suite_inheritance_compliance" time="0.003000"/>
	</testsuite>
</testsuites>
