<?xml version="1.0" ?>
<testsuites disabled="0" errors="0" failures="0" tests="30" time="7.9879999999999995">
	<testsuite disabled="0" errors="0" failures="0" name="campaign_edgfe.test_parse.suite_iar" skipped="0" tests="30" time="7.9879999999999995">
		<testcase name="preconditions"/>
		<testcase name="test_78k0" time="0.517000"/>
		<testcase name="test_arm_data_operator_delete" time="0.053000"/>
		<testcase name="test_arm_packed_ctor" time="0.052000"/>
		<testcase name="test_arm_ro_placement" time="0.051000"/>
		<testcase name="test_arm_version8_intrinsics" time="0.045000"/>
		<testcase name="test_arm_version_7_c" time="0.046000"/>
		<testcase name="test_arm_version_7_cpp" time="0.060000"/>
		<testcase name="test_arm_version_9_atomic" time="0.051000"/>
		<testcase name="test_arm_version_9_c" time="0.139000"/>
		<testcase name="test_arm_version_9_cpp" time="0.865000"/>
		<testcase name="test_atomic" time="0.519000"/>
		<testcase name="test_attribute" time="0.049000"/>
		<testcase name="test_builtin_va_arg" time="0.041000"/>
		<testcase name="test_builtin_va_list" time="0.044000"/>
		<testcase name="test_c11_flag_enables_restrict" time="0.047000"/>
		<testcase name="test_c99_restrict" time="0.097000"/>
		<testcase name="test_msp430_data20" time="0.049000"/>
		<testcase name="test_msp430_root" time="0.056000"/>
		<testcase name="test_r32c" time="0.537000"/>
		<testcase name="test_rl78" time="1.557000"/>
		<testcase name="test_rx" time="0.123000"/>
		<testcase name="test_rx_unsigned_long_size_t" time="0.048000"/>
		<testcase name="test_spec_string" time="0.050000"/>
		<testcase name="test_struct_va_list" time="0.048000"/>
		<testcase name="postconditions"/>
		<testcase name="test_py_md_compliance" time="0.007000"/>
		<testcase name="test_pep8_compliance" time="2.816000"/>
		<testcase name="test_input_dir_compliance" time="0.013000"/>
		<testcase name="test_suite_inheritance_compliance" time="0.008000"/>
	</testsuite>
</testsuites>
