<?xml version="1.0" ?>
<testsuites disabled="0" errors="0" failures="0" tests="9" time="173.418">
	<testsuite disabled="0" errors="0" failures="0" name="campaign_vcastqt.test_options.suite_global_buffer_optimizations_unit" skipped="0" tests="9" time="173.418">
		<testcase name="preconditions" time="11.576000"/>
		<testcase name="test_off" time="46.164000"/>
		<testcase name="test_on" time="43.945000"/>
		<testcase name="test_on_off" time="58.366000"/>
		<testcase name="postconditions" time="5.239000"/>
		<testcase name="test_py_md_compliance" time="0.088000"/>
		<testcase name="test_pep8_compliance" time="7.836000"/>
		<testcase name="test_input_dir_compliance" time="0.109000"/>
		<testcase name="test_suite_inheritance_compliance" time="0.095000"/>
	</testsuite>
</testsuites>
