<?xml version="1.0" ?>
<testsuites disabled="0" errors="0" failures="0" tests="10" time="49.226">
	<testsuite disabled="0" errors="0" failures="0" name="campaign_clicast.test_cover_jit.suite_header_instrumentation_rules" skipped="0" tests="10" time="49.226">
		<testcase name="preconditions" time="3.623000"/>
		<testcase name="test_header_coverage_with_blacklisted_sources" time="9.345000"/>
		<testcase name="test_header_coverage_with_relative_include" time="10.646000"/>
		<testcase name="test_header_coverage_with_unknown_sources" time="9.960000"/>
		<testcase name="test_header_coverage_with_whitelisted_sources" time="9.756000"/>
		<testcase name="postconditions"/>
		<testcase name="test_py_md_compliance" time="0.006000"/>
		<testcase name="test_pep8_compliance" time="5.868000"/>
		<testcase name="test_input_dir_compliance" time="0.009000"/>
		<testcase name="test_suite_inheritance_compliance" time="0.013000"/>
	</testsuite>
</testsuites>
