<?xml version="1.0" ?>
<testsuites disabled="0" errors="0" failures="0" tests="9" time="203.88700000000003">
	<testsuite disabled="0" errors="0" failures="0" name="campaign_vcastqt.test_update_environment_wizard.suite_env_var" skipped="0" tests="9" time="203.88700000000003">
		<testcase name="preconditions" time="4.273000"/>
		<testcase name="test_env_var_rebuild" time="84.046000"/>
		<testcase name="test_missing_sep_in_path" time="58.354000"/>
		<testcase name="test_retain_envvar" time="44.543000"/>
		<testcase name="postconditions" time="5.246000"/>
		<testcase name="test_py_md_compliance" time="0.101000"/>
		<testcase name="test_pep8_compliance" time="7.085000"/>
		<testcase name="test_input_dir_compliance" time="0.117000"/>
		<testcase name="test_suite_inheritance_compliance" time="0.122000"/>
	</testsuite>
</testsuites>
