<?xml version="1.0" ?>
<testsuites disabled="0" errors="0" failures="0" tests="6" time="108.84300000000002">
	<testsuite disabled="0" errors="0" failures="0" name="campaign_vcastqt.test_backwards_compatibility_cover.suite_mcdc_instrument_source" skipped="0" tests="6" time="108.84300000000002">
		<testcase name="preconditions" time="0.001000"/>
		<testcase name="test_2019sp1" time="100.482000"/>
		<testcase name="postconditions" time="0.042000"/>
		<testcase name="test_pep8_compliance" time="8.198000"/>
		<testcase name="test_input_dir_compliance" time="0.057000"/>
		<testcase name="test_suite_inheritance_compliance" time="0.063000"/>
	</testsuite>
</testsuites>
