<?xml version="1.0" ?>
<testsuites disabled="0" errors="0" failures="0" tests="12" time="7.71">
	<testsuite disabled="0" errors="0" failures="0" name="campaign_vctools.test_vcshell.suite_mixedbitness" skipped="0" tests="12" time="7.71">
		<testcase name="preconditions" time="1.248000"/>
		<testcase name="test_32_32_64_bit" time="0.647000"/>
		<testcase name="test_32_64_32_bit" time="0.455000"/>
		<testcase name="test_32_64_64_bit" time="0.428000"/>
		<testcase name="test_64_32_32_bit" time="0.512000"/>
		<testcase name="test_64_32_64_bit" time="0.485000"/>
		<testcase name="test_64_64_32_bit" time="0.422000"/>
		<testcase name="postconditions"/>
		<testcase name="test_py_md_compliance" time="0.019000"/>
		<testcase name="test_pep8_compliance" time="3.481000"/>
		<testcase name="test_input_dir_compliance" time="0.006000"/>
		<testcase name="test_suite_inheritance_compliance" time="0.007000"/>
	</testsuite>
</testsuites>
