<?xml version="1.0" ?>
<testsuites disabled="0" errors="0" failures="0" tests="28" time="62.626999999999995">
	<testsuite disabled="0" errors="0" failures="0" name="campaign_enviroedg.test_build.suite_envirobuild" skipped="0" tests="28" time="62.626999999999995">
		<testcase name="preconditions" time="0.716000"/>
		<testcase name="test_70416_environment_script_in_diagnostic_report" time="2.209000"/>
		<testcase name="test_case_insensitive_sbf_units" time="0.001000"/>
		<testcase name="test_debug" time="11.650000"/>
		<testcase name="test_diagnostic_report_generation" time="2.133000"/>
		<testcase name="test_dont_generate_complexity_data" time="1.935000"/>
		<testcase name="test_env_already_exists" time="3.638000"/>
		<testcase name="test_env_script_missing_key_value" time="0.420000"/>
		<testcase name="test_error_in_b7" time="2.204000"/>
		<testcase name="test_error_in_vcast_stdin_data" time="2.539000"/>
		<testcase name="test_gnu_std_declared_defined_different_scopes" time="3.592000"/>
		<testcase name="test_invalid_env_search_list" time="1.693000"/>
		<testcase name="test_lib_coverage" time="2.334000"/>
		<testcase name="test_missing_env_file" time="0.376000"/>
		<testcase name="test_no_object_file" time="1.793000"/>
		<testcase name="test_source_directory_path_with_spaces" time="2.550000"/>
		<testcase name="test_space_in_path" time="1.889000"/>
		<testcase name="test_successful_build" time="6.475000"/>
		<testcase name="test_syntax_error_in_source_file" time="1.632000"/>
		<testcase name="test_user_globals_parse_error" time="0.957000"/>
		<testcase name="test_vcastdiag_legacy_cfg" time="2.730000"/>
		<testcase name="test_vcastdiag_single_cfg" time="2.409000"/>
		<testcase name="test_verify_build_log" time="3.014000"/>
		<testcase name="postconditions"/>
		<testcase name="test_py_md_compliance" time="0.085000"/>
		<testcase name="test_pep8_compliance" time="3.427000"/>
		<testcase name="test_input_dir_compliance" time="0.111000"/>
		<testcase name="test_suite_inheritance_compliance" time="0.115000"/>
	</testsuite>
</testsuites>
