<?xml version="1.0" ?>
<testsuites disabled="0" errors="0" failures="0" tests="8" time="13.274000000000001">
	<testsuite disabled="0" errors="0" failures="0" name="campaign_clicast.test_cover_options.suite_basis_paths_for_const_branches" skipped="0" tests="8" time="13.274000000000001">
		<testcase name="preconditions" time="3.627000"/>
		<testcase name="test_option_off" time="3.736000"/>
		<testcase name="test_option_on" time="3.721000"/>
		<testcase name="postconditions"/>
		<testcase name="test_py_md_compliance" time="0.004000"/>
		<testcase name="test_pep8_compliance" time="2.176000"/>
		<testcase name="test_input_dir_compliance" time="0.005000"/>
		<testcase name="test_suite_inheritance_compliance" time="0.005000"/>
	</testsuite>
</testsuites>
