<?xml version="1.0" ?>
<testsuites disabled="0" errors="0" failures="0" tests="17" time="119.58000000000001">
	<testsuite disabled="0" errors="0" failures="0" name="campaign_cli_manage.test_apply_instrumentation.suite_apply_component" skipped="0" tests="17" time="119.58000000000001">
		<testcase name="preconditions" time="8.530000"/>
		<testcase name="test_apply_migrated_component" time="16.616000"/>
		<testcase name="test_component_not_found_return_error" time="0.930000"/>
		<testcase name="test_component_unsupported_return_error" time="1.537000"/>
		<testcase name="test_from_always_to_component" time="11.356000"/>
		<testcase name="test_from_component_to_always" time="11.058000"/>
		<testcase name="test_from_component_to_component" time="12.618000"/>
		<testcase name="test_from_component_to_during_build" time="11.180000"/>
		<testcase name="test_from_component_to_never" time="10.255000"/>
		<testcase name="test_from_component_touch_in_place_source" time="9.000000"/>
		<testcase name="test_from_during_build_to_component" time="11.263000"/>
		<testcase name="test_from_never_to_component" time="9.187000"/>
		<testcase name="postconditions"/>
		<testcase name="test_py_md_compliance" time="0.010000"/>
		<testcase name="test_pep8_compliance" time="6.011000"/>
		<testcase name="test_input_dir_compliance" time="0.016000"/>
		<testcase name="test_suite_inheritance_compliance" time="0.013000"/>
	</testsuite>
</testsuites>
