<?xml version="1.0" ?>
<testsuites disabled="0" errors="0" failures="0" tests="9" time="133.23700000000002">
	<testsuite disabled="0" errors="0" failures="0" name="campaign_vcastqt.test_vct_map.suite_generate" skipped="0" tests="9" time="133.23700000000002">
		<testcase name="preconditions" time="7.497000"/>
		<testcase name="test_generate_disabled" time="33.052000"/>
		<testcase name="test_generate_tests" time="40.702000"/>
		<testcase name="test_generate_tests_space_in_vct" time="40.561000"/>
		<testcase name="postconditions" time="5.286000"/>
		<testcase name="test_py_md_compliance" time="0.052000"/>
		<testcase name="test_pep8_compliance" time="6.005000"/>
		<testcase name="test_input_dir_compliance" time="0.043000"/>
		<testcase name="test_suite_inheritance_compliance" time="0.039000"/>
	</testsuite>
</testsuites>
