<?xml version="1.0" ?>
<testsuites disabled="0" errors="0" failures="0" tests="18" time="103.38800000000002">
	<testsuite disabled="0" errors="0" failures="0" name="campaign_analytics.test_configuration.suite_sources" skipped="0" tests="18" time="103.38800000000002">
		<testcase name="preconditions" time="27.559000"/>
		<testcase name="test_older_archive" time="4.376000"/>
		<testcase name="test_other_workspace" time="10.923000"/>
		<testcase name="test_subst_path" time="0.004000"/>
		<testcase name="test_system_tests" time="24.907000"/>
		<testcase name="test_two_vcdb_and_vcm_files" time="4.360000"/>
		<testcase name="test_two_vcdb_files" time="4.373000"/>
		<testcase name="test_two_vcm_files" time="4.352000"/>
		<testcase name="test_vcdb_and_coverdb" time="4.347000"/>
		<testcase name="test_vcdb_and_manage" time="4.263000"/>
		<testcase name="test_vcdb_coverdb_and_manage" time="4.354000"/>
		<testcase name="test_vcdb_exists" time="0.014000"/>
		<testcase name="test_vcdb_only" time="4.260000"/>
		<testcase name="postconditions"/>
		<testcase name="test_py_md_compliance" time="0.007000"/>
		<testcase name="test_pep8_compliance" time="5.265000"/>
		<testcase name="test_input_dir_compliance" time="0.008000"/>
		<testcase name="test_suite_inheritance_compliance" time="0.016000"/>
	</testsuite>
</testsuites>
