<?xml version="1.0" ?>
<testsuites disabled="0" errors="0" failures="0" tests="10" time="97.97200000000001">
	<testsuite disabled="0" errors="0" failures="0" name="campaign_automationcontroller.test_build_db.suite_maxtobuild" skipped="0" tests="10" time="97.97200000000001">
		<testcase name="preconditions" time="0.832000"/>
		<testcase name="test_max_to_build_greater_than_files_in_db" time="34.976000"/>
		<testcase name="test_max_to_build_max" time="32.639000"/>
		<testcase name="test_max_to_build_negative_int" time="7.095000"/>
		<testcase name="test_max_to_build_positive_int" time="20.541000"/>
		<testcase name="postconditions"/>
		<testcase name="test_py_md_compliance" time="0.004000"/>
		<testcase name="test_pep8_compliance" time="1.873000"/>
		<testcase name="test_input_dir_compliance" time="0.009000"/>
		<testcase name="test_suite_inheritance_compliance" time="0.003000"/>
	</testsuite>
</testsuites>
