<?xml version="1.0" ?>
<testsuites disabled="0" errors="0" failures="0" tests="13" time="58.07900000000001">
	<testsuite disabled="0" errors="0" failures="0" name="campaign_clicast.test_cover_options.suite_vcast_header_file_extensions" skipped="0" tests="13" time="58.07900000000001">
		<testcase name="preconditions" time="2.765000"/>
		<testcase name="test_blacklisted_headers_are_not_instrumented" time="7.899000"/>
		<testcase name="test_coupling" time="9.400000"/>
		<testcase name="test_extension_exists_in_other_lists" time="0.887000"/>
		<testcase name="test_option_off" time="6.850000"/>
		<testcase name="test_option_on" time="7.191000"/>
		<testcase name="test_option_on_with_no_extension" time="7.625000"/>
		<testcase name="test_remove_extension_removes_files_on_update" time="10.122000"/>
		<testcase name="postconditions"/>
		<testcase name="test_py_md_compliance" time="0.010000"/>
		<testcase name="test_pep8_compliance" time="5.304000"/>
		<testcase name="test_input_dir_compliance" time="0.012000"/>
		<testcase name="test_suite_inheritance_compliance" time="0.014000"/>
	</testsuite>
</testsuites>
