<?xml version="1.0" ?>
<testsuites disabled="0" errors="0" failures="0" tests="10" time="24.235999999999997">
	<testsuite disabled="0" errors="0" failures="0" name="campaign_enviroedg.test_build.suite_library_stub" skipped="0" tests="10" time="24.235999999999997">
		<testcase name="preconditions" time="0.001000"/>
		<testcase name="test_65154_library_stub_for_variadic_function" time="3.753000"/>
		<testcase name="test_basic" time="7.108000"/>
		<testcase name="test_dependent_name_crash" time="4.801000"/>
		<testcase name="test_many_library_stubs" time="5.665000"/>
		<testcase name="postconditions"/>
		<testcase name="test_py_md_compliance" time="0.005000"/>
		<testcase name="test_pep8_compliance" time="2.888000"/>
		<testcase name="test_input_dir_compliance" time="0.009000"/>
		<testcase name="test_suite_inheritance_compliance" time="0.006000"/>
	</testsuite>
</testsuites>
