<?xml version="1.0" ?>
<testsuites disabled="0" errors="0" failures="0" tests="7" time="8.098">
	<testsuite disabled="0" errors="0" failures="0" name="campaign_enviroedg.test_build.suite_c99" skipped="0" tests="7" time="8.098">
		<testcase name="preconditions" time="2.136000"/>
		<testcase name="test_vla" time="3.724000"/>
		<testcase name="postconditions"/>
		<testcase name="test_py_md_compliance" time="0.002000"/>
		<testcase name="test_pep8_compliance" time="2.230000"/>
		<testcase name="test_input_dir_compliance" time="0.004000"/>
		<testcase name="test_suite_inheritance_compliance" time="0.002000"/>
	</testsuite>
</testsuites>
