<?xml version="1.0" ?>
<testsuites disabled="0" errors="0" failures="0" tests="28" time="19.565">
	<testsuite disabled="0" errors="0" failures="0" name="campaign_vctools.test_vcshell.suite_expand" skipped="0" tests="28" time="19.565">
		<testcase name="preconditions" time="1.222000"/>
		<testcase name="test_atfile_getapps" time="0.512000"/>
		<testcase name="test_atfile_not_present" time="0.408000"/>
		<testcase name="test_atsign_equalto_option" time="0.405000"/>
		<testcase name="test_bld_options_in_atfile" time="0.467000"/>
		<testcase name="test_case_insensitive_option" time="0.767000"/>
		<testcase name="test_default_file_option" time="0.601000"/>
		<testcase name="test_double_atsign_file_option" time="0.438000"/>
		<testcase name="test_double_atsign_with_equalto" time="0.419000"/>
		<testcase name="test_empty_atfile" time="0.480000"/>
		<testcase name="test_hyphen_atsign_option" time="0.537000"/>
		<testcase name="test_hyphen_double_char_nospace" time="0.409000"/>
		<testcase name="test_hyphen_double_char_option" time="0.461000"/>
		<testcase name="test_hyphen_single_char_nospace" time="0.557000"/>
		<testcase name="test_hyphen_single_char_option" time="0.510000"/>
		<testcase name="test_multiple_via_options" time="0.458000"/>
		<testcase name="test_rec_file_option" time="0.467000"/>
		<testcase name="test_recursive_atfile" time="0.508000"/>
		<testcase name="test_script_to_via" time="0.784000"/>
		<testcase name="test_splchars_in_atfile" time="0.515000"/>
		<testcase name="test_via_option" time="0.721000"/>
		<testcase name="test_via_w_empty_file" time="0.399000"/>
		<testcase name="test_w_no_expand" time="0.657000"/>
		<testcase name="postconditions"/>
		<testcase name="test_py_md_compliance" time="0.015000"/>
		<testcase name="test_pep8_compliance" time="6.818000"/>
		<testcase name="test_input_dir_compliance" time="0.014000"/>
		<testcase name="test_suite_inheritance_compliance" time="0.016000"/>
	</testsuite>
</testsuites>
