<?xml version="1.0" ?>
<testsuites disabled="0" errors="0" failures="0" tests="12" time="31.477000000000004">
	<testsuite disabled="0" errors="0" failures="0" name="campaign_clicast.test_instrumentation_use_cases.suite_mcdc_switch" skipped="0" tests="12" time="31.477000000000004">
		<testcase name="preconditions" time="5.363000"/>
		<testcase name="test_basis_path" time="4.411000"/>
		<testcase name="test_branch" time="4.693000"/>
		<testcase name="test_level_a" time="4.549000"/>
		<testcase name="test_level_b" time="4.662000"/>
		<testcase name="test_mcdc" time="4.625000"/>
		<testcase name="test_mcdc_test" time="1.076000"/>
		<testcase name="postconditions"/>
		<testcase name="test_py_md_compliance" time="0.007000"/>
		<testcase name="test_pep8_compliance" time="2.075000"/>
		<testcase name="test_input_dir_compliance" time="0.006000"/>
		<testcase name="test_suite_inheritance_compliance" time="0.010000"/>
	</testsuite>
</testsuites>
