<?xml version="1.0" ?>
<testsuites disabled="0" errors="0" failures="0" tests="13" time="88.13500000000003">
	<testsuite disabled="0" errors="0" failures="0" name="campaign_legacy_manage.test_c.suite_c_16" skipped="0" tests="13" time="88.13500000000003">
		<testcase name="preconditions" time="1.065000"/>
		<testcase name="test_scalar_pointer" time="14.367000"/>
		<testcase name="test_static_blackbox" time="10.669000"/>
		<testcase name="test_static_header" time="9.334000"/>
		<testcase name="test_strange_conditions_c" time="10.086000"/>
		<testcase name="test_strict_import" time="10.239000"/>
		<testcase name="test_string_display_modes_c" time="9.804000"/>
		<testcase name="test_struct_array_ptr_member" time="9.677000"/>
		<testcase name="test_struct_c" time="9.787000"/>
		<testcase name="postconditions" time="0.010000"/>
		<testcase name="test_pep8_compliance" time="3.046000"/>
		<testcase name="test_input_dir_compliance" time="0.022000"/>
		<testcase name="test_suite_inheritance_compliance" time="0.029000"/>
	</testsuite>
</testsuites>
