<?xml version="1.0" ?>
<testsuites disabled="0" errors="0" failures="0" tests="16" time="43.958000000000006">
	<testsuite disabled="0" errors="0" failures="0" name="campaign_licensing.test_clicast.suite_probe_points_cover" skipped="0" tests="16" time="43.958000000000006">
		<testcase name="preconditions" time="4.541000"/>
		<testcase name="test_add_probe_point_headless" time="3.613000"/>
		<testcase name="test_add_probe_point_no_license" time="3.179000"/>
		<testcase name="test_add_probe_point_pp" time="3.225000"/>
		<testcase name="test_add_probe_point_qa_ent" time="3.231000"/>
		<testcase name="test_add_probe_point_qa_pro" time="3.434000"/>
		<testcase name="test_open_env_w_probe_points_headless" time="3.745000"/>
		<testcase name="test_open_env_w_probe_points_no_license" time="3.964000"/>
		<testcase name="test_open_env_w_probe_points_pp" time="3.744000"/>
		<testcase name="test_open_env_w_probe_points_qa_ent" time="3.942000"/>
		<testcase name="test_open_env_w_probe_points_qa_pro" time="4.019000"/>
		<testcase name="postconditions"/>
		<testcase name="test_py_md_compliance" time="0.029000"/>
		<testcase name="test_pep8_compliance" time="3.274000"/>
		<testcase name="test_input_dir_compliance" time="0.010000"/>
		<testcase name="test_suite_inheritance_compliance" time="0.008000"/>
	</testsuite>
</testsuites>
