<?xml version="1.0" ?>
<testsuites disabled="0" errors="0" failures="0" tests="15" time="24.130999999999997">
	<testsuite disabled="0" errors="0" failures="0" name="campaign_vctools.test_legacy.suite_vclua" skipped="0" tests="15" time="24.130999999999997">
		<testcase name="preconditions" time="10.388000"/>
		<testcase name="test_addmetrics" time="5.957000"/>
		<testcase name="test_getappfiles" time="0.304000"/>
		<testcase name="test_getapps" time="0.002000"/>
		<testcase name="test_getcommand" time="0.547000"/>
		<testcase name="test_getfiles" time="0.190000"/>
		<testcase name="test_getincludes_getdefines" time="0.611000"/>
		<testcase name="test_getlinkcmd" time="0.598000"/>
		<testcase name="test_getoption" time="0.644000"/>
		<testcase name="test_getppoptions" time="0.633000"/>
		<testcase name="postconditions"/>
		<testcase name="test_py_md_compliance" time="0.007000"/>
		<testcase name="test_pep8_compliance" time="4.226000"/>
		<testcase name="test_input_dir_compliance" time="0.014000"/>
		<testcase name="test_suite_inheritance_compliance" time="0.010000"/>
	</testsuite>
</testsuites>
