<?xml version="1.0" ?>
<testsuites disabled="0" errors="0" failures="0" tests="10" time="42.237">
	<testsuite disabled="0" errors="0" failures="0" name="campaign_clicast.test_options.suite_max_mcdc_statements_ada" skipped="0" tests="10" time="42.237">
		<testcase name="preconditions" time="0.935000"/>
		<testcase name="test_max_expressions_exceeded_mcdc" time="9.827000"/>
		<testcase name="test_max_expressions_exceeded_statement_mcdc" time="9.416000"/>
		<testcase name="test_max_expressions_not_exceeded_mcdc" time="8.954000"/>
		<testcase name="test_max_expressions_not_exceeded_statement_mcdc" time="9.136000"/>
		<testcase name="postconditions"/>
		<testcase name="test_py_md_compliance" time="0.006000"/>
		<testcase name="test_pep8_compliance" time="3.951000"/>
		<testcase name="test_input_dir_compliance" time="0.007000"/>
		<testcase name="test_suite_inheritance_compliance" time="0.005000"/>
	</testsuite>
</testsuites>
