<?xml version="1.0" ?>
<testsuites disabled="0" errors="0" failures="0" tests="7" time="5.212999999999999">
	<testsuite disabled="0" errors="0" failures="0" name="campaign_clicast.test_cover_options.suite_regression" skipped="0" tests="7" time="5.212999999999999">
		<testcase name="preconditions"/>
		<testcase name="test_option_remains_env_not_found" time="2.373000"/>
		<testcase name="postconditions"/>
		<testcase name="test_py_md_compliance" time="0.002000"/>
		<testcase name="test_pep8_compliance" time="2.831000"/>
		<testcase name="test_input_dir_compliance" time="0.005000"/>
		<testcase name="test_suite_inheritance_compliance" time="0.002000"/>
	</testsuite>
</testsuites>
