<?xml version="1.0" ?>
<testsuites disabled="0" errors="0" failures="0" tests="9" time="6.300000000000001">
	<testsuite disabled="0" errors="0" failures="0" name="campaign_vctools.test_options.suite_getcommand_omit" skipped="0" tests="9" time="6.300000000000001">
		<testcase name="preconditions" time="0.676000"/>
		<testcase name="test_dflag_with_singlespace" time="0.455000"/>
		<testcase name="test_dflag_without_space" time="0.504000"/>
		<testcase name="test_inc_dir_with_singlespace" time="0.481000"/>
		<testcase name="postconditions"/>
		<testcase name="test_py_md_compliance" time="0.003000"/>
		<testcase name="test_pep8_compliance" time="4.174000"/>
		<testcase name="test_input_dir_compliance" time="0.005000"/>
		<testcase name="test_suite_inheritance_compliance" time="0.002000"/>
	</testsuite>
</testsuites>
