<?xml version="1.0" ?>
<testsuites disabled="0" errors="0" failures="0" tests="8" time="189.444">
	<testsuite disabled="0" errors="0" failures="0" name="campaign_vcastqt.test_cba_editor.suite_editor_after_import_unit" skipped="0" tests="8" time="189.444">
		<testcase name="preconditions" time="8.196000"/>
		<testcase name="test_cba_on_duplicate_line" time="87.336000"/>
		<testcase name="test_cba_rebuild_editable" time="80.224000"/>
		<testcase name="postconditions" time="5.202000"/>
		<testcase name="test_py_md_compliance" time="0.047000"/>
		<testcase name="test_pep8_compliance" time="8.328000"/>
		<testcase name="test_input_dir_compliance" time="0.058000"/>
		<testcase name="test_suite_inheritance_compliance" time="0.053000"/>
	</testsuite>
</testsuites>
