<?xml version="1.0" ?>
<testsuites disabled="0" errors="0" failures="0" tests="23" time="603.1210000000001">
	<testsuite disabled="0" errors="0" failures="0" name="campaign_licensing_vcastqt.test_ala_carte.suite_stand_alone_manage" skipped="0" tests="23" time="603.1210000000001">
		<testcase name="preconditions" time="48.020000"/>
		<testcase name="test_stock_check_toolbar" time="15.274000"/>
		<testcase name="test_stock_check_menubar" time="25.290000"/>
		<testcase name="test_stock_check_options" time="48.860000"/>
		<testcase name="test_prod_mode_check_toolbar" time="14.113000"/>
		<testcase name="test_prod_mode_check_menubar" time="26.185000"/>
		<testcase name="test_prod_mode_check_options" time="50.392000"/>
		<testcase name="test_open_env_check_toolbar" time="23.633000"/>
		<testcase name="test_open_env_check_menubar" time="34.838000"/>
		<testcase name="test_open_env_check_options" time="25.954000"/>
		<testcase name="test_closed_env_check_menubar" time="34.216000"/>
		<testcase name="test_closed_env_check_options" time="63.403000"/>
		<testcase name="test_closed_env_check_toolbar" time="21.961000"/>
		<testcase name="test_right_click_compiler" time="31.454000"/>
		<testcase name="test_right_click_env" time="38.386000"/>
		<testcase name="test_right_click_group" time="23.990000"/>
		<testcase name="test_right_click_project" time="24.552000"/>
		<testcase name="test_right_click_suite" time="32.474000"/>
		<testcase name="postconditions" time="6.520000"/>
		<testcase name="test_py_md_compliance" time="0.300000"/>
		<testcase name="test_pep8_compliance" time="12.754000"/>
		<testcase name="test_input_dir_compliance" time="0.294000"/>
		<testcase name="test_suite_inheritance_compliance" time="0.258000"/>
	</testsuite>
</testsuites>
