<?xml version="1.0" ?>
<testsuites disabled="0" errors="0" failures="0" tests="9" time="8.316">
	<testsuite disabled="0" errors="0" failures="0" name="campaign_vctools.test_vcdb.suite_showpathtypes" skipped="0" tests="9" time="8.316">
		<testcase name="preconditions" time="1.348000"/>
		<testcase name="test_error" time="0.237000"/>
		<testcase name="test_pathtypes_set" time="1.538000"/>
		<testcase name="test_recursive_pathtypes" time="0.512000"/>
		<testcase name="postconditions"/>
		<testcase name="test_py_md_compliance" time="0.005000"/>
		<testcase name="test_pep8_compliance" time="4.665000"/>
		<testcase name="test_input_dir_compliance" time="0.005000"/>
		<testcase name="test_suite_inheritance_compliance" time="0.006000"/>
	</testsuite>
</testsuites>
