<?xml version="1.0" ?>
<testsuites disabled="0" errors="0" failures="0" tests="10" time="9.907000000000002">
	<testsuite disabled="0" errors="0" failures="0" name="campaign_clicast.test_execute.suite_startup_compile_error" skipped="0" tests="10" time="9.907000000000002">
		<testcase name="preconditions" time="4.794000"/>
		<testcase name="test_execute_batch" time="0.836000"/>
		<testcase name="test_execute_debug" time="0.723000"/>
		<testcase name="test_execute_incremental" time="0.668000"/>
		<testcase name="test_execute_run" time="0.699000"/>
		<testcase name="postconditions"/>
		<testcase name="test_py_md_compliance" time="0.003000"/>
		<testcase name="test_pep8_compliance" time="2.176000"/>
		<testcase name="test_input_dir_compliance" time="0.005000"/>
		<testcase name="test_suite_inheritance_compliance" time="0.003000"/>
	</testsuite>
</testsuites>
