<?xml version="1.0" ?>
<testsuites disabled="0" errors="0" failures="0" tests="24" time="62.976">
	<testsuite disabled="0" errors="0" failures="0" name="campaign_clicast.test_cover_reports.suite_management_fn_call_option" skipped="0" tests="24" time="62.976">
		<testcase name="preconditions" time="3.157000"/>
		<testcase name="test_full_cba_only_level_a_function_call" time="2.569000"/>
		<testcase name="test_full_cba_only_level_b_function_call" time="2.456000"/>
		<testcase name="test_full_cba_only_statement_function_call" time="2.517000"/>
		<testcase name="test_full_due_to_cba_level_a_function_call" time="2.660000"/>
		<testcase name="test_full_due_to_cba_level_b_function_call" time="3.056000"/>
		<testcase name="test_full_due_to_cba_statement_function_call" time="3.173000"/>
		<testcase name="test_full_imported_level_a_function_call" time="4.174000"/>
		<testcase name="test_full_imported_level_b_function_call" time="3.873000"/>
		<testcase name="test_full_imported_statement_function_call" time="4.160000"/>
		<testcase name="test_full_level_a_function_call" time="2.489000"/>
		<testcase name="test_full_level_b_function_call" time="2.207000"/>
		<testcase name="test_full_statement_function_call" time="2.161000"/>
		<testcase name="test_partial_imported_level_a_function_call" time="3.716000"/>
		<testcase name="test_partial_imported_level_b_function_call" time="4.644000"/>
		<testcase name="test_partial_imported_statement_function_call" time="4.221000"/>
		<testcase name="test_partial_level_a_function_call" time="2.817000"/>
		<testcase name="test_partial_level_b_function_call" time="2.626000"/>
		<testcase name="test_partial_statement_function_call" time="2.579000"/>
		<testcase name="postconditions"/>
		<testcase name="test_py_md_compliance" time="0.016000"/>
		<testcase name="test_pep8_compliance" time="3.663000"/>
		<testcase name="test_input_dir_compliance" time="0.021000"/>
		<testcase name="test_suite_inheritance_compliance" time="0.021000"/>
	</testsuite>
</testsuites>
