<?xml version="1.0" ?>
<testsuites disabled="0" errors="0" failures="0" tests="11" time="15.534000000000002">
	<testsuite disabled="0" errors="0" failures="0" name="campaign_clicast.test_reports.suite_mcdc_equivalence" skipped="0" tests="11" time="15.534000000000002">
		<testcase name="preconditions" time="8.240000"/>
		<testcase name="test_file_no_sfp" time="0.787000"/>
		<testcase name="test_file_sfp" time="0.788000"/>
		<testcase name="test_full_report_sfp" time="1.100000"/>
		<testcase name="test_unit_no_sfp" time="1.007000"/>
		<testcase name="test_unit_sfp" time="1.038000"/>
		<testcase name="postconditions"/>
		<testcase name="test_py_md_compliance" time="0.005000"/>
		<testcase name="test_pep8_compliance" time="2.557000"/>
		<testcase name="test_input_dir_compliance" time="0.007000"/>
		<testcase name="test_suite_inheritance_compliance" time="0.005000"/>
	</testsuite>
</testsuites>
