<?xml version="1.0" ?>
<testsuites disabled="0" errors="0" failures="0" tests="8" time="11.411">
	<testsuite disabled="0" errors="0" failures="0" name="campaign_clicast.test_cover_options.suite_run_script_after_instrumentation_c" skipped="0" tests="8" time="11.411">
		<testcase name="preconditions" time="1.125000"/>
		<testcase name="test_run_command_after_instrumentation_cover" time="3.658000"/>
		<testcase name="test_run_command_after_instrumentation_unit" time="4.725000"/>
		<testcase name="postconditions"/>
		<testcase name="test_py_md_compliance" time="0.003000"/>
		<testcase name="test_pep8_compliance" time="1.890000"/>
		<testcase name="test_input_dir_compliance" time="0.006000"/>
		<testcase name="test_suite_inheritance_compliance" time="0.004000"/>
	</testsuite>
</testsuites>
