<?xml version="1.0" ?>
<testsuites disabled="0" errors="0" failures="0" tests="16" time="41.197">
	<testsuite disabled="0" errors="0" failures="0" name="campaign_licensing.test_action_build_ada_environment.suite_vectorcast_ada" skipped="0" tests="16" time="41.197">
		<testcase name="preconditions" time="0.749000"/>
		<testcase name="test_served_exhausted" time="7.433000"/>
		<testcase name="test_served_future_version" time="2.247000"/>
		<testcase name="test_served_no_timezone_restriction" time="5.876000"/>
		<testcase name="test_served_timezone_servertz" time="6.183000"/>
		<testcase name="test_served_timezone_within_span" time="5.751000"/>
		<testcase name="test_served_unauthotized_timezone" time="2.199000"/>
		<testcase name="test_unserved_expired" time="1.179000"/>
		<testcase name="test_unserved_future_start_date" time="1.361000"/>
		<testcase name="test_unserved_future_version" time="1.177000"/>
		<testcase name="test_unserved_no_timezone_restriction" time="4.765000"/>
		<testcase name="postconditions"/>
		<testcase name="test_py_md_compliance" time="0.011000"/>
		<testcase name="test_pep8_compliance" time="2.244000"/>
		<testcase name="test_input_dir_compliance" time="0.015000"/>
		<testcase name="test_suite_inheritance_compliance" time="0.007000"/>
	</testsuite>
</testsuites>
