<?xml version="1.0" ?>
<testsuites disabled="0" errors="0" failures="0" tests="11" time="566.78">
	<testsuite disabled="0" errors="0" failures="0" name="campaign_licensing_vcastqt.test_squish_legacy.suite_legacy_license_checkout_a" skipped="0" tests="11" time="566.78">
		<testcase name="preconditions" time="72.477000"/>
		<testcase name="test_license_15847_manage_children_no_close" time="54.344000"/>
		<testcase name="test_license_15847_manage_children_with_close" time="45.190000"/>
		<testcase name="test_license_checkout_15847_env_to_env" time="98.834000"/>
		<testcase name="test_license_checkout_15847_mode_to_env" time="183.538000"/>
		<testcase name="test_license_checkout_lm_license_file_notation" time="98.611000"/>
		<testcase name="postconditions"/>
		<testcase name="test_py_md_compliance" time="0.544000"/>
		<testcase name="test_pep8_compliance" time="11.947000"/>
		<testcase name="test_input_dir_compliance" time="0.550000"/>
		<testcase name="test_suite_inheritance_compliance" time="0.745000"/>
	</testsuite>
</testsuites>
