<?xml version="1.0" ?>
<testsuites disabled="0" errors="0" failures="0" tests="14" time="567.875">
	<testsuite disabled="0" errors="0" failures="0" name="campaign_clicast.test_template.suite_template" skipped="0" tests="14" time="567.875">
		<testcase name="preconditions"/>
		<testcase name="test_46927_different_compiler"/>
		<testcase name="test_backend_python_failure" time="0.602000"/>
		<testcase name="test_c_alt_in_c_template" time="1.241000"/>
		<testcase name="test_capital_c_option" time="3.656000"/>
		<testcase name="test_ftrack_macro_expansion" time="2.734000"/>
		<testcase name="test_keil_arm" time="0.962000"/>
		<testcase name="test_vcast_no_stdin" time="553.096000"/>
		<testcase name="test_wind_river" time="1.232000"/>
		<testcase name="postconditions"/>
		<testcase name="test_py_md_compliance" time="0.197000"/>
		<testcase name="test_pep8_compliance" time="3.920000"/>
		<testcase name="test_input_dir_compliance" time="0.135000"/>
		<testcase name="test_suite_inheritance_compliance" time="0.100000"/>
	</testsuite>
</testsuites>
