<?xml version="1.0" ?>
<testsuites disabled="0" errors="0" failures="0" tests="7" time="135.081">
	<testsuite disabled="0" errors="0" failures="0" name="campaign_vcastqt.test_rgw_performance_legacy.suite_bulk_testcase_link" skipped="0" tests="7" time="135.081">
		<testcase name="preconditions" time="6.129000"/>
		<testcase name="test_testcase_import" time="121.941000"/>
		<testcase name="postconditions"/>
		<testcase name="test_py_md_compliance" time="0.073000"/>
		<testcase name="test_pep8_compliance" time="6.704000"/>
		<testcase name="test_input_dir_compliance" time="0.129000"/>
		<testcase name="test_suite_inheritance_compliance" time="0.105000"/>
	</testsuite>
</testsuites>
