============================= test session starts ==============================
platform darwin -- Python 3.12.0, pytest-7.4.4, pluggy-1.4.0
rootdir: /private/var/folders/z0/zvd81kyj08xgnt8c1hbb2f780000gn/T/pytest-of-whenessel/pytest-12/test_pytest_bytes_data_in_assert0
plugins: allure-pytest-2.13.4.dev2+gd759bc5
collected 1 item

test_pytest_bytes_data_in_assert.py F                                    [100%]

=================================== FAILURES ===================================
___________________ test_pytest_bytes_data_in_assert_example ___________________

    def test_pytest_bytes_data_in_assert_example():
        with allure.step("Step"):
>           assert "0\x82" == 1
E           AssertionError: assert '0\x82' == 1

test_pytest_bytes_data_in_assert.py:5: AssertionError
=============================== warnings summary ===============================
../../../../../../../../../Users/whenessel/Development/PycharmProjects/allure-python/.venv/lib/python3.12/site-packages/_pytest/config/__init__.py:735
  /Users/whenessel/Development/PycharmProjects/allure-python/.venv/lib/python3.12/site-packages/_pytest/config/__init__.py:735: PytestAssertRewriteWarning: Module already imported so cannot be rewritten: allure_pytest
    self.import_plugin(arg, consider_entry_points=True)

-- Docs: https://docs.pytest.org/en/stable/how-to/capture-warnings.html
=========================== short test summary info ============================
FAILED test_pytest_bytes_data_in_assert.py::test_pytest_bytes_data_in_assert_example
========================= 1 failed, 1 warning in 0.01s =========================
