============================= test session starts ==============================
platform darwin -- Python 3.12.0, pytest-7.4.4, pluggy-1.4.0
rootdir: /private/var/folders/z0/zvd81kyj08xgnt8c1hbb2f780000gn/T/pytest-of-whenessel/pytest-12/test_pytest_flakes0
plugins: flakes-4.0.5, allure-pytest-2.13.4.dev2+gd759bc5
collected 2 items

test_pytest_flakes.py F.                                                 [100%]

=================================== FAILURES ===================================
________________________________ pyflakes-check ________________________________
/private/var/folders/z0/zvd81kyj08xgnt8c1hbb2f780000gn/T/pytest-of-whenessel/pytest-12/test_pytest_flakes0/test_pytest_flakes.py:1: ImportStarUsed
'from os.path import *' used; unable to detect undefined names
/private/var/folders/z0/zvd81kyj08xgnt8c1hbb2f780000gn/T/pytest-of-whenessel/pytest-12/test_pytest_flakes0/test_pytest_flakes.py:1: UnusedImport
'os.path.*' imported but unused
=============================== warnings summary ===============================
../../../../../../../../../Users/whenessel/Development/PycharmProjects/allure-python/.venv/lib/python3.12/site-packages/_pytest/config/__init__.py:735
  /Users/whenessel/Development/PycharmProjects/allure-python/.venv/lib/python3.12/site-packages/_pytest/config/__init__.py:735: PytestAssertRewriteWarning: Module already imported so cannot be rewritten: allure_pytest
    self.import_plugin(arg, consider_entry_points=True)

-- Docs: https://docs.pytest.org/en/stable/how-to/capture-warnings.html
=========================== short test summary info ============================
FAILED test_pytest_flakes.py::flake-8
==================== 1 failed, 1 passed, 1 warning in 0.01s ====================
