<?xml version="1.0" encoding="UTF-8" standalone="no"?>
<testsuite errors="0" failures="16" name="io.cucumber.core.plugin.JUnitFormatter" skipped="0" tests="163" time="1,571.609">
    <testcase classname="Automatic cancellation of a delinquent account" name="Send correct block codes in end of day account balance file for systematically revoked account" time="107.452">
        <system-out>
            <![CDATA[Given Country calendar is set up for random country on day 2022-01-01 with end of day time at 00:00.passed
And a new AIR_CANADA_PREMIUM credit application is submitted for "Johnny" with end of cycle in 28 days of the country.passed
When the billing period ends................................................passed
Then a total of 1 CAD 599.00 membership fee has been charged................passed
When a payment of CAD 5.00 is made on 2022-02-10............................passed
Then the total account balance is CAD 594.00................................passed
When the billing period ends................................................passed
Then the account age is 30 days.............................................passed
When a payment of CAD 5.00 is made on 2022-03-10............................passed
Then the total account balance is CAD 603.19................................passed
When the billing period ends................................................passed
Then the account age is 60 days.............................................passed
When a payment of CAD 5.00 is made on 2022-04-10............................passed
Then the total account balance is CAD 613.32................................passed
When the billing period ends................................................passed
Then the account age is 90 days.............................................passed
When a payment of CAD 5.00 is made on 2022-05-10............................passed
Then the total account balance is CAD 622.96................................passed
When the billing period ends................................................passed
Then the account age is 120 days............................................passed
When a payment of CAD 5.00 is made on 2022-06-10............................passed
Then the total account balance is CAD 633.09................................passed
When the billing period ends................................................passed
Then the account age is 150 days............................................passed
And the account status should be "COLLECTIONS" with reason "REVOKED"........passed
When roll the account business date of "Johnny" to end of cycle date........passed
And the current business date is 2022-07-02.................................passed
Then Generate "ACCOUNT_BALANCE" End Of Day Files for current country code on date 2022-07-01.passed
And "ACCOUNT_BALANCE" file contains records for "Johnny" with the following records:.passed
]]>
        </system-out>
    </testcase>
    <testcase classname="Country Calendar: Business date roll over" name="Unlock gateway after processing files and rollover the country" time="425.535">
        <failure message="Condition with alias '[2024-06-17T23:17:50.292856] Assert Journal Entry, with type [null] and reason [REGISTERED_CARD_REVERSAL], for Account [cdbfe90f-1c26-4b05-a54a-8aac534dfafc]' didn't complete within 5 minutes because lambda expression in com.aexp.mars.regression.test.assertion.JournalAsserter: expected to find exactly 1 JournalEntry with following properties:&#10; - reason: REGISTERED_CARD_REVERSAL&#10; - billingAmount: 5.0&#10; - status: RECORDED&#10; but Found 0 matching Journal Entries [] &#10;All JournalEntries:&#10;JournalEntry(journalEntryId=6a4f07ab-8a36-48f5-baa5-77017f4348c1, paymentDeviceId=eb687d28-8e2a-4304-b05b-102789c128bf, relationshipId=79378caf-b24c-4d72-811f-a40a4fe86f76, transactionId=d47e7fe4-8014-44d9-a98f-c5d124a1bb87, sourceReferenceId=null, sourceSystem=FINCAP, postingDate=2024-06-17, effectiveDate=2024-06-17, type=CASH, description=Cash Advance ATM, reason=CASH_ADVANCE_ATM, termId=8282223f-47a4-40f6-8ffb-6b5ee44418a8, billingAmount=100.0000000000, billingCurrency=CAD, status=RECORDED, credit=false, rejectionDate=null, rejectionReason=null, purgedDate=null, reversedOn=null, reversedById=null, journalEntryIdToReverse=null, primaryEntryId=null, accountType=null)&#10;&#10;JournalEntry(journalEntryId=86e80d30-fa8f-420b-9343-060610c0e990, paymentDeviceId=eb687d28-8e2a-4304-b05b-102789c128bf, relationshipId=79378caf-b24c-4d72-811f-a40a4fe86f76, transactionId=ae3be249-a68f-4634-b13f-602545df05cf, sourceReferenceId=null, sourceSystem=FINCAP, postingDate=2024-06-17, effectiveDate=2024-06-17, type=CASH, description=Cash Advance ATM, reason=CASH_ADVANCE_ATM, termId=8282223f-47a4-40f6-8ffb-6b5ee44418a8, billingAmount=100.0000000000, billingCurrency=CAD, status=RECORDED, credit=false, rejectionDate=null, rejectionReason=null, purgedDate=null, reversedOn=null, reversedById=null, journalEntryIdToReverse=null, primaryEntryId=null, accountType=null)&#10;&#10;JournalEntry(journalEntryId=1af249c1-fcae-4b60-95d9-b0c912970a1b, paymentDeviceId=eb687d28-8e2a-4304-b05b-102789c128bf, relationshipId=79378caf-b24c-4d72-811f-a40a4fe86f76, transactionId=null, sourceReferenceId=null, sourceSystem=null, postingDate=2024-06-17, effectiveDate=2024-06-17, type=FEE, description=Funds Advance Fee, reason=CASH_ADVANCE_FEE, termId=8282223f-47a4-40f6-8ffb-6b5ee44418a8, billingAmount=2.75, billingCurrency=CAD, status=RECORDED, credit=false, rejectionDate=null, rejectionReason=null, purgedDate=null, reversedOn=null, reversedById=null, journalEntryIdToReverse=null, primaryEntryId=6a4f07ab-8a36-48f5-baa5-77017f4348c1, accountType=null)&#10;&#10;JournalEntry(journalEntryId=271fdaad-00ef-4cc0-aebc-21013ea47e1e, paymentDeviceId=eb687d28-8e2a-4304-b05b-102789c128bf, relationshipId=79378caf-b24c-4d72-811f-a40a4fe86f76, transactionId=null, sourceReferenceId=null, sourceSystem=null, postingDate=2024-06-17, effectiveDate=2024-06-17, type=FEE, description=Funds Advance Fee, reason=CASH_ADVANCE_FEE, termId=8282223f-47a4-40f6-8ffb-6b5ee44418a8, billingAmount=2.75, billingCurrency=CAD, status=RECORDED, credit=false, rejectionDate=null, rejectionReason=null, purgedDate=null, reversedOn=null, reversedById=null, journalEntryIdToReverse=null, primaryEntryId=86e80d30-fa8f-420b-9343-060610c0e990, accountType=null)&#10;&#10;JournalEntry(journalEntryId=3c38d0eb-762c-4378-9fce-2c092dcdaaba, paymentDeviceId=eb687d28-8e2a-4304-b05b-102789c128bf, relationshipId=79378caf-b24c-4d72-811f-a40a4fe86f76, transactionId=807ded7b-5f37-405c-a628-6c147c63ec65, sourceReferenceId=null, sourceSystem=NEMO, postingDate=2024-06-17, effectiveDate=2024-06-17, type=PURCHASE, description=COMPASS AUTOLOAD BURNABY, reason=MERCHANT_CHARGE, termId=64314915-8e8b-46e5-bae4-61f079775055, billingAmount=10.0000000000, billingCurrency=CAD, status=RECORDED, credit=false, rejectionDate=null, rejectionReason=null, purgedDate=null, reversedOn=null, reversedById=null, journalEntryIdToReverse=null, primaryEntryId=null, accountType=null)&#10;&#10;JournalEntry(journalEntryId=705f3471-c8bb-4b25-a024-cc62ae2ff046, paymentDeviceId=eb687d28-8e2a-4304-b05b-102789c128bf, relationshipId=79378caf-b24c-4d72-811f-a40a4fe86f76, transactionId=5c3c8a7f-f8ab-46cc-9688-18680235bec4, sourceReferenceId=null, sourceSystem=FINCAP, postingDate=2024-06-17, effectiveDate=2024-06-17, type=CASH, description=Cash Advance ATM, reason=CASH_ADVANCE_ATM, termId=8282223f-47a4-40f6-8ffb-6b5ee44418a8, billingAmount=100.0000000000, billingCurrency=CAD, status=RECORDED, credit=false, rejectionDate=null, rejectionReason=null, purgedDate=null, reversedOn=null, reversedById=null, journalEntryIdToReverse=null, primaryEntryId=null, accountType=null)&#10;&#10;JournalEntry(journalEntryId=75f867d5-db81-480d-a016-08a716cdf8f9, paymentDeviceId=eb687d28-8e2a-4304-b05b-102789c128bf, relationshipId=79378caf-b24c-4d72-811f-a40a4fe86f76, transactionId=278bbfdc-dcae-44ea-b385-8e84fb605f2f, sourceReferenceId=null, sourceSystem=NEMO, postingDate=2024-06-17, effectiveDate=2024-06-17, type=PURCHASE, description=COMPASS AUTOLOAD BURNABY, reason=MERCHANT_CHARGE, termId=64314915-8e8b-46e5-bae4-61f079775055, billingAmount=10.0000000000, billingCurrency=CAD, status=RECORDED, credit=false, rejectionDate=null, rejectionReason=null, purgedDate=null, reversedOn=null, reversedById=null, journalEntryIdToReverse=null, primaryEntryId=null, accountType=null)&#10;&#10;JournalEntry(journalEntryId=dbb0c2e9-44b6-4296-83b0-76c85caa5252, paymentDeviceId=eb687d28-8e2a-4304-b05b-102789c128bf, relationshipId=79378caf-b24c-4d72-811f-a40a4fe86f76, transactionId=null, sourceReferenceId=null, sourceSystem=null, postingDate=2024-06-17, effectiveDate=2024-06-17, type=FEE, description=Funds Advance Fee, reason=CASH_ADVANCE_FEE, termId=8282223f-47a4-40f6-8ffb-6b5ee44418a8, billingAmount=2.75, billingCurrency=CAD, status=RECORDED, credit=false, rejectionDate=null, rejectionReason=null, purgedDate=null, reversedOn=null, reversedById=null, journalEntryIdToReverse=null, primaryEntryId=705f3471-c8bb-4b25-a024-cc62ae2ff046, accountType=null)&#10;&#10;JournalEntry(journalEntryId=bffcb2c0-a27b-4eb8-91e5-a2726407e3fc, paymentDeviceId=eb687d28-8e2a-4304-b05b-102789c128bf, relationshipId=79378caf-b24c-4d72-811f-a40a4fe86f76, transactionId=ea2cf94c-8f37-4b02-b041-73598238a1a3, sourceReferenceId=null, sourceSystem=GNA, postingDate=2024-06-17, effectiveDate=2024-06-17, type=BALANCE_TRANSFER, description=Balance Transfer, reason=BALANCE_TRANSFER, termId=bcc7cfe7-242b-46db-9616-5b0d3d4d3513, billingAmount=5000.8800000000, billingCurrency=CAD, status=RECORDED, credit=false, rejectionDate=null, rejectionReason=null, purgedDate=null, reversedOn=null, reversedById=null, journalEntryIdToReverse=null, primaryEntryId=null, accountType=null)&#10;&#10;JournalEntry(journalEntryId=6410ce55-9a3b-4b92-b99c-d499ffa5881d, paymentDeviceId=eb687d28-8e2a-4304-b05b-102789c128bf, relationshipId=79378caf-b24c-4d72-811f-a40a4fe86f76, transactionId=null, sourceReferenceId=null, sourceSystem=null, postingDate=2024-06-17, effectiveDate=2024-06-17, type=FEE, description=Balance transfer for cheques, reason=BALANCE_TRANSFER_FEE, termId=64314915-8e8b-46e5-bae4-61f079775055, billingAmount=150.03, billingCurrency=CAD, status=RECORDED, credit=false, rejectionDate=null, rejectionReason=null, purgedDate=null, reversedOn=null, reversedById=null, journalEntryIdToReverse=null, primaryEntryId=bffcb2c0-a27b-4eb8-91e5-a2726407e3fc, accountType=null)&#10;&#10;JournalEntry(journalEntryId=ae010812-d67e-4548-8744-a88e8eea8b2f, paymentDeviceId=eb687d28-8e2a-4304-b05b-102789c128bf, relationshipId=79378caf-b24c-4d72-811f-a40a4fe86f76, transactionId=3f5ffd68-845e-43ed-acdc-bb3cfba62fdb, sourceReferenceId=null, sourceSystem=STAR, postingDate=2024-05-27, effectiveDate=2024-05-27, type=ADJUSTMENT, description=Cash Back Credit Issued, reason=CASHBACK_STATEMENT_CREDIT, termId=64314915-8e8b-46e5-bae4-61f079775055, billingAmount=12.4900000000, billingCurrency=CAD, status=RECORDED, credit=true, rejectionDate=null, rejectionReason=null, purgedDate=null, reversedOn=null, reversedById=null, journalEntryIdToReverse=null, primaryEntryId=null, accountType=null)." type="org.awaitility.core.ConditionTimeoutException">
            <![CDATA[Given Country calendar for GRL is set up on a day that hasn't yet received any transaction files.passed
And the country calendar is registered with the following gateways..........passed
And a new SIMPLY_CASH credit application is submitted for "Alice" with end of cycle in 10 days of the country.passed
When 1 GNA file pair, 1 GCNS file pair, 1 STAR file pair, 3 FINCAP file pair and 2 CARS file pair are received for the current business date.passed
And a BALANCE_TRANSFER of 5000.88 is recorded...............................passed
And a BALANCE_TRANSFER_FEE of 150.03 is recorded............................passed
And a REGISTERED_CARD_REVERSAL of 5.00 is recorded..........................failed
And a CASHBACK_STATEMENT_CREDIT of 12.49 is recorded........................skipped
And 3 of CASH_ADVANCE_ATM of 100.00 is recorded for "Alice".................skipped
And 3 of CASH_ADVANCE_FEE of 2.75 is recorded for "Alice"...................skipped
And 2 of MERCHANT_CHARGE of 10.00 is recorded for "Alice"...................skipped
And roll the account business date of "Alice" to current country business date.skipped
Then business date for the country is eventually successfully rolled over...skipped

StackTrace:
org.awaitility.core.ConditionTimeoutException: Condition with alias '[2024-06-17T23:17:50.292856] Assert Journal Entry, with type [null] and reason [REGISTERED_CARD_REVERSAL], for Account [cdbfe90f-1c26-4b05-a54a-8aac534dfafc]' didn't complete within 5 minutes because lambda expression in com.aexp.mars.regression.test.assertion.JournalAsserter: expected to find exactly 1 JournalEntry with following properties:
 - reason: REGISTERED_CARD_REVERSAL
 - billingAmount: 5.0
 - status: RECORDED
 but Found 0 matching Journal Entries [] 
All JournalEntries:
JournalEntry(journalEntryId=6a4f07ab-8a36-48f5-baa5-77017f4348c1, paymentDeviceId=eb687d28-8e2a-4304-b05b-102789c128bf, relationshipId=79378caf-b24c-4d72-811f-a40a4fe86f76, transactionId=d47e7fe4-8014-44d9-a98f-c5d124a1bb87, sourceReferenceId=null, sourceSystem=FINCAP, postingDate=2024-06-17, effectiveDate=2024-06-17, type=CASH, description=Cash Advance ATM, reason=CASH_ADVANCE_ATM, termId=8282223f-47a4-40f6-8ffb-6b5ee44418a8, billingAmount=100.0000000000, billingCurrency=CAD, status=RECORDED, credit=false, rejectionDate=null, rejectionReason=null, purgedDate=null, reversedOn=null, reversedById=null, journalEntryIdToReverse=null, primaryEntryId=null, accountType=null)

JournalEntry(journalEntryId=86e80d30-fa8f-420b-9343-060610c0e990, paymentDeviceId=eb687d28-8e2a-4304-b05b-102789c128bf, relationshipId=79378caf-b24c-4d72-811f-a40a4fe86f76, transactionId=ae3be249-a68f-4634-b13f-602545df05cf, sourceReferenceId=null, sourceSystem=FINCAP, postingDate=2024-06-17, effectiveDate=2024-06-17, type=CASH, description=Cash Advance ATM, reason=CASH_ADVANCE_ATM, termId=8282223f-47a4-40f6-8ffb-6b5ee44418a8, billingAmount=100.0000000000, billingCurrency=CAD, status=RECORDED, credit=false, rejectionDate=null, rejectionReason=null, purgedDate=null, reversedOn=null, reversedById=null, journalEntryIdToReverse=null, primaryEntryId=null, accountType=null)

JournalEntry(journalEntryId=1af249c1-fcae-4b60-95d9-b0c912970a1b, paymentDeviceId=eb687d28-8e2a-4304-b05b-102789c128bf, relationshipId=79378caf-b24c-4d72-811f-a40a4fe86f76, transactionId=null, sourceReferenceId=null, sourceSystem=null, postingDate=2024-06-17, effectiveDate=2024-06-17, type=FEE, description=Funds Advance Fee, reason=CASH_ADVANCE_FEE, termId=8282223f-47a4-40f6-8ffb-6b5ee44418a8, billingAmount=2.75, billingCurrency=CAD, status=RECORDED, credit=false, rejectionDate=null, rejectionReason=null, purgedDate=null, reversedOn=null, reversedById=null, journalEntryIdToReverse=null, primaryEntryId=6a4f07ab-8a36-48f5-baa5-77017f4348c1, accountType=null)

JournalEntry(journalEntryId=271fdaad-00ef-4cc0-aebc-21013ea47e1e, paymentDeviceId=eb687d28-8e2a-4304-b05b-102789c128bf, relationshipId=79378caf-b24c-4d72-811f-a40a4fe86f76, transactionId=null, sourceReferenceId=null, sourceSystem=null, postingDate=2024-06-17, effectiveDate=2024-06-17, type=FEE, description=Funds Advance Fee, reason=CASH_ADVANCE_FEE, termId=8282223f-47a4-40f6-8ffb-6b5ee44418a8, billingAmount=2.75, billingCurrency=CAD, status=RECORDED, credit=false, rejectionDate=null, rejectionReason=null, purgedDate=null, reversedOn=null, reversedById=null, journalEntryIdToReverse=null, primaryEntryId=86e80d30-fa8f-420b-9343-060610c0e990, accountType=null)

JournalEntry(journalEntryId=3c38d0eb-762c-4378-9fce-2c092dcdaaba, paymentDeviceId=eb687d28-8e2a-4304-b05b-102789c128bf, relationshipId=79378caf-b24c-4d72-811f-a40a4fe86f76, transactionId=807ded7b-5f37-405c-a628-6c147c63ec65, sourceReferenceId=null, sourceSystem=NEMO, postingDate=2024-06-17, effectiveDate=2024-06-17, type=PURCHASE, description=COMPASS AUTOLOAD BURNABY, reason=MERCHANT_CHARGE, termId=64314915-8e8b-46e5-bae4-61f079775055, billingAmount=10.0000000000, billingCurrency=CAD, status=RECORDED, credit=false, rejectionDate=null, rejectionReason=null, purgedDate=null, reversedOn=null, reversedById=null, journalEntryIdToReverse=null, primaryEntryId=null, accountType=null)

JournalEntry(journalEntryId=705f3471-c8bb-4b25-a024-cc62ae2ff046, paymentDeviceId=eb687d28-8e2a-4304-b05b-102789c128bf, relationshipId=79378caf-b24c-4d72-811f-a40a4fe86f76, transactionId=5c3c8a7f-f8ab-46cc-9688-18680235bec4, sourceReferenceId=null, sourceSystem=FINCAP, postingDate=2024-06-17, effectiveDate=2024-06-17, type=CASH, description=Cash Advance ATM, reason=CASH_ADVANCE_ATM, termId=8282223f-47a4-40f6-8ffb-6b5ee44418a8, billingAmount=100.0000000000, billingCurrency=CAD, status=RECORDED, credit=false, rejectionDate=null, rejectionReason=null, purgedDate=null, reversedOn=null, reversedById=null, journalEntryIdToReverse=null, primaryEntryId=null, accountType=null)

JournalEntry(journalEntryId=75f867d5-db81-480d-a016-08a716cdf8f9, paymentDeviceId=eb687d28-8e2a-4304-b05b-102789c128bf, relationshipId=79378caf-b24c-4d72-811f-a40a4fe86f76, transactionId=278bbfdc-dcae-44ea-b385-8e84fb605f2f, sourceReferenceId=null, sourceSystem=NEMO, postingDate=2024-06-17, effectiveDate=2024-06-17, type=PURCHASE, description=COMPASS AUTOLOAD BURNABY, reason=MERCHANT_CHARGE, termId=64314915-8e8b-46e5-bae4-61f079775055, billingAmount=10.0000000000, billingCurrency=CAD, status=RECORDED, credit=false, rejectionDate=null, rejectionReason=null, purgedDate=null, reversedOn=null, reversedById=null, journalEntryIdToReverse=null, primaryEntryId=null, accountType=null)

JournalEntry(journalEntryId=dbb0c2e9-44b6-4296-83b0-76c85caa5252, paymentDeviceId=eb687d28-8e2a-4304-b05b-102789c128bf, relationshipId=79378caf-b24c-4d72-811f-a40a4fe86f76, transactionId=null, sourceReferenceId=null, sourceSystem=null, postingDate=2024-06-17, effectiveDate=2024-06-17, type=FEE, description=Funds Advance Fee, reason=CASH_ADVANCE_FEE, termId=8282223f-47a4-40f6-8ffb-6b5ee44418a8, billingAmount=2.75, billingCurrency=CAD, status=RECORDED, credit=false, rejectionDate=null, rejectionReason=null, purgedDate=null, reversedOn=null, reversedById=null, journalEntryIdToReverse=null, primaryEntryId=705f3471-c8bb-4b25-a024-cc62ae2ff046, accountType=null)

JournalEntry(journalEntryId=bffcb2c0-a27b-4eb8-91e5-a2726407e3fc, paymentDeviceId=eb687d28-8e2a-4304-b05b-102789c128bf, relationshipId=79378caf-b24c-4d72-811f-a40a4fe86f76, transactionId=ea2cf94c-8f37-4b02-b041-73598238a1a3, sourceReferenceId=null, sourceSystem=GNA, postingDate=2024-06-17, effectiveDate=2024-06-17, type=BALANCE_TRANSFER, description=Balance Transfer, reason=BALANCE_TRANSFER, termId=bcc7cfe7-242b-46db-9616-5b0d3d4d3513, billingAmount=5000.8800000000, billingCurrency=CAD, status=RECORDED, credit=false, rejectionDate=null, rejectionReason=null, purgedDate=null, reversedOn=null, reversedById=null, journalEntryIdToReverse=null, primaryEntryId=null, accountType=null)

JournalEntry(journalEntryId=6410ce55-9a3b-4b92-b99c-d499ffa5881d, paymentDeviceId=eb687d28-8e2a-4304-b05b-102789c128bf, relationshipId=79378caf-b24c-4d72-811f-a40a4fe86f76, transactionId=null, sourceReferenceId=null, sourceSystem=null, postingDate=2024-06-17, effectiveDate=2024-06-17, type=FEE, description=Balance transfer for cheques, reason=BALANCE_TRANSFER_FEE, termId=64314915-8e8b-46e5-bae4-61f079775055, billingAmount=150.03, billingCurrency=CAD, status=RECORDED, credit=false, rejectionDate=null, rejectionReason=null, purgedDate=null, reversedOn=null, reversedById=null, journalEntryIdToReverse=null, primaryEntryId=bffcb2c0-a27b-4eb8-91e5-a2726407e3fc, accountType=null)

JournalEntry(journalEntryId=ae010812-d67e-4548-8744-a88e8eea8b2f, paymentDeviceId=eb687d28-8e2a-4304-b05b-102789c128bf, relationshipId=79378caf-b24c-4d72-811f-a40a4fe86f76, transactionId=3f5ffd68-845e-43ed-acdc-bb3cfba62fdb, sourceReferenceId=null, sourceSystem=STAR, postingDate=2024-05-27, effectiveDate=2024-05-27, type=ADJUSTMENT, description=Cash Back Credit Issued, reason=CASHBACK_STATEMENT_CREDIT, termId=64314915-8e8b-46e5-bae4-61f079775055, billingAmount=12.4900000000, billingCurrency=CAD, status=RECORDED, credit=true, rejectionDate=null, rejectionReason=null, purgedDate=null, reversedOn=null, reversedById=null, journalEntryIdToReverse=null, primaryEntryId=null, accountType=null).
	at org.awaitility.core.ConditionAwaiter.await(ConditionAwaiter.java:165)
	at org.awaitility.core.AbstractHamcrestCondition.await(AbstractHamcrestCondition.java:86)
	at org.awaitility.core.ConditionFactory.until(ConditionFactory.java:895)
	at org.awaitility.core.ConditionFactory.until(ConditionFactory.java:601)
	at com.aexp.mars.regression.helper.PollingHelper.waitFor(PollingHelper.java:90)
	at com.aexp.mars.regression.test.assertion.JournalAsserter.assertJournalEntriesExist(JournalAsserter.java:59)
	at com.aexp.mars.bdd.steps.JournalSteps.verifyJournalEntryOnReason(JournalSteps.java:767)
	at com.aexp.mars.bdd.steps.JournalSteps.verifyDebit(JournalSteps.java:94)
	at ✽.a REGISTERED_CARD_REVERSAL of 5.00 is recorded(classpath:features/CountryCalendar.feature:65)
]]>
        </failure>
    </testcase>
    <testcase classname="Country Calendar: Business date roll over" name="Manually rollover country business day when gateway lock is present" time="33.333">
        <system-out>
            <![CDATA[Given a random country calendar is set up with end of day time at 00:00.....passed
And the country calendar is registered with the following gateways..........passed
And a new SIMPLY_CASH credit application is submitted for "Alice" with end of cycle in 10 days of the country.passed
And 1 GNA file pair, 1 GCNS file pair, 1 STAR file pair, 0 FINCAP file pair and 0 CARS file pair are received for the current business date.passed
When manually rollover country to next business day.........................passed
Then country should be rolled over to next business day.....................passed
]]>
        </system-out>
    </testcase>
    <testcase classname="Principal credit adjustments" name="Cash principal credit adjustment with plan type C and credit plan number 10001" time="40.657">
        <system-out>
            <![CDATA[Given today is 2019-03-10...................................................passed
Given a new AIR_CANADA_CORE credit application is submitted with cycle day 1.passed
When a principal credit adjustment transaction is received for CAD 3.00 with plan type C.passed
Then a journal entry of CAD 3.00 with type ADJUSTMENT, reason PRINCIPAL_CREDIT_ADJUSTMENT and CASH term type is RECORDED.passed
When a principal credit adjustment transaction is received for CAD 5.00 with credit plan number 10001.passed
Then a journal entry of CAD 5.00 with type ADJUSTMENT, reason PRINCIPAL_CREDIT_ADJUSTMENT and CASH term type is RECORDED.passed
]]>
        </system-out>
    </testcase>
    <testcase classname="Principal credit adjustments" name="Purchase principal credit adjustment with plan type R" time="37.655">
        <system-out>
            <![CDATA[Given today is 2019-03-10...................................................passed
Given a new AIR_CANADA_CORE credit application is submitted with cycle day 1.passed
When a principal credit adjustment transaction is received for CAD 3.00 with plan type R.passed
Then a journal entry of CAD 3.00 with type ADJUSTMENT, reason PRINCIPAL_CREDIT_ADJUSTMENT and PURCHASE term type is RECORDED.passed
]]>
        </system-out>
    </testcase>
    <testcase classname="Allocation strategies used to allocate payments are visible in the balance breakdown" name="Validating FAH and SBAL Credit Redistribution Merchant return" time="126.272">
        <system-out>
            <![CDATA[Given Country calendar is set up for random country on day 2021-06-02 with end of day time at 00:00.passed
And a new AIR_CANADA_CORE credit application is submitted for "Sam" with end of cycle in 28 days of the country.passed
And a "PURCHASE" transaction is received from globestar for CAD 1200.00 with current business date in 0 days.passed
And a transaction with code "0007" and Plan Type "C" is received from Globestar for CAD 500.00 with the current business in 4 days.passed
And a CASH_ADVANCE_FEE of CAD 15.00 is charged..............................passed
And the billing period ends.................................................passed
And roll the account business date of "Sam" to end of cycle date............passed
And a MEMBERSHIP_FEE of CAD 120.00 is charged...............................passed
And the total account balance is CAD 1835...................................passed
And the billing period ends.................................................passed
And roll the account business date of "Sam" to end of cycle date............passed
And the total interest charged for the billing period will be CAD 87.43 on 2021-08-01.passed
And a transaction with code "0006" and Plan Type "R" is received from Globestar for CAD 1600.00 with the current business date.passed
And a MERCHANT_RETURN of 1600 is recorded...................................passed
And the billing period ends.................................................passed
When the current business date is 2021-09-02................................passed
And Generate "FAH" End Of Day Files for current country code on date 2021-09-01.passed
And "FAH" file contains records for "Sam" with the following records:.......passed
And Generate "SUB_BALANCE" End Of Day Files for current country code on date 2021-09-01.passed
And "SUB_BALANCE" file contains records for "Sam" with the following records:.passed
]]>
        </system-out>
    </testcase>
    <testcase classname="Allocation strategies used to allocate payments are visible in the balance breakdown" name="AC1 Single Purchase non-payment credit transaction generating Permanent Credit Redistribution at BP assessment" time="119.676">
        <system-out>
            <![CDATA[Given Country calendar is set up for random country on day 2023-01-06 with end of day time at 00:00.passed
And a new AIR_CANADA_CORE credit application is submitted for "Sam" with end of cycle in 30 days of the country.passed
When the current business date for given country is 2023-01-07..............passed
And a "PURCHASE" transaction is received from globestar for CAD 200.00 with current business date in 0 days.passed
When the current business date for given country is 2023-01-08..............passed
And a transaction with code "0007" and Plan Type "C" is received from Globestar for CAD 100.00 with the current business in 0 days.passed
And a CASH_ADVANCE_FEE of CAD 3.00 is charged...............................passed
And the billing period ends.................................................passed
And a MEMBERSHIP_FEE of CAD 120.00 is charged...............................passed
And the total account balance is CAD 423....................................passed
And the billing period ends.................................................passed
And the total interest charged for the billing period will be CAD 17.21 on 2023-03-05.passed
When the current business date for given country is 2023-03-08..............passed
And a transaction with code "0006" and Plan Type "R" is received from Globestar for CAD 300.00 with the current business date.passed
And a MERCHANT_RETURN of 300 is recorded....................................passed
When the current business date for given country is 2023-03-09..............passed
And Generate "FAH" End Of Day Files for current country code on date 2023-03-08.passed
And "FAH" file contains records for "Sam" with the following records:.......passed
And the billing period ends.................................................passed
And the current business date for given country is 2023-04-06...............passed
And Generate "FAH" End Of Day Files for current country code on date 2023-04-05.passed
And "FAH" file contains records for "Sam" with the following records:.......passed
]]>
        </system-out>
    </testcase>
    <testcase classname="Allocation strategies used to allocate payments are visible in the balance breakdown" name="AC3 Cash credit adjustment transaction generating Permanent Credit Redistribution to Principal balances at BP assessment" time="114.254">
        <system-out>
            <![CDATA[Given Country calendar is set up for random country on day 2023-01-06 with end of day time at 00:00.passed
And a new AIR_CANADA_PREMIUM credit application is submitted for "Sam" with end of cycle in 30 days of the country.passed
When the current business date for given country is 2023-01-08..............passed
And a transaction with code "0007" and Plan Type "C" is received from Globestar for CAD 100.00 with the current business in 0 days.passed
And a CASH_ADVANCE_FEE of CAD 3.00 is charged...............................passed
And the billing period ends.................................................passed
And a MEMBERSHIP_FEE of CAD 599.00 is charged...............................passed
And the total account balance is CAD 702....................................passed
And the billing period ends.................................................passed
And the total interest charged for the billing period will be CAD 19.09 on 2023-03-05.passed
When the current business date for given country is 2023-03-08..............passed
And a transaction with code "0131" and Plan Type "R" is received from Globestar for CAD 579.00 with the current business date.passed
And a FRAUDULENT_CHARGE_CREDIT of 579 is recorded...........................passed
When the current business date for given country is 2023-03-09..............passed
And Generate "FAH" End Of Day Files for current country code on date 2023-03-08.passed
And "FAH" file contains records for "Sam" with the following records:.......passed
And the billing period ends.................................................passed
When the current business date for given country is 2023-04-06..............passed
And Generate "FAH" End Of Day Files for current country code on date 2023-04-05.passed
And "FAH" file contains records for "Sam" with the following records:.......passed
]]>
        </system-out>
    </testcase>
    <testcase classname="Allocation strategies used to allocate payments are visible in the balance breakdown" name="AC1 Multiple purchase credit adjustment transaction generating Permanent Credit Redistribution to Principal balance at BP assessment" time="94.555">
        <system-out>
            <![CDATA[Given Country calendar is set up for random country on day 2023-01-06 with end of day time at 00:00.passed
And a new AIR_CANADA_CORE credit application is submitted for "Sam" with end of cycle in 30 days of the country.passed
When the current business date for given country is 2023-01-07..............passed
And a "PURCHASE" transaction is received from globestar for CAD 200.00 with current business date in 0 days.passed
When the current business date for given country is 2023-01-08..............passed
And a transaction with code "0007" and Plan Type "C" is received from Globestar for CAD 100.00 with the current business in 0 days.passed
And a CASH_ADVANCE_FEE of CAD 3.00 is charged...............................passed
And the billing period ends.................................................passed
And a MEMBERSHIP_FEE of CAD 120.00 is charged...............................passed
And the total account balance is CAD 423....................................passed
And the billing period ends.................................................passed
And the total interest charged for the billing period will be CAD 17.21 on 2023-03-05.passed
When the current business date for given country is 2023-03-08..............passed
And a transaction with code "0006" and Plan Type "R" is received from Globestar for CAD 300.00 with the current business date.passed
And a MERCHANT_RETURN of 300 is recorded....................................passed
When the current business date for given country is 2023-03-09..............passed
And Generate "FAH" End Of Day Files for current country code on date 2023-03-08.passed
And "FAH" file contains records for "Sam" with the following records:.......passed
When the current business date for given country is 2023-03-09..............passed
And a transaction with code "0006" and Plan Type "R" is received from Globestar for CAD 100.00 with the current business date.passed
And a MERCHANT_RETURN of 100 is recorded....................................passed
When the current business date for given country is 2023-03-10..............passed
And Generate "FAH" End Of Day Files for current country code on date 2023-03-09.passed
And "FAH" file contains records for "Sam" with the following records:.......passed
And the billing period ends.................................................passed
When the current business date for given country is 2023-04-06..............passed
And Generate "FAH" End Of Day Files for current country code on date 2023-04-05.passed
And "FAH" file contains records for "Sam" with the following records:.......passed
]]>
        </system-out>
    </testcase>
    <testcase classname="Allocation strategies used to allocate payments are visible in the balance breakdown" name="AC2 Cash credit adjustment transaction generating Permanent Credit Redistribution to Principal balances at BP assessment" time="91.475">
        <system-out>
            <![CDATA[Given Country calendar is set up for random country on day 2023-01-06 with end of day time at 00:00.passed
And a new AIR_CANADA_PREMIUM credit application is submitted for "Sam" with end of cycle in 30 days of the country.passed
When the current business date for given country is 2023-01-06..............passed
And a "PURCHASE" transaction is received from globestar for CAD 200.00 with current business date in 0 days.passed
When the current business date for given country is 2023-01-08..............passed
And a transaction with code "0007" and Plan Type "C" is received from Globestar for CAD 100.00 with the current business in 0 days.passed
And a CASH_ADVANCE_FEE of CAD 3.00 is charged...............................passed
And the billing period ends.................................................passed
And a MEMBERSHIP_FEE of CAD 599.00 is charged...............................passed
And the total account balance is CAD 902....................................passed
When the current business date for given country is 2023-02-08..............passed
And a transaction with code "0131" and Plan Type "C" is received from Globestar for CAD 800.00 with the current business date.passed
And a FRAUDULENT_CHARGE_CREDIT of 800 is recorded...........................passed
When the current business date for given country is 2023-02-09..............passed
And Generate "FAH" End Of Day Files for current country code on date 2023-02-08.passed
And "FAH" file contains records for "Sam" with the following records:.......passed
And the billing period ends.................................................passed
When the current business date for given country is 2023-03-06..............passed
And Generate "FAH" End Of Day Files for current country code on date 2023-03-05.passed
And "FAH" file contains records for "Sam" with the following records:.......passed
]]>
        </system-out>
    </testcase>
    <testcase classname="Allocation strategies used to allocate payments are visible in the balance breakdown" name="Report Tax credit redistribution to FAH at BP assessment" time="69.677">
        <system-out>
            <![CDATA[Given Country calendar is set up for random country on day 2023-01-06 with end of day time at 00:00.passed
And a new AIR_CANADA_CORE credit application is submitted for "Sam" with end of cycle in 30 days of the country.passed
And the current business date for given country is 2023-01-07...............passed
And a "PURCHASE" transaction is received from globestar for CAD 400.00 with current business date in 0 days.passed
And the current business date for given country is 2023-01-08...............passed
And a transaction with code "0007" and Plan Type "C" is received from Globestar for CAD 100.00 with the current business in 0 days.passed
And a CASH_ADVANCE_FEE of CAD 3.00 is charged...............................passed
And the current business date for given country is 2023-01-10...............passed
And a transaction with code "0705" and Plan Type "R" is received from Globestar for CAD 25.00 with the current business in 0 days.passed
And CAD 25.00 DEBIT of DISHONOURED_PAYMENT_FEE is posted on 2023-01-10 with an effective date of 2023-01-10.passed
And the billing period ends.................................................passed
And roll the account business date of "Sam" to end of cycle date............passed
And a MEMBERSHIP_FEE of CAD 120.00 is charged...............................passed
When the current business date for given country is 2023-02-09..............passed
And a transaction with code "0310" and Plan Type "R" is received from Globestar for CAD 60.00 with the current business date.passed
And a GST_REVERSED_MANUAL of CAD 60.00 is charged...........................passed
When the current business date for given country is 2023-02-10..............passed
And Generate "FAH" End Of Day Files for current country code on date 2023-02-09.passed
And "FAH" file contains records for "Sam" with the following records:.......passed
And the billing period ends.................................................passed
When the current business date for given country is 2023-03-06..............passed
And Generate "FAH" End Of Day Files for current country code on date 2023-03-05.passed
And "FAH" file contains records for "Sam" with the following records:.......passed
]]>
        </system-out>
    </testcase>
    <testcase classname="Fraudulent Charge Debit" name="Fraud Charge Credit and Fraud Charge Debit are reflected in EOD files" time="312.153">
        <failure message="Condition with alias '[2024-06-17T23:16:34.819727] Assert Journal Entry, with type [null] and reason [MERCHANT_CHARGE], for Account [9e78f677-d377-4d25-8692-6dac044b2145]' didn't complete within 5 minutes because lambda expression in com.aexp.mars.regression.test.assertion.JournalAsserter: expected to find exactly 1 JournalEntry with following properties:&#10; - reason: MERCHANT_CHARGE&#10; - billingAmount: 5.0&#10; - status: RECORDED&#10; but Found 0 matching Journal Entries [] &#10;All JournalEntries:&#10;JournalEntry(journalEntryId=786aaed1-c7bf-4299-91df-51e66b71c7f7, paymentDeviceId=95e697cd-ba51-4a97-835a-bc29bbd86517, relationshipId=4f83717b-9bf9-47d2-89d4-d0915f68a7c0, transactionId=b414d234-f619-4e6c-959a-c87e53788072, sourceReferenceId=null, sourceSystem=FINCAP, postingDate=2021-06-23, effectiveDate=2021-06-23, type=CASH, description=Cash Advance ATM, reason=CASH_ADVANCE_ATM, termId=c86ec10f-fd07-4bd6-92e1-6f776946bcf4, billingAmount=100.0000000000, billingCurrency=CAD, status=RECORDED, credit=false, rejectionDate=null, rejectionReason=null, purgedDate=null, reversedOn=null, reversedById=null, journalEntryIdToReverse=null, primaryEntryId=null, accountType=null)&#10;&#10;JournalEntry(journalEntryId=5ae40a29-4e5a-4cab-a4a0-a93fb361b887, paymentDeviceId=95e697cd-ba51-4a97-835a-bc29bbd86517, relationshipId=4f83717b-9bf9-47d2-89d4-d0915f68a7c0, transactionId=null, sourceReferenceId=null, sourceSystem=null, postingDate=2021-06-23, effectiveDate=2021-06-23, type=FEE, description=Funds Advance Fee, reason=CASH_ADVANCE_FEE, termId=c86ec10f-fd07-4bd6-92e1-6f776946bcf4, billingAmount=3.00, billingCurrency=CAD, status=RECORDED, credit=false, rejectionDate=null, rejectionReason=null, purgedDate=null, reversedOn=null, reversedById=null, journalEntryIdToReverse=null, primaryEntryId=786aaed1-c7bf-4299-91df-51e66b71c7f7, accountType=null)." type="org.awaitility.core.ConditionTimeoutException">
            <![CDATA[Given Country calendar is set up for random country on day 2021-06-23 with end of day time at 00:00.passed
And a new AIR_CANADA_PREMIUM credit application is submitted for "Bob" with end of cycle set to current business day of the country.passed
When a file: Cash that has transactions for "Bob" is submitted from FINCAP on current business date.passed
Then a CASH_ADVANCE_ATM of 100.00 is recorded for "Bob".....................passed
When a file: PurchaseMerchantCharge that has transactions for "Bob" is submitted from GCNS on current business date.passed
Then a MERCHANT_CHARGE of 5.00 is recorded..................................failed
When a FRAUDULENT_CHARGE_CREDIT of CAD 5.00 with plan type R is received....skipped
And a FRAUDULENT_CHARGE_CREDIT of CAD 100.00 with plan type C is received...skipped
And a FRAUD_ADDITIONAL_CREDIT of CAD 3.00 with plan type C is received......skipped
And a FRADULENT_CHARGE_DEBIT of CAD 5.00 with plan type R is received.......skipped
And a FRADULENT_CHARGE_DEBIT of CAD 100.00 with plan type C is received.....skipped
And a FRAUD_ADDITIONAL_DEBIT of CAD 3.00 with plan type C is received.......skipped
Then the total account balance on the current business day is CAD 108.......skipped
When roll the account business date of "Bob" to current country business date.skipped
And the business date rolls over for the country............................skipped
And the country code is registered for EoD file creation for given business date.skipped
And "Bob" account is registered for "EOC" File creation for given business date.skipped
And "ACCOUNT_BALANCE" file contains records for "Bob" with the following records:.skipped
And "SUB_BALANCE" file contains records for "Bob" with the following records:.skipped
And "TRANSACTION" file contains records for "Bob" with the following records:.skipped
And "FAH" file contains records for "Bob" with the following records:.......skipped

StackTrace:
org.awaitility.core.ConditionTimeoutException: Condition with alias '[2024-06-17T23:16:34.819727] Assert Journal Entry, with type [null] and reason [MERCHANT_CHARGE], for Account [9e78f677-d377-4d25-8692-6dac044b2145]' didn't complete within 5 minutes because lambda expression in com.aexp.mars.regression.test.assertion.JournalAsserter: expected to find exactly 1 JournalEntry with following properties:
 - reason: MERCHANT_CHARGE
 - billingAmount: 5.0
 - status: RECORDED
 but Found 0 matching Journal Entries [] 
All JournalEntries:
JournalEntry(journalEntryId=786aaed1-c7bf-4299-91df-51e66b71c7f7, paymentDeviceId=95e697cd-ba51-4a97-835a-bc29bbd86517, relationshipId=4f83717b-9bf9-47d2-89d4-d0915f68a7c0, transactionId=b414d234-f619-4e6c-959a-c87e53788072, sourceReferenceId=null, sourceSystem=FINCAP, postingDate=2021-06-23, effectiveDate=2021-06-23, type=CASH, description=Cash Advance ATM, reason=CASH_ADVANCE_ATM, termId=c86ec10f-fd07-4bd6-92e1-6f776946bcf4, billingAmount=100.0000000000, billingCurrency=CAD, status=RECORDED, credit=false, rejectionDate=null, rejectionReason=null, purgedDate=null, reversedOn=null, reversedById=null, journalEntryIdToReverse=null, primaryEntryId=null, accountType=null)

JournalEntry(journalEntryId=5ae40a29-4e5a-4cab-a4a0-a93fb361b887, paymentDeviceId=95e697cd-ba51-4a97-835a-bc29bbd86517, relationshipId=4f83717b-9bf9-47d2-89d4-d0915f68a7c0, transactionId=null, sourceReferenceId=null, sourceSystem=null, postingDate=2021-06-23, effectiveDate=2021-06-23, type=FEE, description=Funds Advance Fee, reason=CASH_ADVANCE_FEE, termId=c86ec10f-fd07-4bd6-92e1-6f776946bcf4, billingAmount=3.00, billingCurrency=CAD, status=RECORDED, credit=false, rejectionDate=null, rejectionReason=null, purgedDate=null, reversedOn=null, reversedById=null, journalEntryIdToReverse=null, primaryEntryId=786aaed1-c7bf-4299-91df-51e66b71c7f7, accountType=null).
	at org.awaitility.core.ConditionAwaiter.await(ConditionAwaiter.java:165)
	at org.awaitility.core.AbstractHamcrestCondition.await(AbstractHamcrestCondition.java:86)
	at org.awaitility.core.ConditionFactory.until(ConditionFactory.java:895)
	at org.awaitility.core.ConditionFactory.until(ConditionFactory.java:601)
	at com.aexp.mars.regression.helper.PollingHelper.waitFor(PollingHelper.java:90)
	at com.aexp.mars.regression.test.assertion.JournalAsserter.assertJournalEntriesExist(JournalAsserter.java:59)
	at com.aexp.mars.bdd.steps.JournalSteps.verifyJournalEntryOnReason(JournalSteps.java:767)
	at com.aexp.mars.bdd.steps.JournalSteps.verifyDebit(JournalSteps.java:94)
	at ✽.a MERCHANT_CHARGE of 5.00 is recorded(classpath:features/FraudulentChargeDebit.feature:971)
]]>
        </failure>
    </testcase>
    <testcase classname="Future dated transactions" name="Future-dated transaction is included in EOD Transaction file with Posting flag &quot;98&quot;" time="612.973">
        <failure message="Condition with alias '[2024-06-17T23:16:36.680393] Assert Journal Entry, with type [null] and reason [MERCHANT_CHARGE], for Account [769ebe2a-7fe0-4c83-929d-2b2589acb9a4]' didn't complete within 10 minutes because lambda expression in com.aexp.mars.regression.test.assertion.JournalAsserter: expected to find exactly 1 JournalEntry with following properties:&#10; - reason: MERCHANT_CHARGE&#10; - billingAmount: 5.0&#10; - status: RECORDED&#10; but Found 0 matching Journal Entries [] &#10;All JournalEntries:&#10;JournalEntry(journalEntryId=a9415b78-eacc-4f9a-92dd-f1f8a28ef5a6, paymentDeviceId=766d8656-9251-470d-83ca-2bedc03a5b17, relationshipId=a344fafc-744a-4f55-956f-72a915fb0893, transactionId=da856564-5632-4377-8522-35583bfb5e83, sourceReferenceId=null, sourceSystem=FINCAP, postingDate=2021-06-23, effectiveDate=2021-06-23, type=CASH, description=Cash Advance ATM, reason=CASH_ADVANCE_ATM, termId=f0492dd6-a0f0-4762-b055-58e35cdb153d, billingAmount=100.0000000000, billingCurrency=CAD, status=RECORDED, credit=false, rejectionDate=null, rejectionReason=null, purgedDate=null, reversedOn=null, reversedById=null, journalEntryIdToReverse=null, primaryEntryId=null, accountType=null)&#10;&#10;JournalEntry(journalEntryId=fdeba194-d016-4506-80b6-5400fecf83c6, paymentDeviceId=766d8656-9251-470d-83ca-2bedc03a5b17, relationshipId=a344fafc-744a-4f55-956f-72a915fb0893, transactionId=null, sourceReferenceId=null, sourceSystem=null, postingDate=2021-06-23, effectiveDate=2021-06-23, type=FEE, description=Funds Advance Fee, reason=CASH_ADVANCE_FEE, termId=f0492dd6-a0f0-4762-b055-58e35cdb153d, billingAmount=2.75, billingCurrency=CAD, status=RECORDED, credit=false, rejectionDate=null, rejectionReason=null, purgedDate=null, reversedOn=null, reversedById=null, journalEntryIdToReverse=null, primaryEntryId=a9415b78-eacc-4f9a-92dd-f1f8a28ef5a6, accountType=null)." type="org.awaitility.core.ConditionTimeoutException">
            <![CDATA[Given Country calendar is set up for random country on day 2021-06-23 with end of day time at 00:00.passed
And a new SIMPLY_CASH credit application is submitted for "Bob" with end of cycle in 10 days of the country.passed
And a file: Cash that has transactions for "Bob" is submitted from FINCAP on current business date.passed
And a CASH_ADVANCE_ATM of 100.00 is recorded for "Bob"......................passed
And a file: PurchaseMerchantCharge_FutureDate that has transactions for "Bob" is submitted from GCNS with effective date 5 days from current business date.passed
And a MERCHANT_CHARGE of 5.00 is recorded for "Bob".........................failed
And roll the account business date of "Bob" to current country business date.skipped
When the business date rolls over for the country...........................skipped
And the country code is registered for EoD file creation for given business date.skipped
And "Bob" account is registered for "EOD" File creation for given business date.skipped
And "ACCOUNT_BALANCE" file contains record for "Bob" with current balance of CAD 102.75 and total number of records 1.skipped
And "SUB_BALANCE" file contains record for "Bob" with current balance of CAD 102.75 and total number of records 3.skipped
And "FAH" file contains records for "Bob" with total transaction amount of CAD 102.75 and total number of records 2.skipped
And "TRANSACTION" file contains records for "Bob" with the following records:.skipped

StackTrace:
org.awaitility.core.ConditionTimeoutException: Condition with alias '[2024-06-17T23:16:36.680393] Assert Journal Entry, with type [null] and reason [MERCHANT_CHARGE], for Account [769ebe2a-7fe0-4c83-929d-2b2589acb9a4]' didn't complete within 10 minutes because lambda expression in com.aexp.mars.regression.test.assertion.JournalAsserter: expected to find exactly 1 JournalEntry with following properties:
 - reason: MERCHANT_CHARGE
 - billingAmount: 5.0
 - status: RECORDED
 but Found 0 matching Journal Entries [] 
All JournalEntries:
JournalEntry(journalEntryId=a9415b78-eacc-4f9a-92dd-f1f8a28ef5a6, paymentDeviceId=766d8656-9251-470d-83ca-2bedc03a5b17, relationshipId=a344fafc-744a-4f55-956f-72a915fb0893, transactionId=da856564-5632-4377-8522-35583bfb5e83, sourceReferenceId=null, sourceSystem=FINCAP, postingDate=2021-06-23, effectiveDate=2021-06-23, type=CASH, description=Cash Advance ATM, reason=CASH_ADVANCE_ATM, termId=f0492dd6-a0f0-4762-b055-58e35cdb153d, billingAmount=100.0000000000, billingCurrency=CAD, status=RECORDED, credit=false, rejectionDate=null, rejectionReason=null, purgedDate=null, reversedOn=null, reversedById=null, journalEntryIdToReverse=null, primaryEntryId=null, accountType=null)

JournalEntry(journalEntryId=fdeba194-d016-4506-80b6-5400fecf83c6, paymentDeviceId=766d8656-9251-470d-83ca-2bedc03a5b17, relationshipId=a344fafc-744a-4f55-956f-72a915fb0893, transactionId=null, sourceReferenceId=null, sourceSystem=null, postingDate=2021-06-23, effectiveDate=2021-06-23, type=FEE, description=Funds Advance Fee, reason=CASH_ADVANCE_FEE, termId=f0492dd6-a0f0-4762-b055-58e35cdb153d, billingAmount=2.75, billingCurrency=CAD, status=RECORDED, credit=false, rejectionDate=null, rejectionReason=null, purgedDate=null, reversedOn=null, reversedById=null, journalEntryIdToReverse=null, primaryEntryId=a9415b78-eacc-4f9a-92dd-f1f8a28ef5a6, accountType=null).
	at org.awaitility.core.ConditionAwaiter.await(ConditionAwaiter.java:165)
	at org.awaitility.core.AbstractHamcrestCondition.await(AbstractHamcrestCondition.java:86)
	at org.awaitility.core.ConditionFactory.until(ConditionFactory.java:895)
	at org.awaitility.core.ConditionFactory.until(ConditionFactory.java:601)
	at com.aexp.mars.regression.helper.PollingHelper.waitFor(PollingHelper.java:90)
	at com.aexp.mars.regression.test.assertion.JournalAsserter.assertJournalEntriesExist(JournalAsserter.java:59)
	at com.aexp.mars.bdd.steps.JournalSteps.verifyJournalEntryByUser(JournalSteps.java:882)
	at com.aexp.mars.bdd.steps.JournalSteps.verifyDebit(JournalSteps.java:133)
	at ✽.a MERCHANT_CHARGE of 5.00 is recorded for "Bob"(classpath:features/FutureDatedTransactions.feature:121)
]]>
        </failure>
    </testcase>
    <testcase classname="Future dated transactions" name="Account with Future Dated credit transaction should be posted on the day it was received and not on its effective date" time="51.402">
        <system-out>
            <![CDATA[Given today is 2021-04-02...................................................passed
And a random country calendar is set up with end of day time at 00:50.......passed
And a new AIR_CANADA_PREMIUM credit application is submitted for "Bob" with end of cycle in 19 days of the country.passed
And the billing period ends.................................................passed
And the membership fee is CAD 599.00........................................passed
When today is 2021-05-19....................................................passed
And a FINCAP file is received on the current business day containing:.......passed
And 1 of REGULAR_PAYMENT of 599.00 is recorded for "Bob"....................passed
Then the total account balance is CAD 0.00..................................passed
And the current business date for given country is 2021-05-20...............passed
And Generate "TRANSACTION,FAH" End Of Day Files for current country code on date 2021-05-19.passed
And "TRANSACTION" file contains records for "Bob" with the following records:.passed
And "FAH" file contains records for "Bob" with the following records:.......passed
When the billing period ends................................................passed
And today is 2021-05-22.....................................................passed
Then the total account balance is CAD 0.00..................................passed
And the account age is current..............................................passed
]]>
        </system-out>
    </testcase>
    <testcase classname="Paid in full impact on End of Day" name="Paid after suspense" time="59.559">
        <system-out>
            <![CDATA[Given Country calendar is set up for random country on day 2023-08-01 with end of day time at 00:00.passed
And a new AIR_CANADA_CORE credit application is submitted for "Bob" with end of cycle in 1 days of the country.passed
And the billing period ends.................................................passed
And a card purchase of CAD 1000.00 is made on 2023-08-01....................passed
When the current business date for given country is 2023-08-04..............passed
And Generate "ACCOUNT_BALANCE" End Of Day Files for current country code on date 2023-08-03.passed
Then "ACCOUNT_BALANCE" file contains records for "Bob" with the following records:.passed
When a suspense transaction for term PURCHASE of CAD 1000.00 is made on 2023-08-06 with an effective date 2023-08-01.passed
And the current business date for given country is 2023-08-07...............passed
And Generate "ACCOUNT_BALANCE" End Of Day Files for current country code on date 2023-08-06.passed
Then "ACCOUNT_BALANCE" file contains records for "Bob" with the following records:.passed
]]>
        </system-out>
    </testcase>
    <testcase classname="Paid in full impact on End of Day" name="Paid before grace expiry (Payment is within invariance of 9.99)" time="55.03">
        <system-out>
            <![CDATA[Given Country calendar is set up for random country on day 2023-08-01 with end of day time at 00:00.passed
And a new SIMPLY_CASH credit application is submitted for "Bob" with end of cycle in 1 days of the country.passed
And a card purchase of CAD 1000.00 is made on 2023-08-01....................passed
And the billing period ends.................................................passed
When a payment of CAD 1080 is made on 2023-08-02............................passed
When the current business date for given country is 2023-08-04..............passed
And Generate "ACCOUNT_BALANCE" End Of Day Files for current country code on date 2023-08-03.passed
Then "ACCOUNT_BALANCE" file contains records for "Bob" with the following records:.passed
When a payment of CAD 9.01 is made on 2023-08-06............................passed
And the current business date for given country is 2023-08-07...............passed
And Generate "ACCOUNT_BALANCE" End Of Day Files for current country code on date 2023-08-06.passed
Then "ACCOUNT_BALANCE" file contains records for "Bob" with the following records:.passed
]]>
        </system-out>
    </testcase>
    <testcase classname="Paid in full impact on End of Day" name="Suspense after grace expiry" time="60.089">
        <system-out>
            <![CDATA[Given Country calendar is set up for random country on day 2023-08-01 with end of day time at 00:00.passed
And a new SIMPLY_CASH credit application is submitted for "Bob" with end of cycle in 1 days of the country.passed
And a card purchase of CAD 3000.00 is made on 2023-08-01....................passed
And the billing period ends.................................................passed
When the current business date for given country is 2023-08-04..............passed
And Generate "ACCOUNT_BALANCE" End Of Day Files for current country code on date 2023-08-03.passed
Then "ACCOUNT_BALANCE" file contains records for "Bob" with the following records:.passed
When a payment of CAD 150.00 is made on 2023-08-06..........................passed
And a payment of CAD 450.00 is made on 2023-08-07...........................passed
And the current business date for given country is 2023-08-08...............passed
And Generate "ACCOUNT_BALANCE" End Of Day Files for current country code on date 2023-08-07.passed
Then "ACCOUNT_BALANCE" file contains records for "Bob" with the following records:.passed
When a suspense transaction for term PURCHASE of CAD 2000.00 is made on 2023-08-28 with an effective date 2023-08-01.passed
And the current business date for given country is 2023-08-29...............passed
And Generate "ACCOUNT_BALANCE" End Of Day Files for current country code on date 2023-08-28.passed
Then "ACCOUNT_BALANCE" file contains records for "Bob" with the following records:.passed
]]>
        </system-out>
    </testcase>
    <testcase classname="Temporary Credit" name="Temporary credit is reflected in EOD files" time="306.096">
        <failure message="Condition with alias '[2024-06-17T23:17:45.659207] Assert Journal Entry, with type [null] and reason [MERCHANT_CHARGE], for Account [2bc853f1-0020-4fcc-96b3-5ec0c9a55d37]' didn't complete within 5 minutes because lambda expression in com.aexp.mars.regression.test.assertion.JournalAsserter: expected to find exactly 1 JournalEntry with following properties:&#10; - reason: MERCHANT_CHARGE&#10; - billingAmount: 5.0&#10; - status: RECORDED&#10; but Found 0 matching Journal Entries [] &#10;All JournalEntries:&#10;." type="org.awaitility.core.ConditionTimeoutException">
            <![CDATA[Given Country calendar is set up for random country on day 2021-06-23 with end of day time at 00:00.passed
And a new AIR_CANADA_PREMIUM credit application is submitted for "Bob" with end of cycle set to current business day of the country.passed
And a file: PurchaseMerchantCharge that has transactions for "Bob" is submitted from GCNS on current business date.passed
Then a MERCHANT_CHARGE of 5.00 is recorded..................................failed
When a temporary credit transaction is received for CAD 3.00................skipped
Then a journal entry of CAD 3.00 with type PAYMENT and reason TEMPORARY_CREDIT is RECORDED.skipped
And roll the account business date of "Bob" to current country business date.skipped
When the business date rolls over for the country...........................skipped
And the country code is registered for EoD file creation for given business date.skipped
And "Bob" account is registered for "EOC" File creation for given business date.skipped
And "ACCOUNT_BALANCE" file contains records for "Bob" with the following records:.skipped
And "SUB_BALANCE" file contains record for "Bob" with current balance of CAD 601.00 and total number of records 2.skipped
And "FAH" file contains records for "Bob" with the following records:.......skipped
And "TRANSACTION" file contains records for "Bob" with the following records:.skipped

StackTrace:
org.awaitility.core.ConditionTimeoutException: Condition with alias '[2024-06-17T23:17:45.659207] Assert Journal Entry, with type [null] and reason [MERCHANT_CHARGE], for Account [2bc853f1-0020-4fcc-96b3-5ec0c9a55d37]' didn't complete within 5 minutes because lambda expression in com.aexp.mars.regression.test.assertion.JournalAsserter: expected to find exactly 1 JournalEntry with following properties:
 - reason: MERCHANT_CHARGE
 - billingAmount: 5.0
 - status: RECORDED
 but Found 0 matching Journal Entries [] 
All JournalEntries:
.
	at org.awaitility.core.ConditionAwaiter.await(ConditionAwaiter.java:165)
	at org.awaitility.core.AbstractHamcrestCondition.await(AbstractHamcrestCondition.java:86)
	at org.awaitility.core.ConditionFactory.until(ConditionFactory.java:895)
	at org.awaitility.core.ConditionFactory.until(ConditionFactory.java:601)
	at com.aexp.mars.regression.helper.PollingHelper.waitFor(PollingHelper.java:90)
	at com.aexp.mars.regression.test.assertion.JournalAsserter.assertJournalEntriesExist(JournalAsserter.java:59)
	at com.aexp.mars.bdd.steps.JournalSteps.verifyJournalEntryOnReason(JournalSteps.java:767)
	at com.aexp.mars.bdd.steps.JournalSteps.verifyDebit(JournalSteps.java:94)
	at ✽.a MERCHANT_CHARGE of 5.00 is recorded(classpath:features/TemporaryCredit.feature:321)
]]>
        </failure>
    </testcase>
    <testcase classname="Temporary Debit" name="Purchase and Cash temporary debits are reflected in EOD files" time="310.49">
        <failure message="Condition with alias '[2024-06-17T23:17:55.355729] Assert Journal Entry, with type [null] and reason [MERCHANT_CHARGE], for Account [6d6f13be-38d6-4f5d-81af-9377d84c25c8]' didn't complete within 5 minutes because lambda expression in com.aexp.mars.regression.test.assertion.JournalAsserter: expected to find exactly 1 JournalEntry with following properties:&#10; - reason: MERCHANT_CHARGE&#10; - billingAmount: 5.0&#10; - status: RECORDED&#10; but Found 0 matching Journal Entries [] &#10;All JournalEntries:&#10;JournalEntry(journalEntryId=a4d7d5ee-4ef0-4859-8dd6-c69682ee82bb, paymentDeviceId=0acef7ad-3883-4355-bcb2-b5d39e17b8e0, relationshipId=c269a1b1-8f1a-4600-b34b-f09947f868c2, transactionId=24483b3c-c91d-4fc7-b665-296f744232ea, sourceReferenceId=null, sourceSystem=FINCAP, postingDate=2021-06-23, effectiveDate=2021-06-23, type=CASH, description=Cash Advance ATM, reason=CASH_ADVANCE_ATM, termId=c86ec10f-fd07-4bd6-92e1-6f776946bcf4, billingAmount=100.0000000000, billingCurrency=CAD, status=RECORDED, credit=false, rejectionDate=null, rejectionReason=null, purgedDate=null, reversedOn=null, reversedById=null, journalEntryIdToReverse=null, primaryEntryId=null, accountType=null)&#10;&#10;JournalEntry(journalEntryId=8ac92073-037e-429f-89ae-7facc794b105, paymentDeviceId=0acef7ad-3883-4355-bcb2-b5d39e17b8e0, relationshipId=c269a1b1-8f1a-4600-b34b-f09947f868c2, transactionId=null, sourceReferenceId=null, sourceSystem=null, postingDate=2021-06-23, effectiveDate=2021-06-23, type=FEE, description=Funds Advance Fee, reason=CASH_ADVANCE_FEE, termId=c86ec10f-fd07-4bd6-92e1-6f776946bcf4, billingAmount=3.00, billingCurrency=CAD, status=RECORDED, credit=false, rejectionDate=null, rejectionReason=null, purgedDate=null, reversedOn=null, reversedById=null, journalEntryIdToReverse=null, primaryEntryId=a4d7d5ee-4ef0-4859-8dd6-c69682ee82bb, accountType=null)." type="org.awaitility.core.ConditionTimeoutException">
            <![CDATA[Given Country calendar is set up for random country on day 2021-06-23 with end of day time at 00:00.passed
And a new AIR_CANADA_PREMIUM credit application is submitted for "Bob" with end of cycle set to current business day of the country.passed
And a file: Cash that has transactions for "Bob" is submitted from FINCAP on current business date.passed
And a CASH_ADVANCE_ATM of 100.00 is recorded for "Bob"......................passed
And a file: PurchaseMerchantCharge that has transactions for "Bob" is submitted from GCNS on current business date.passed
Then a MERCHANT_CHARGE of 5.00 is recorded..................................failed
When a temporary debit transaction is received for CAD 50.00 with plan type R.skipped
Then a journal entry of CAD 50.00 with type ADJUSTMENT and reason TEMPORARY_DEBIT is RECORDED.skipped
When a temporary debit transaction is received for CAD 25.00 with plan type C.skipped
Then a journal entry of CAD 25.00 with type ADJUSTMENT and reason TEMPORARY_DEBIT is RECORDED.skipped
And roll the account business date of "Bob" to current country business date.skipped
When the business date rolls over for the country...........................skipped
And the country code is registered for EoD file creation for given business date.skipped
And "Bob" account is registered for "EOC" File creation for given business date.skipped
And "ACCOUNT_BALANCE" file contains records for "Bob" with the following records:.skipped
And "SUB_BALANCE" file contains records for "Bob" with the following records:.skipped
And "TRANSACTION" file contains records for "Bob" with the following records:.skipped
And "FAH" file contains records for "Bob" with the following records:.......skipped

StackTrace:
org.awaitility.core.ConditionTimeoutException: Condition with alias '[2024-06-17T23:17:55.355729] Assert Journal Entry, with type [null] and reason [MERCHANT_CHARGE], for Account [6d6f13be-38d6-4f5d-81af-9377d84c25c8]' didn't complete within 5 minutes because lambda expression in com.aexp.mars.regression.test.assertion.JournalAsserter: expected to find exactly 1 JournalEntry with following properties:
 - reason: MERCHANT_CHARGE
 - billingAmount: 5.0
 - status: RECORDED
 but Found 0 matching Journal Entries [] 
All JournalEntries:
JournalEntry(journalEntryId=a4d7d5ee-4ef0-4859-8dd6-c69682ee82bb, paymentDeviceId=0acef7ad-3883-4355-bcb2-b5d39e17b8e0, relationshipId=c269a1b1-8f1a-4600-b34b-f09947f868c2, transactionId=24483b3c-c91d-4fc7-b665-296f744232ea, sourceReferenceId=null, sourceSystem=FINCAP, postingDate=2021-06-23, effectiveDate=2021-06-23, type=CASH, description=Cash Advance ATM, reason=CASH_ADVANCE_ATM, termId=c86ec10f-fd07-4bd6-92e1-6f776946bcf4, billingAmount=100.0000000000, billingCurrency=CAD, status=RECORDED, credit=false, rejectionDate=null, rejectionReason=null, purgedDate=null, reversedOn=null, reversedById=null, journalEntryIdToReverse=null, primaryEntryId=null, accountType=null)

JournalEntry(journalEntryId=8ac92073-037e-429f-89ae-7facc794b105, paymentDeviceId=0acef7ad-3883-4355-bcb2-b5d39e17b8e0, relationshipId=c269a1b1-8f1a-4600-b34b-f09947f868c2, transactionId=null, sourceReferenceId=null, sourceSystem=null, postingDate=2021-06-23, effectiveDate=2021-06-23, type=FEE, description=Funds Advance Fee, reason=CASH_ADVANCE_FEE, termId=c86ec10f-fd07-4bd6-92e1-6f776946bcf4, billingAmount=3.00, billingCurrency=CAD, status=RECORDED, credit=false, rejectionDate=null, rejectionReason=null, purgedDate=null, reversedOn=null, reversedById=null, journalEntryIdToReverse=null, primaryEntryId=a4d7d5ee-4ef0-4859-8dd6-c69682ee82bb, accountType=null).
	at org.awaitility.core.ConditionAwaiter.await(ConditionAwaiter.java:165)
	at org.awaitility.core.AbstractHamcrestCondition.await(AbstractHamcrestCondition.java:86)
	at org.awaitility.core.ConditionFactory.until(ConditionFactory.java:895)
	at org.awaitility.core.ConditionFactory.until(ConditionFactory.java:601)
	at com.aexp.mars.regression.helper.PollingHelper.waitFor(PollingHelper.java:90)
	at com.aexp.mars.regression.test.assertion.JournalAsserter.assertJournalEntriesExist(JournalAsserter.java:59)
	at com.aexp.mars.bdd.steps.JournalSteps.verifyJournalEntryOnReason(JournalSteps.java:767)
	at com.aexp.mars.bdd.steps.JournalSteps.verifyDebit(JournalSteps.java:94)
	at ✽.a MERCHANT_CHARGE of 5.00 is recorded(classpath:features/TemporaryDebit.feature:378)
]]>
        </failure>
    </testcase>
    <testcase classname="Suspense impact on charge off" name="systematically charge-off account when all outstanding dispute gets resolved" time="39.788">
        <system-out>
            <![CDATA[Given today is 2023-02-01...................................................passed
And a new AIR_CANADA_PREMIUM credit application is submitted with cycle day 25.passed
And the account status is ACTIVE with reason ACTIVE.........................passed
And a card purchase of CAD 500 with an effective date 2023-02-10 is received on 2023-02-10.passed
And a card purchase of CAD 100 with an effective date 2023-02-11 is received on 2023-02-11.passed
When 6 billing periods has been closed......................................passed
Then the account age is 150 days............................................passed
And the account status is COLLECTIONS with reason REVOKED...................passed
And the billing period ends.................................................passed
When a suspense transaction of CAD 100 with plan type R is received on 2023-09-05 and effective on 2023-02-11.passed
Then a journal entry of CAD 100 with type SUSPENSE, reason DISPUTED_CHARGE and PURCHASE term type is RECORDED.passed
When the billing period ends................................................passed
Then the account age is 210 days............................................passed
And the account status is COLLECTIONS with reason REVOKED...................passed
And the account does have pending charged off with reason internal..........passed
Given today is 2023-10-12...................................................passed
When a suspense reversal transaction of CAD 100 with plan type R is received on 2023-10-12 and effective on 2023-02-11.passed
Then a journal entry of CAD 100 with type SUSPENSE, reason DISPUTED_CHARGE_REVERSAL and PURCHASE term type is RECORDED.passed
And the account status is CHARGE_OFF with reason INTERNAL effective on 2023-10-12.passed
And the account does not have pending charged off...........................passed
]]>
        </system-out>
    </testcase>
    <testcase classname="Suspense impact on charge off" name="Do not systematically charge-off account after dispute is resolved partially" time="40.54">
        <system-out>
            <![CDATA[Given today is 2023-02-01...................................................passed
And a new AIR_CANADA_PREMIUM credit application is submitted with cycle day 25.passed
And the account status is ACTIVE with reason ACTIVE.........................passed
And a card purchase of CAD 500 with an effective date 2023-02-10 is received on 2023-02-10.passed
And a card purchase of CAD 300 with an effective date 2023-02-12 is received on 2023-02-12.passed
And a card purchase of CAD 100 with an effective date 2023-02-13 is received on 2023-02-13.passed
When 6 billing periods has been closed......................................passed
Then the account age is 150 days............................................passed
And the account status is COLLECTIONS with reason REVOKED...................passed
And the billing period ends.................................................passed
When a suspense transaction of CAD 300 with plan type R is received on 2023-09-05 and effective on 2023-02-12.passed
Then a journal entry of CAD 300 with type SUSPENSE, reason DISPUTED_CHARGE and PURCHASE term type is RECORDED.passed
When a suspense transaction of CAD 100 with plan type R is received on 2023-09-08 and effective on 2023-02-13.passed
Then a journal entry of CAD 100 with type SUSPENSE, reason DISPUTED_CHARGE and PURCHASE term type is RECORDED.passed
When the billing period ends................................................passed
Then the account age is 210 days............................................passed
And the account status is COLLECTIONS with reason REVOKED...................passed
And the account does have pending charged off with reason internal..........passed
When a suspense reversal transaction of CAD 300 with plan type R is received on 2023-10-12 and effective on 2023-02-12.passed
Then a journal entry of CAD 300 with type SUSPENSE, reason DISPUTED_CHARGE_REVERSAL and PURCHASE term type is RECORDED.passed
And the account status is COLLECTIONS with reason REVOKED effective on 2023-07-25.passed
And the account does have pending charged off with reason internal..........passed
]]>
        </system-out>
    </testcase>
    <testcase classname="Suspense impact on charge off" name="Manual charge-off account when all outstanding dispute gets resolved" time="13.257">
        <system-out>
            <![CDATA[Given today is 2023-09-01...................................................passed
And a new AIR_CANADA_PREMIUM credit application is submitted with cycle day 25.passed
And the account status is ACTIVE with reason ACTIVE.........................passed
And a card purchase of CAD 500 with an effective date 2023-09-10 is received on 2023-09-10.passed
And the billing period ends.................................................passed
And a suspense transaction of CAD 500 with plan type R is received on 2023-10-05 and effective on 2023-09-10.passed
Then a journal entry of CAD 500 with type SUSPENSE, reason DISPUTED_CHARGE and PURCHASE term type is RECORDED.passed
When Account is Charged off on 2023-10-15 by a Customer Care Professional with status "3" and reason "C".passed
Then the account status is ACTIVE with reason ACTIVE........................passed
And the account does have pending charged off with reason CREDIT_LOSS.......passed
When a suspense reversal transaction of CAD 500 with plan type R is received on 2023-10-18 and effective on 2023-09-10.passed
Then a journal entry of CAD 500 with type SUSPENSE, reason DISPUTED_CHARGE_REVERSAL and PURCHASE term type is RECORDED.passed
And the account status is CHARGE_OFF with reason INTERNAL effective on 2023-10-18.passed
]]>
        </system-out>
    </testcase>
    <testcase classname="Suspense impact on charge off" name="Do not manual charge-off account after dispute is resolved partially" time="13.044">
        <system-out>
            <![CDATA[Given today is 2023-09-01...................................................passed
And a new AIR_CANADA_PREMIUM credit application is submitted with cycle day 25.passed
And the account status is ACTIVE with reason ACTIVE.........................passed
And a card purchase of CAD 500 with an effective date 2023-09-10 is received on 2023-09-10.passed
And a card purchase of CAD 300 with an effective date 2023-09-12 is received on 2023-09-12.passed
And the billing period ends.................................................passed
And a suspense transaction of CAD 500 with plan type R is received on 2023-10-05 and effective on 2023-09-10.passed
Then a journal entry of CAD 500 with type SUSPENSE, reason DISPUTED_CHARGE and PURCHASE term type is RECORDED.passed
When a suspense transaction of CAD 300 with plan type R is received on 2023-10-08 and effective on 2023-09-12.passed
Then a journal entry of CAD 500 with type SUSPENSE, reason DISPUTED_CHARGE and PURCHASE term type is RECORDED.passed
When Account is Charged off on 2023-10-15 by a Customer Care Professional with status "3" and reason "C".passed
Then the account status is ACTIVE with reason ACTIVE........................passed
And the account does have pending charged off with reason CREDIT_LOSS.......passed
When a suspense reversal transaction of CAD 500 with plan type R is received on 2023-10-18 and effective on 2023-09-10.passed
Then a journal entry of CAD 500 with type SUSPENSE, reason DISPUTED_CHARGE_REVERSAL and PURCHASE term type is RECORDED.passed
And the account status is ACTIVE with reason ACTIVE effective on 2023-09-01.passed
And the account does have pending charged off with reason CREDIT_LOSS.......passed
]]>
        </system-out>
    </testcase>
    <testcase classname="Suspense Rejected because the Balance is less than the Dispute" name="Dispute rejected because billing period effective balance is less than dispute amount" time="21.266">
        <system-out>
            <![CDATA[Given Country calendar is set up for random country on day 2023-02-01 with end of day time at 00:00.passed
And a new AIR_CANADA_CORE credit application is submitted for "Bob" with end of cycle in 1 days of the country.passed
And the currently open billing period started 2023-01-02 and ends 2023-02-02.passed
And a card purchase of CAD 100 with an effective date 2023-01-05 is received on 2023-01-05.passed
And the billing period ends.................................................passed
And the currently open billing period started 2023-02-03 and ends 2023-03-02.passed
And a CAD 120 membership fee is charged.....................................passed
And the total effective balance on 2023-02-02 is CAD 220.00.................passed
And the effective balance breakdown on 2023-02-02 is the following:.........passed
Then the total balance is CAD 220.00 and balance breakdown looks like the following:.passed
And the period demands are:.................................................passed
And a card purchase of CAD 500 with an effective date 2023-02-05 is received on 2023-02-05.passed
When a suspense transaction of CAD 550 with plan type R is received on 2023-02-08 and effective on 2023-02-05.passed
Then a journal entry of CAD 550 with type SUSPENSE, reason DISPUTED_CHARGE and PURCHASE term type is REJECTED.passed
When the current business date for given country is 2023-02-09..............passed
Then Generate "TRANSACTION" End Of Day Files for current country code on date 2023-02-08.passed
And "TRANSACTION" file contains records for "Bob" with the following records:.passed
And the period demands are:.................................................passed
And the billing period ends.................................................passed
And the currently open billing period started 2023-03-03 and ends 2023-04-02.passed
And the effective balance breakdown on 2023-03-02 is the following:.........passed
And the period demands are:.................................................passed
]]>
        </system-out>
    </testcase>
    <testcase classname="Suspense Rejected because the Balance is less than the Dispute" name="Suspense Rejected And Suspense Reversal Rejected and both in Transaction file with correct posting flags" time="95.975">
        <system-out>
            <![CDATA[Given Country calendar is set up for random country on day 2021-06-01 with end of day time at 00:00.passed
And a new AIR_CANADA_CORE credit application is submitted for "Bob" with end of cycle in 27 days of the country.passed
When a suspense transaction of CAD 150 with plan type R is received on 2021-06-01 and effective on 2021-06-01.passed
Then the transaction of CAD 150 made on 2021-06-01 is Rejected as PRINCIPAL_DEBIT_MISMATCH.passed
When a suspense reversal transaction of CAD 100 with plan type R is received on 2021-06-01 and effective on 2021-06-01.passed
Then the transaction of CAD 100 made on 2021-06-01 is Rejected as PRINCIPAL_SUSPENSE_MISMATCH.passed
When the business date rolls over for current country.......................passed
Then the country code is registered for EoD file creation for given business date.passed
And "TRANSACTION" file contains records for "Bob" with the following records:.passed
]]>
        </system-out>
    </testcase>
    <testcase classname="Account status change when block code received" name="Account status update without block code 2" time="6.524">
        <system-out>
            <![CDATA[Given today is 2022-01-02...................................................passed
And a new AIR_CANADA_PREMIUM credit application is submitted................passed
And a AIR_CANADA_PREMIUM user is added to the account.......................passed
And HOLDER relationship status is ACTIVE with no reason change..............passed
And USER relationship status is ACTIVE with no reason change................passed
When a block code change is submitted with the following values:............passed
Then the account status should be "CANCELLED" with reason "CUSTOMER_REQUEST".passed
And HOLDER relationship status is ACTIVE with no reason change..............passed
And USER relationship status gets updated to CANCELLED with reason "CM-REQUEST".passed
And HOLDER payment device status is ACTIVE..................................passed
And USER payment device status is ACTIVE....................................passed
]]>
        </system-out>
    </testcase>
    <testcase classname="Account status change when block code received" name="Account status update with block code 2" time="4.018">
        <system-out>
            <![CDATA[Given today is 2022-01-02...................................................passed
And a new AIR_CANADA_PREMIUM credit application is submitted................passed
[...]
Then the total interest balance breakdown is CAD 1407.46 and breakdown looks like the following:.passed
When a payment of CAD 1000 effective on 2021-10-25 is reversed on 2021-11-04 with reason RETURNED_PAYMENT_MISPOSTED.passed
And the billing period ends.................................................passed
Then the total interest balance breakdown is CAD 2414.03 and breakdown looks like the following:.passed
And the minimum payment obligation is CAD 201.17 with period demands of:....passed
]]>
        </system-out>
    </testcase>
    <testcase classname="Financial Relief plan with backdated payment reversal" name="Backdated payment reversal of payment effective before hardship, reversed while in hardship," time="64.617">
        <system-out>
            <![CDATA[Given today is 2022-09-02...................................................passed
And a new AIR_CANADA_CORE credit application is submitted with cycle day 1..passed
And a card purchase of CAD 1200.00 is made on 2022-09-02....................passed
And a cash withdrawal of CAD 500.00 is made on 2022-09-06...................passed
And a CASH_ADVANCE_FEE of CAD 15.00 is charged..............................passed
And the billing period ends.................................................passed
And a CAD 120.00 membership fee is charged..................................passed
And CAD 29.68 PURCHASE interest will be DEFERRED............................passed
And CAD 11.00 CASH interest will be DEFERRED................................passed
And the period demands are:.................................................passed
And a payment of CAD 1835.00 is made on 2022-10-02..........................passed
And the total balance for interest view on 2022-10-02 is CAD 0.00 and payment allocation looks like the following:.passed
And the period demands are:.................................................passed
And a card purchase of CAD 1200.00 is made on 2022-10-02....................passed
And the total account balance is CAD 1200.00................................passed
And account is successfully enrolled in "INTERNATIONAL_FINANCIAL_RELIEF_CHARGE" financial relief plan assistance on 2022-10-05 for 12 months when total balance is CAD 1200.passed
And the account has a "Fixed Payment" plan..................................passed
And a journal entry of CAD 1200.00 with type INTERNAL_PRINCIPAL and reason HARDSHIP_ENROLLMENT_CREDIT is posted on 2022-10-05, effective 2022-10-05.passed
And a journal entry of CAD 1200.00 with type INTERNAL_PRINCIPAL and reason HARDSHIP_ENROLLMENT_DEBIT is posted on 2022-10-05, effective 2022-10-05.passed
And the billing period ends.................................................passed
And the period demands are:.................................................passed
And the total balance on 2022-11-09 is CAD 1200.00 and balance breakdown looks like the following:.passed
When a payment of CAD 1835.00 effective on 2022-10-02 is reversed on 2022-11-10 with reason RETURNED_PAYMENT_MISPOSTED.passed
Then the period demands are:................................................passed
And the account age is 30 days..............................................passed
And the age breakdown is....................................................passed
And the total balance on 2022-11-10 is CAD 3035.00 and balance breakdown looks like the following:.passed
And a payment of CAD 1800.00 is made on 2022-11-18..........................passed
And the period demands are:.................................................passed
And a payment of CAD 100.00 is made on 2022-11-20...........................passed
And the period demands are:.................................................passed
And the billing period ends.................................................passed
And the account age is current..............................................passed
And the period demands are:.................................................passed
And a payment of CAD 100.00 is made on 2022-12-20...........................passed
And the period demands are:.................................................passed
And the billing period ends.................................................passed
And the period demands are:.................................................passed
And the account age is 30 days..............................................passed
And the age breakdown is....................................................passed
And the total balance on 2023-01-18 is CAD 1035.00 and balance breakdown looks like the following:.passed
When a payment of CAD 100.00 effective on 2022-12-20 is reversed on 2023-01-19 with reason RETURNED_PAYMENT_NSF.passed
Then the total balance on 2023-01-19 is CAD 1135.00 and balance breakdown looks like the following:.passed
And the period demands are:.................................................passed
And a payment of CAD 100.00 is made on 2023-01-20...........................passed
And the period demands are:.................................................passed
And the billing period ends.................................................passed
And the period demands are:.................................................passed
And the account age is 60 days..............................................passed
And the age breakdown is....................................................passed
And a payment of CAD 250.00 is made on 2023-02-20...........................passed
And the total balance on 2023-02-20 is CAD 785.00 and balance breakdown looks like the following:.passed
And the period demands are:.................................................passed
And the billing period ends.................................................passed
And CAD 0 PURCHASE interest will be CHARGED.................................passed
And CAD 0 CASH interest will be CHARGED.....................................passed
And the period demands are:.................................................passed
And the account age is 0 days...............................................passed
When a payment of CAD 250.00 effective on 2023-02-20 is reversed on 2023-03-03 with reason RETURNED_PAYMENT_NSF.passed
Then the period demands are:................................................passed
And a payment of CAD 100.00 is made on 2023-03-20...........................passed
And the total balance on 2023-03-20 is CAD 935.00 and balance breakdown looks like the following:.passed
And the period demands are:.................................................passed
And the billing period ends.................................................passed
And the period demands are:.................................................passed
And the account age is 90 days..............................................passed
And the age breakdown is....................................................passed
And a payment of CAD 100.00 is made on 2023-04-20...........................passed
And the period demands are:.................................................passed
And the billing period ends.................................................passed
And the period demands are:.................................................passed
And globestar financial relief plan earlyexit reported event is received for "Sam" account on 2023-05-02 with code "EARLY_EXIT".passed
And the account age is 90 days..............................................passed
And the age breakdown is....................................................passed
When a payment of CAD 100.00 effective on 2023-04-20 is reversed on 2023-05-03 with reason RETURNED_PAYMENT_MISPOSTED.passed
Then the period demands are:................................................passed
And the billing period ends.................................................passed
And the period demands are:.................................................passed
And the account age is 150 days.............................................passed
And the age breakdown is....................................................passed
]]>
        </system-out>
    </testcase>
    <testcase classname="Financial Relief plan with backdated payment reversal" name="Backdated payment reversal of payment effective while in hardship, reversal posted after ACCIDENTAL EXIT from hardship- should sweep the reversal amount to relief residual" time="14.263">
        <system-out>
            <![CDATA[Given today is 2022-09-02...................................................passed
And a new AIR_CANADA_PREMIUM credit application is submitted for "Sam" with end of cycle in 28 days of the country.passed
And a card purchase of CAD 1000.00 is made on 2022-09-02....................passed
And a cash withdrawal of CAD 500.00 is made on 2022-09-03...................passed
And a CASH_ADVANCE_FEE of CAD 15.00 is charged..............................passed
And the total account balance is CAD 1515.00................................passed
And account is successfully enrolled in "INTERNATIONAL_FINANCIAL_RELIEF_CHARGE" financial relief plan assistance on 2022-09-15 for 12 months when total balance is CAD 1515.passed
And the account has a "Fixed Payment" plan..................................passed
And a payment of CAD 315.00 is made on 2022-09-16...........................passed
And the billing period ends.................................................passed
Then the total balance on 2022-10-01 is CAD 1200.00 and balance breakdown looks like the following:.passed
And globestar financial relief plan earlyexit reported event is received for "Sam" account on 2022-10-03 with code "ACCIDENTAL".passed
Then the total balance on 2022-10-04 is CAD 1200.00 and balance breakdown looks like the following:.passed
And a payment of CAD 315.00 effective on 2022-09-16 is reversed on 2022-10-20 with reason RETURNED_PAYMENT_MISPOSTED.passed
Then the total balance on 2022-10-21 is CAD 1515.00 and balance breakdown looks like the following:.passed
]]>
        </system-out>
    </testcase>
    <testcase classname="Make sure Beg balance and current balance are correct after one regular payment" name="Current Balance vs Beg Balance" time="18.212">
        <system-out>
            <![CDATA[Given Country calendar is set up for random country on day 2021-01-01 with end of day time at 00:00.passed
And a new AIR_CANADA_CORE credit application is submitted for "Sam" with end of cycle in 27 days of the country.passed
And a card purchase of CAD 1200.00 is made on 2021-01-01....................passed
And a cash withdrawal of CAD 600.00 is made on 2021-01-01...................passed
And a CASH_ADVANCE_FEE of CAD 18.00 is charged..............................passed
And the billing period ends.................................................passed
And roll the account business date of "Sam" to end of cycle date............passed
And a payment of CAD 618.00 is made on 2021-01-29...........................passed
When the current business date for given country is 2021-01-30..............passed
Then Generate "SUB_BALANCE" End Of Day Files for current country code on date 2021-01-29.passed
And "SUB_BALANCE" file contains records for "Sam" with the following records:.passed
]]>
        </system-out>
    </testcase>
    <testcase classname="ForeignTransaction" name="Validate that when a foreign transaction is made via gateway it is journaled successfully" time="306.758">
        <failure message="Condition with alias '[2024-06-17T23:35:39.856054] Assert ForeignTransactionJournalEntry for account fb48f0d2-7a03-42eb-a0d4-22ba33486d51 exists' didn't complete within 5 minutes because assertion condition defined as a lambda expression in com.aexp.mars.regression.helper.PollingHelper that uses java.util.concurrent.atomic.AtomicReference, java.util.concurrent.atomic.AtomicReferencejava.util.concurrent.Callable, java.util.concurrent.Callablejava.util.function.BiConsumer &#10;The following assertion failed:&#10;1) [Assert ForeignTransactionJournalEntry for account fb48f0d2-7a03-42eb-a0d4-22ba33486d51 exists] &#10;Expecting value to be true but was false&#10;at JournalAsserter.lambda$assertForeignTransactionJournalEntryExists$4(JournalAsserter.java:96)&#10;." type="org.awaitility.core.ConditionTimeoutException">
            <![CDATA[Given Country calendar is set up for random country on day 2023-01-01 with end of day time at 00:00.passed
And a new SIMPLY_CASH credit application is submitted for "Bob" with end of cycle set to current business day of the country.passed
Then the currently open billing period for "Bob" ends on the current business day of country.passed
When a SINGLE_PURCHASE_EOD transaction is received from GCNS with the current business date 0 days ago with the following records:.passed
Then a foreign PURCHASE MERCHANT_CHARGE of USD 6.00 amounting to CAD 4.00 is posted on 2023-01-01 and effective on 2023-01-01.failed
When the current business date for given country is 2023-01-02..............skipped
And Generate "TRANSACTION" End Of Day Files for current country code on date 2023-01-01.skipped
And "TRANSACTION" file contains records for "Bob" with the following records:.skipped
And the billing period ends.................................................skipped
And the previous billing period is assessed.................................skipped

StackTrace:
org.awaitility.core.ConditionTimeoutException: Condition with alias '[2024-06-17T23:35:39.856054] Assert ForeignTransactionJournalEntry for account fb48f0d2-7a03-42eb-a0d4-22ba33486d51 exists' didn't complete within 5 minutes because assertion condition defined as a lambda expression in com.aexp.mars.regression.helper.PollingHelper that uses java.util.concurrent.atomic.AtomicReference, java.util.concurrent.atomic.AtomicReferencejava.util.concurrent.Callable, java.util.concurrent.Callablejava.util.function.BiConsumer 
The following assertion failed:
1) [Assert ForeignTransactionJournalEntry for account fb48f0d2-7a03-42eb-a0d4-22ba33486d51 exists] 
Expecting value to be true but was false
at JournalAsserter.lambda$assertForeignTransactionJournalEntryExists$4(JournalAsserter.java:96)
.
	at org.awaitility.core.ConditionAwaiter.await(ConditionAwaiter.java:165)
	at org.awaitility.core.AssertionCondition.await(AssertionCondition.java:119)
	at org.awaitility.core.AssertionCondition.await(AssertionCondition.java:31)
	at org.awaitility.core.ConditionFactory.until(ConditionFactory.java:895)
	at org.awaitility.core.ConditionFactory.untilAsserted(ConditionFactory.java:679)
	at com.aexp.mars.regression.helper.PollingHelper.waitForAllAssertedRoot(PollingHelper.java:194)
	at com.aexp.mars.regression.helper.PollingHelper.waitForAllAsserted(PollingHelper.java:153)
	at com.aexp.mars.regression.test.assertion.JournalAsserter.assertForeignTransactionJournalEntryExists(JournalAsserter.java:76)
	at com.aexp.mars.bdd.steps.JournalSteps.verifyForeignTransactionRecorded(JournalSteps.java:119)
	at ✽.a foreign PURCHASE MERCHANT_CHARGE of USD 6.00 amounting to CAD 4.00 is posted on 2023-01-01 and effective on 2023-01-01(classpath:features/simply_cash/ForeignTransaction.feature:20)
Caused by: org.assertj.core.api.SoftAssertionError: 
The following assertion failed:
1) [Assert ForeignTransactionJournalEntry for account fb48f0d2-7a03-42eb-a0d4-22ba33486d51 exists] 
Expecting value to be true but was false
at JournalAsserter.lambda$assertForeignTransactionJournalEntryExists$4(JournalAsserter.java:96)

	at org.assertj.core.error.AssertionErrorCreator.multipleSoftAssertionsError(AssertionErrorCreator.java:100)
	at org.assertj.core.api.AbstractSoftAssertions.assertAll(AbstractSoftAssertions.java:37)
	at org.assertj.core.api.AbstractSoftAssertions.assertAll(AbstractSoftAssertions.java:42)
	at com.aexp.mars.regression.helper.PollingHelper.lambda$waitForAllAssertedRoot$2(PollingHelper.java:199)
	at org.awaitility.core.AssertionCondition.lambda$new$0(AssertionCondition.java:53)
	at org.awaitility.core.ConditionAwaiter$ConditionPoller.call(ConditionAwaiter.java:222)
	at org.awaitility.core.ConditionAwaiter$ConditionPoller.call(ConditionAwaiter.java:209)
	at java.base/java.util.concurrent.FutureTask.run(FutureTask.java:264)
	at org.awaitility.core.SameThreadExecutorService.execute(SameThreadExecutorService.java:79)
	at java.base/java.util.concurrent.AbstractExecutorService.submit(AbstractExecutorService.java:140)
	at org.awaitility.core.ConditionAwaiter.await(ConditionAwaiter.java:99)
	at org.awaitility.core.AssertionCondition.await(AssertionCondition.java:119)
	at org.awaitility.core.AssertionCondition.await(AssertionCondition.java:31)
	at org.awaitility.core.ConditionFactory.until(ConditionFactory.java:895)
	at org.awaitility.core.ConditionFactory.untilAsserted(ConditionFactory.java:679)
	at com.aexp.mars.regression.helper.PollingHelper.waitForAllAssertedRoot(PollingHelper.java:194)
	at com.aexp.mars.regression.helper.PollingHelper.waitForAllAsserted(PollingHelper.java:153)
	at com.aexp.mars.regression.test.assertion.JournalAsserter.assertForeignTransactionJournalEntryExists(JournalAsserter.java:76)
	at com.aexp.mars.bdd.steps.JournalSteps.verifyForeignTransactionRecorded(JournalSteps.java:119)
	at java.base/jdk.internal.reflect.NativeMethodAccessorImpl.invoke0(Native Method)
	at java.base/jdk.internal.reflect.NativeMethodAccessorImpl.invoke(NativeMethodAccessorImpl.java:62)
	at java.base/jdk.internal.reflect.DelegatingMethodAccessorImpl.invoke(DelegatingMethodAccessorImpl.java:43)
	at java.base/java.lang.reflect.Method.invoke(Method.java:566)
	at io.cucumber.java.Invoker.doInvoke(Invoker.java:66)
	at io.cucumber.java.Invoker.invoke(Invoker.java:24)
	at io.cucumber.java.AbstractGlueDefinition.invokeMethod(AbstractGlueDefinition.java:47)
	at io.cucumber.java.JavaStepDefinition.execute(JavaStepDefinition.java:29)
	at io.cucumber.core.runner.CoreStepDefinition.execute(CoreStepDefinition.java:66)
	at io.cucumber.core.runner.PickleStepDefinitionMatch.runStep(PickleStepDefinitionMatch.java:63)
	at io.cucumber.core.runner.ExecutionMode$1.execute(ExecutionMode.java:10)
	at io.cucumber.core.runner.TestStep.executeStep(TestStep.java:92)
	at io.cucumber.core.runner.TestStep.run(TestStep.java:64)
	at io.cucumber.core.runner.PickleStepTestStep.run(PickleStepTestStep.java:51)
	at io.cucumber.core.runner.TestCase.run(TestCase.java:104)
	at io.cucumber.core.runner.Runner.runPickle(Runner.java:73)
	at io.cucumber.testng.TestNGCucumberRunner.lambda$runScenario$0(TestNGCucumberRunner.java:117)
	at io.cucumber.core.runtime.CucumberExecutionContext.runTestCase(CucumberExecutionContext.java:117)
	at io.cucumber.testng.TestNGCucumberRunner.runScenario(TestNGCucumberRunner.java:114)
	at io.cucumber.testng.AbstractTestNGCucumberTests.runScenario(AbstractTestNGCucumberTests.java:31)
	at jdk.internal.reflect.GeneratedMethodAccessor942.invoke(Unknown Source)
	at java.base/jdk.internal.reflect.DelegatingMethodAccessorImpl.invoke(DelegatingMethodAccessorImpl.java:43)
	at java.base/java.lang.reflect.Method.invoke(Method.java:566)
	at org.testng.internal.MethodInvocationHelper.invokeMethod(MethodInvocationHelper.java:133)
	at org.testng.internal.TestInvoker.invokeMethod(TestInvoker.java:598)
	at org.testng.internal.TestInvoker.invokeTestMethod(TestInvoker.java:173)
	at org.testng.internal.TestMethodWithDataProviderMethodWorker.call(TestMethodWithDataProviderMethodWorker.java:77)
	at org.testng.internal.TestMethodWithDataProviderMethodWorker.call(TestMethodWithDataProviderMethodWorker.java:15)
	at java.base/java.util.concurrent.FutureTask.run(FutureTask.java:264)
	at java.base/java.util.concurrent.Executors$RunnableAdapter.call(Executors.java:515)
	at java.base/java.util.concurrent.FutureTask.run(FutureTask.java:264)
	at java.base/java.util.concurrent.ThreadPoolExecutor.runWorker(ThreadPoolExecutor.java:1128)
	at java.base/java.util.concurrent.ThreadPoolExecutor$Worker.run(ThreadPoolExecutor.java:628)
	at java.base/java.lang.Thread.run(Thread.java:829)
]]>
        </failure>
    </testcase>
</testsuite>
