Feature: Behave scenario support # <string>:2

  Scenario: Scenario with single step  # <string>:3
    Given a step                       # <string>:1
      Traceback (most recent call last):
        File "/Users/whenessel/Development/PycharmProjects/allure-python/.venv/lib/python3.12/site-packages/behave/model.py", line 1329, in run
          match.run(runner.context)
        File "/Users/whenessel/Development/PycharmProjects/allure-python/.venv/lib/python3.12/site-packages/behave/matchers.py", line 98, in run
          self.func(context, *args, **kwargs)
        File "<string>", line 2, in step_impl
      AssertionError



Failing scenarios:
  <string>:3  Scenario with single step

0 features passed, 1 failed, 0 skipped
0 scenarios passed, 1 failed, 0 skipped
0 steps passed, 1 failed, 0 skipped, 0 undefined
Took 0m0.000s
